-- Found ament_cmake: 0.9.12 (/opt/ros/foxy/share/ament_cmake/cmake)
-- Found PythonInterp: /usr/bin/python3 (found suitable version "3.8.10", minimum required is "3") 
-- Using PYTHON_EXECUTABLE: /usr/bin/python3
-- Found rosidl_default_generators: 1.0.1 (/opt/ros/foxy/share/rosidl_default_generators/cmake)
-- Using all available rosidl_typesupport_c: rosidl_typesupport_fastrtps_c;rosidl_typesupport_introspection_c
-- Found rosidl_adapter: 1.3.1 (/opt/ros/foxy/share/rosidl_adapter/cmake)
-- Using all available rosidl_typesupport_cpp: rosidl_typesupport_fastrtps_cpp;rosidl_typesupport_introspection_cpp
-- Found builtin_interfaces: 1.0.0 (/opt/ros/foxy/share/builtin_interfaces/cmake)
-- Found std_msgs: 2.0.5 (/opt/ros/foxy/share/std_msgs/cmake)
-- Found PythonInterp: /usr/bin/python3 (found version "3.8.10") 
-- Found ament_cmake_cppcheck: 0.9.8 (/opt/ros/foxy/share/ament_cmake_cppcheck/cmake)
-- Found ament_cmake_cpplint: 0.9.8 (/opt/ros/foxy/share/ament_cmake_cpplint/cmake)
-- Configuring incomplete, errors occurred!
See also "/home/yyh/ros2_ws/build/realsense2_camera_msgs/CMakeFiles/CMakeOutput.log".
CMake Error at /opt/ros/foxy/share/rosidl_generator_c/cmake/rosidl_generator_c_generate_interfaces.cmake:185 (find_package):
  By not providing "Findament_cmake_uncrustify.cmake" in CMAKE_MODULE_PATH
  this project has asked CMake to find a package configuration file provided
  by "ament_cmake_uncrustify", but CMake did not find one.

  Could not find a package configuration file provided by
  "ament_cmake_uncrustify" with any of the following names:

    ament_cmake_uncrustifyConfig.cmake
    ament_cmake_uncrustify-config.cmake

  Add the installation prefix of "ament_cmake_uncrustify" to
  CMAKE_PREFIX_PATH or set "ament_cmake_uncrustify_DIR" to a directory
  containing one of the above files.  If "ament_cmake_uncrustify" provides a
  separate development package or SDK, be sure it has been installed.
Call Stack (most recent call first):
  /opt/ros/foxy/share/ament_cmake_core/cmake/core/ament_execute_extensions.cmake:48 (include)
  /opt/ros/foxy/share/rosidl_cmake/cmake/rosidl_generate_interfaces.cmake:286 (ament_execute_extensions)
  CMakeLists.txt:26 (rosidl_generate_interfaces)


make: *** [Makefile:1468: cmake_check_build_system] Error 1
