[0.137s] DEBUG:colcon:Command line arguments: ['/usr/bin/colcon', 'build']
[0.138s] DEBUG:colcon:Parsed command line arguments: Namespace(allow_overriding=[], ament_cmake_args=None, base_paths=['.'], build_base='build', catkin_cmake_args=None, catkin_skip_building_tests=False, cmake_args=None, cmake_clean_cache=False, cmake_clean_first=False, cmake_force_configure=False, cmake_target=None, cmake_target_skip_unavailable=False, continue_on_error=False, event_handlers=None, executor='parallel', ignore_user_meta=False, install_base='install', log_base=None, log_level=None, main=<bound method BuildVerb.main of <colcon_core.verb.build.BuildVerb object at 0x7f3eae02c070>>, merge_install=False, metas=['./colcon.meta'], packages_above=None, packages_above_and_dependencies=None, packages_above_depth=None, packages_end=None, packages_ignore=None, packages_ignore_regex=None, packages_select=None, packages_select_build_failed=False, packages_select_by_dep=None, packages_select_regex=None, packages_select_test_failures=False, packages_skip=None, packages_skip_build_finished=False, packages_skip_by_dep=None, packages_skip_regex=None, packages_skip_test_passed=False, packages_skip_up_to=None, packages_start=None, packages_up_to=None, packages_up_to_regex=None, parallel_workers=4, paths=None, symlink_install=False, test_result_base=None, verb_extension=<colcon_core.verb.build.BuildVerb object at 0x7f3eae02c070>, verb_name='build', verb_parser=<colcon_defaults.argument_parser.defaults.DefaultArgumentsDecorator object at 0x7f3eae02cca0>)
[0.275s] Level 1:colcon.colcon_core.package_discovery:discover_packages(colcon_meta) check parameters
[0.275s] Level 1:colcon.colcon_core.package_discovery:discover_packages(recursive) check parameters
[0.275s] Level 1:colcon.colcon_core.package_discovery:discover_packages(ignore) check parameters
[0.275s] Level 1:colcon.colcon_core.package_discovery:discover_packages(path) check parameters
[0.275s] Level 1:colcon.colcon_core.package_discovery:discover_packages(colcon_meta) discover
[0.275s] Level 1:colcon.colcon_core.package_discovery:discover_packages(recursive) discover
[0.275s] INFO:colcon.colcon_core.package_discovery:Crawling recursively for packages in '/home/yyh/ros2_ws'
[0.275s] Level 1:colcon.colcon_core.package_identification:_identify(.) by extensions ['ignore', 'ignore_ament_install']
[0.275s] Level 1:colcon.colcon_core.package_identification:_identify(.) by extension 'ignore'
[0.275s] Level 1:colcon.colcon_core.package_identification:_identify(.) by extension 'ignore_ament_install'
[0.275s] Level 1:colcon.colcon_core.package_identification:_identify(.) by extensions ['colcon_pkg']
[0.276s] Level 1:colcon.colcon_core.package_identification:_identify(.) by extension 'colcon_pkg'
[0.276s] Level 1:colcon.colcon_core.package_identification:_identify(.) by extensions ['colcon_meta']
[0.276s] Level 1:colcon.colcon_core.package_identification:_identify(.) by extension 'colcon_meta'
[0.276s] Level 1:colcon.colcon_core.package_identification:_identify(.) by extensions ['ros']
[0.276s] Level 1:colcon.colcon_core.package_identification:_identify(.) by extension 'ros'
[0.285s] Level 1:colcon.colcon_core.package_identification:_identify(.) by extensions ['cmake', 'python']
[0.286s] Level 1:colcon.colcon_core.package_identification:_identify(.) by extension 'cmake'
[0.286s] Level 1:colcon.colcon_core.package_identification:_identify(.) by extension 'python'
[0.286s] Level 1:colcon.colcon_core.package_identification:_identify(.) by extensions ['python_setup_py']
[0.286s] Level 1:colcon.colcon_core.package_identification:_identify(.) by extension 'python_setup_py'
[0.286s] Level 1:colcon.colcon_core.package_identification:_identify(build) by extensions ['ignore', 'ignore_ament_install']
[0.286s] Level 1:colcon.colcon_core.package_identification:_identify(build) by extension 'ignore'
[0.286s] Level 1:colcon.colcon_core.package_identification:_identify(build) ignored
[0.286s] Level 1:colcon.colcon_core.package_identification:_identify(doc) by extensions ['ignore', 'ignore_ament_install']
[0.286s] Level 1:colcon.colcon_core.package_identification:_identify(doc) by extension 'ignore'
[0.286s] Level 1:colcon.colcon_core.package_identification:_identify(doc) by extension 'ignore_ament_install'
[0.286s] Level 1:colcon.colcon_core.package_identification:_identify(doc) by extensions ['colcon_pkg']
[0.286s] Level 1:colcon.colcon_core.package_identification:_identify(doc) by extension 'colcon_pkg'
[0.286s] Level 1:colcon.colcon_core.package_identification:_identify(doc) by extensions ['colcon_meta']
[0.286s] Level 1:colcon.colcon_core.package_identification:_identify(doc) by extension 'colcon_meta'
[0.286s] Level 1:colcon.colcon_core.package_identification:_identify(doc) by extensions ['ros']
[0.286s] Level 1:colcon.colcon_core.package_identification:_identify(doc) by extension 'ros'
[0.286s] Level 1:colcon.colcon_core.package_identification:_identify(doc) by extensions ['cmake', 'python']
[0.286s] Level 1:colcon.colcon_core.package_identification:_identify(doc) by extension 'cmake'
[0.286s] Level 1:colcon.colcon_core.package_identification:_identify(doc) by extension 'python'
[0.286s] Level 1:colcon.colcon_core.package_identification:_identify(doc) by extensions ['python_setup_py']
[0.286s] Level 1:colcon.colcon_core.package_identification:_identify(doc) by extension 'python_setup_py'
[0.286s] Level 1:colcon.colcon_core.package_identification:_identify(doc/build) by extensions ['ignore', 'ignore_ament_install']
[0.286s] Level 1:colcon.colcon_core.package_identification:_identify(doc/build) by extension 'ignore'
[0.286s] Level 1:colcon.colcon_core.package_identification:_identify(doc/build) ignored
[0.286s] Level 1:colcon.colcon_core.package_identification:_identify(doc/install) by extensions ['ignore', 'ignore_ament_install']
[0.287s] Level 1:colcon.colcon_core.package_identification:_identify(doc/install) by extension 'ignore'
[0.287s] Level 1:colcon.colcon_core.package_identification:_identify(doc/install) ignored
[0.287s] Level 1:colcon.colcon_core.package_identification:_identify(doc/log) by extensions ['ignore', 'ignore_ament_install']
[0.287s] Level 1:colcon.colcon_core.package_identification:_identify(doc/log) by extension 'ignore'
[0.287s] Level 1:colcon.colcon_core.package_identification:_identify(doc/log) ignored
[0.287s] Level 1:colcon.colcon_core.package_identification:_identify(install) by extensions ['ignore', 'ignore_ament_install']
[0.287s] Level 1:colcon.colcon_core.package_identification:_identify(install) by extension 'ignore'
[0.287s] Level 1:colcon.colcon_core.package_identification:_identify(install) ignored
[0.287s] Level 1:colcon.colcon_core.package_identification:_identify(launch) by extensions ['ignore', 'ignore_ament_install']
[0.287s] Level 1:colcon.colcon_core.package_identification:_identify(launch) by extension 'ignore'
[0.287s] Level 1:colcon.colcon_core.package_identification:_identify(launch) by extension 'ignore_ament_install'
[0.287s] Level 1:colcon.colcon_core.package_identification:_identify(launch) by extensions ['colcon_pkg']
[0.287s] Level 1:colcon.colcon_core.package_identification:_identify(launch) by extension 'colcon_pkg'
[0.287s] Level 1:colcon.colcon_core.package_identification:_identify(launch) by extensions ['colcon_meta']
[0.287s] Level 1:colcon.colcon_core.package_identification:_identify(launch) by extension 'colcon_meta'
[0.287s] Level 1:colcon.colcon_core.package_identification:_identify(launch) by extensions ['ros']
[0.287s] Level 1:colcon.colcon_core.package_identification:_identify(launch) by extension 'ros'
[0.287s] Level 1:colcon.colcon_core.package_identification:_identify(launch) by extensions ['cmake', 'python']
[0.287s] Level 1:colcon.colcon_core.package_identification:_identify(launch) by extension 'cmake'
[0.287s] Level 1:colcon.colcon_core.package_identification:_identify(launch) by extension 'python'
[0.287s] Level 1:colcon.colcon_core.package_identification:_identify(launch) by extensions ['python_setup_py']
[0.287s] Level 1:colcon.colcon_core.package_identification:_identify(launch) by extension 'python_setup_py'
[0.287s] Level 1:colcon.colcon_core.package_identification:_identify(launch/__pycache__) by extensions ['ignore', 'ignore_ament_install']
[0.287s] Level 1:colcon.colcon_core.package_identification:_identify(launch/__pycache__) by extension 'ignore'
[0.287s] Level 1:colcon.colcon_core.package_identification:_identify(launch/__pycache__) by extension 'ignore_ament_install'
[0.287s] Level 1:colcon.colcon_core.package_identification:_identify(launch/__pycache__) by extensions ['colcon_pkg']
[0.287s] Level 1:colcon.colcon_core.package_identification:_identify(launch/__pycache__) by extension 'colcon_pkg'
[0.287s] Level 1:colcon.colcon_core.package_identification:_identify(launch/__pycache__) by extensions ['colcon_meta']
[0.287s] Level 1:colcon.colcon_core.package_identification:_identify(launch/__pycache__) by extension 'colcon_meta'
[0.288s] Level 1:colcon.colcon_core.package_identification:_identify(launch/__pycache__) by extensions ['ros']
[0.288s] Level 1:colcon.colcon_core.package_identification:_identify(launch/__pycache__) by extension 'ros'
[0.288s] Level 1:colcon.colcon_core.package_identification:_identify(launch/__pycache__) by extensions ['cmake', 'python']
[0.288s] Level 1:colcon.colcon_core.package_identification:_identify(launch/__pycache__) by extension 'cmake'
[0.288s] Level 1:colcon.colcon_core.package_identification:_identify(launch/__pycache__) by extension 'python'
[0.288s] Level 1:colcon.colcon_core.package_identification:_identify(launch/__pycache__) by extensions ['python_setup_py']
[0.288s] Level 1:colcon.colcon_core.package_identification:_identify(launch/__pycache__) by extension 'python_setup_py'
[0.288s] Level 1:colcon.colcon_core.package_identification:_identify(launch/build) by extensions ['ignore', 'ignore_ament_install']
[0.288s] Level 1:colcon.colcon_core.package_identification:_identify(launch/build) by extension 'ignore'
[0.288s] Level 1:colcon.colcon_core.package_identification:_identify(launch/build) ignored
[0.288s] Level 1:colcon.colcon_core.package_identification:_identify(launch/install) by extensions ['ignore', 'ignore_ament_install']
[0.288s] Level 1:colcon.colcon_core.package_identification:_identify(launch/install) by extension 'ignore'
[0.288s] Level 1:colcon.colcon_core.package_identification:_identify(launch/install) ignored
[0.288s] Level 1:colcon.colcon_core.package_identification:_identify(launch/log) by extensions ['ignore', 'ignore_ament_install']
[0.288s] Level 1:colcon.colcon_core.package_identification:_identify(launch/log) by extension 'ignore'
[0.288s] Level 1:colcon.colcon_core.package_identification:_identify(launch/log) ignored
[0.288s] Level 1:colcon.colcon_core.package_identification:_identify(log) by extensions ['ignore', 'ignore_ament_install']
[0.288s] Level 1:colcon.colcon_core.package_identification:_identify(log) by extension 'ignore'
[0.289s] Level 1:colcon.colcon_core.package_identification:_identify(log) ignored
[0.289s] Level 1:colcon.colcon_core.package_identification:_identify(src) by extensions ['ignore', 'ignore_ament_install']
[0.289s] Level 1:colcon.colcon_core.package_identification:_identify(src) by extension 'ignore'
[0.289s] Level 1:colcon.colcon_core.package_identification:_identify(src) by extension 'ignore_ament_install'
[0.289s] Level 1:colcon.colcon_core.package_identification:_identify(src) by extensions ['colcon_pkg']
[0.289s] Level 1:colcon.colcon_core.package_identification:_identify(src) by extension 'colcon_pkg'
[0.289s] Level 1:colcon.colcon_core.package_identification:_identify(src) by extensions ['colcon_meta']
[0.289s] Level 1:colcon.colcon_core.package_identification:_identify(src) by extension 'colcon_meta'
[0.289s] Level 1:colcon.colcon_core.package_identification:_identify(src) by extensions ['ros']
[0.289s] Level 1:colcon.colcon_core.package_identification:_identify(src) by extension 'ros'
[0.289s] Level 1:colcon.colcon_core.package_identification:_identify(src) by extensions ['cmake', 'python']
[0.289s] Level 1:colcon.colcon_core.package_identification:_identify(src) by extension 'cmake'
[0.289s] Level 1:colcon.colcon_core.package_identification:_identify(src) by extension 'python'
[0.289s] Level 1:colcon.colcon_core.package_identification:_identify(src) by extensions ['python_setup_py']
[0.289s] Level 1:colcon.colcon_core.package_identification:_identify(src) by extension 'python_setup_py'
[0.289s] Level 1:colcon.colcon_core.package_identification:_identify(src/learning_interface) by extensions ['ignore', 'ignore_ament_install']
[0.289s] Level 1:colcon.colcon_core.package_identification:_identify(src/learning_interface) by extension 'ignore'
[0.289s] Level 1:colcon.colcon_core.package_identification:_identify(src/learning_interface) by extension 'ignore_ament_install'
[0.289s] Level 1:colcon.colcon_core.package_identification:_identify(src/learning_interface) by extensions ['colcon_pkg']
[0.289s] Level 1:colcon.colcon_core.package_identification:_identify(src/learning_interface) by extension 'colcon_pkg'
[0.289s] Level 1:colcon.colcon_core.package_identification:_identify(src/learning_interface) by extensions ['colcon_meta']
[0.289s] Level 1:colcon.colcon_core.package_identification:_identify(src/learning_interface) by extension 'colcon_meta'
[0.289s] Level 1:colcon.colcon_core.package_identification:_identify(src/learning_interface) by extensions ['ros']
[0.289s] Level 1:colcon.colcon_core.package_identification:_identify(src/learning_interface) by extension 'ros'
[0.291s] DEBUG:colcon.colcon_core.package_identification:Package 'src/learning_interface' with type 'ros.ament_cmake' and name 'learning_interface'
[0.291s] Level 1:colcon.colcon_core.package_identification:_identify(src/realsense-ros-4.51.1) by extensions ['ignore', 'ignore_ament_install']
[0.291s] Level 1:colcon.colcon_core.package_identification:_identify(src/realsense-ros-4.51.1) by extension 'ignore'
[0.291s] Level 1:colcon.colcon_core.package_identification:_identify(src/realsense-ros-4.51.1) by extension 'ignore_ament_install'
[0.291s] Level 1:colcon.colcon_core.package_identification:_identify(src/realsense-ros-4.51.1) by extensions ['colcon_pkg']
[0.291s] Level 1:colcon.colcon_core.package_identification:_identify(src/realsense-ros-4.51.1) by extension 'colcon_pkg'
[0.291s] Level 1:colcon.colcon_core.package_identification:_identify(src/realsense-ros-4.51.1) by extensions ['colcon_meta']
[0.291s] Level 1:colcon.colcon_core.package_identification:_identify(src/realsense-ros-4.51.1) by extension 'colcon_meta'
[0.291s] Level 1:colcon.colcon_core.package_identification:_identify(src/realsense-ros-4.51.1) by extensions ['ros']
[0.291s] Level 1:colcon.colcon_core.package_identification:_identify(src/realsense-ros-4.51.1) by extension 'ros'
[0.291s] Level 1:colcon.colcon_core.package_identification:_identify(src/realsense-ros-4.51.1) by extensions ['cmake', 'python']
[0.291s] Level 1:colcon.colcon_core.package_identification:_identify(src/realsense-ros-4.51.1) by extension 'cmake'
[0.291s] Level 1:colcon.colcon_core.package_identification:_identify(src/realsense-ros-4.51.1) by extension 'python'
[0.291s] Level 1:colcon.colcon_core.package_identification:_identify(src/realsense-ros-4.51.1) by extensions ['python_setup_py']
[0.291s] Level 1:colcon.colcon_core.package_identification:_identify(src/realsense-ros-4.51.1) by extension 'python_setup_py'
[0.291s] Level 1:colcon.colcon_core.package_identification:_identify(src/realsense-ros-4.51.1/realsense2_camera) by extensions ['ignore', 'ignore_ament_install']
[0.292s] Level 1:colcon.colcon_core.package_identification:_identify(src/realsense-ros-4.51.1/realsense2_camera) by extension 'ignore'
[0.292s] Level 1:colcon.colcon_core.package_identification:_identify(src/realsense-ros-4.51.1/realsense2_camera) by extension 'ignore_ament_install'
[0.292s] Level 1:colcon.colcon_core.package_identification:_identify(src/realsense-ros-4.51.1/realsense2_camera) by extensions ['colcon_pkg']
[0.292s] Level 1:colcon.colcon_core.package_identification:_identify(src/realsense-ros-4.51.1/realsense2_camera) by extension 'colcon_pkg'
[0.292s] Level 1:colcon.colcon_core.package_identification:_identify(src/realsense-ros-4.51.1/realsense2_camera) by extensions ['colcon_meta']
[0.292s] Level 1:colcon.colcon_core.package_identification:_identify(src/realsense-ros-4.51.1/realsense2_camera) by extension 'colcon_meta'
[0.292s] Level 1:colcon.colcon_core.package_identification:_identify(src/realsense-ros-4.51.1/realsense2_camera) by extensions ['ros']
[0.292s] Level 1:colcon.colcon_core.package_identification:_identify(src/realsense-ros-4.51.1/realsense2_camera) by extension 'ros'
[0.293s] DEBUG:colcon.colcon_core.package_identification:Package 'src/realsense-ros-4.51.1/realsense2_camera' with type 'ros.ament_cmake' and name 'realsense2_camera'
[0.293s] Level 1:colcon.colcon_core.package_identification:_identify(src/realsense-ros-4.51.1/realsense2_camera_msgs) by extensions ['ignore', 'ignore_ament_install']
[0.293s] Level 1:colcon.colcon_core.package_identification:_identify(src/realsense-ros-4.51.1/realsense2_camera_msgs) by extension 'ignore'
[0.293s] Level 1:colcon.colcon_core.package_identification:_identify(src/realsense-ros-4.51.1/realsense2_camera_msgs) by extension 'ignore_ament_install'
[0.293s] Level 1:colcon.colcon_core.package_identification:_identify(src/realsense-ros-4.51.1/realsense2_camera_msgs) by extensions ['colcon_pkg']
[0.293s] Level 1:colcon.colcon_core.package_identification:_identify(src/realsense-ros-4.51.1/realsense2_camera_msgs) by extension 'colcon_pkg'
[0.293s] Level 1:colcon.colcon_core.package_identification:_identify(src/realsense-ros-4.51.1/realsense2_camera_msgs) by extensions ['colcon_meta']
[0.293s] Level 1:colcon.colcon_core.package_identification:_identify(src/realsense-ros-4.51.1/realsense2_camera_msgs) by extension 'colcon_meta'
[0.293s] Level 1:colcon.colcon_core.package_identification:_identify(src/realsense-ros-4.51.1/realsense2_camera_msgs) by extensions ['ros']
[0.293s] Level 1:colcon.colcon_core.package_identification:_identify(src/realsense-ros-4.51.1/realsense2_camera_msgs) by extension 'ros'
[0.294s] DEBUG:colcon.colcon_core.package_identification:Package 'src/realsense-ros-4.51.1/realsense2_camera_msgs' with type 'ros.ament_cmake' and name 'realsense2_camera_msgs'
[0.294s] Level 1:colcon.colcon_core.package_identification:_identify(src/realsense-ros-4.51.1/realsense2_description) by extensions ['ignore', 'ignore_ament_install']
[0.294s] Level 1:colcon.colcon_core.package_identification:_identify(src/realsense-ros-4.51.1/realsense2_description) by extension 'ignore'
[0.294s] Level 1:colcon.colcon_core.package_identification:_identify(src/realsense-ros-4.51.1/realsense2_description) by extension 'ignore_ament_install'
[0.294s] Level 1:colcon.colcon_core.package_identification:_identify(src/realsense-ros-4.51.1/realsense2_description) by extensions ['colcon_pkg']
[0.294s] Level 1:colcon.colcon_core.package_identification:_identify(src/realsense-ros-4.51.1/realsense2_description) by extension 'colcon_pkg'
[0.294s] Level 1:colcon.colcon_core.package_identification:_identify(src/realsense-ros-4.51.1/realsense2_description) by extensions ['colcon_meta']
[0.294s] Level 1:colcon.colcon_core.package_identification:_identify(src/realsense-ros-4.51.1/realsense2_description) by extension 'colcon_meta'
[0.294s] Level 1:colcon.colcon_core.package_identification:_identify(src/realsense-ros-4.51.1/realsense2_description) by extensions ['ros']
[0.294s] Level 1:colcon.colcon_core.package_identification:_identify(src/realsense-ros-4.51.1/realsense2_description) by extension 'ros'
[0.294s] DEBUG:colcon.colcon_core.package_identification:Package 'src/realsense-ros-4.51.1/realsense2_description' with type 'ros.ament_cmake' and name 'realsense2_description'
[0.294s] Level 1:colcon.colcon_core.package_identification:_identify(src/realsense-ros-4.51.1/scripts) by extensions ['ignore', 'ignore_ament_install']
[0.295s] Level 1:colcon.colcon_core.package_identification:_identify(src/realsense-ros-4.51.1/scripts) by extension 'ignore'
[0.295s] Level 1:colcon.colcon_core.package_identification:_identify(src/realsense-ros-4.51.1/scripts) by extension 'ignore_ament_install'
[0.295s] Level 1:colcon.colcon_core.package_identification:_identify(src/realsense-ros-4.51.1/scripts) by extensions ['colcon_pkg']
[0.295s] Level 1:colcon.colcon_core.package_identification:_identify(src/realsense-ros-4.51.1/scripts) by extension 'colcon_pkg'
[0.295s] Level 1:colcon.colcon_core.package_identification:_identify(src/realsense-ros-4.51.1/scripts) by extensions ['colcon_meta']
[0.295s] Level 1:colcon.colcon_core.package_identification:_identify(src/realsense-ros-4.51.1/scripts) by extension 'colcon_meta'
[0.295s] Level 1:colcon.colcon_core.package_identification:_identify(src/realsense-ros-4.51.1/scripts) by extensions ['ros']
[0.295s] Level 1:colcon.colcon_core.package_identification:_identify(src/realsense-ros-4.51.1/scripts) by extension 'ros'
[0.295s] Level 1:colcon.colcon_core.package_identification:_identify(src/realsense-ros-4.51.1/scripts) by extensions ['cmake', 'python']
[0.295s] Level 1:colcon.colcon_core.package_identification:_identify(src/realsense-ros-4.51.1/scripts) by extension 'cmake'
[0.295s] Level 1:colcon.colcon_core.package_identification:_identify(src/realsense-ros-4.51.1/scripts) by extension 'python'
[0.295s] Level 1:colcon.colcon_core.package_identification:_identify(src/realsense-ros-4.51.1/scripts) by extensions ['python_setup_py']
[0.295s] Level 1:colcon.colcon_core.package_identification:_identify(src/realsense-ros-4.51.1/scripts) by extension 'python_setup_py'
[0.295s] Level 1:colcon.colcon_core.package_identification:_identify(src/yolov5_ros2) by extensions ['ignore', 'ignore_ament_install']
[0.295s] Level 1:colcon.colcon_core.package_identification:_identify(src/yolov5_ros2) by extension 'ignore'
[0.295s] Level 1:colcon.colcon_core.package_identification:_identify(src/yolov5_ros2) by extension 'ignore_ament_install'
[0.295s] Level 1:colcon.colcon_core.package_identification:_identify(src/yolov5_ros2) by extensions ['colcon_pkg']
[0.295s] Level 1:colcon.colcon_core.package_identification:_identify(src/yolov5_ros2) by extension 'colcon_pkg'
[0.295s] Level 1:colcon.colcon_core.package_identification:_identify(src/yolov5_ros2) by extensions ['colcon_meta']
[0.295s] Level 1:colcon.colcon_core.package_identification:_identify(src/yolov5_ros2) by extension 'colcon_meta'
[0.295s] Level 1:colcon.colcon_core.package_identification:_identify(src/yolov5_ros2) by extensions ['ros']
[0.295s] Level 1:colcon.colcon_core.package_identification:_identify(src/yolov5_ros2) by extension 'ros'
[0.296s] DEBUG:colcon.colcon_core.package_identification:Package 'src/yolov5_ros2' with type 'ros.ament_python' and name 'yolov5_ros2'
[0.296s] Level 1:colcon.colcon_core.package_identification:_identify(src/yyh_nav) by extensions ['ignore', 'ignore_ament_install']
[0.296s] Level 1:colcon.colcon_core.package_identification:_identify(src/yyh_nav) by extension 'ignore'
[0.296s] Level 1:colcon.colcon_core.package_identification:_identify(src/yyh_nav) by extension 'ignore_ament_install'
[0.296s] Level 1:colcon.colcon_core.package_identification:_identify(src/yyh_nav) by extensions ['colcon_pkg']
[0.296s] Level 1:colcon.colcon_core.package_identification:_identify(src/yyh_nav) by extension 'colcon_pkg'
[0.296s] Level 1:colcon.colcon_core.package_identification:_identify(src/yyh_nav) by extensions ['colcon_meta']
[0.296s] Level 1:colcon.colcon_core.package_identification:_identify(src/yyh_nav) by extension 'colcon_meta'
[0.296s] Level 1:colcon.colcon_core.package_identification:_identify(src/yyh_nav) by extensions ['ros']
[0.296s] Level 1:colcon.colcon_core.package_identification:_identify(src/yyh_nav) by extension 'ros'
[0.296s] DEBUG:colcon.colcon_core.package_identification:Package 'src/yyh_nav' with type 'ros.ament_python' and name 'yyh_nav'
[0.296s] Level 1:colcon.colcon_core.package_identification:_identify(src/yyh_object) by extensions ['ignore', 'ignore_ament_install']
[0.296s] Level 1:colcon.colcon_core.package_identification:_identify(src/yyh_object) by extension 'ignore'
[0.296s] Level 1:colcon.colcon_core.package_identification:_identify(src/yyh_object) by extension 'ignore_ament_install'
[0.296s] Level 1:colcon.colcon_core.package_identification:_identify(src/yyh_object) by extensions ['colcon_pkg']
[0.296s] Level 1:colcon.colcon_core.package_identification:_identify(src/yyh_object) by extension 'colcon_pkg'
[0.296s] Level 1:colcon.colcon_core.package_identification:_identify(src/yyh_object) by extensions ['colcon_meta']
[0.296s] Level 1:colcon.colcon_core.package_identification:_identify(src/yyh_object) by extension 'colcon_meta'
[0.296s] Level 1:colcon.colcon_core.package_identification:_identify(src/yyh_object) by extensions ['ros']
[0.297s] Level 1:colcon.colcon_core.package_identification:_identify(src/yyh_object) by extension 'ros'
[0.297s] DEBUG:colcon.colcon_core.package_identification:Package 'src/yyh_object' with type 'ros.ament_python' and name 'yyh_object'
[0.297s] Level 1:colcon.colcon_core.package_identification:_identify(test) by extensions ['ignore', 'ignore_ament_install']
[0.297s] Level 1:colcon.colcon_core.package_identification:_identify(test) by extension 'ignore'
[0.297s] Level 1:colcon.colcon_core.package_identification:_identify(test) by extension 'ignore_ament_install'
[0.297s] Level 1:colcon.colcon_core.package_identification:_identify(test) by extensions ['colcon_pkg']
[0.297s] Level 1:colcon.colcon_core.package_identification:_identify(test) by extension 'colcon_pkg'
[0.297s] Level 1:colcon.colcon_core.package_identification:_identify(test) by extensions ['colcon_meta']
[0.297s] Level 1:colcon.colcon_core.package_identification:_identify(test) by extension 'colcon_meta'
[0.297s] Level 1:colcon.colcon_core.package_identification:_identify(test) by extensions ['ros']
[0.297s] Level 1:colcon.colcon_core.package_identification:_identify(test) by extension 'ros'
[0.297s] Level 1:colcon.colcon_core.package_identification:_identify(test) by extensions ['cmake', 'python']
[0.297s] Level 1:colcon.colcon_core.package_identification:_identify(test) by extension 'cmake'
[0.297s] Level 1:colcon.colcon_core.package_identification:_identify(test) by extension 'python'
[0.297s] Level 1:colcon.colcon_core.package_identification:_identify(test) by extensions ['python_setup_py']
[0.297s] Level 1:colcon.colcon_core.package_identification:_identify(test) by extension 'python_setup_py'
[0.297s] Level 1:colcon.colcon_core.package_discovery:discover_packages(recursive) using defaults
[0.297s] Level 1:colcon.colcon_core.package_discovery:discover_packages(ignore) discover
[0.297s] Level 1:colcon.colcon_core.package_discovery:discover_packages(ignore) using defaults
[0.297s] Level 1:colcon.colcon_core.package_discovery:discover_packages(path) discover
[0.297s] Level 1:colcon.colcon_core.package_discovery:discover_packages(path) using defaults
[0.311s] Level 1:colcon.colcon_core.package_discovery:discover_packages(prefix_path) check parameters
[0.311s] Level 1:colcon.colcon_core.package_discovery:discover_packages(prefix_path) discover
[0.311s] Level 1:colcon.colcon_core.package_discovery:discover_packages(prefix_path) using defaults
[0.312s] Level 5:colcon.colcon_core.verb:set package 'learning_interface' build argument 'cmake_args' from command line to 'None'
[0.312s] Level 5:colcon.colcon_core.verb:set package 'learning_interface' build argument 'cmake_target' from command line to 'None'
[0.312s] Level 5:colcon.colcon_core.verb:set package 'learning_interface' build argument 'cmake_target_skip_unavailable' from command line to 'False'
[0.312s] Level 5:colcon.colcon_core.verb:set package 'learning_interface' build argument 'cmake_clean_cache' from command line to 'False'
[0.312s] Level 5:colcon.colcon_core.verb:set package 'learning_interface' build argument 'cmake_clean_first' from command line to 'False'
[0.312s] Level 5:colcon.colcon_core.verb:set package 'learning_interface' build argument 'cmake_force_configure' from command line to 'False'
[0.312s] Level 5:colcon.colcon_core.verb:set package 'learning_interface' build argument 'ament_cmake_args' from command line to 'None'
[0.312s] Level 5:colcon.colcon_core.verb:set package 'learning_interface' build argument 'catkin_cmake_args' from command line to 'None'
[0.312s] Level 5:colcon.colcon_core.verb:set package 'learning_interface' build argument 'catkin_skip_building_tests' from command line to 'False'
[0.312s] DEBUG:colcon.colcon_core.verb:Building package 'learning_interface' with the following arguments: {'ament_cmake_args': None, 'build_base': '/home/yyh/ros2_ws/build/learning_interface', 'catkin_cmake_args': None, 'catkin_skip_building_tests': False, 'cmake_args': None, 'cmake_clean_cache': False, 'cmake_clean_first': False, 'cmake_force_configure': False, 'cmake_target': None, 'cmake_target_skip_unavailable': False, 'install_base': '/home/yyh/ros2_ws/install/learning_interface', 'merge_install': False, 'path': '/home/yyh/ros2_ws/src/learning_interface', 'symlink_install': False, 'test_result_base': None}
[0.312s] Level 5:colcon.colcon_core.verb:set package 'realsense2_camera_msgs' build argument 'cmake_args' from command line to 'None'
[0.313s] Level 5:colcon.colcon_core.verb:set package 'realsense2_camera_msgs' build argument 'cmake_target' from command line to 'None'
[0.313s] Level 5:colcon.colcon_core.verb:set package 'realsense2_camera_msgs' build argument 'cmake_target_skip_unavailable' from command line to 'False'
[0.313s] Level 5:colcon.colcon_core.verb:set package 'realsense2_camera_msgs' build argument 'cmake_clean_cache' from command line to 'False'
[0.313s] Level 5:colcon.colcon_core.verb:set package 'realsense2_camera_msgs' build argument 'cmake_clean_first' from command line to 'False'
[0.313s] Level 5:colcon.colcon_core.verb:set package 'realsense2_camera_msgs' build argument 'cmake_force_configure' from command line to 'False'
[0.313s] Level 5:colcon.colcon_core.verb:set package 'realsense2_camera_msgs' build argument 'ament_cmake_args' from command line to 'None'
[0.313s] Level 5:colcon.colcon_core.verb:set package 'realsense2_camera_msgs' build argument 'catkin_cmake_args' from command line to 'None'
[0.313s] Level 5:colcon.colcon_core.verb:set package 'realsense2_camera_msgs' build argument 'catkin_skip_building_tests' from command line to 'False'
[0.313s] DEBUG:colcon.colcon_core.verb:Building package 'realsense2_camera_msgs' with the following arguments: {'ament_cmake_args': None, 'build_base': '/home/yyh/ros2_ws/build/realsense2_camera_msgs', 'catkin_cmake_args': None, 'catkin_skip_building_tests': False, 'cmake_args': None, 'cmake_clean_cache': False, 'cmake_clean_first': False, 'cmake_force_configure': False, 'cmake_target': None, 'cmake_target_skip_unavailable': False, 'install_base': '/home/yyh/ros2_ws/install/realsense2_camera_msgs', 'merge_install': False, 'path': '/home/yyh/ros2_ws/src/realsense-ros-4.51.1/realsense2_camera_msgs', 'symlink_install': False, 'test_result_base': None}
[0.313s] Level 5:colcon.colcon_core.verb:set package 'yolov5_ros2' build argument 'cmake_args' from command line to 'None'
[0.313s] Level 5:colcon.colcon_core.verb:set package 'yolov5_ros2' build argument 'cmake_target' from command line to 'None'
[0.313s] Level 5:colcon.colcon_core.verb:set package 'yolov5_ros2' build argument 'cmake_target_skip_unavailable' from command line to 'False'
[0.313s] Level 5:colcon.colcon_core.verb:set package 'yolov5_ros2' build argument 'cmake_clean_cache' from command line to 'False'
[0.313s] Level 5:colcon.colcon_core.verb:set package 'yolov5_ros2' build argument 'cmake_clean_first' from command line to 'False'
[0.313s] Level 5:colcon.colcon_core.verb:set package 'yolov5_ros2' build argument 'cmake_force_configure' from command line to 'False'
[0.313s] Level 5:colcon.colcon_core.verb:set package 'yolov5_ros2' build argument 'ament_cmake_args' from command line to 'None'
[0.313s] Level 5:colcon.colcon_core.verb:set package 'yolov5_ros2' build argument 'catkin_cmake_args' from command line to 'None'
[0.313s] Level 5:colcon.colcon_core.verb:set package 'yolov5_ros2' build argument 'catkin_skip_building_tests' from command line to 'False'
[0.313s] DEBUG:colcon.colcon_core.verb:Building package 'yolov5_ros2' with the following arguments: {'ament_cmake_args': None, 'build_base': '/home/yyh/ros2_ws/build/yolov5_ros2', 'catkin_cmake_args': None, 'catkin_skip_building_tests': False, 'cmake_args': None, 'cmake_clean_cache': False, 'cmake_clean_first': False, 'cmake_force_configure': False, 'cmake_target': None, 'cmake_target_skip_unavailable': False, 'install_base': '/home/yyh/ros2_ws/install/yolov5_ros2', 'merge_install': False, 'path': '/home/yyh/ros2_ws/src/yolov5_ros2', 'symlink_install': False, 'test_result_base': None}
[0.313s] Level 5:colcon.colcon_core.verb:set package 'yyh_nav' build argument 'cmake_args' from command line to 'None'
[0.313s] Level 5:colcon.colcon_core.verb:set package 'yyh_nav' build argument 'cmake_target' from command line to 'None'
[0.313s] Level 5:colcon.colcon_core.verb:set package 'yyh_nav' build argument 'cmake_target_skip_unavailable' from command line to 'False'
[0.313s] Level 5:colcon.colcon_core.verb:set package 'yyh_nav' build argument 'cmake_clean_cache' from command line to 'False'
[0.313s] Level 5:colcon.colcon_core.verb:set package 'yyh_nav' build argument 'cmake_clean_first' from command line to 'False'
[0.313s] Level 5:colcon.colcon_core.verb:set package 'yyh_nav' build argument 'cmake_force_configure' from command line to 'False'
[0.313s] Level 5:colcon.colcon_core.verb:set package 'yyh_nav' build argument 'ament_cmake_args' from command line to 'None'
[0.313s] Level 5:colcon.colcon_core.verb:set package 'yyh_nav' build argument 'catkin_cmake_args' from command line to 'None'
[0.313s] Level 5:colcon.colcon_core.verb:set package 'yyh_nav' build argument 'catkin_skip_building_tests' from command line to 'False'
[0.313s] DEBUG:colcon.colcon_core.verb:Building package 'yyh_nav' with the following arguments: {'ament_cmake_args': None, 'build_base': '/home/yyh/ros2_ws/build/yyh_nav', 'catkin_cmake_args': None, 'catkin_skip_building_tests': False, 'cmake_args': None, 'cmake_clean_cache': False, 'cmake_clean_first': False, 'cmake_force_configure': False, 'cmake_target': None, 'cmake_target_skip_unavailable': False, 'install_base': '/home/yyh/ros2_ws/install/yyh_nav', 'merge_install': False, 'path': '/home/yyh/ros2_ws/src/yyh_nav', 'symlink_install': False, 'test_result_base': None}
[0.314s] Level 5:colcon.colcon_core.verb:set package 'yyh_object' build argument 'cmake_args' from command line to 'None'
[0.314s] Level 5:colcon.colcon_core.verb:set package 'yyh_object' build argument 'cmake_target' from command line to 'None'
[0.314s] Level 5:colcon.colcon_core.verb:set package 'yyh_object' build argument 'cmake_target_skip_unavailable' from command line to 'False'
[0.314s] Level 5:colcon.colcon_core.verb:set package 'yyh_object' build argument 'cmake_clean_cache' from command line to 'False'
[0.314s] Level 5:colcon.colcon_core.verb:set package 'yyh_object' build argument 'cmake_clean_first' from command line to 'False'
[0.314s] Level 5:colcon.colcon_core.verb:set package 'yyh_object' build argument 'cmake_force_configure' from command line to 'False'
[0.314s] Level 5:colcon.colcon_core.verb:set package 'yyh_object' build argument 'ament_cmake_args' from command line to 'None'
[0.314s] Level 5:colcon.colcon_core.verb:set package 'yyh_object' build argument 'catkin_cmake_args' from command line to 'None'
[0.314s] Level 5:colcon.colcon_core.verb:set package 'yyh_object' build argument 'catkin_skip_building_tests' from command line to 'False'
[0.314s] DEBUG:colcon.colcon_core.verb:Building package 'yyh_object' with the following arguments: {'ament_cmake_args': None, 'build_base': '/home/yyh/ros2_ws/build/yyh_object', 'catkin_cmake_args': None, 'catkin_skip_building_tests': False, 'cmake_args': None, 'cmake_clean_cache': False, 'cmake_clean_first': False, 'cmake_force_configure': False, 'cmake_target': None, 'cmake_target_skip_unavailable': False, 'install_base': '/home/yyh/ros2_ws/install/yyh_object', 'merge_install': False, 'path': '/home/yyh/ros2_ws/src/yyh_object', 'symlink_install': False, 'test_result_base': None}
[0.314s] Level 5:colcon.colcon_core.verb:set package 'realsense2_camera' build argument 'cmake_args' from command line to 'None'
[0.314s] Level 5:colcon.colcon_core.verb:set package 'realsense2_camera' build argument 'cmake_target' from command line to 'None'
[0.314s] Level 5:colcon.colcon_core.verb:set package 'realsense2_camera' build argument 'cmake_target_skip_unavailable' from command line to 'False'
[0.314s] Level 5:colcon.colcon_core.verb:set package 'realsense2_camera' build argument 'cmake_clean_cache' from command line to 'False'
[0.314s] Level 5:colcon.colcon_core.verb:set package 'realsense2_camera' build argument 'cmake_clean_first' from command line to 'False'
[0.314s] Level 5:colcon.colcon_core.verb:set package 'realsense2_camera' build argument 'cmake_force_configure' from command line to 'False'
[0.314s] Level 5:colcon.colcon_core.verb:set package 'realsense2_camera' build argument 'ament_cmake_args' from command line to 'None'
[0.314s] Level 5:colcon.colcon_core.verb:set package 'realsense2_camera' build argument 'catkin_cmake_args' from command line to 'None'
[0.314s] Level 5:colcon.colcon_core.verb:set package 'realsense2_camera' build argument 'catkin_skip_building_tests' from command line to 'False'
[0.314s] DEBUG:colcon.colcon_core.verb:Building package 'realsense2_camera' with the following arguments: {'ament_cmake_args': None, 'build_base': '/home/yyh/ros2_ws/build/realsense2_camera', 'catkin_cmake_args': None, 'catkin_skip_building_tests': False, 'cmake_args': None, 'cmake_clean_cache': False, 'cmake_clean_first': False, 'cmake_force_configure': False, 'cmake_target': None, 'cmake_target_skip_unavailable': False, 'install_base': '/home/yyh/ros2_ws/install/realsense2_camera', 'merge_install': False, 'path': '/home/yyh/ros2_ws/src/realsense-ros-4.51.1/realsense2_camera', 'symlink_install': False, 'test_result_base': None}
[0.314s] Level 5:colcon.colcon_core.verb:set package 'realsense2_description' build argument 'cmake_args' from command line to 'None'
[0.314s] Level 5:colcon.colcon_core.verb:set package 'realsense2_description' build argument 'cmake_target' from command line to 'None'
[0.314s] Level 5:colcon.colcon_core.verb:set package 'realsense2_description' build argument 'cmake_target_skip_unavailable' from command line to 'False'
[0.314s] Level 5:colcon.colcon_core.verb:set package 'realsense2_description' build argument 'cmake_clean_cache' from command line to 'False'
[0.314s] Level 5:colcon.colcon_core.verb:set package 'realsense2_description' build argument 'cmake_clean_first' from command line to 'False'
[0.314s] Level 5:colcon.colcon_core.verb:set package 'realsense2_description' build argument 'cmake_force_configure' from command line to 'False'
[0.314s] Level 5:colcon.colcon_core.verb:set package 'realsense2_description' build argument 'ament_cmake_args' from command line to 'None'
[0.314s] Level 5:colcon.colcon_core.verb:set package 'realsense2_description' build argument 'catkin_cmake_args' from command line to 'None'
[0.314s] Level 5:colcon.colcon_core.verb:set package 'realsense2_description' build argument 'catkin_skip_building_tests' from command line to 'False'
[0.314s] DEBUG:colcon.colcon_core.verb:Building package 'realsense2_description' with the following arguments: {'ament_cmake_args': None, 'build_base': '/home/yyh/ros2_ws/build/realsense2_description', 'catkin_cmake_args': None, 'catkin_skip_building_tests': False, 'cmake_args': None, 'cmake_clean_cache': False, 'cmake_clean_first': False, 'cmake_force_configure': False, 'cmake_target': None, 'cmake_target_skip_unavailable': False, 'install_base': '/home/yyh/ros2_ws/install/realsense2_description', 'merge_install': False, 'path': '/home/yyh/ros2_ws/src/realsense-ros-4.51.1/realsense2_description', 'symlink_install': False, 'test_result_base': None}
[0.315s] INFO:colcon.colcon_core.executor:Executing jobs using 'parallel' executor
[0.315s] DEBUG:colcon.colcon_parallel_executor.executor.parallel:run_until_complete
[0.316s] INFO:colcon.colcon_ros.task.ament_cmake.build:Building ROS package in '/home/yyh/ros2_ws/src/realsense-ros-4.51.1/realsense2_camera_msgs' with build type 'ament_cmake'
[0.316s] INFO:colcon.colcon_cmake.task.cmake.build:Building CMake package in '/home/yyh/ros2_ws/src/realsense-ros-4.51.1/realsense2_camera_msgs'
[0.317s] INFO:colcon.colcon_core.plugin_system:Skipping extension 'colcon_core.shell.bat': Not used on non-Windows systems
[0.317s] INFO:colcon.colcon_core.shell:Skip shell extension 'powershell' for command environment: Not usable outside of PowerShell
[0.317s] DEBUG:colcon.colcon_core.shell:Skip shell extension 'dsv' for command environment
[0.319s] INFO:colcon.colcon_ros.task.ament_cmake.build:Building ROS package in '/home/yyh/ros2_ws/src/learning_interface' with build type 'ament_cmake'
[0.320s] INFO:colcon.colcon_cmake.task.cmake.build:Building CMake package in '/home/yyh/ros2_ws/src/learning_interface'
[0.320s] INFO:colcon.colcon_core.shell:Skip shell extension 'powershell' for command environment: Not usable outside of PowerShell
[0.320s] DEBUG:colcon.colcon_core.shell:Skip shell extension 'dsv' for command environment
[0.322s] INFO:colcon.colcon_ros.task.ament_python.build:Building ROS package in '/home/yyh/ros2_ws/src/yolov5_ros2' with build type 'ament_python'
[0.322s] Level 1:colcon.colcon_core.shell:create_environment_hook('yolov5_ros2', 'ament_prefix_path')
[0.323s] INFO:colcon.colcon_core.shell:Creating environment hook '/home/yyh/ros2_ws/install/yolov5_ros2/share/yolov5_ros2/hook/ament_prefix_path.ps1'
[0.324s] INFO:colcon.colcon_core.shell:Creating environment descriptor '/home/yyh/ros2_ws/install/yolov5_ros2/share/yolov5_ros2/hook/ament_prefix_path.dsv'
[0.324s] INFO:colcon.colcon_core.shell:Creating environment hook '/home/yyh/ros2_ws/install/yolov5_ros2/share/yolov5_ros2/hook/ament_prefix_path.sh'
[0.324s] INFO:colcon.colcon_core.shell:Skip shell extension 'powershell' for command environment: Not usable outside of PowerShell
[0.324s] DEBUG:colcon.colcon_core.shell:Skip shell extension 'dsv' for command environment
[0.326s] INFO:colcon.colcon_ros.task.ament_python.build:Building ROS package in '/home/yyh/ros2_ws/src/yyh_nav' with build type 'ament_python'
[0.326s] Level 1:colcon.colcon_core.shell:create_environment_hook('yyh_nav', 'ament_prefix_path')
[0.327s] INFO:colcon.colcon_core.shell:Creating environment hook '/home/yyh/ros2_ws/install/yyh_nav/share/yyh_nav/hook/ament_prefix_path.ps1'
[0.327s] INFO:colcon.colcon_core.shell:Creating environment descriptor '/home/yyh/ros2_ws/install/yyh_nav/share/yyh_nav/hook/ament_prefix_path.dsv'
[0.328s] INFO:colcon.colcon_core.shell:Creating environment hook '/home/yyh/ros2_ws/install/yyh_nav/share/yyh_nav/hook/ament_prefix_path.sh'
[0.328s] INFO:colcon.colcon_core.shell:Skip shell extension 'powershell' for command environment: Not usable outside of PowerShell
[0.328s] DEBUG:colcon.colcon_core.shell:Skip shell extension 'dsv' for command environment
[0.335s] DEBUG:colcon.colcon_core.event_handler.log_command:Invoking command in '/home/yyh/ros2_ws/build/realsense2_camera_msgs': /usr/bin/cmake --build /home/yyh/ros2_ws/build/realsense2_camera_msgs -- -j4 -l4
[0.339s] DEBUG:colcon.colcon_core.event_handler.log_command:Invoking command in '/home/yyh/ros2_ws/build/learning_interface': /usr/bin/cmake --build /home/yyh/ros2_ws/build/learning_interface -- -j4 -l4
[0.679s] WARNING:colcon.colcon_ros.task.ament_python.build:Package 'yolov5_ros2' doesn't explicitly install a marker in the package index (colcon-ros currently does it implicitly but that fallback will be removed in the future)
[0.679s] INFO:colcon.colcon_core.task.python.build:Building Python package in '/home/yyh/ros2_ws/src/yolov5_ros2'
[0.679s] INFO:colcon.colcon_core.shell:Skip shell extension 'powershell' for command environment: Not usable outside of PowerShell
[0.679s] DEBUG:colcon.colcon_core.shell:Skip shell extension 'dsv' for command environment
[0.918s] INFO:colcon.colcon_core.task.python.build:Building Python package in '/home/yyh/ros2_ws/src/yyh_nav'
[0.919s] INFO:colcon.colcon_core.shell:Skip shell extension 'powershell' for command environment: Not usable outside of PowerShell
[0.919s] DEBUG:colcon.colcon_core.shell:Skip shell extension 'dsv' for command environment
[0.925s] DEBUG:colcon.colcon_core.event_handler.log_command:Invoked command in '/home/yyh/ros2_ws/build/realsense2_camera_msgs' returned '0': /usr/bin/cmake --build /home/yyh/ros2_ws/build/realsense2_camera_msgs -- -j4 -l4
[0.927s] DEBUG:colcon.colcon_core.event_handler.log_command:Invoked command in '/home/yyh/ros2_ws/build/learning_interface' returned '0': /usr/bin/cmake --build /home/yyh/ros2_ws/build/learning_interface -- -j4 -l4
[1.045s] DEBUG:colcon.colcon_core.event_handler.log_command:Invoking command in '/home/yyh/ros2_ws/build/realsense2_camera_msgs': /usr/bin/cmake --install /home/yyh/ros2_ws/build/realsense2_camera_msgs
[1.061s] DEBUG:colcon.colcon_core.event_handler.log_command:Invoking command in '/home/yyh/ros2_ws/build/learning_interface': /usr/bin/cmake --install /home/yyh/ros2_ws/build/learning_interface
[1.110s] Level 1:colcon.colcon_core.environment:create_environment_scripts_only(realsense2_camera_msgs)
[1.112s] Level 1:colcon.colcon_core.environment:checking '/home/yyh/ros2_ws/install/realsense2_camera_msgs' for CMake module files
[1.113s] Level 1:colcon.colcon_core.environment:checking '/home/yyh/ros2_ws/install/realsense2_camera_msgs' for CMake config files
[1.114s] Level 1:colcon.colcon_core.shell:create_environment_hook('realsense2_camera_msgs', 'cmake_prefix_path')
[1.114s] INFO:colcon.colcon_core.shell:Creating environment hook '/home/yyh/ros2_ws/install/realsense2_camera_msgs/share/realsense2_camera_msgs/hook/cmake_prefix_path.ps1'
[1.113s] DEBUG:colcon.colcon_core.event_handler.log_command:Invoked command in '/home/yyh/ros2_ws/build/realsense2_camera_msgs' returned '0': /usr/bin/cmake --install /home/yyh/ros2_ws/build/realsense2_camera_msgs
[1.115s] INFO:colcon.colcon_core.shell:Creating environment descriptor '/home/yyh/ros2_ws/install/realsense2_camera_msgs/share/realsense2_camera_msgs/hook/cmake_prefix_path.dsv'
[1.117s] INFO:colcon.colcon_core.shell:Creating environment hook '/home/yyh/ros2_ws/install/realsense2_camera_msgs/share/realsense2_camera_msgs/hook/cmake_prefix_path.sh'
[1.118s] Level 1:colcon.colcon_core.environment:checking '/home/yyh/ros2_ws/install/realsense2_camera_msgs/lib'
[1.122s] Level 1:colcon.colcon_core.shell:create_environment_hook('realsense2_camera_msgs', 'ld_library_path_lib')
[1.123s] INFO:colcon.colcon_core.shell:Creating environment hook '/home/yyh/ros2_ws/install/realsense2_camera_msgs/share/realsense2_camera_msgs/hook/ld_library_path_lib.ps1'
[1.123s] INFO:colcon.colcon_core.shell:Creating environment descriptor '/home/yyh/ros2_ws/install/realsense2_camera_msgs/share/realsense2_camera_msgs/hook/ld_library_path_lib.dsv'
[1.123s] INFO:colcon.colcon_core.shell:Creating environment hook '/home/yyh/ros2_ws/install/realsense2_camera_msgs/share/realsense2_camera_msgs/hook/ld_library_path_lib.sh'
[1.124s] Level 1:colcon.colcon_core.environment:checking '/home/yyh/ros2_ws/install/realsense2_camera_msgs/bin'
[1.124s] Level 1:colcon.colcon_core.environment:checking '/home/yyh/ros2_ws/install/realsense2_camera_msgs/lib/pkgconfig/realsense2_camera_msgs.pc'
[1.124s] Level 1:colcon.colcon_core.environment:checking '/home/yyh/ros2_ws/install/realsense2_camera_msgs/lib/python3.8/site-packages'
[1.124s] Level 1:colcon.colcon_core.shell:create_environment_hook('realsense2_camera_msgs', 'pythonpath')
[1.125s] INFO:colcon.colcon_core.shell:Creating environment hook '/home/yyh/ros2_ws/install/realsense2_camera_msgs/share/realsense2_camera_msgs/hook/pythonpath.ps1'
[1.125s] INFO:colcon.colcon_core.shell:Creating environment descriptor '/home/yyh/ros2_ws/install/realsense2_camera_msgs/share/realsense2_camera_msgs/hook/pythonpath.dsv'
[1.125s] INFO:colcon.colcon_core.shell:Creating environment hook '/home/yyh/ros2_ws/install/realsense2_camera_msgs/share/realsense2_camera_msgs/hook/pythonpath.sh'
[1.126s] Level 1:colcon.colcon_core.environment:checking '/home/yyh/ros2_ws/install/realsense2_camera_msgs/bin'
[1.126s] INFO:colcon.colcon_core.shell:Creating package script '/home/yyh/ros2_ws/install/realsense2_camera_msgs/share/realsense2_camera_msgs/package.ps1'
[1.127s] INFO:colcon.colcon_core.shell:Creating package descriptor '/home/yyh/ros2_ws/install/realsense2_camera_msgs/share/realsense2_camera_msgs/package.dsv'
[1.128s] INFO:colcon.colcon_core.shell:Creating package script '/home/yyh/ros2_ws/install/realsense2_camera_msgs/share/realsense2_camera_msgs/package.sh'
[1.128s] INFO:colcon.colcon_core.shell:Creating package script '/home/yyh/ros2_ws/install/realsense2_camera_msgs/share/realsense2_camera_msgs/package.bash'
[1.130s] INFO:colcon.colcon_core.shell:Creating package script '/home/yyh/ros2_ws/install/realsense2_camera_msgs/share/realsense2_camera_msgs/package.zsh'
[1.131s] Level 1:colcon.colcon_core.environment:create_file_with_runtime_dependencies(/home/yyh/ros2_ws/install/realsense2_camera_msgs/share/colcon-core/packages/realsense2_camera_msgs)
[1.154s] Level 1:colcon.colcon_core.environment:create_environment_scripts_only(learning_interface)
[1.154s] Level 1:colcon.colcon_core.environment:checking '/home/yyh/ros2_ws/install/learning_interface' for CMake module files
[1.155s] Level 1:colcon.colcon_core.environment:checking '/home/yyh/ros2_ws/install/learning_interface' for CMake config files
[1.155s] Level 1:colcon.colcon_core.shell:create_environment_hook('learning_interface', 'cmake_prefix_path')
[1.155s] INFO:colcon.colcon_core.shell:Creating environment hook '/home/yyh/ros2_ws/install/learning_interface/share/learning_interface/hook/cmake_prefix_path.ps1'
[1.156s] INFO:colcon.colcon_core.shell:Creating environment descriptor '/home/yyh/ros2_ws/install/learning_interface/share/learning_interface/hook/cmake_prefix_path.dsv'
[1.156s] DEBUG:colcon.colcon_core.event_handler.log_command:Invoked command in '/home/yyh/ros2_ws/build/learning_interface' returned '0': /usr/bin/cmake --install /home/yyh/ros2_ws/build/learning_interface
[1.157s] INFO:colcon.colcon_core.shell:Creating environment hook '/home/yyh/ros2_ws/install/learning_interface/share/learning_interface/hook/cmake_prefix_path.sh'
[1.157s] Level 1:colcon.colcon_core.environment:checking '/home/yyh/ros2_ws/install/learning_interface/lib'
[1.157s] Level 1:colcon.colcon_core.shell:create_environment_hook('learning_interface', 'ld_library_path_lib')
[1.158s] INFO:colcon.colcon_core.shell:Creating environment hook '/home/yyh/ros2_ws/install/learning_interface/share/learning_interface/hook/ld_library_path_lib.ps1'
[1.158s] INFO:colcon.colcon_core.shell:Creating environment descriptor '/home/yyh/ros2_ws/install/learning_interface/share/learning_interface/hook/ld_library_path_lib.dsv'
[1.158s] INFO:colcon.colcon_core.shell:Creating environment hook '/home/yyh/ros2_ws/install/learning_interface/share/learning_interface/hook/ld_library_path_lib.sh'
[1.159s] Level 1:colcon.colcon_core.environment:checking '/home/yyh/ros2_ws/install/learning_interface/bin'
[1.159s] Level 1:colcon.colcon_core.environment:checking '/home/yyh/ros2_ws/install/learning_interface/lib/pkgconfig/learning_interface.pc'
[1.159s] Level 1:colcon.colcon_core.environment:checking '/home/yyh/ros2_ws/install/learning_interface/lib/python3.8/site-packages'
[1.159s] Level 1:colcon.colcon_core.shell:create_environment_hook('learning_interface', 'pythonpath')
[1.159s] INFO:colcon.colcon_core.shell:Creating environment hook '/home/yyh/ros2_ws/install/learning_interface/share/learning_interface/hook/pythonpath.ps1'
[1.160s] INFO:colcon.colcon_core.shell:Creating environment descriptor '/home/yyh/ros2_ws/install/learning_interface/share/learning_interface/hook/pythonpath.dsv'
[1.160s] INFO:colcon.colcon_core.shell:Creating environment hook '/home/yyh/ros2_ws/install/learning_interface/share/learning_interface/hook/pythonpath.sh'
[1.160s] Level 1:colcon.colcon_core.environment:checking '/home/yyh/ros2_ws/install/learning_interface/bin'
[1.161s] INFO:colcon.colcon_core.shell:Creating package script '/home/yyh/ros2_ws/install/learning_interface/share/learning_interface/package.ps1'
[1.161s] INFO:colcon.colcon_core.shell:Creating package descriptor '/home/yyh/ros2_ws/install/learning_interface/share/learning_interface/package.dsv'
[1.162s] INFO:colcon.colcon_core.shell:Creating package script '/home/yyh/ros2_ws/install/learning_interface/share/learning_interface/package.sh'
[1.162s] INFO:colcon.colcon_core.shell:Creating package script '/home/yyh/ros2_ws/install/learning_interface/share/learning_interface/package.bash'
[1.162s] INFO:colcon.colcon_core.shell:Creating package script '/home/yyh/ros2_ws/install/learning_interface/share/learning_interface/package.zsh'
[1.163s] Level 1:colcon.colcon_core.environment:create_file_with_runtime_dependencies(/home/yyh/ros2_ws/install/learning_interface/share/colcon-core/packages/learning_interface)
[1.380s] Level 1:colcon.colcon_core.environment:create_environment_scripts_only(realsense2_camera_msgs)
[1.380s] Level 1:colcon.colcon_core.environment:checking '/home/yyh/ros2_ws/install/realsense2_camera_msgs' for CMake module files
[1.381s] Level 1:colcon.colcon_core.environment:checking '/home/yyh/ros2_ws/install/realsense2_camera_msgs' for CMake config files
[1.381s] Level 1:colcon.colcon_core.shell:create_environment_hook('realsense2_camera_msgs', 'cmake_prefix_path')
[1.381s] INFO:colcon.colcon_core.shell:Creating environment hook '/home/yyh/ros2_ws/install/realsense2_camera_msgs/share/realsense2_camera_msgs/hook/cmake_prefix_path.ps1'
[1.382s] INFO:colcon.colcon_core.shell:Creating environment descriptor '/home/yyh/ros2_ws/install/realsense2_camera_msgs/share/realsense2_camera_msgs/hook/cmake_prefix_path.dsv'
[1.382s] INFO:colcon.colcon_core.shell:Creating environment hook '/home/yyh/ros2_ws/install/realsense2_camera_msgs/share/realsense2_camera_msgs/hook/cmake_prefix_path.sh'
[1.383s] Level 1:colcon.colcon_core.environment:checking '/home/yyh/ros2_ws/install/realsense2_camera_msgs/lib'
[1.383s] Level 1:colcon.colcon_core.shell:create_environment_hook('realsense2_camera_msgs', 'ld_library_path_lib')
[1.383s] INFO:colcon.colcon_core.shell:Creating environment hook '/home/yyh/ros2_ws/install/realsense2_camera_msgs/share/realsense2_camera_msgs/hook/ld_library_path_lib.ps1'
[1.383s] INFO:colcon.colcon_core.shell:Creating environment descriptor '/home/yyh/ros2_ws/install/realsense2_camera_msgs/share/realsense2_camera_msgs/hook/ld_library_path_lib.dsv'
[1.384s] INFO:colcon.colcon_core.shell:Creating environment hook '/home/yyh/ros2_ws/install/realsense2_camera_msgs/share/realsense2_camera_msgs/hook/ld_library_path_lib.sh'
[1.384s] Level 1:colcon.colcon_core.environment:checking '/home/yyh/ros2_ws/install/realsense2_camera_msgs/bin'
[1.384s] Level 1:colcon.colcon_core.environment:checking '/home/yyh/ros2_ws/install/realsense2_camera_msgs/lib/pkgconfig/realsense2_camera_msgs.pc'
[1.384s] Level 1:colcon.colcon_core.environment:checking '/home/yyh/ros2_ws/install/realsense2_camera_msgs/lib/python3.8/site-packages'
[1.384s] Level 1:colcon.colcon_core.shell:create_environment_hook('realsense2_camera_msgs', 'pythonpath')
[1.384s] INFO:colcon.colcon_core.shell:Creating environment hook '/home/yyh/ros2_ws/install/realsense2_camera_msgs/share/realsense2_camera_msgs/hook/pythonpath.ps1'
[1.385s] INFO:colcon.colcon_core.shell:Creating environment descriptor '/home/yyh/ros2_ws/install/realsense2_camera_msgs/share/realsense2_camera_msgs/hook/pythonpath.dsv'
[1.385s] INFO:colcon.colcon_core.shell:Creating environment hook '/home/yyh/ros2_ws/install/realsense2_camera_msgs/share/realsense2_camera_msgs/hook/pythonpath.sh'
[1.385s] Level 1:colcon.colcon_core.environment:checking '/home/yyh/ros2_ws/install/realsense2_camera_msgs/bin'
[1.386s] INFO:colcon.colcon_core.shell:Creating package script '/home/yyh/ros2_ws/install/realsense2_camera_msgs/share/realsense2_camera_msgs/package.ps1'
[1.386s] INFO:colcon.colcon_core.shell:Creating package descriptor '/home/yyh/ros2_ws/install/realsense2_camera_msgs/share/realsense2_camera_msgs/package.dsv'
[1.387s] INFO:colcon.colcon_core.shell:Creating package script '/home/yyh/ros2_ws/install/realsense2_camera_msgs/share/realsense2_camera_msgs/package.sh'
[1.387s] INFO:colcon.colcon_core.shell:Creating package script '/home/yyh/ros2_ws/install/realsense2_camera_msgs/share/realsense2_camera_msgs/package.bash'
[1.388s] INFO:colcon.colcon_core.shell:Creating package script '/home/yyh/ros2_ws/install/realsense2_camera_msgs/share/realsense2_camera_msgs/package.zsh'
[1.388s] Level 1:colcon.colcon_core.environment:create_file_with_runtime_dependencies(/home/yyh/ros2_ws/install/realsense2_camera_msgs/share/colcon-core/packages/realsense2_camera_msgs)
[1.389s] INFO:colcon.colcon_ros.task.ament_python.build:Building ROS package in '/home/yyh/ros2_ws/src/yyh_object' with build type 'ament_python'
[1.390s] Level 1:colcon.colcon_core.shell:create_environment_hook('yyh_object', 'ament_prefix_path')
[1.390s] INFO:colcon.colcon_core.shell:Creating environment hook '/home/yyh/ros2_ws/install/yyh_object/share/yyh_object/hook/ament_prefix_path.ps1'
[1.391s] INFO:colcon.colcon_core.shell:Creating environment descriptor '/home/yyh/ros2_ws/install/yyh_object/share/yyh_object/hook/ament_prefix_path.dsv'
[1.391s] INFO:colcon.colcon_core.shell:Creating environment hook '/home/yyh/ros2_ws/install/yyh_object/share/yyh_object/hook/ament_prefix_path.sh'
[1.392s] INFO:colcon.colcon_core.shell:Skip shell extension 'powershell' for command environment: Not usable outside of PowerShell
[1.392s] DEBUG:colcon.colcon_core.shell:Skip shell extension 'dsv' for command environment
[1.774s] INFO:colcon.colcon_core.task.python.build:Building Python package in '/home/yyh/ros2_ws/src/yyh_object'
[1.774s] INFO:colcon.colcon_core.shell:Skip shell extension 'powershell' for command environment: Not usable outside of PowerShell
[1.774s] DEBUG:colcon.colcon_core.shell:Skip shell extension 'dsv' for command environment
[1.778s] Level 1:colcon.colcon_core.environment:create_environment_scripts_only(learning_interface)
[1.778s] Level 1:colcon.colcon_core.environment:checking '/home/yyh/ros2_ws/install/learning_interface' for CMake module files
[1.778s] Level 1:colcon.colcon_core.environment:checking '/home/yyh/ros2_ws/install/learning_interface' for CMake config files
[1.779s] Level 1:colcon.colcon_core.shell:create_environment_hook('learning_interface', 'cmake_prefix_path')
[1.779s] INFO:colcon.colcon_core.shell:Creating environment hook '/home/yyh/ros2_ws/install/learning_interface/share/learning_interface/hook/cmake_prefix_path.ps1'
[1.779s] INFO:colcon.colcon_core.shell:Creating environment descriptor '/home/yyh/ros2_ws/install/learning_interface/share/learning_interface/hook/cmake_prefix_path.dsv'
[1.779s] INFO:colcon.colcon_core.shell:Creating environment hook '/home/yyh/ros2_ws/install/learning_interface/share/learning_interface/hook/cmake_prefix_path.sh'
[1.780s] Level 1:colcon.colcon_core.environment:checking '/home/yyh/ros2_ws/install/learning_interface/lib'
[1.780s] Level 1:colcon.colcon_core.shell:create_environment_hook('learning_interface', 'ld_library_path_lib')
[1.780s] INFO:colcon.colcon_core.shell:Creating environment hook '/home/yyh/ros2_ws/install/learning_interface/share/learning_interface/hook/ld_library_path_lib.ps1'
[1.780s] INFO:colcon.colcon_core.shell:Creating environment descriptor '/home/yyh/ros2_ws/install/learning_interface/share/learning_interface/hook/ld_library_path_lib.dsv'
[1.780s] INFO:colcon.colcon_core.shell:Creating environment hook '/home/yyh/ros2_ws/install/learning_interface/share/learning_interface/hook/ld_library_path_lib.sh'
[1.780s] Level 1:colcon.colcon_core.environment:checking '/home/yyh/ros2_ws/install/learning_interface/bin'
[1.780s] Level 1:colcon.colcon_core.environment:checking '/home/yyh/ros2_ws/install/learning_interface/lib/pkgconfig/learning_interface.pc'
[1.781s] Level 1:colcon.colcon_core.environment:checking '/home/yyh/ros2_ws/install/learning_interface/lib/python3.8/site-packages'
[1.781s] Level 1:colcon.colcon_core.shell:create_environment_hook('learning_interface', 'pythonpath')
[1.781s] INFO:colcon.colcon_core.shell:Creating environment hook '/home/yyh/ros2_ws/install/learning_interface/share/learning_interface/hook/pythonpath.ps1'
[1.781s] INFO:colcon.colcon_core.shell:Creating environment descriptor '/home/yyh/ros2_ws/install/learning_interface/share/learning_interface/hook/pythonpath.dsv'
[1.781s] INFO:colcon.colcon_core.shell:Creating environment hook '/home/yyh/ros2_ws/install/learning_interface/share/learning_interface/hook/pythonpath.sh'
[1.781s] Level 1:colcon.colcon_core.environment:checking '/home/yyh/ros2_ws/install/learning_interface/bin'
[1.782s] INFO:colcon.colcon_core.shell:Creating package script '/home/yyh/ros2_ws/install/learning_interface/share/learning_interface/package.ps1'
[1.782s] INFO:colcon.colcon_core.shell:Creating package descriptor '/home/yyh/ros2_ws/install/learning_interface/share/learning_interface/package.dsv'
[1.782s] INFO:colcon.colcon_core.shell:Creating package script '/home/yyh/ros2_ws/install/learning_interface/share/learning_interface/package.sh'
[1.782s] INFO:colcon.colcon_core.shell:Creating package script '/home/yyh/ros2_ws/install/learning_interface/share/learning_interface/package.bash'
[1.783s] INFO:colcon.colcon_core.shell:Creating package script '/home/yyh/ros2_ws/install/learning_interface/share/learning_interface/package.zsh'
[1.783s] Level 1:colcon.colcon_core.environment:create_file_with_runtime_dependencies(/home/yyh/ros2_ws/install/learning_interface/share/colcon-core/packages/learning_interface)
[1.787s] DEBUG:colcon.colcon_core.event_handler.log_command:Invoking command in '/home/yyh/ros2_ws/src/yyh_nav': PYTHONPATH=/home/yyh/ros2_ws/build/yyh_nav/prefix_override:/usr/lib/python3/dist-packages/colcon_core/task/python/colcon_distutils_commands:/home/yyh/ros2_ws/install/yyh_nav/lib/python3.8/site-packages: /usr/bin/python3 -W ignore:setup.py install is deprecated setup.py egg_info --egg-base ../../build/yyh_nav build --build-base /home/yyh/ros2_ws/build/yyh_nav/build install --record /home/yyh/ros2_ws/build/yyh_nav/install.log --single-version-externally-managed install_data
[1.789s] DEBUG:colcon.colcon_core.event_handler.log_command:Invoking command in '/home/yyh/ros2_ws/src/yolov5_ros2': PYTHONPATH=/home/yyh/ros2_ws/build/yolov5_ros2/prefix_override:/usr/lib/python3/dist-packages/colcon_core/task/python/colcon_distutils_commands:/home/yyh/ros2_ws/install/yolov5_ros2/lib/python3.8/site-packages: /usr/bin/python3 -W ignore:setup.py install is deprecated setup.py egg_info --egg-base ../../build/yolov5_ros2 build --build-base /home/yyh/ros2_ws/build/yolov5_ros2/build install --record /home/yyh/ros2_ws/build/yolov5_ros2/install.log --single-version-externally-managed install_data
[1.794s] INFO:colcon.colcon_ros.task.ament_cmake.build:Building ROS package in '/home/yyh/ros2_ws/src/realsense-ros-4.51.1/realsense2_camera' with build type 'ament_cmake'
[1.795s] INFO:colcon.colcon_cmake.task.cmake.build:Building CMake package in '/home/yyh/ros2_ws/src/realsense-ros-4.51.1/realsense2_camera'
[1.795s] INFO:colcon.colcon_core.shell:Skip shell extension 'powershell' for command environment: Not usable outside of PowerShell
[1.795s] DEBUG:colcon.colcon_core.shell:Skip shell extension 'dsv' for command environment
[1.807s] DEBUG:colcon.colcon_core.event_handler.log_command:Invoking command in '/home/yyh/ros2_ws/build/realsense2_camera': AMENT_PREFIX_PATH=/home/yyh/ros2_ws/install/realsense2_camera_msgs CMAKE_PREFIX_PATH=/home/yyh/ros2_ws/install/realsense2_camera_msgs LD_LIBRARY_PATH=/home/yyh/ros2_ws/install/realsense2_camera_msgs/lib PYTHONPATH=/home/yyh/ros2_ws/install/realsense2_camera_msgs/lib/python3.8/site-packages /usr/bin/cmake --build /home/yyh/ros2_ws/build/realsense2_camera -- -j4 -l4
[1.969s] DEBUG:colcon.colcon_core.event_handler.log_command:Invoked command in '/home/yyh/ros2_ws/build/realsense2_camera' returned '0': AMENT_PREFIX_PATH=/home/yyh/ros2_ws/install/realsense2_camera_msgs CMAKE_PREFIX_PATH=/home/yyh/ros2_ws/install/realsense2_camera_msgs LD_LIBRARY_PATH=/home/yyh/ros2_ws/install/realsense2_camera_msgs/lib PYTHONPATH=/home/yyh/ros2_ws/install/realsense2_camera_msgs/lib/python3.8/site-packages /usr/bin/cmake --build /home/yyh/ros2_ws/build/realsense2_camera -- -j4 -l4
[2.015s] DEBUG:colcon.colcon_core.event_handler.log_command:Invoking command in '/home/yyh/ros2_ws/build/realsense2_camera': AMENT_PREFIX_PATH=/home/yyh/ros2_ws/install/realsense2_camera_msgs CMAKE_PREFIX_PATH=/home/yyh/ros2_ws/install/realsense2_camera_msgs LD_LIBRARY_PATH=/home/yyh/ros2_ws/install/realsense2_camera_msgs/lib PYTHONPATH=/home/yyh/ros2_ws/install/realsense2_camera_msgs/lib/python3.8/site-packages /usr/bin/cmake --install /home/yyh/ros2_ws/build/realsense2_camera
[2.045s] Level 1:colcon.colcon_core.environment:create_environment_scripts_only(realsense2_camera)
[2.046s] Level 1:colcon.colcon_core.environment:checking '/home/yyh/ros2_ws/install/realsense2_camera' for CMake module files
[2.046s] Level 1:colcon.colcon_core.environment:checking '/home/yyh/ros2_ws/install/realsense2_camera' for CMake config files
[2.046s] Level 1:colcon.colcon_core.shell:create_environment_hook('realsense2_camera', 'cmake_prefix_path')
[2.047s] INFO:colcon.colcon_core.shell:Creating environment hook '/home/yyh/ros2_ws/install/realsense2_camera/share/realsense2_camera/hook/cmake_prefix_path.ps1'
[2.047s] INFO:colcon.colcon_core.shell:Creating environment descriptor '/home/yyh/ros2_ws/install/realsense2_camera/share/realsense2_camera/hook/cmake_prefix_path.dsv'
[2.048s] INFO:colcon.colcon_core.shell:Creating environment hook '/home/yyh/ros2_ws/install/realsense2_camera/share/realsense2_camera/hook/cmake_prefix_path.sh'
[2.048s] Level 1:colcon.colcon_core.environment:checking '/home/yyh/ros2_ws/install/realsense2_camera/lib'
[2.048s] Level 1:colcon.colcon_core.shell:create_environment_hook('realsense2_camera', 'ld_library_path_lib')
[2.048s] INFO:colcon.colcon_core.shell:Creating environment hook '/home/yyh/ros2_ws/install/realsense2_camera/share/realsense2_camera/hook/ld_library_path_lib.ps1'
[2.049s] INFO:colcon.colcon_core.shell:Creating environment descriptor '/home/yyh/ros2_ws/install/realsense2_camera/share/realsense2_camera/hook/ld_library_path_lib.dsv'
[2.049s] INFO:colcon.colcon_core.shell:Creating environment hook '/home/yyh/ros2_ws/install/realsense2_camera/share/realsense2_camera/hook/ld_library_path_lib.sh'
[2.049s] Level 1:colcon.colcon_core.environment:checking '/home/yyh/ros2_ws/install/realsense2_camera/bin'
[2.049s] Level 1:colcon.colcon_core.environment:checking '/home/yyh/ros2_ws/install/realsense2_camera/lib/pkgconfig/realsense2_camera.pc'
[2.050s] Level 1:colcon.colcon_core.environment:checking '/home/yyh/ros2_ws/install/realsense2_camera/lib/python3.8/site-packages'
[2.050s] Level 1:colcon.colcon_core.environment:checking '/home/yyh/ros2_ws/install/realsense2_camera/bin'
[2.050s] INFO:colcon.colcon_core.shell:Creating package script '/home/yyh/ros2_ws/install/realsense2_camera/share/realsense2_camera/package.ps1'
[2.051s] INFO:colcon.colcon_core.shell:Creating package descriptor '/home/yyh/ros2_ws/install/realsense2_camera/share/realsense2_camera/package.dsv'
[2.051s] DEBUG:colcon.colcon_core.event_handler.log_command:Invoked command in '/home/yyh/ros2_ws/build/realsense2_camera' returned '0': AMENT_PREFIX_PATH=/home/yyh/ros2_ws/install/realsense2_camera_msgs CMAKE_PREFIX_PATH=/home/yyh/ros2_ws/install/realsense2_camera_msgs LD_LIBRARY_PATH=/home/yyh/ros2_ws/install/realsense2_camera_msgs/lib PYTHONPATH=/home/yyh/ros2_ws/install/realsense2_camera_msgs/lib/python3.8/site-packages /usr/bin/cmake --install /home/yyh/ros2_ws/build/realsense2_camera
[2.052s] INFO:colcon.colcon_core.shell:Creating package script '/home/yyh/ros2_ws/install/realsense2_camera/share/realsense2_camera/package.sh'
[2.052s] INFO:colcon.colcon_core.shell:Creating package script '/home/yyh/ros2_ws/install/realsense2_camera/share/realsense2_camera/package.bash'
[2.052s] INFO:colcon.colcon_core.shell:Creating package script '/home/yyh/ros2_ws/install/realsense2_camera/share/realsense2_camera/package.zsh'
[2.053s] Level 1:colcon.colcon_core.environment:create_file_with_runtime_dependencies(/home/yyh/ros2_ws/install/realsense2_camera/share/colcon-core/packages/realsense2_camera)
[2.092s] Level 1:colcon.colcon_core.environment:create_environment_scripts_only(realsense2_camera)
[2.092s] Level 1:colcon.colcon_core.environment:checking '/home/yyh/ros2_ws/install/realsense2_camera' for CMake module files
[2.093s] Level 1:colcon.colcon_core.environment:checking '/home/yyh/ros2_ws/install/realsense2_camera' for CMake config files
[2.093s] Level 1:colcon.colcon_core.shell:create_environment_hook('realsense2_camera', 'cmake_prefix_path')
[2.093s] INFO:colcon.colcon_core.shell:Creating environment hook '/home/yyh/ros2_ws/install/realsense2_camera/share/realsense2_camera/hook/cmake_prefix_path.ps1'
[2.094s] INFO:colcon.colcon_core.shell:Creating environment descriptor '/home/yyh/ros2_ws/install/realsense2_camera/share/realsense2_camera/hook/cmake_prefix_path.dsv'
[2.094s] INFO:colcon.colcon_core.shell:Creating environment hook '/home/yyh/ros2_ws/install/realsense2_camera/share/realsense2_camera/hook/cmake_prefix_path.sh'
[2.095s] Level 1:colcon.colcon_core.environment:checking '/home/yyh/ros2_ws/install/realsense2_camera/lib'
[2.095s] Level 1:colcon.colcon_core.shell:create_environment_hook('realsense2_camera', 'ld_library_path_lib')
[2.095s] INFO:colcon.colcon_core.shell:Creating environment hook '/home/yyh/ros2_ws/install/realsense2_camera/share/realsense2_camera/hook/ld_library_path_lib.ps1'
[2.095s] INFO:colcon.colcon_core.shell:Creating environment descriptor '/home/yyh/ros2_ws/install/realsense2_camera/share/realsense2_camera/hook/ld_library_path_lib.dsv'
[2.095s] INFO:colcon.colcon_core.shell:Creating environment hook '/home/yyh/ros2_ws/install/realsense2_camera/share/realsense2_camera/hook/ld_library_path_lib.sh'
[2.096s] Level 1:colcon.colcon_core.environment:checking '/home/yyh/ros2_ws/install/realsense2_camera/bin'
[2.096s] Level 1:colcon.colcon_core.environment:checking '/home/yyh/ros2_ws/install/realsense2_camera/lib/pkgconfig/realsense2_camera.pc'
[2.096s] Level 1:colcon.colcon_core.environment:checking '/home/yyh/ros2_ws/install/realsense2_camera/lib/python3.8/site-packages'
[2.096s] Level 1:colcon.colcon_core.environment:checking '/home/yyh/ros2_ws/install/realsense2_camera/bin'
[2.097s] INFO:colcon.colcon_core.shell:Creating package script '/home/yyh/ros2_ws/install/realsense2_camera/share/realsense2_camera/package.ps1'
[2.097s] INFO:colcon.colcon_core.shell:Creating package descriptor '/home/yyh/ros2_ws/install/realsense2_camera/share/realsense2_camera/package.dsv'
[2.098s] INFO:colcon.colcon_core.shell:Creating package script '/home/yyh/ros2_ws/install/realsense2_camera/share/realsense2_camera/package.sh'
[2.098s] INFO:colcon.colcon_core.shell:Creating package script '/home/yyh/ros2_ws/install/realsense2_camera/share/realsense2_camera/package.bash'
[2.098s] INFO:colcon.colcon_core.shell:Creating package script '/home/yyh/ros2_ws/install/realsense2_camera/share/realsense2_camera/package.zsh'
[2.099s] Level 1:colcon.colcon_core.environment:create_file_with_runtime_dependencies(/home/yyh/ros2_ws/install/realsense2_camera/share/colcon-core/packages/realsense2_camera)
[2.100s] INFO:colcon.colcon_ros.task.ament_cmake.build:Building ROS package in '/home/yyh/ros2_ws/src/realsense-ros-4.51.1/realsense2_description' with build type 'ament_cmake'
[2.100s] INFO:colcon.colcon_cmake.task.cmake.build:Building CMake package in '/home/yyh/ros2_ws/src/realsense-ros-4.51.1/realsense2_description'
[2.100s] INFO:colcon.colcon_core.shell:Skip shell extension 'powershell' for command environment: Not usable outside of PowerShell
[2.100s] DEBUG:colcon.colcon_core.shell:Skip shell extension 'dsv' for command environment
[2.113s] DEBUG:colcon.colcon_core.event_handler.log_command:Invoking command in '/home/yyh/ros2_ws/build/realsense2_description': AMENT_PREFIX_PATH=/home/yyh/ros2_ws/install/realsense2_camera_msgs CMAKE_PREFIX_PATH=/home/yyh/ros2_ws/install/realsense2_camera_msgs LD_LIBRARY_PATH=/home/yyh/ros2_ws/install/realsense2_camera_msgs/lib PYTHONPATH=/home/yyh/ros2_ws/install/realsense2_camera_msgs/lib/python3.8/site-packages /usr/bin/cmake --build /home/yyh/ros2_ws/build/realsense2_description -- -j4 -l4
[2.155s] DEBUG:colcon.colcon_core.event_handler.log_command:Invoked command in '/home/yyh/ros2_ws/build/realsense2_description' returned '0': AMENT_PREFIX_PATH=/home/yyh/ros2_ws/install/realsense2_camera_msgs CMAKE_PREFIX_PATH=/home/yyh/ros2_ws/install/realsense2_camera_msgs LD_LIBRARY_PATH=/home/yyh/ros2_ws/install/realsense2_camera_msgs/lib PYTHONPATH=/home/yyh/ros2_ws/install/realsense2_camera_msgs/lib/python3.8/site-packages /usr/bin/cmake --build /home/yyh/ros2_ws/build/realsense2_description -- -j4 -l4
[2.177s] DEBUG:colcon.colcon_core.event_handler.log_command:Invoking command in '/home/yyh/ros2_ws/build/realsense2_description': AMENT_PREFIX_PATH=/home/yyh/ros2_ws/install/realsense2_camera_msgs CMAKE_PREFIX_PATH=/home/yyh/ros2_ws/install/realsense2_camera_msgs LD_LIBRARY_PATH=/home/yyh/ros2_ws/install/realsense2_camera_msgs/lib PYTHONPATH=/home/yyh/ros2_ws/install/realsense2_camera_msgs/lib/python3.8/site-packages /usr/bin/cmake --install /home/yyh/ros2_ws/build/realsense2_description
[2.209s] Level 1:colcon.colcon_core.environment:create_environment_scripts_only(realsense2_description)
[2.209s] Level 1:colcon.colcon_core.environment:checking '/home/yyh/ros2_ws/install/realsense2_description' for CMake module files
[2.210s] Level 1:colcon.colcon_core.environment:checking '/home/yyh/ros2_ws/install/realsense2_description' for CMake config files
[2.210s] Level 1:colcon.colcon_core.shell:create_environment_hook('realsense2_description', 'cmake_prefix_path')
[2.210s] INFO:colcon.colcon_core.shell:Creating environment hook '/home/yyh/ros2_ws/install/realsense2_description/share/realsense2_description/hook/cmake_prefix_path.ps1'
[2.211s] INFO:colcon.colcon_core.shell:Creating environment descriptor '/home/yyh/ros2_ws/install/realsense2_description/share/realsense2_description/hook/cmake_prefix_path.dsv'
[2.212s] INFO:colcon.colcon_core.shell:Creating environment hook '/home/yyh/ros2_ws/install/realsense2_description/share/realsense2_description/hook/cmake_prefix_path.sh'
[2.212s] Level 1:colcon.colcon_core.environment:checking '/home/yyh/ros2_ws/install/realsense2_description/bin'
[2.212s] Level 1:colcon.colcon_core.environment:checking '/home/yyh/ros2_ws/install/realsense2_description/lib/pkgconfig/realsense2_description.pc'
[2.212s] Level 1:colcon.colcon_core.environment:checking '/home/yyh/ros2_ws/install/realsense2_description/lib/python3.8/site-packages'
[2.213s] Level 1:colcon.colcon_core.environment:checking '/home/yyh/ros2_ws/install/realsense2_description/bin'
[2.213s] INFO:colcon.colcon_core.shell:Creating package script '/home/yyh/ros2_ws/install/realsense2_description/share/realsense2_description/package.ps1'
[2.213s] INFO:colcon.colcon_core.shell:Creating package descriptor '/home/yyh/ros2_ws/install/realsense2_description/share/realsense2_description/package.dsv'
[2.214s] INFO:colcon.colcon_core.shell:Creating package script '/home/yyh/ros2_ws/install/realsense2_description/share/realsense2_description/package.sh'
[2.214s] INFO:colcon.colcon_core.shell:Creating package script '/home/yyh/ros2_ws/install/realsense2_description/share/realsense2_description/package.bash'
[2.215s] INFO:colcon.colcon_core.shell:Creating package script '/home/yyh/ros2_ws/install/realsense2_description/share/realsense2_description/package.zsh'
[2.215s] Level 1:colcon.colcon_core.environment:create_file_with_runtime_dependencies(/home/yyh/ros2_ws/install/realsense2_description/share/colcon-core/packages/realsense2_description)
[2.211s] DEBUG:colcon.colcon_core.event_handler.log_command:Invoked command in '/home/yyh/ros2_ws/build/realsense2_description' returned '0': AMENT_PREFIX_PATH=/home/yyh/ros2_ws/install/realsense2_camera_msgs CMAKE_PREFIX_PATH=/home/yyh/ros2_ws/install/realsense2_camera_msgs LD_LIBRARY_PATH=/home/yyh/ros2_ws/install/realsense2_camera_msgs/lib PYTHONPATH=/home/yyh/ros2_ws/install/realsense2_camera_msgs/lib/python3.8/site-packages /usr/bin/cmake --install /home/yyh/ros2_ws/build/realsense2_description
[2.244s] Level 1:colcon.colcon_core.environment:create_environment_scripts_only(realsense2_description)
[2.244s] Level 1:colcon.colcon_core.environment:checking '/home/yyh/ros2_ws/install/realsense2_description' for CMake module files
[2.244s] Level 1:colcon.colcon_core.environment:checking '/home/yyh/ros2_ws/install/realsense2_description' for CMake config files
[2.245s] Level 1:colcon.colcon_core.shell:create_environment_hook('realsense2_description', 'cmake_prefix_path')
[2.245s] INFO:colcon.colcon_core.shell:Creating environment hook '/home/yyh/ros2_ws/install/realsense2_description/share/realsense2_description/hook/cmake_prefix_path.ps1'
[2.246s] INFO:colcon.colcon_core.shell:Creating environment descriptor '/home/yyh/ros2_ws/install/realsense2_description/share/realsense2_description/hook/cmake_prefix_path.dsv'
[2.246s] INFO:colcon.colcon_core.shell:Creating environment hook '/home/yyh/ros2_ws/install/realsense2_description/share/realsense2_description/hook/cmake_prefix_path.sh'
[2.246s] Level 1:colcon.colcon_core.environment:checking '/home/yyh/ros2_ws/install/realsense2_description/bin'
[2.246s] Level 1:colcon.colcon_core.environment:checking '/home/yyh/ros2_ws/install/realsense2_description/lib/pkgconfig/realsense2_description.pc'
[2.247s] Level 1:colcon.colcon_core.environment:checking '/home/yyh/ros2_ws/install/realsense2_description/lib/python3.8/site-packages'
[2.247s] Level 1:colcon.colcon_core.environment:checking '/home/yyh/ros2_ws/install/realsense2_description/bin'
[2.247s] INFO:colcon.colcon_core.shell:Creating package script '/home/yyh/ros2_ws/install/realsense2_description/share/realsense2_description/package.ps1'
[2.248s] INFO:colcon.colcon_core.shell:Creating package descriptor '/home/yyh/ros2_ws/install/realsense2_description/share/realsense2_description/package.dsv'
[2.248s] INFO:colcon.colcon_core.shell:Creating package script '/home/yyh/ros2_ws/install/realsense2_description/share/realsense2_description/package.sh'
[2.248s] INFO:colcon.colcon_core.shell:Creating package script '/home/yyh/ros2_ws/install/realsense2_description/share/realsense2_description/package.bash'
[2.250s] INFO:colcon.colcon_core.shell:Creating package script '/home/yyh/ros2_ws/install/realsense2_description/share/realsense2_description/package.zsh'
[2.250s] Level 1:colcon.colcon_core.environment:create_file_with_runtime_dependencies(/home/yyh/ros2_ws/install/realsense2_description/share/colcon-core/packages/realsense2_description)
[2.489s] DEBUG:colcon.colcon_core.event_handler.log_command:Invoking command in '/home/yyh/ros2_ws/src/yyh_object': PYTHONPATH=/home/yyh/ros2_ws/build/yyh_object/prefix_override:/usr/lib/python3/dist-packages/colcon_core/task/python/colcon_distutils_commands:/home/yyh/ros2_ws/install/yyh_object/lib/python3.8/site-packages: /usr/bin/python3 -W ignore:setup.py install is deprecated setup.py egg_info --egg-base ../../build/yyh_object build --build-base /home/yyh/ros2_ws/build/yyh_object/build install --record /home/yyh/ros2_ws/build/yyh_object/install.log --single-version-externally-managed install_data
[5.062s] Level 1:colcon.colcon_core.environment:checking '/home/yyh/ros2_ws/install/yyh_nav' for CMake module files
[5.062s] Level 1:colcon.colcon_core.environment:checking '/home/yyh/ros2_ws/install/yyh_nav' for CMake config files
[5.063s] Level 1:colcon.colcon_core.environment:checking '/home/yyh/ros2_ws/install/yyh_nav/lib'
[5.064s] Level 1:colcon.colcon_core.environment:checking '/home/yyh/ros2_ws/install/yyh_nav/bin'
[5.064s] Level 1:colcon.colcon_core.environment:checking '/home/yyh/ros2_ws/install/yyh_nav/lib/pkgconfig/yyh_nav.pc'
[5.064s] Level 1:colcon.colcon_core.environment:checking '/home/yyh/ros2_ws/install/yyh_nav/lib/python3.8/site-packages'
[5.064s] Level 1:colcon.colcon_core.shell:create_environment_hook('yyh_nav', 'pythonpath')
[5.064s] INFO:colcon.colcon_core.shell:Creating environment hook '/home/yyh/ros2_ws/install/yyh_nav/share/yyh_nav/hook/pythonpath.ps1'
[5.065s] INFO:colcon.colcon_core.shell:Creating environment descriptor '/home/yyh/ros2_ws/install/yyh_nav/share/yyh_nav/hook/pythonpath.dsv'
[5.065s] INFO:colcon.colcon_core.shell:Creating environment hook '/home/yyh/ros2_ws/install/yyh_nav/share/yyh_nav/hook/pythonpath.sh'
[5.065s] Level 1:colcon.colcon_core.environment:checking '/home/yyh/ros2_ws/install/yyh_nav/bin'
[5.065s] Level 1:colcon.colcon_core.environment:create_environment_scripts_only(yyh_nav)
[5.065s] INFO:colcon.colcon_core.shell:Creating package script '/home/yyh/ros2_ws/install/yyh_nav/share/yyh_nav/package.ps1'
[5.066s] INFO:colcon.colcon_core.shell:Creating package descriptor '/home/yyh/ros2_ws/install/yyh_nav/share/yyh_nav/package.dsv'
[5.066s] INFO:colcon.colcon_core.shell:Creating package script '/home/yyh/ros2_ws/install/yyh_nav/share/yyh_nav/package.sh'
[5.066s] INFO:colcon.colcon_core.shell:Creating package script '/home/yyh/ros2_ws/install/yyh_nav/share/yyh_nav/package.bash'
[5.067s] INFO:colcon.colcon_core.shell:Creating package script '/home/yyh/ros2_ws/install/yyh_nav/share/yyh_nav/package.zsh'
[5.067s] Level 1:colcon.colcon_core.environment:create_file_with_runtime_dependencies(/home/yyh/ros2_ws/install/yyh_nav/share/colcon-core/packages/yyh_nav)
[5.067s] DEBUG:colcon.colcon_core.event_handler.log_command:Invoked command in '/home/yyh/ros2_ws/src/yyh_nav' returned '0': PYTHONPATH=/home/yyh/ros2_ws/build/yyh_nav/prefix_override:/usr/lib/python3/dist-packages/colcon_core/task/python/colcon_distutils_commands:/home/yyh/ros2_ws/install/yyh_nav/lib/python3.8/site-packages: /usr/bin/python3 -W ignore:setup.py install is deprecated setup.py egg_info --egg-base ../../build/yyh_nav build --build-base /home/yyh/ros2_ws/build/yyh_nav/build install --record /home/yyh/ros2_ws/build/yyh_nav/install.log --single-version-externally-managed install_data
[5.155s] Level 1:colcon.colcon_core.environment:checking '/home/yyh/ros2_ws/install/yolov5_ros2' for CMake module files
[5.155s] DEBUG:colcon.colcon_core.event_handler.log_command:Invoked command in '/home/yyh/ros2_ws/src/yolov5_ros2' returned '0': PYTHONPATH=/home/yyh/ros2_ws/build/yolov5_ros2/prefix_override:/usr/lib/python3/dist-packages/colcon_core/task/python/colcon_distutils_commands:/home/yyh/ros2_ws/install/yolov5_ros2/lib/python3.8/site-packages: /usr/bin/python3 -W ignore:setup.py install is deprecated setup.py egg_info --egg-base ../../build/yolov5_ros2 build --build-base /home/yyh/ros2_ws/build/yolov5_ros2/build install --record /home/yyh/ros2_ws/build/yolov5_ros2/install.log --single-version-externally-managed install_data
[5.156s] Level 1:colcon.colcon_core.environment:checking '/home/yyh/ros2_ws/install/yolov5_ros2' for CMake config files
[5.156s] Level 1:colcon.colcon_core.environment:checking '/home/yyh/ros2_ws/install/yolov5_ros2/lib'
[5.156s] Level 1:colcon.colcon_core.environment:checking '/home/yyh/ros2_ws/install/yolov5_ros2/bin'
[5.156s] Level 1:colcon.colcon_core.environment:checking '/home/yyh/ros2_ws/install/yolov5_ros2/lib/pkgconfig/yolov5_ros2.pc'
[5.156s] Level 1:colcon.colcon_core.environment:checking '/home/yyh/ros2_ws/install/yolov5_ros2/lib/python3.8/site-packages'
[5.157s] Level 1:colcon.colcon_core.shell:create_environment_hook('yolov5_ros2', 'pythonpath')
[5.157s] INFO:colcon.colcon_core.shell:Creating environment hook '/home/yyh/ros2_ws/install/yolov5_ros2/share/yolov5_ros2/hook/pythonpath.ps1'
[5.157s] INFO:colcon.colcon_core.shell:Creating environment descriptor '/home/yyh/ros2_ws/install/yolov5_ros2/share/yolov5_ros2/hook/pythonpath.dsv'
[5.157s] INFO:colcon.colcon_core.shell:Creating environment hook '/home/yyh/ros2_ws/install/yolov5_ros2/share/yolov5_ros2/hook/pythonpath.sh'
[5.158s] Level 1:colcon.colcon_core.environment:checking '/home/yyh/ros2_ws/install/yolov5_ros2/bin'
[5.158s] Level 1:colcon.colcon_core.environment:create_environment_scripts_only(yolov5_ros2)
[5.158s] INFO:colcon.colcon_core.shell:Creating package script '/home/yyh/ros2_ws/install/yolov5_ros2/share/yolov5_ros2/package.ps1'
[5.159s] INFO:colcon.colcon_core.shell:Creating package descriptor '/home/yyh/ros2_ws/install/yolov5_ros2/share/yolov5_ros2/package.dsv'
[5.159s] INFO:colcon.colcon_core.shell:Creating package script '/home/yyh/ros2_ws/install/yolov5_ros2/share/yolov5_ros2/package.sh'
[5.159s] INFO:colcon.colcon_core.shell:Creating package script '/home/yyh/ros2_ws/install/yolov5_ros2/share/yolov5_ros2/package.bash'
[5.159s] INFO:colcon.colcon_core.shell:Creating package script '/home/yyh/ros2_ws/install/yolov5_ros2/share/yolov5_ros2/package.zsh'
[5.160s] Level 1:colcon.colcon_core.environment:create_file_with_runtime_dependencies(/home/yyh/ros2_ws/install/yolov5_ros2/share/colcon-core/packages/yolov5_ros2)
[5.646s] Level 1:colcon.colcon_core.environment:checking '/home/yyh/ros2_ws/install/yyh_object' for CMake module files
[5.646s] DEBUG:colcon.colcon_core.event_handler.log_command:Invoked command in '/home/yyh/ros2_ws/src/yyh_object' returned '0': PYTHONPATH=/home/yyh/ros2_ws/build/yyh_object/prefix_override:/usr/lib/python3/dist-packages/colcon_core/task/python/colcon_distutils_commands:/home/yyh/ros2_ws/install/yyh_object/lib/python3.8/site-packages: /usr/bin/python3 -W ignore:setup.py install is deprecated setup.py egg_info --egg-base ../../build/yyh_object build --build-base /home/yyh/ros2_ws/build/yyh_object/build install --record /home/yyh/ros2_ws/build/yyh_object/install.log --single-version-externally-managed install_data
[5.646s] Level 1:colcon.colcon_core.environment:checking '/home/yyh/ros2_ws/install/yyh_object' for CMake config files
[5.647s] Level 1:colcon.colcon_core.environment:checking '/home/yyh/ros2_ws/install/yyh_object/lib'
[5.647s] Level 1:colcon.colcon_core.environment:checking '/home/yyh/ros2_ws/install/yyh_object/bin'
[5.647s] Level 1:colcon.colcon_core.environment:checking '/home/yyh/ros2_ws/install/yyh_object/lib/pkgconfig/yyh_object.pc'
[5.647s] Level 1:colcon.colcon_core.environment:checking '/home/yyh/ros2_ws/install/yyh_object/lib/python3.8/site-packages'
[5.647s] Level 1:colcon.colcon_core.shell:create_environment_hook('yyh_object', 'pythonpath')
[5.647s] INFO:colcon.colcon_core.shell:Creating environment hook '/home/yyh/ros2_ws/install/yyh_object/share/yyh_object/hook/pythonpath.ps1'
[5.647s] INFO:colcon.colcon_core.shell:Creating environment descriptor '/home/yyh/ros2_ws/install/yyh_object/share/yyh_object/hook/pythonpath.dsv'
[5.648s] INFO:colcon.colcon_core.shell:Creating environment hook '/home/yyh/ros2_ws/install/yyh_object/share/yyh_object/hook/pythonpath.sh'
[5.648s] Level 1:colcon.colcon_core.environment:checking '/home/yyh/ros2_ws/install/yyh_object/bin'
[5.648s] Level 1:colcon.colcon_core.environment:create_environment_scripts_only(yyh_object)
[5.648s] INFO:colcon.colcon_core.shell:Creating package script '/home/yyh/ros2_ws/install/yyh_object/share/yyh_object/package.ps1'
[5.648s] INFO:colcon.colcon_core.shell:Creating package descriptor '/home/yyh/ros2_ws/install/yyh_object/share/yyh_object/package.dsv'
[5.649s] INFO:colcon.colcon_core.shell:Creating package script '/home/yyh/ros2_ws/install/yyh_object/share/yyh_object/package.sh'
[5.649s] INFO:colcon.colcon_core.shell:Creating package script '/home/yyh/ros2_ws/install/yyh_object/share/yyh_object/package.bash'
[5.649s] INFO:colcon.colcon_core.shell:Creating package script '/home/yyh/ros2_ws/install/yyh_object/share/yyh_object/package.zsh'
[5.649s] Level 1:colcon.colcon_core.environment:create_file_with_runtime_dependencies(/home/yyh/ros2_ws/install/yyh_object/share/colcon-core/packages/yyh_object)
[5.649s] DEBUG:colcon.colcon_parallel_executor.executor.parallel:closing loop
[5.650s] DEBUG:colcon.colcon_parallel_executor.executor.parallel:loop closed
[5.650s] DEBUG:colcon.colcon_parallel_executor.executor.parallel:run_until_complete finished with '0'
[5.650s] DEBUG:colcon.colcon_core.event_reactor:joining thread
[5.653s] INFO:colcon.colcon_core.plugin_system:Skipping extension 'colcon_notification.desktop_notification.terminal_notifier': Not used on non-Darwin systems
[5.653s] INFO:colcon.colcon_core.plugin_system:Skipping extension 'colcon_notification.desktop_notification.win32': Not used on non-Windows systems
[5.653s] INFO:colcon.colcon_notification.desktop_notification:Sending desktop notification using 'notify2'
[5.663s] DEBUG:colcon.colcon_core.event_reactor:joined thread
[5.664s] INFO:colcon.colcon_core.shell:Creating prefix script '/home/yyh/ros2_ws/install/local_setup.ps1'
[5.665s] INFO:colcon.colcon_core.shell:Creating prefix util module '/home/yyh/ros2_ws/install/_local_setup_util_ps1.py'
[5.665s] INFO:colcon.colcon_core.shell:Creating prefix chain script '/home/yyh/ros2_ws/install/setup.ps1'
[5.667s] INFO:colcon.colcon_core.shell:Creating prefix script '/home/yyh/ros2_ws/install/local_setup.sh'
[5.667s] INFO:colcon.colcon_core.shell:Creating prefix util module '/home/yyh/ros2_ws/install/_local_setup_util_sh.py'
[5.668s] INFO:colcon.colcon_core.shell:Creating prefix chain script '/home/yyh/ros2_ws/install/setup.sh'
[5.668s] INFO:colcon.colcon_core.shell:Creating prefix script '/home/yyh/ros2_ws/install/local_setup.bash'
[5.669s] INFO:colcon.colcon_core.shell:Creating prefix chain script '/home/yyh/ros2_ws/install/setup.bash'
[5.670s] INFO:colcon.colcon_core.shell:Creating prefix script '/home/yyh/ros2_ws/install/local_setup.zsh'
[5.670s] INFO:colcon.colcon_core.shell:Creating prefix chain script '/home/yyh/ros2_ws/install/setup.zsh'
