[1.286s] Invoking command in '/home/yyh/ros2_ws/build/yyh_nav': PYTHONPATH=/home/yyh/ros2_ws/build/yyh_nav/prefix_override:/usr/lib/python3/dist-packages/colcon_core/task/python/colcon_distutils_commands:/home/yyh/ros2_ws/install/yyh_nav/lib/python3.8/site-packages:${PYTHONPATH} /usr/bin/python3 -W ignore:setup.py install is deprecated setup.py develop --editable --build-directory /home/yyh/ros2_ws/build/yyh_nav/build --no-deps symlink_data
[1.749s] running develop
[1.749s] /home/yyh/.local/lib/python3.8/site-packages/setuptools/command/develop.py:41: EasyInstallDeprecationWarning: easy_install command is deprecated.
[1.749s] !!
[1.749s] 
[1.750s]         ********************************************************************************
[1.750s]         Please avoid running ``setup.py`` and ``easy_install``.
[1.750s]         Instead, use pypa/build, pypa/installer or other
[1.750s]         standards-based tools.
[1.750s] 
[1.750s]         See https://github.com/pypa/setuptools/issues/917 for details.
[1.750s]         ********************************************************************************
[1.750s] 
[1.750s] !!
[1.750s]   easy_install.initialize_options(self)
[2.043s] running egg_info
[2.065s] writing yyh_nav.egg-info/PKG-INFO
[2.066s] writing dependency_links to yyh_nav.egg-info/dependency_links.txt
[2.066s] writing entry points to yyh_nav.egg-info/entry_points.txt
[2.066s] writing requirements to yyh_nav.egg-info/requires.txt
[2.066s] writing top-level names to yyh_nav.egg-info/top_level.txt
[6.551s] writing manifest file 'yyh_nav.egg-info/SOURCES.txt'
[6.616s] running build_ext
[6.617s] Creating /home/yyh/ros2_ws/install/yyh_nav/lib/python3.8/site-packages/yyh-nav.egg-link (link to .)
[6.618s] Installing t265_pose_test script to /home/yyh/ros2_ws/install/yyh_nav/lib/yyh_nav
[6.618s] Installing tft265 script to /home/yyh/ros2_ws/install/yyh_nav/lib/yyh_nav
[6.618s] 
[6.618s] Installed /home/yyh/ros2_ws/build/yyh_nav
[6.618s] running symlink_data
[6.663s] Invoked command in '/home/yyh/ros2_ws/build/yyh_nav' returned '0': PYTHONPATH=/home/yyh/ros2_ws/build/yyh_nav/prefix_override:/usr/lib/python3/dist-packages/colcon_core/task/python/colcon_distutils_commands:/home/yyh/ros2_ws/install/yyh_nav/lib/python3.8/site-packages:${PYTHONPATH} /usr/bin/python3 -W ignore:setup.py install is deprecated setup.py develop --editable --build-directory /home/yyh/ros2_ws/build/yyh_nav/build --no-deps symlink_data
