[1.684s] Invoking command in '/home/yyh/ros2_ws/src/yyh_object': PYTHONPATH=/home/yyh/ros2_ws/build/yyh_object/prefix_override:/usr/lib/python3/dist-packages/colcon_core/task/python/colcon_distutils_commands:/home/yyh/ros2_ws/install/yyh_object/lib/python3.8/site-packages: /usr/bin/python3 -W ignore:setup.py install is deprecated setup.py egg_info --egg-base ../../build/yyh_object build --build-base /home/yyh/ros2_ws/build/yyh_object/build install --record /home/yyh/ros2_ws/build/yyh_object/install.log --single-version-externally-managed install_data
[2.276s] running egg_info
[2.292s] writing ../../build/yyh_object/yyh_object.egg-info/PKG-INFO
[2.295s] writing dependency_links to ../../build/yyh_object/yyh_object.egg-info/dependency_links.txt
[2.295s] writing entry points to ../../build/yyh_object/yyh_object.egg-info/entry_points.txt
[2.295s] writing requirements to ../../build/yyh_object/yyh_object.egg-info/requires.txt
[2.295s] writing top-level names to ../../build/yyh_object/yyh_object.egg-info/top_level.txt
[9.397s] writing manifest file '../../build/yyh_object/yyh_object.egg-info/SOURCES.txt'
[9.398s] running build
[9.398s] running build_py
[9.398s] copying yyh_object/circle.py -> /home/yyh/ros2_ws/build/yyh_object/build/lib/yyh_object
[9.400s] running install
[9.416s] running install_lib
[9.435s] copying /home/yyh/ros2_ws/build/yyh_object/build/lib/yyh_object/circle.py -> /home/yyh/ros2_ws/install/yyh_object/lib/python3.8/site-packages/yyh_object
[9.438s] byte-compiling /home/yyh/ros2_ws/install/yyh_object/lib/python3.8/site-packages/yyh_object/circle.py to circle.cpython-38.pyc
[9.440s] running install_data
[9.441s] running install_egg_info
[9.459s] removing '/home/yyh/ros2_ws/install/yyh_object/lib/python3.8/site-packages/yyh_object-0.0.0-py3.8.egg-info' (and everything under it)
[9.482s] Copying ../../build/yyh_object/yyh_object.egg-info to /home/yyh/ros2_ws/install/yyh_object/lib/python3.8/site-packages/yyh_object-0.0.0-py3.8.egg-info
[9.489s] running install_scripts
[9.554s] Installing image script to /home/yyh/ros2_ws/install/yyh_object/lib/yyh_object
[9.556s] writing list of installed files to '/home/yyh/ros2_ws/build/yyh_object/install.log'
[9.708s] Invoked command in '/home/yyh/ros2_ws/src/yyh_object' returned '0': PYTHONPATH=/home/yyh/ros2_ws/build/yyh_object/prefix_override:/usr/lib/python3/dist-packages/colcon_core/task/python/colcon_distutils_commands:/home/yyh/ros2_ws/install/yyh_object/lib/python3.8/site-packages: /usr/bin/python3 -W ignore:setup.py install is deprecated setup.py egg_info --egg-base ../../build/yyh_object build --build-base /home/yyh/ros2_ws/build/yyh_object/build install --record /home/yyh/ros2_ws/build/yyh_object/install.log --single-version-externally-managed install_data
