[2.084s] Invoking command in '/home/yyh/ros2_ws/src/yyh_nav': PYTHONPATH=/home/yyh/ros2_ws/build/yyh_nav/prefix_override:/usr/lib/python3/dist-packages/colcon_core/task/python/colcon_distutils_commands:/home/yyh/ros2_ws/install/yyh_nav/lib/python3.8/site-packages:${PYTHONPATH} /usr/bin/python3 -W ignore:setup.py install is deprecated setup.py egg_info --egg-base ../../build/yyh_nav build --build-base /home/yyh/ros2_ws/build/yyh_nav/build install --record /home/yyh/ros2_ws/build/yyh_nav/install.log --single-version-externally-managed install_data
[2.698s] running egg_info
[2.716s] writing ../../build/yyh_nav/yyh_nav.egg-info/PKG-INFO
[2.717s] writing dependency_links to ../../build/yyh_nav/yyh_nav.egg-info/dependency_links.txt
[2.717s] writing entry points to ../../build/yyh_nav/yyh_nav.egg-info/entry_points.txt
[2.717s] writing requirements to ../../build/yyh_nav/yyh_nav.egg-info/requires.txt
[2.717s] writing top-level names to ../../build/yyh_nav/yyh_nav.egg-info/top_level.txt
[6.924s] writing manifest file '../../build/yyh_nav/yyh_nav.egg-info/SOURCES.txt'
[6.924s] running build
[6.924s] running build_py
[6.925s] running install
[6.937s] running install_lib
[6.978s] running install_data
[6.978s] running install_egg_info
[7.000s] removing '/home/yyh/ros2_ws/install/yyh_nav/lib/python3.8/site-packages/yyh_nav-0.0.0-py3.8.egg-info' (and everything under it)
[7.001s] Copying ../../build/yyh_nav/yyh_nav.egg-info to /home/yyh/ros2_ws/install/yyh_nav/lib/python3.8/site-packages/yyh_nav-0.0.0-py3.8.egg-info
[7.001s] running install_scripts
[7.086s] Installing t265_pose_test script to /home/yyh/ros2_ws/install/yyh_nav/lib/yyh_nav
[7.086s] Installing tft265 script to /home/yyh/ros2_ws/install/yyh_nav/lib/yyh_nav
[7.086s] writing list of installed files to '/home/yyh/ros2_ws/build/yyh_nav/install.log'
[7.146s] Invoked command in '/home/yyh/ros2_ws/src/yyh_nav' returned '0': PYTHONPATH=/home/yyh/ros2_ws/build/yyh_nav/prefix_override:/usr/lib/python3/dist-packages/colcon_core/task/python/colcon_distutils_commands:/home/yyh/ros2_ws/install/yyh_nav/lib/python3.8/site-packages:${PYTHONPATH} /usr/bin/python3 -W ignore:setup.py install is deprecated setup.py egg_info --egg-base ../../build/yyh_nav build --build-base /home/yyh/ros2_ws/build/yyh_nav/build install --record /home/yyh/ros2_ws/build/yyh_nav/install.log --single-version-externally-managed install_data
