[3.943s] Invoking command in '/home/yyh/ros2_ws/src/yolov5_ros2': PYTHONPATH=/home/yyh/ros2_ws/build/yolov5_ros2/prefix_override:/usr/lib/python3/dist-packages/colcon_core/task/python/colcon_distutils_commands:/home/yyh/ros2_ws/install/yolov5_ros2/lib/python3.8/site-packages:${PYTHONPATH} /usr/bin/python3 -W ignore:setup.py install is deprecated setup.py egg_info --egg-base ../../build/yolov5_ros2 build --build-base /home/yyh/ros2_ws/build/yolov5_ros2/build install --record /home/yyh/ros2_ws/build/yolov5_ros2/install.log --single-version-externally-managed install_data
[4.640s] running egg_info
[4.674s] writing ../../build/yolov5_ros2/yolov5_ros2.egg-info/PKG-INFO
[4.674s] writing dependency_links to ../../build/yolov5_ros2/yolov5_ros2.egg-info/dependency_links.txt
[4.675s] writing entry points to ../../build/yolov5_ros2/yolov5_ros2.egg-info/entry_points.txt
[4.675s] writing requirements to ../../build/yolov5_ros2/yolov5_ros2.egg-info/requires.txt
[4.675s] writing top-level names to ../../build/yolov5_ros2/yolov5_ros2.egg-info/top_level.txt
[8.706s] reading manifest file '../../build/yolov5_ros2/yolov5_ros2.egg-info/SOURCES.txt'
[8.707s] writing manifest file '../../build/yolov5_ros2/yolov5_ros2.egg-info/SOURCES.txt'
[8.707s] running build
[8.708s] running build_py
[8.708s] running install
[8.719s] running install_lib
[8.740s] running install_data
[8.741s] running install_egg_info
[8.765s] removing '/home/yyh/ros2_ws/install/yolov5_ros2/lib/python3.8/site-packages/yolov5_ros2-0.0.0-py3.8.egg-info' (and everything under it)
[8.768s] Copying ../../build/yolov5_ros2/yolov5_ros2.egg-info to /home/yyh/ros2_ws/install/yolov5_ros2/lib/python3.8/site-packages/yolov5_ros2-0.0.0-py3.8.egg-info
[8.768s] running install_scripts
[8.835s] Installing yolo_detect_2d script to /home/yyh/ros2_ws/install/yolov5_ros2/lib/yolov5_ros2
[8.835s] writing list of installed files to '/home/yyh/ros2_ws/build/yolov5_ros2/install.log'
[8.926s] Invoked command in '/home/yyh/ros2_ws/src/yolov5_ros2' returned '0': PYTHONPATH=/home/yyh/ros2_ws/build/yolov5_ros2/prefix_override:/usr/lib/python3/dist-packages/colcon_core/task/python/colcon_distutils_commands:/home/yyh/ros2_ws/install/yolov5_ros2/lib/python3.8/site-packages:${PYTHONPATH} /usr/bin/python3 -W ignore:setup.py install is deprecated setup.py egg_info --egg-base ../../build/yolov5_ros2 build --build-base /home/yyh/ros2_ws/build/yolov5_ros2/build install --record /home/yyh/ros2_ws/build/yolov5_ros2/install.log --single-version-externally-managed install_data
