-- Found ament_cmake: 0.9.12 (/opt/ros/foxy/share/ament_cmake/cmake)
-- Found PythonInterp: /usr/bin/python3 (found suitable version "3.8.10", minimum required is "3") 
-- Using PYTHON_EXECUTABLE: /usr/bin/python3
-- Found rosidl_default_generators: 1.0.1 (/opt/ros/foxy/share/rosidl_default_generators/cmake)
-- Using all available rosidl_typesupport_c: rosidl_typesupport_fastrtps_c;rosidl_typesupport_introspection_c
-- Found rosidl_adapter: 1.3.1 (/opt/ros/foxy/share/rosidl_adapter/cmake)
-- Using all available rosidl_typesupport_cpp: rosidl_typesupport_fastrtps_cpp;rosidl_typesupport_introspection_cpp
-- Found PythonInterp: /usr/bin/python3 (found version "3.8.10") 
-- Found ament_cmake_ros: 0.9.2 (/opt/ros/foxy/share/ament_cmake_ros/cmake)
-- Using all available rosidl_typesupport_c: rosidl_typesupport_fastrtps_c;rosidl_typesupport_introspection_c
-- Using all available rosidl_typesupport_cpp: rosidl_typesupport_fastrtps_cpp;rosidl_typesupport_introspection_cpp
-- Found PythonInterp: /usr/bin/python3 (found suitable version "3.8.10", minimum required is "3.5") 
-- Found python_cmake_module: 0.8.1 (/opt/ros/foxy/share/python_cmake_module/cmake)
-- Using PYTHON_EXECUTABLE: /usr/bin/python3
-- Using PYTHON_INCLUDE_DIRS: /usr/include/python3.8
-- Using PYTHON_LIBRARIES: /usr/lib/x86_64-linux-gnu/libpython3.8.so
-- Found ament_lint_auto: 0.9.8 (/opt/ros/foxy/share/ament_lint_auto/cmake)
-- Configuring done
-- Generating done
-- Build files have been written to: /home/yyh/ros2_ws/build/learning_interface
[  1%] Built target learning_interface__cpp
[ 12%] Built target learning_interface__rosidl_typesupport_fastrtps_cpp
[ 23%] Built target learning_interface__rosidl_typesupport_cpp
[ 35%] Built target learning_interface__rosidl_generator_c
[ 46%] Built target learning_interface__rosidl_typesupport_introspection_cpp
[ 57%] Built target learning_interface__rosidl_typesupport_c
[ 69%] Built target learning_interface__rosidl_typesupport_introspection_c
[ 80%] Built target learning_interface__rosidl_typesupport_fastrtps_c
[ 80%] Built target learning_interface
[ 81%] Built target learning_interface__py
[ 91%] Built target learning_interface__python
[ 94%] Built target learning_interface__rosidl_typesupport_introspection_c__pyext
[ 97%] Built target learning_interface__rosidl_typesupport_fastrtps_c__pyext
[100%] Built target learning_interface__rosidl_typesupport_c__pyext
