[0.046s] Invoking command in '/home/yyh/ros2_ws/build/learning_interface': CMAKE_PREFIX_PATH=${CMAKE_PREFIX_PATH}:/home/yyh/ros2_ws/install/yyh_object:/home/yyh/ros2_ws/install/yyh_nav:/home/yyh/ros2_ws/install/yyh_launch:/home/yyh/ros2_ws/install/yolov5_ros2:/opt/ros/foxy /usr/bin/cmake --build /home/yyh/ros2_ws/build/learning_interface -- -j4 -l4
[1.424s] -- Found ament_cmake: 0.9.12 (/opt/ros/foxy/share/ament_cmake/cmake)
[1.424s] -- Found PythonInterp: /usr/bin/python3 (found suitable version "3.8.10", minimum required is "3") 
[1.424s] -- Using PYTHON_EXECUTABLE: /usr/bin/python3
[1.424s] -- Found rosidl_default_generators: 1.0.1 (/opt/ros/foxy/share/rosidl_default_generators/cmake)
[1.424s] -- Using all available rosidl_typesupport_c: rosidl_typesupport_fastrtps_c;rosidl_typesupport_introspection_c
[1.424s] -- Found rosidl_adapter: 1.3.1 (/opt/ros/foxy/share/rosidl_adapter/cmake)
[1.424s] -- Using all available rosidl_typesupport_cpp: rosidl_typesupport_fastrtps_cpp;rosidl_typesupport_introspection_cpp
[1.424s] -- Found PythonInterp: /usr/bin/python3 (found version "3.8.10") 
[1.425s] -- Found ament_cmake_ros: 0.9.2 (/opt/ros/foxy/share/ament_cmake_ros/cmake)
[1.425s] -- Using all available rosidl_typesupport_c: rosidl_typesupport_fastrtps_c;rosidl_typesupport_introspection_c
[1.506s] -- Using all available rosidl_typesupport_cpp: rosidl_typesupport_fastrtps_cpp;rosidl_typesupport_introspection_cpp
[1.621s] -- Found PythonInterp: /usr/bin/python3 (found suitable version "3.8.10", minimum required is "3.5") 
[1.622s] -- Found python_cmake_module: 0.8.1 (/opt/ros/foxy/share/python_cmake_module/cmake)
[1.697s] -- Using PYTHON_EXECUTABLE: /usr/bin/python3
[1.697s] -- Using PYTHON_INCLUDE_DIRS: /usr/include/python3.8
[1.697s] -- Using PYTHON_LIBRARIES: /usr/lib/x86_64-linux-gnu/libpython3.8.so
[1.745s] -- Found ament_lint_auto: 0.9.8 (/opt/ros/foxy/share/ament_lint_auto/cmake)
[1.787s] -- Configuring done
[1.932s] -- Generating done
[1.937s] -- Build files have been written to: /home/yyh/ros2_ws/build/learning_interface
[2.002s] [  1%] Built target learning_interface__cpp
[2.090s] [ 12%] Built target learning_interface__rosidl_typesupport_fastrtps_cpp
[2.099s] [ 23%] Built target learning_interface__rosidl_typesupport_cpp
[2.101s] [ 35%] Built target learning_interface__rosidl_generator_c
[2.123s] [ 46%] Built target learning_interface__rosidl_typesupport_introspection_cpp
[2.186s] [ 57%] Built target learning_interface__rosidl_typesupport_c
[2.200s] [ 69%] Built target learning_interface__rosidl_typesupport_introspection_c
[2.208s] [ 80%] Built target learning_interface__rosidl_typesupport_fastrtps_c
[2.260s] [ 80%] Built target learning_interface
[2.329s] [ 81%] Built target learning_interface__py
[2.403s] [ 91%] Built target learning_interface__python
[2.493s] [ 94%] Built target learning_interface__rosidl_typesupport_introspection_c__pyext
[2.505s] [ 97%] Built target learning_interface__rosidl_typesupport_fastrtps_c__pyext
[2.508s] [100%] Built target learning_interface__rosidl_typesupport_c__pyext
[2.537s] Invoked command in '/home/yyh/ros2_ws/build/learning_interface' returned '0': CMAKE_PREFIX_PATH=${CMAKE_PREFIX_PATH}:/home/yyh/ros2_ws/install/yyh_object:/home/yyh/ros2_ws/install/yyh_nav:/home/yyh/ros2_ws/install/yyh_launch:/home/yyh/ros2_ws/install/yolov5_ros2:/opt/ros/foxy /usr/bin/cmake --build /home/yyh/ros2_ws/build/learning_interface -- -j4 -l4
