[1.406s] Invoking command in '/home/yyh/ros2_ws/src/yyh_nav': PYTHONPATH=/home/yyh/ros2_ws/build/yyh_nav/prefix_override:/usr/lib/python3/dist-packages/colcon_core/task/python/colcon_distutils_commands:/home/yyh/ros2_ws/install/yyh_nav/lib/python3.8/site-packages:${PYTHONPATH} /usr/bin/python3 -W ignore:setup.py install is deprecated setup.py egg_info --egg-base ../../build/yyh_nav build --build-base /home/yyh/ros2_ws/build/yyh_nav/build install --record /home/yyh/ros2_ws/build/yyh_nav/install.log --single-version-externally-managed install_data
[1.805s] running egg_info
[1.818s] writing ../../build/yyh_nav/yyh_nav.egg-info/PKG-INFO
[1.819s] writing dependency_links to ../../build/yyh_nav/yyh_nav.egg-info/dependency_links.txt
[1.819s] writing entry points to ../../build/yyh_nav/yyh_nav.egg-info/entry_points.txt
[1.819s] writing requirements to ../../build/yyh_nav/yyh_nav.egg-info/requires.txt
[1.819s] writing top-level names to ../../build/yyh_nav/yyh_nav.egg-info/top_level.txt
[4.822s] writing manifest file '../../build/yyh_nav/yyh_nav.egg-info/SOURCES.txt'
[4.823s] running build
[4.823s] running build_py
[4.823s] running install
[4.829s] running install_lib
[4.841s] running install_data
[4.841s] running install_egg_info
[4.852s] removing '/home/yyh/ros2_ws/install/yyh_nav/lib/python3.8/site-packages/yyh_nav-0.0.0-py3.8.egg-info' (and everything under it)
[4.852s] Copying ../../build/yyh_nav/yyh_nav.egg-info to /home/yyh/ros2_ws/install/yyh_nav/lib/python3.8/site-packages/yyh_nav-0.0.0-py3.8.egg-info
[4.853s] running install_scripts
[4.902s] Installing t265_pose_test script to /home/yyh/ros2_ws/install/yyh_nav/lib/yyh_nav
[4.902s] Installing tft265 script to /home/yyh/ros2_ws/install/yyh_nav/lib/yyh_nav
[4.903s] writing list of installed files to '/home/yyh/ros2_ws/build/yyh_nav/install.log'
