[0.044s] Invoking command in '/home/yyh/ros2_ws/build/realsense2_camera_msgs': CMAKE_PREFIX_PATH=${CMAKE_PREFIX_PATH}:/home/yyh/ros2_ws/install/yyh_object:/home/yyh/ros2_ws/install/yyh_nav:/home/yyh/ros2_ws/install/yyh_launch:/home/yyh/ros2_ws/install/yolov5_ros2:/opt/ros/foxy /usr/bin/cmake --build /home/yyh/ros2_ws/build/realsense2_camera_msgs -- -j4 -l4
[0.892s] [  1%] Built target realsense2_camera_msgs__cpp
[0.893s] [ 12%] Built target realsense2_camera_msgs__rosidl_generator_c
[0.893s] [ 23%] Built target realsense2_camera_msgs__rosidl_typesupport_introspection_cpp
[0.893s] [ 34%] Built target realsense2_camera_msgs__rosidl_typesupport_fastrtps_cpp
[0.893s] [ 45%] Built target realsense2_camera_msgs__rosidl_typesupport_cpp
[0.894s] [ 56%] Built target realsense2_camera_msgs__rosidl_typesupport_introspection_c
[0.894s] [ 67%] Built target realsense2_camera_msgs__rosidl_typesupport_c
[0.894s] [ 78%] Built target realsense2_camera_msgs__rosidl_typesupport_fastrtps_c
[0.894s] [ 78%] Built target realsense2_camera_msgs
[0.894s] [ 80%] Built target realsense2_camera_msgs__py
[0.894s] [ 89%] Built target realsense2_camera_msgs__python
[0.894s] [ 92%] Built target realsense2_camera_msgs__rosidl_typesupport_fastrtps_c__pyext
[0.894s] [ 96%] Built target realsense2_camera_msgs__rosidl_typesupport_introspection_c__pyext
[0.894s] [100%] Built target realsense2_camera_msgs__rosidl_typesupport_c__pyext
[1.363s] Invoked command in '/home/yyh/ros2_ws/build/realsense2_camera_msgs' returned '0': CMAKE_PREFIX_PATH=${CMAKE_PREFIX_PATH}:/home/yyh/ros2_ws/install/yyh_object:/home/yyh/ros2_ws/install/yyh_nav:/home/yyh/ros2_ws/install/yyh_launch:/home/yyh/ros2_ws/install/yolov5_ros2:/opt/ros/foxy /usr/bin/cmake --build /home/yyh/ros2_ws/build/realsense2_camera_msgs -- -j4 -l4
[1.738s] Invoking command in '/home/yyh/ros2_ws/build/realsense2_camera_msgs': CMAKE_PREFIX_PATH=${CMAKE_PREFIX_PATH}:/home/yyh/ros2_ws/install/yyh_object:/home/yyh/ros2_ws/install/yyh_nav:/home/yyh/ros2_ws/install/yyh_launch:/home/yyh/ros2_ws/install/yolov5_ros2:/opt/ros/foxy /usr/bin/cmake --install /home/yyh/ros2_ws/build/realsense2_camera_msgs
[1.759s] -- Install configuration: ""
[1.760s] -- Up-to-date: /home/yyh/ros2_ws/install/realsense2_camera_msgs/share/ament_index/resource_index/rosidl_interfaces/realsense2_camera_msgs
[1.765s] -- Up-to-date: /home/yyh/ros2_ws/install/realsense2_camera_msgs/include/realsense2_camera_msgs
[1.766s] -- Up-to-date: /home/yyh/ros2_ws/install/realsense2_camera_msgs/include/realsense2_camera_msgs/msg
[1.767s] -- Up-to-date: /home/yyh/ros2_ws/install/realsense2_camera_msgs/include/realsense2_camera_msgs/msg/rosidl_generator_c__visibility_control.h
[1.768s] -- Up-to-date: /home/yyh/ros2_ws/install/realsense2_camera_msgs/include/realsense2_camera_msgs/msg/detail
[1.770s] -- Up-to-date: /home/yyh/ros2_ws/install/realsense2_camera_msgs/include/realsense2_camera_msgs/msg/detail/metadata__struct.h
[1.772s] -- Up-to-date: /home/yyh/ros2_ws/install/realsense2_camera_msgs/include/realsense2_camera_msgs/msg/detail/imu_info__functions.c
[1.774s] -- Up-to-date: /home/yyh/ros2_ws/install/realsense2_camera_msgs/include/realsense2_camera_msgs/msg/detail/extrinsics__struct.h
[1.776s] -- Up-to-date: /home/yyh/ros2_ws/install/realsense2_camera_msgs/include/realsense2_camera_msgs/msg/detail/metadata__type_support.h
[1.777s] -- Up-to-date: /home/yyh/ros2_ws/install/realsense2_camera_msgs/include/realsense2_camera_msgs/msg/detail/metadata__functions.h
[1.778s] -- Up-to-date: /home/yyh/ros2_ws/install/realsense2_camera_msgs/include/realsense2_camera_msgs/msg/detail/extrinsics__functions.h
[1.779s] -- Up-to-date: /home/yyh/ros2_ws/install/realsense2_camera_msgs/include/realsense2_camera_msgs/msg/detail/imu_info__type_support.h
[1.780s] -- Up-to-date: /home/yyh/ros2_ws/install/realsense2_camera_msgs/include/realsense2_camera_msgs/msg/detail/imu_info__functions.h
[1.780s] -- Up-to-date: /home/yyh/ros2_ws/install/realsense2_camera_msgs/include/realsense2_camera_msgs/msg/detail/extrinsics__type_support.h
[1.781s] -- Up-to-date: /home/yyh/ros2_ws/install/realsense2_camera_msgs/include/realsense2_camera_msgs/msg/detail/imu_info__struct.h
[1.782s] -- Up-to-date: /home/yyh/ros2_ws/install/realsense2_camera_msgs/include/realsense2_camera_msgs/msg/detail/metadata__functions.c
[1.782s] -- Up-to-date: /home/yyh/ros2_ws/install/realsense2_camera_msgs/include/realsense2_camera_msgs/msg/detail/extrinsics__functions.c
[1.783s] -- Up-to-date: /home/yyh/ros2_ws/install/realsense2_camera_msgs/include/realsense2_camera_msgs/msg/imu_info.h
[1.783s] -- Up-to-date: /home/yyh/ros2_ws/install/realsense2_camera_msgs/include/realsense2_camera_msgs/msg/extrinsics.h
[1.783s] -- Up-to-date: /home/yyh/ros2_ws/install/realsense2_camera_msgs/include/realsense2_camera_msgs/msg/metadata.h
[1.784s] -- Up-to-date: /home/yyh/ros2_ws/install/realsense2_camera_msgs/include/realsense2_camera_msgs/srv
[1.784s] -- Up-to-date: /home/yyh/ros2_ws/install/realsense2_camera_msgs/include/realsense2_camera_msgs/srv/detail
[1.784s] -- Up-to-date: /home/yyh/ros2_ws/install/realsense2_camera_msgs/include/realsense2_camera_msgs/srv/detail/device_info__struct.h
[1.784s] -- Up-to-date: /home/yyh/ros2_ws/install/realsense2_camera_msgs/include/realsense2_camera_msgs/srv/detail/device_info__functions.h
[1.785s] -- Up-to-date: /home/yyh/ros2_ws/install/realsense2_camera_msgs/include/realsense2_camera_msgs/srv/detail/device_info__type_support.h
[1.785s] -- Up-to-date: /home/yyh/ros2_ws/install/realsense2_camera_msgs/include/realsense2_camera_msgs/srv/detail/device_info__functions.c
[1.785s] -- Up-to-date: /home/yyh/ros2_ws/install/realsense2_camera_msgs/include/realsense2_camera_msgs/srv/device_info.h
[1.787s] -- Up-to-date: /home/yyh/ros2_ws/install/realsense2_camera_msgs/share/realsense2_camera_msgs/environment/library_path.sh
[1.788s] -- Up-to-date: /home/yyh/ros2_ws/install/realsense2_camera_msgs/share/realsense2_camera_msgs/environment/library_path.dsv
[1.789s] -- Up-to-date: /home/yyh/ros2_ws/install/realsense2_camera_msgs/lib/librealsense2_camera_msgs__rosidl_generator_c.so
[1.790s] -- Up-to-date: /home/yyh/ros2_ws/install/realsense2_camera_msgs/include/realsense2_camera_msgs
[1.790s] -- Up-to-date: /home/yyh/ros2_ws/install/realsense2_camera_msgs/include/realsense2_camera_msgs/msg
[1.790s] -- Up-to-date: /home/yyh/ros2_ws/install/realsense2_camera_msgs/include/realsense2_camera_msgs/msg/rosidl_typesupport_fastrtps_c__visibility_control.h
[1.790s] -- Up-to-date: /home/yyh/ros2_ws/install/realsense2_camera_msgs/include/realsense2_camera_msgs/msg/detail
[1.790s] -- Up-to-date: /home/yyh/ros2_ws/install/realsense2_camera_msgs/include/realsense2_camera_msgs/msg/detail/extrinsics__rosidl_typesupport_fastrtps_c.h
[1.790s] -- Up-to-date: /home/yyh/ros2_ws/install/realsense2_camera_msgs/include/realsense2_camera_msgs/msg/detail/metadata__rosidl_typesupport_fastrtps_c.h
[1.790s] -- Up-to-date: /home/yyh/ros2_ws/install/realsense2_camera_msgs/include/realsense2_camera_msgs/msg/detail/imu_info__rosidl_typesupport_fastrtps_c.h
[1.791s] -- Up-to-date: /home/yyh/ros2_ws/install/realsense2_camera_msgs/include/realsense2_camera_msgs/srv
[1.791s] -- Up-to-date: /home/yyh/ros2_ws/install/realsense2_camera_msgs/include/realsense2_camera_msgs/srv/detail
[1.791s] -- Up-to-date: /home/yyh/ros2_ws/install/realsense2_camera_msgs/include/realsense2_camera_msgs/srv/detail/device_info__rosidl_typesupport_fastrtps_c.h
[1.791s] -- Up-to-date: /home/yyh/ros2_ws/install/realsense2_camera_msgs/lib/librealsense2_camera_msgs__rosidl_typesupport_fastrtps_c.so
[1.793s] -- Up-to-date: /home/yyh/ros2_ws/install/realsense2_camera_msgs/include/realsense2_camera_msgs
[1.793s] -- Up-to-date: /home/yyh/ros2_ws/install/realsense2_camera_msgs/include/realsense2_camera_msgs/msg
[1.793s] -- Up-to-date: /home/yyh/ros2_ws/install/realsense2_camera_msgs/include/realsense2_camera_msgs/msg/detail
[1.794s] -- Up-to-date: /home/yyh/ros2_ws/install/realsense2_camera_msgs/include/realsense2_camera_msgs/msg/detail/imu_info__rosidl_typesupport_fastrtps_cpp.hpp
[1.794s] -- Up-to-date: /home/yyh/ros2_ws/install/realsense2_camera_msgs/include/realsense2_camera_msgs/msg/detail/metadata__rosidl_typesupport_fastrtps_cpp.hpp
[1.794s] -- Up-to-date: /home/yyh/ros2_ws/install/realsense2_camera_msgs/include/realsense2_camera_msgs/msg/detail/extrinsics__rosidl_typesupport_fastrtps_cpp.hpp
[1.794s] -- Up-to-date: /home/yyh/ros2_ws/install/realsense2_camera_msgs/include/realsense2_camera_msgs/msg/detail/dds_fastrtps
[1.794s] -- Up-to-date: /home/yyh/ros2_ws/install/realsense2_camera_msgs/include/realsense2_camera_msgs/msg/rosidl_typesupport_fastrtps_cpp__visibility_control.h
[1.794s] -- Up-to-date: /home/yyh/ros2_ws/install/realsense2_camera_msgs/include/realsense2_camera_msgs/srv
[1.794s] -- Up-to-date: /home/yyh/ros2_ws/install/realsense2_camera_msgs/include/realsense2_camera_msgs/srv/detail
[1.795s] -- Up-to-date: /home/yyh/ros2_ws/install/realsense2_camera_msgs/include/realsense2_camera_msgs/srv/detail/device_info__rosidl_typesupport_fastrtps_cpp.hpp
[1.795s] -- Up-to-date: /home/yyh/ros2_ws/install/realsense2_camera_msgs/include/realsense2_camera_msgs/srv/detail/dds_fastrtps
[1.795s] -- Up-to-date: /home/yyh/ros2_ws/install/realsense2_camera_msgs/lib/librealsense2_camera_msgs__rosidl_typesupport_fastrtps_cpp.so
[1.796s] -- Up-to-date: /home/yyh/ros2_ws/install/realsense2_camera_msgs/include/realsense2_camera_msgs
[1.799s] -- Up-to-date: /home/yyh/ros2_ws/install/realsense2_camera_msgs/include/realsense2_camera_msgs/msg
[1.799s] -- Up-to-date: /home/yyh/ros2_ws/install/realsense2_camera_msgs/include/realsense2_camera_msgs/msg/rosidl_typesupport_introspection_c__visibility_control.h
[1.799s] -- Up-to-date: /home/yyh/ros2_ws/install/realsense2_camera_msgs/include/realsense2_camera_msgs/msg/detail
[1.800s] -- Up-to-date: /home/yyh/ros2_ws/install/realsense2_camera_msgs/include/realsense2_camera_msgs/msg/detail/imu_info__rosidl_typesupport_introspection_c.h
[1.800s] -- Up-to-date: /home/yyh/ros2_ws/install/realsense2_camera_msgs/include/realsense2_camera_msgs/msg/detail/extrinsics__type_support.c
[1.800s] -- Up-to-date: /home/yyh/ros2_ws/install/realsense2_camera_msgs/include/realsense2_camera_msgs/msg/detail/extrinsics__rosidl_typesupport_introspection_c.h
[1.800s] -- Up-to-date: /home/yyh/ros2_ws/install/realsense2_camera_msgs/include/realsense2_camera_msgs/msg/detail/metadata__rosidl_typesupport_introspection_c.h
[1.801s] -- Up-to-date: /home/yyh/ros2_ws/install/realsense2_camera_msgs/include/realsense2_camera_msgs/msg/detail/imu_info__type_support.c
[1.801s] -- Up-to-date: /home/yyh/ros2_ws/install/realsense2_camera_msgs/include/realsense2_camera_msgs/msg/detail/metadata__type_support.c
[1.801s] -- Up-to-date: /home/yyh/ros2_ws/install/realsense2_camera_msgs/include/realsense2_camera_msgs/srv
[1.801s] -- Up-to-date: /home/yyh/ros2_ws/install/realsense2_camera_msgs/include/realsense2_camera_msgs/srv/detail
[1.802s] -- Up-to-date: /home/yyh/ros2_ws/install/realsense2_camera_msgs/include/realsense2_camera_msgs/srv/detail/device_info__type_support.c
[1.803s] -- Up-to-date: /home/yyh/ros2_ws/install/realsense2_camera_msgs/include/realsense2_camera_msgs/srv/detail/device_info__rosidl_typesupport_introspection_c.h
[1.803s] -- Up-to-date: /home/yyh/ros2_ws/install/realsense2_camera_msgs/lib/librealsense2_camera_msgs__rosidl_typesupport_introspection_c.so
[1.804s] -- Up-to-date: /home/yyh/ros2_ws/install/realsense2_camera_msgs/lib/librealsense2_camera_msgs__rosidl_typesupport_c.so
[1.804s] -- Up-to-date: /home/yyh/ros2_ws/install/realsense2_camera_msgs/include/realsense2_camera_msgs
[1.805s] -- Up-to-date: /home/yyh/ros2_ws/install/realsense2_camera_msgs/include/realsense2_camera_msgs/msg
[1.805s] -- Up-to-date: /home/yyh/ros2_ws/install/realsense2_camera_msgs/include/realsense2_camera_msgs/msg/detail
[1.805s] -- Up-to-date: /home/yyh/ros2_ws/install/realsense2_camera_msgs/include/realsense2_camera_msgs/msg/detail/metadata__struct.hpp
[1.805s] -- Up-to-date: /home/yyh/ros2_ws/install/realsense2_camera_msgs/include/realsense2_camera_msgs/msg/detail/imu_info__traits.hpp
[1.805s] -- Up-to-date: /home/yyh/ros2_ws/install/realsense2_camera_msgs/include/realsense2_camera_msgs/msg/detail/metadata__type_support.hpp
[1.805s] -- Up-to-date: /home/yyh/ros2_ws/install/realsense2_camera_msgs/include/realsense2_camera_msgs/msg/detail/extrinsics__builder.hpp
[1.806s] -- Up-to-date: /home/yyh/ros2_ws/install/realsense2_camera_msgs/include/realsense2_camera_msgs/msg/detail/extrinsics__type_support.hpp
[1.806s] -- Up-to-date: /home/yyh/ros2_ws/install/realsense2_camera_msgs/include/realsense2_camera_msgs/msg/detail/metadata__builder.hpp
[1.806s] -- Up-to-date: /home/yyh/ros2_ws/install/realsense2_camera_msgs/include/realsense2_camera_msgs/msg/detail/imu_info__builder.hpp
[1.806s] -- Up-to-date: /home/yyh/ros2_ws/install/realsense2_camera_msgs/include/realsense2_camera_msgs/msg/detail/imu_info__struct.hpp
[1.806s] -- Up-to-date: /home/yyh/ros2_ws/install/realsense2_camera_msgs/include/realsense2_camera_msgs/msg/detail/extrinsics__traits.hpp
[1.807s] -- Up-to-date: /home/yyh/ros2_ws/install/realsense2_camera_msgs/include/realsense2_camera_msgs/msg/detail/extrinsics__struct.hpp
[1.807s] -- Up-to-date: /home/yyh/ros2_ws/install/realsense2_camera_msgs/include/realsense2_camera_msgs/msg/detail/imu_info__type_support.hpp
[1.807s] -- Up-to-date: /home/yyh/ros2_ws/install/realsense2_camera_msgs/include/realsense2_camera_msgs/msg/detail/metadata__traits.hpp
[1.807s] -- Up-to-date: /home/yyh/ros2_ws/install/realsense2_camera_msgs/include/realsense2_camera_msgs/msg/imu_info.hpp
[1.807s] -- Up-to-date: /home/yyh/ros2_ws/install/realsense2_camera_msgs/include/realsense2_camera_msgs/msg/rosidl_generator_cpp__visibility_control.hpp
[1.807s] -- Up-to-date: /home/yyh/ros2_ws/install/realsense2_camera_msgs/include/realsense2_camera_msgs/msg/extrinsics.hpp
[1.808s] -- Up-to-date: /home/yyh/ros2_ws/install/realsense2_camera_msgs/include/realsense2_camera_msgs/msg/metadata.hpp
[1.808s] -- Up-to-date: /home/yyh/ros2_ws/install/realsense2_camera_msgs/include/realsense2_camera_msgs/srv
[1.808s] -- Up-to-date: /home/yyh/ros2_ws/install/realsense2_camera_msgs/include/realsense2_camera_msgs/srv/detail
[1.808s] -- Up-to-date: /home/yyh/ros2_ws/install/realsense2_camera_msgs/include/realsense2_camera_msgs/srv/detail/device_info__type_support.hpp
[1.808s] -- Up-to-date: /home/yyh/ros2_ws/install/realsense2_camera_msgs/include/realsense2_camera_msgs/srv/detail/device_info__traits.hpp
[1.808s] -- Up-to-date: /home/yyh/ros2_ws/install/realsense2_camera_msgs/include/realsense2_camera_msgs/srv/detail/device_info__struct.hpp
[1.808s] -- Up-to-date: /home/yyh/ros2_ws/install/realsense2_camera_msgs/include/realsense2_camera_msgs/srv/detail/device_info__builder.hpp
[1.809s] -- Up-to-date: /home/yyh/ros2_ws/install/realsense2_camera_msgs/include/realsense2_camera_msgs/srv/device_info.hpp
[1.809s] -- Up-to-date: /home/yyh/ros2_ws/install/realsense2_camera_msgs/include/realsense2_camera_msgs
[1.809s] -- Up-to-date: /home/yyh/ros2_ws/install/realsense2_camera_msgs/include/realsense2_camera_msgs/msg
[1.809s] -- Up-to-date: /home/yyh/ros2_ws/install/realsense2_camera_msgs/include/realsense2_camera_msgs/msg/detail
[1.810s] -- Up-to-date: /home/yyh/ros2_ws/install/realsense2_camera_msgs/include/realsense2_camera_msgs/msg/detail/extrinsics__type_support.cpp
[1.810s] -- Up-to-date: /home/yyh/ros2_ws/install/realsense2_camera_msgs/include/realsense2_camera_msgs/msg/detail/imu_info__rosidl_typesupport_introspection_cpp.hpp
[1.811s] -- Up-to-date: /home/yyh/ros2_ws/install/realsense2_camera_msgs/include/realsense2_camera_msgs/msg/detail/imu_info__type_support.cpp
[1.811s] -- Up-to-date: /home/yyh/ros2_ws/install/realsense2_camera_msgs/include/realsense2_camera_msgs/msg/detail/metadata__rosidl_typesupport_introspection_cpp.hpp
[1.812s] -- Up-to-date: /home/yyh/ros2_ws/install/realsense2_camera_msgs/include/realsense2_camera_msgs/msg/detail/extrinsics__rosidl_typesupport_introspection_cpp.hpp
[1.813s] -- Up-to-date: /home/yyh/ros2_ws/install/realsense2_camera_msgs/include/realsense2_camera_msgs/msg/detail/metadata__type_support.cpp
[1.813s] -- Up-to-date: /home/yyh/ros2_ws/install/realsense2_camera_msgs/include/realsense2_camera_msgs/srv
[1.813s] -- Up-to-date: /home/yyh/ros2_ws/install/realsense2_camera_msgs/include/realsense2_camera_msgs/srv/detail
[1.815s] -- Up-to-date: /home/yyh/ros2_ws/install/realsense2_camera_msgs/include/realsense2_camera_msgs/srv/detail/device_info__rosidl_typesupport_introspection_cpp.hpp
[1.815s] -- Up-to-date: /home/yyh/ros2_ws/install/realsense2_camera_msgs/include/realsense2_camera_msgs/srv/detail/device_info__type_support.cpp
[1.816s] -- Up-to-date: /home/yyh/ros2_ws/install/realsense2_camera_msgs/lib/librealsense2_camera_msgs__rosidl_typesupport_introspection_cpp.so
[1.817s] -- Up-to-date: /home/yyh/ros2_ws/install/realsense2_camera_msgs/lib/librealsense2_camera_msgs__rosidl_typesupport_cpp.so
[1.817s] -- Up-to-date: /home/yyh/ros2_ws/install/realsense2_camera_msgs/share/realsense2_camera_msgs/environment/pythonpath.sh
[1.817s] -- Up-to-date: /home/yyh/ros2_ws/install/realsense2_camera_msgs/share/realsense2_camera_msgs/environment/pythonpath.dsv
[1.817s] -- Up-to-date: /home/yyh/ros2_ws/install/realsense2_camera_msgs/lib/python3.8/site-packages/realsense2_camera_msgs/__init__.py
[1.895s] -- Up-to-date: /home/yyh/ros2_ws/install/realsense2_camera_msgs/lib/python3.8/site-packages/realsense2_camera_msgs/msg
[1.896s] -- Up-to-date: /home/yyh/ros2_ws/install/realsense2_camera_msgs/lib/python3.8/site-packages/realsense2_camera_msgs/msg/__init__.py
[1.896s] -- Up-to-date: /home/yyh/ros2_ws/install/realsense2_camera_msgs/lib/python3.8/site-packages/realsense2_camera_msgs/msg/_extrinsics_s.c
[1.897s] -- Up-to-date: /home/yyh/ros2_ws/install/realsense2_camera_msgs/lib/python3.8/site-packages/realsense2_camera_msgs/msg/_imu_info_s.c
[1.897s] -- Up-to-date: /home/yyh/ros2_ws/install/realsense2_camera_msgs/lib/python3.8/site-packages/realsense2_camera_msgs/msg/_imu_info.py
[1.897s] -- Up-to-date: /home/yyh/ros2_ws/install/realsense2_camera_msgs/lib/python3.8/site-packages/realsense2_camera_msgs/msg/_extrinsics.py
[1.897s] -- Up-to-date: /home/yyh/ros2_ws/install/realsense2_camera_msgs/lib/python3.8/site-packages/realsense2_camera_msgs/msg/_metadata.py
[1.897s] -- Up-to-date: /home/yyh/ros2_ws/install/realsense2_camera_msgs/lib/python3.8/site-packages/realsense2_camera_msgs/msg/_metadata_s.c
[1.901s] -- Up-to-date: /home/yyh/ros2_ws/install/realsense2_camera_msgs/lib/python3.8/site-packages/realsense2_camera_msgs/srv
[1.901s] -- Up-to-date: /home/yyh/ros2_ws/install/realsense2_camera_msgs/lib/python3.8/site-packages/realsense2_camera_msgs/srv/__init__.py
[1.901s] -- Up-to-date: /home/yyh/ros2_ws/install/realsense2_camera_msgs/lib/python3.8/site-packages/realsense2_camera_msgs/srv/_device_info.py
[1.901s] -- Up-to-date: /home/yyh/ros2_ws/install/realsense2_camera_msgs/lib/python3.8/site-packages/realsense2_camera_msgs/srv/_device_info_s.c
[1.902s] -- Up-to-date: /home/yyh/ros2_ws/install/realsense2_camera_msgs/lib/python3.8/site-packages/realsense2_camera_msgs/realsense2_camera_msgs_s__rosidl_typesupport_fastrtps_c.cpython-38-x86_64-linux-gnu.so
[1.902s] -- Up-to-date: /home/yyh/ros2_ws/install/realsense2_camera_msgs/lib/python3.8/site-packages/realsense2_camera_msgs/realsense2_camera_msgs_s__rosidl_typesupport_introspection_c.cpython-38-x86_64-linux-gnu.so
[1.903s] -- Up-to-date: /home/yyh/ros2_ws/install/realsense2_camera_msgs/lib/python3.8/site-packages/realsense2_camera_msgs/realsense2_camera_msgs_s__rosidl_typesupport_c.cpython-38-x86_64-linux-gnu.so
[1.906s] -- Up-to-date: /home/yyh/ros2_ws/install/realsense2_camera_msgs/lib/librealsense2_camera_msgs__python.so
[1.907s] -- Up-to-date: /home/yyh/ros2_ws/install/realsense2_camera_msgs/share/realsense2_camera_msgs/msg/IMUInfo.idl
[1.907s] -- Up-to-date: /home/yyh/ros2_ws/install/realsense2_camera_msgs/share/realsense2_camera_msgs/msg/Extrinsics.idl
[1.908s] -- Up-to-date: /home/yyh/ros2_ws/install/realsense2_camera_msgs/share/realsense2_camera_msgs/msg/Metadata.idl
[1.908s] -- Up-to-date: /home/yyh/ros2_ws/install/realsense2_camera_msgs/share/realsense2_camera_msgs/srv/DeviceInfo.idl
[1.908s] -- Up-to-date: /home/yyh/ros2_ws/install/realsense2_camera_msgs/share/realsense2_camera_msgs/msg/IMUInfo.msg
[1.910s] -- Up-to-date: /home/yyh/ros2_ws/install/realsense2_camera_msgs/share/realsense2_camera_msgs/msg/Extrinsics.msg
[1.911s] -- Up-to-date: /home/yyh/ros2_ws/install/realsense2_camera_msgs/share/realsense2_camera_msgs/msg/Metadata.msg
[1.912s] -- Up-to-date: /home/yyh/ros2_ws/install/realsense2_camera_msgs/share/realsense2_camera_msgs/srv/DeviceInfo.srv
[1.913s] -- Up-to-date: /home/yyh/ros2_ws/install/realsense2_camera_msgs/share/realsense2_camera_msgs/srv/DeviceInfo_Request.msg
[1.914s] -- Up-to-date: /home/yyh/ros2_ws/install/realsense2_camera_msgs/share/realsense2_camera_msgs/srv/DeviceInfo_Response.msg
[1.915s] -- Up-to-date: /home/yyh/ros2_ws/install/realsense2_camera_msgs/share/ament_index/resource_index/package_run_dependencies/realsense2_camera_msgs
[1.915s] -- Up-to-date: /home/yyh/ros2_ws/install/realsense2_camera_msgs/share/ament_index/resource_index/parent_prefix_path/realsense2_camera_msgs
[1.916s] -- Up-to-date: /home/yyh/ros2_ws/install/realsense2_camera_msgs/share/realsense2_camera_msgs/environment/ament_prefix_path.sh
[1.916s] -- Up-to-date: /home/yyh/ros2_ws/install/realsense2_camera_msgs/share/realsense2_camera_msgs/environment/ament_prefix_path.dsv
[1.916s] -- Up-to-date: /home/yyh/ros2_ws/install/realsense2_camera_msgs/share/realsense2_camera_msgs/environment/path.sh
[1.916s] -- Up-to-date: /home/yyh/ros2_ws/install/realsense2_camera_msgs/share/realsense2_camera_msgs/environment/path.dsv
[1.917s] -- Up-to-date: /home/yyh/ros2_ws/install/realsense2_camera_msgs/share/realsense2_camera_msgs/local_setup.bash
[1.917s] -- Up-to-date: /home/yyh/ros2_ws/install/realsense2_camera_msgs/share/realsense2_camera_msgs/local_setup.sh
[1.917s] -- Up-to-date: /home/yyh/ros2_ws/install/realsense2_camera_msgs/share/realsense2_camera_msgs/local_setup.zsh
[1.917s] -- Up-to-date: /home/yyh/ros2_ws/install/realsense2_camera_msgs/share/realsense2_camera_msgs/local_setup.dsv
[1.926s] -- Installing: /home/yyh/ros2_ws/install/realsense2_camera_msgs/share/realsense2_camera_msgs/package.dsv
[1.928s] -- Up-to-date: /home/yyh/ros2_ws/install/realsense2_camera_msgs/share/ament_index/resource_index/packages/realsense2_camera_msgs
[1.930s] -- Up-to-date: /home/yyh/ros2_ws/install/realsense2_camera_msgs/share/realsense2_camera_msgs/cmake/realsense2_camera_msgs__rosidl_generator_cExport.cmake
[1.930s] -- Up-to-date: /home/yyh/ros2_ws/install/realsense2_camera_msgs/share/realsense2_camera_msgs/cmake/realsense2_camera_msgs__rosidl_generator_cExport-noconfig.cmake
[1.934s] -- Up-to-date: /home/yyh/ros2_ws/install/realsense2_camera_msgs/share/realsense2_camera_msgs/cmake/realsense2_camera_msgs__rosidl_typesupport_introspection_cExport.cmake
[1.934s] -- Up-to-date: /home/yyh/ros2_ws/install/realsense2_camera_msgs/share/realsense2_camera_msgs/cmake/realsense2_camera_msgs__rosidl_typesupport_introspection_cExport-noconfig.cmake
[1.935s] -- Up-to-date: /home/yyh/ros2_ws/install/realsense2_camera_msgs/share/realsense2_camera_msgs/cmake/realsense2_camera_msgs__rosidl_typesupport_cExport.cmake
[1.935s] -- Up-to-date: /home/yyh/ros2_ws/install/realsense2_camera_msgs/share/realsense2_camera_msgs/cmake/realsense2_camera_msgs__rosidl_typesupport_cExport-noconfig.cmake
[1.936s] -- Up-to-date: /home/yyh/ros2_ws/install/realsense2_camera_msgs/share/realsense2_camera_msgs/cmake/realsense2_camera_msgs__rosidl_generator_cppExport.cmake
[1.937s] -- Up-to-date: /home/yyh/ros2_ws/install/realsense2_camera_msgs/share/realsense2_camera_msgs/cmake/realsense2_camera_msgs__rosidl_typesupport_introspection_cppExport.cmake
[1.937s] -- Up-to-date: /home/yyh/ros2_ws/install/realsense2_camera_msgs/share/realsense2_camera_msgs/cmake/realsense2_camera_msgs__rosidl_typesupport_introspection_cppExport-noconfig.cmake
[1.940s] -- Up-to-date: /home/yyh/ros2_ws/install/realsense2_camera_msgs/share/realsense2_camera_msgs/cmake/realsense2_camera_msgs__rosidl_typesupport_cppExport.cmake
[1.940s] -- Up-to-date: /home/yyh/ros2_ws/install/realsense2_camera_msgs/share/realsense2_camera_msgs/cmake/realsense2_camera_msgs__rosidl_typesupport_cppExport-noconfig.cmake
[1.940s] -- Up-to-date: /home/yyh/ros2_ws/install/realsense2_camera_msgs/share/realsense2_camera_msgs/cmake/rosidl_cmake-extras.cmake
[1.940s] -- Up-to-date: /home/yyh/ros2_ws/install/realsense2_camera_msgs/share/realsense2_camera_msgs/cmake/ament_cmake_export_dependencies-extras.cmake
[1.940s] -- Up-to-date: /home/yyh/ros2_ws/install/realsense2_camera_msgs/share/realsense2_camera_msgs/cmake/ament_cmake_export_libraries-extras.cmake
[1.941s] -- Up-to-date: /home/yyh/ros2_ws/install/realsense2_camera_msgs/share/realsense2_camera_msgs/cmake/ament_cmake_export_targets-extras.cmake
[1.941s] -- Up-to-date: /home/yyh/ros2_ws/install/realsense2_camera_msgs/share/realsense2_camera_msgs/cmake/ament_cmake_export_include_directories-extras.cmake
[1.941s] -- Up-to-date: /home/yyh/ros2_ws/install/realsense2_camera_msgs/share/realsense2_camera_msgs/cmake/rosidl_cmake_export_typesupport_libraries-extras.cmake
[1.941s] -- Up-to-date: /home/yyh/ros2_ws/install/realsense2_camera_msgs/share/realsense2_camera_msgs/cmake/rosidl_cmake_export_typesupport_targets-extras.cmake
[1.941s] -- Up-to-date: /home/yyh/ros2_ws/install/realsense2_camera_msgs/share/realsense2_camera_msgs/cmake/realsense2_camera_msgsConfig.cmake
[1.942s] -- Up-to-date: /home/yyh/ros2_ws/install/realsense2_camera_msgs/share/realsense2_camera_msgs/cmake/realsense2_camera_msgsConfig-version.cmake
[1.942s] -- Up-to-date: /home/yyh/ros2_ws/install/realsense2_camera_msgs/share/realsense2_camera_msgs/package.xml
[1.960s] Invoked command in '/home/yyh/ros2_ws/build/realsense2_camera_msgs' returned '0': CMAKE_PREFIX_PATH=${CMAKE_PREFIX_PATH}:/home/yyh/ros2_ws/install/yyh_object:/home/yyh/ros2_ws/install/yyh_nav:/home/yyh/ros2_ws/install/yyh_launch:/home/yyh/ros2_ws/install/yolov5_ros2:/opt/ros/foxy /usr/bin/cmake --install /home/yyh/ros2_ws/build/realsense2_camera_msgs
