/home/yyh/.local/lib/python3.8/site-packages/setuptools/_distutils/dist.py:261: UserWarning: Unknown distribution option: 'tests_require'
  warnings.warn(msg)
running develop
/home/yyh/.local/lib/python3.8/site-packages/setuptools/command/develop.py:41: EasyInstallDeprecationWarning: easy_install command is deprecated.
!!

        ********************************************************************************
        Please avoid running ``setup.py`` and ``easy_install``.
        Instead, use pypa/build, pypa/installer or other
        standards-based tools.

        See https://github.com/pypa/setuptools/issues/917 for details.
        ********************************************************************************

!!
  easy_install.initialize_options(self)
running egg_info
writing yolov5_ros2.egg-info/PKG-INFO
writing dependency_links to yolov5_ros2.egg-info/dependency_links.txt
writing entry points to yolov5_ros2.egg-info/entry_points.txt
writing requirements to yolov5_ros2.egg-info/requires.txt
writing top-level names to yolov5_ros2.egg-info/top_level.txt
writing manifest file 'yolov5_ros2.egg-info/SOURCES.txt'
running build_ext
Creating /home/yyh/ros2_ws/install/yolov5_ros2/lib/python3.8/site-packages/yolov5-ros2.egg-link (link to .)
Installing yolo_detect_2d script to /home/yyh/ros2_ws/install/yolov5_ros2/lib/yolov5_ros2

Installed /home/yyh/ros2_ws/build/yolov5_ros2
running symlink_data
