[0.600s] Invoking command in '/home/yyh/ros2_ws/build/realsense2_camera': AMENT_PREFIX_PATH=/home/yyh/ros2_ws/install/realsense2_camera_msgs CMAKE_PREFIX_PATH=/home/yyh/ros2_ws/install/realsense2_camera_msgs LD_LIBRARY_PATH=/home/yyh/ros2_ws/install/realsense2_camera_msgs/lib PYTHONPATH=/home/yyh/ros2_ws/install/realsense2_camera_msgs/lib/python3.8/site-packages /usr/bin/cmake --build /home/yyh/ros2_ws/build/realsense2_camera -- -j4 -l4
[0.945s] [ 12%] Built target realsense2_camera_node
[1.141s] [100%] Built target realsense2_camera
[1.208s] Invoked command in '/home/yyh/ros2_ws/build/realsense2_camera' returned '0': AMENT_PREFIX_PATH=/home/yyh/ros2_ws/install/realsense2_camera_msgs CMAKE_PREFIX_PATH=/home/yyh/ros2_ws/install/realsense2_camera_msgs LD_LIBRARY_PATH=/home/yyh/ros2_ws/install/realsense2_camera_msgs/lib PYTHONPATH=/home/yyh/ros2_ws/install/realsense2_camera_msgs/lib/python3.8/site-packages /usr/bin/cmake --build /home/yyh/ros2_ws/build/realsense2_camera -- -j4 -l4
[2.302s] Invoking command in '/home/yyh/ros2_ws/build/realsense2_camera': AMENT_PREFIX_PATH=/home/yyh/ros2_ws/install/realsense2_camera_msgs CMAKE_PREFIX_PATH=/home/yyh/ros2_ws/install/realsense2_camera_msgs LD_LIBRARY_PATH=/home/yyh/ros2_ws/install/realsense2_camera_msgs/lib PYTHONPATH=/home/yyh/ros2_ws/install/realsense2_camera_msgs/lib/python3.8/site-packages /usr/bin/cmake --install /home/yyh/ros2_ws/build/realsense2_camera
[2.336s] -- Install configuration: "Release"
[2.339s] -- Up-to-date: /home/yyh/ros2_ws/install/realsense2_camera/lib/realsense2_camera/realsense2_camera_node
[2.341s] -- Up-to-date: /home/yyh/ros2_ws/install/realsense2_camera/lib/librealsense2_camera.so
[2.342s] -- Up-to-date: /home/yyh/ros2_ws/install/realsense2_camera/include
[2.343s] -- Up-to-date: /home/yyh/ros2_ws/install/realsense2_camera/include/sensor_params.h
[2.345s] -- Up-to-date: /home/yyh/ros2_ws/install/realsense2_camera/include/named_filter.h
[2.345s] -- Up-to-date: /home/yyh/ros2_ws/install/realsense2_camera/include/realsense_node_factory.h
[2.346s] -- Up-to-date: /home/yyh/ros2_ws/install/realsense2_camera/include/profile_manager.h
[2.348s] -- Up-to-date: /home/yyh/ros2_ws/install/realsense2_camera/include/t265_realsense_node.h
[2.348s] -- Up-to-date: /home/yyh/ros2_ws/install/realsense2_camera/include/ros_utils.h
[2.348s] -- Up-to-date: /home/yyh/ros2_ws/install/realsense2_camera/include/base_realsense_node.h
[2.348s] -- Up-to-date: /home/yyh/ros2_ws/install/realsense2_camera/include/image_publisher.h
[2.348s] -- Up-to-date: /home/yyh/ros2_ws/install/realsense2_camera/include/ros_sensor.h
[2.348s] -- Up-to-date: /home/yyh/ros2_ws/install/realsense2_camera/include/dynamic_params.h
[2.351s] -- Up-to-date: /home/yyh/ros2_ws/install/realsense2_camera/include/constants.h
[2.353s] -- Up-to-date: /home/yyh/ros2_ws/install/realsense2_camera/include/ros_param_backend.h
[2.353s] -- Up-to-date: /home/yyh/ros2_ws/install/realsense2_camera/share/realsense2_camera/launch
[2.353s] -- Up-to-date: /home/yyh/ros2_ws/install/realsense2_camera/share/realsense2_camera/launch/rs_multi_camera_launch.py
[2.354s] -- Up-to-date: /home/yyh/ros2_ws/install/realsense2_camera/share/realsense2_camera/launch/rs_d400_and_t265_launch.py
[2.354s] -- Up-to-date: /home/yyh/ros2_ws/install/realsense2_camera/share/realsense2_camera/launch/rs_d435i_and_t265_launch.py
[2.365s] -- Up-to-date: /home/yyh/ros2_ws/install/realsense2_camera/share/realsense2_camera/launch/default.rviz
[2.365s] -- Up-to-date: /home/yyh/ros2_ws/install/realsense2_camera/share/realsense2_camera/launch/rs_intra_process_demo_launch.py
[2.365s] -- Up-to-date: /home/yyh/ros2_ws/install/realsense2_camera/share/realsense2_camera/launch/rs_launch.py
[2.367s] -- Up-to-date: /home/yyh/ros2_ws/install/realsense2_camera/share/realsense2_camera/environment/library_path.sh
[2.367s] -- Up-to-date: /home/yyh/ros2_ws/install/realsense2_camera/share/realsense2_camera/environment/library_path.dsv
[2.368s] -- Up-to-date: /home/yyh/ros2_ws/install/realsense2_camera/share/ament_index/resource_index/package_run_dependencies/realsense2_camera
[2.368s] -- Up-to-date: /home/yyh/ros2_ws/install/realsense2_camera/share/ament_index/resource_index/parent_prefix_path/realsense2_camera
[2.368s] -- Up-to-date: /home/yyh/ros2_ws/install/realsense2_camera/share/realsense2_camera/environment/ament_prefix_path.sh
[2.368s] -- Up-to-date: /home/yyh/ros2_ws/install/realsense2_camera/share/realsense2_camera/environment/ament_prefix_path.dsv
[2.368s] -- Up-to-date: /home/yyh/ros2_ws/install/realsense2_camera/share/realsense2_camera/environment/path.sh
[2.369s] -- Up-to-date: /home/yyh/ros2_ws/install/realsense2_camera/share/realsense2_camera/environment/path.dsv
[2.369s] -- Up-to-date: /home/yyh/ros2_ws/install/realsense2_camera/share/realsense2_camera/local_setup.bash
[2.369s] -- Up-to-date: /home/yyh/ros2_ws/install/realsense2_camera/share/realsense2_camera/local_setup.sh
[2.369s] -- Up-to-date: /home/yyh/ros2_ws/install/realsense2_camera/share/realsense2_camera/local_setup.zsh
[2.369s] -- Up-to-date: /home/yyh/ros2_ws/install/realsense2_camera/share/realsense2_camera/local_setup.dsv
[2.369s] -- Installing: /home/yyh/ros2_ws/install/realsense2_camera/share/realsense2_camera/package.dsv
[2.370s] -- Up-to-date: /home/yyh/ros2_ws/install/realsense2_camera/share/ament_index/resource_index/packages/realsense2_camera
[2.371s] -- Up-to-date: /home/yyh/ros2_ws/install/realsense2_camera/share/ament_index/resource_index/rclcpp_components/realsense2_camera
[2.371s] -- Up-to-date: /home/yyh/ros2_ws/install/realsense2_camera/share/realsense2_camera/cmake/ament_cmake_export_include_directories-extras.cmake
[2.371s] -- Up-to-date: /home/yyh/ros2_ws/install/realsense2_camera/share/realsense2_camera/cmake/ament_cmake_export_libraries-extras.cmake
[2.371s] -- Up-to-date: /home/yyh/ros2_ws/install/realsense2_camera/share/realsense2_camera/cmake/ament_cmake_export_dependencies-extras.cmake
[2.371s] -- Up-to-date: /home/yyh/ros2_ws/install/realsense2_camera/share/realsense2_camera/cmake/realsense2_cameraConfig.cmake
[2.371s] -- Up-to-date: /home/yyh/ros2_ws/install/realsense2_camera/share/realsense2_camera/cmake/realsense2_cameraConfig-version.cmake
[2.371s] -- Up-to-date: /home/yyh/ros2_ws/install/realsense2_camera/share/realsense2_camera/package.xml
[2.376s] Invoked command in '/home/yyh/ros2_ws/build/realsense2_camera' returned '0': AMENT_PREFIX_PATH=/home/yyh/ros2_ws/install/realsense2_camera_msgs CMAKE_PREFIX_PATH=/home/yyh/ros2_ws/install/realsense2_camera_msgs LD_LIBRARY_PATH=/home/yyh/ros2_ws/install/realsense2_camera_msgs/lib PYTHONPATH=/home/yyh/ros2_ws/install/realsense2_camera_msgs/lib/python3.8/site-packages /usr/bin/cmake --install /home/yyh/ros2_ws/build/realsense2_camera
