[0.019s] Invoking command in '/home/yyh/ros2_ws/build/learning_interface': /usr/bin/cmake /home/yyh/ros2_ws/src/learning_interface -DCMAKE_INSTALL_PREFIX=/home/yyh/ros2_ws/install/learning_interface
[0.706s] -- Found ament_cmake: 0.9.12 (/opt/ros/foxy/share/ament_cmake/cmake)
[0.706s] -- Using PYTHON_EXECUTABLE: /usr/bin/python3
[0.706s] -- Configuring incomplete, errors occurred!
[0.706s] See also "/home/yyh/ros2_ws/build/learning_interface/CMakeFiles/CMakeOutput.log".
[0.706s] Traceback (most recent call last):
[0.706s]   File "/opt/ros/foxy/share/ament_cmake_core/cmake/package_templates/templates_2_cmake.py", line 21, in <module>
[0.707s]     from ament_package.templates import get_environment_hook_template_path
[0.707s] ModuleNotFoundError: No module named 'ament_package'
[0.707s] CMake Error at /opt/ros/foxy/share/ament_cmake_core/cmake/ament_cmake_package_templates-extras.cmake:41 (message):
[0.707s]   execute_process(/usr/bin/python3
[0.707s]   /opt/ros/foxy/share/ament_cmake_core/cmake/package_templates/templates_2_cmake.py
[0.707s]   /home/yyh/ros2_ws/build/learning_interface/ament_cmake_package_templates/templates.cmake)
[0.707s]   returned error code 1
[0.707s] Call Stack (most recent call first):
[0.707s]   /opt/ros/foxy/share/ament_cmake_core/cmake/ament_cmake_coreConfig.cmake:41 (include)
[0.707s]   /opt/ros/foxy/share/ament_cmake/cmake/ament_cmake_export_dependencies-extras.cmake:15 (find_package)
[0.707s]   /opt/ros/foxy/share/ament_cmake/cmake/ament_cmakeConfig.cmake:41 (include)
[0.707s]   CMakeLists.txt:19 (find_package)
[0.707s] 
[0.707s] 
[0.708s] Invoked command in '/home/yyh/ros2_ws/build/learning_interface' returned '1': /usr/bin/cmake /home/yyh/ros2_ws/src/learning_interface -DCMAKE_INSTALL_PREFIX=/home/yyh/ros2_ws/install/learning_interface
