[1.330s] Invoking command in '/home/yyh/ros2_ws/src/yyh_object': PYTHONPATH=/home/yyh/ros2_ws/build/yyh_object/prefix_override:/usr/lib/python3/dist-packages/colcon_core/task/python/colcon_distutils_commands:/home/yyh/ros2_ws/install/yyh_object/lib/python3.8/site-packages: /usr/bin/python3 -W ignore:setup.py install is deprecated setup.py egg_info --egg-base ../../build/yyh_object build --build-base /home/yyh/ros2_ws/build/yyh_object/build install --record /home/yyh/ros2_ws/build/yyh_object/install.log --single-version-externally-managed install_data
[1.796s] running egg_info
[1.816s] writing ../../build/yyh_object/yyh_object.egg-info/PKG-INFO
[1.817s] writing dependency_links to ../../build/yyh_object/yyh_object.egg-info/dependency_links.txt
[1.817s] writing entry points to ../../build/yyh_object/yyh_object.egg-info/entry_points.txt
[1.818s] writing requirements to ../../build/yyh_object/yyh_object.egg-info/requires.txt
[1.818s] writing top-level names to ../../build/yyh_object/yyh_object.egg-info/top_level.txt
[5.364s] writing manifest file '../../build/yyh_object/yyh_object.egg-info/SOURCES.txt'
[5.364s] running build
[5.364s] running build_py
[5.364s] copying yyh_object/circle.py -> /home/yyh/ros2_ws/build/yyh_object/build/lib/yyh_object
[5.364s] copying yyh_object/utils_usb.py -> /home/yyh/ros2_ws/build/yyh_object/build/lib/yyh_object
[5.365s] running install
[5.369s] running install_lib
[5.377s] copying /home/yyh/ros2_ws/build/yyh_object/build/lib/yyh_object/circle.py -> /home/yyh/ros2_ws/install/yyh_object/lib/python3.8/site-packages/yyh_object
[5.377s] copying /home/yyh/ros2_ws/build/yyh_object/build/lib/yyh_object/utils_usb.py -> /home/yyh/ros2_ws/install/yyh_object/lib/python3.8/site-packages/yyh_object
[5.378s] byte-compiling /home/yyh/ros2_ws/install/yyh_object/lib/python3.8/site-packages/yyh_object/circle.py to circle.cpython-38.pyc
[5.379s] byte-compiling /home/yyh/ros2_ws/install/yyh_object/lib/python3.8/site-packages/yyh_object/utils_usb.py to utils_usb.cpython-38.pyc
[5.380s] running install_data
[5.380s] running install_egg_info
[5.391s] removing '/home/yyh/ros2_ws/install/yyh_object/lib/python3.8/site-packages/yyh_object-0.0.0-py3.8.egg-info' (and everything under it)
[5.391s] Copying ../../build/yyh_object/yyh_object.egg-info to /home/yyh/ros2_ws/install/yyh_object/lib/python3.8/site-packages/yyh_object-0.0.0-py3.8.egg-info
[5.391s] running install_scripts
[5.423s] Installing image script to /home/yyh/ros2_ws/install/yyh_object/lib/yyh_object
[5.423s] writing list of installed files to '/home/yyh/ros2_ws/build/yyh_object/install.log'
[5.459s] Invoked command in '/home/yyh/ros2_ws/src/yyh_object' returned '0': PYTHONPATH=/home/yyh/ros2_ws/build/yyh_object/prefix_override:/usr/lib/python3/dist-packages/colcon_core/task/python/colcon_distutils_commands:/home/yyh/ros2_ws/install/yyh_object/lib/python3.8/site-packages: /usr/bin/python3 -W ignore:setup.py install is deprecated setup.py egg_info --egg-base ../../build/yyh_object build --build-base /home/yyh/ros2_ws/build/yyh_object/build install --record /home/yyh/ros2_ws/build/yyh_object/install.log --single-version-externally-managed install_data
