[1.233s] Invoking command in '/home/yyh/ros2_ws/build/yyh_object': PYTHONPATH=/home/yyh/ros2_ws/build/yyh_object/prefix_override:/usr/lib/python3/dist-packages/colcon_core/task/python/colcon_distutils_commands:/home/yyh/ros2_ws/install/yyh_object/lib/python3.8/site-packages:${PYTHONPATH} /usr/bin/python3 -W ignore:setup.py install is deprecated setup.py develop --editable --build-directory /home/yyh/ros2_ws/build/yyh_object/build --no-deps symlink_data --force
[1.681s] running develop
[1.682s] /home/yyh/.local/lib/python3.8/site-packages/setuptools/command/easy_install.py:144: EasyInstallDeprecationWarning: easy_install command is deprecated. Use build and pip and other standards-based tools.
[1.682s]   warnings.warn(
[1.888s] running egg_info
[1.905s] writing yyh_object.egg-info/PKG-INFO
[1.905s] writing dependency_links to yyh_object.egg-info/dependency_links.txt
[1.905s] writing entry points to yyh_object.egg-info/entry_points.txt
[1.905s] writing requirements to yyh_object.egg-info/requires.txt
[1.905s] writing top-level names to yyh_object.egg-info/top_level.txt
[6.932s] writing manifest file 'yyh_object.egg-info/SOURCES.txt'
[7.020s] running build_ext
[7.020s] Creating /home/yyh/ros2_ws/install/yyh_object/lib/python3.8/site-packages/yyh-object.egg-link (link to .)
[7.021s] Installing image script to /home/yyh/ros2_ws/install/yyh_object/lib/yyh_object
[7.023s] 
[7.023s] Installed /home/yyh/ros2_ws/build/yyh_object
[7.023s] running symlink_data
[7.023s] symbolically linking /home/yyh/ros2_ws/build/yyh_object/resource/yyh_object -> /home/yyh/ros2_ws/install/yyh_object/share/ament_index/resource_index/packages
[7.023s] symbolically linking /home/yyh/ros2_ws/build/yyh_object/package.xml -> /home/yyh/ros2_ws/install/yyh_object/share/yyh_object
[7.023s] symbolically linking /home/yyh/ros2_ws/build/yyh_object/launch/image_launch.py -> /home/yyh/ros2_ws/install/yyh_object/share/yyh_object/launch
[7.023s] symbolically linking /home/yyh/ros2_ws/build/yyh_object/launch/usb_launch.py -> /home/yyh/ros2_ws/install/yyh_object/share/yyh_object/launch
[7.089s] Invoked command in '/home/yyh/ros2_ws/build/yyh_object' returned '0': PYTHONPATH=/home/yyh/ros2_ws/build/yyh_object/prefix_override:/usr/lib/python3/dist-packages/colcon_core/task/python/colcon_distutils_commands:/home/yyh/ros2_ws/install/yyh_object/lib/python3.8/site-packages:${PYTHONPATH} /usr/bin/python3 -W ignore:setup.py install is deprecated setup.py develop --editable --build-directory /home/yyh/ros2_ws/build/yyh_object/build --no-deps symlink_data --force
