[2.065s] Invoking command in '/home/yyh/ros2_ws/src/yyh_object': PYTHONPATH=/home/yyh/ros2_ws/build/yyh_object/prefix_override:/usr/lib/python3/dist-packages/colcon_core/task/python/colcon_distutils_commands:/home/yyh/ros2_ws/install/yyh_object/lib/python3.8/site-packages:${PYTHONPATH} /usr/bin/python3 -W ignore:setup.py install is deprecated setup.py egg_info --egg-base ../../build/yyh_object build --build-base /home/yyh/ros2_ws/build/yyh_object/build install --record /home/yyh/ros2_ws/build/yyh_object/install.log --single-version-externally-managed install_data
[2.583s] running egg_info
[2.594s] writing ../../build/yyh_object/yyh_object.egg-info/PKG-INFO
[2.595s] writing dependency_links to ../../build/yyh_object/yyh_object.egg-info/dependency_links.txt
[2.595s] writing entry points to ../../build/yyh_object/yyh_object.egg-info/entry_points.txt
[2.595s] writing requirements to ../../build/yyh_object/yyh_object.egg-info/requires.txt
[2.595s] writing top-level names to ../../build/yyh_object/yyh_object.egg-info/top_level.txt
[5.953s] writing manifest file '../../build/yyh_object/yyh_object.egg-info/SOURCES.txt'
[5.953s] running build
[5.953s] running build_py
[5.953s] copying yyh_object/image.py -> /home/yyh/ros2_ws/build/yyh_object/build/lib/yyh_object
[5.953s] running install
[5.958s] running install_lib
[5.968s] copying /home/yyh/ros2_ws/build/yyh_object/build/lib/yyh_object/image.py -> /home/yyh/ros2_ws/install/yyh_object/lib/python3.8/site-packages/yyh_object
[5.969s] byte-compiling /home/yyh/ros2_ws/install/yyh_object/lib/python3.8/site-packages/yyh_object/image.py to image.cpython-38.pyc
[5.970s] running install_data
[5.970s] running install_egg_info
[5.980s] removing '/home/yyh/ros2_ws/install/yyh_object/lib/python3.8/site-packages/yyh_object-0.0.0-py3.8.egg-info' (and everything under it)
[5.980s] Copying ../../build/yyh_object/yyh_object.egg-info to /home/yyh/ros2_ws/install/yyh_object/lib/python3.8/site-packages/yyh_object-0.0.0-py3.8.egg-info
[5.981s] running install_scripts
[6.022s] Installing image script to /home/yyh/ros2_ws/install/yyh_object/lib/yyh_object
[6.023s] writing list of installed files to '/home/yyh/ros2_ws/build/yyh_object/install.log'
[6.059s] Invoked command in '/home/yyh/ros2_ws/src/yyh_object' returned '0': PYTHONPATH=/home/yyh/ros2_ws/build/yyh_object/prefix_override:/usr/lib/python3/dist-packages/colcon_core/task/python/colcon_distutils_commands:/home/yyh/ros2_ws/install/yyh_object/lib/python3.8/site-packages:${PYTHONPATH} /usr/bin/python3 -W ignore:setup.py install is deprecated setup.py egg_info --egg-base ../../build/yyh_object build --build-base /home/yyh/ros2_ws/build/yyh_object/build install --record /home/yyh/ros2_ws/build/yyh_object/install.log --single-version-externally-managed install_data
