[0.118s] colcon DEBUG Command line arguments: ['/usr/bin/colcon', 'list', '-p', '--base-paths', '/home/yyh/fly']
[0.118s] colcon DEBUG Parsed command line arguments: Namespace(log_base=None, log_level=None, verb_name='list', build_base='build', ignore_user_meta=False, metas=['./colcon.meta'], base_paths=['/home/yyh/fly'], packages_ignore=None, packages_ignore_regex=None, paths=None, packages_up_to=None, packages_up_to_regex=None, packages_above=None, packages_above_and_dependencies=None, packages_above_depth=None, packages_select_by_dep=None, packages_skip_by_dep=None, packages_skip_up_to=None, packages_select_build_failed=False, packages_skip_build_finished=False, packages_select_test_failures=False, packages_skip_test_passed=False, packages_select=None, packages_skip=None, packages_select_regex=None, packages_skip_regex=None, packages_start=None, packages_end=None, allow_overriding=[], topological_order=False, names_only=False, paths_only=True, topological_graph=False, topological_graph_dot=False, topological_graph_density=False, topological_graph_legend=False, topological_graph_dot_cluster=False, topological_graph_dot_include_skipped=False, verb_parser=<colcon_defaults.argument_parser.defaults.DefaultArgumentsDecorator object at 0x7bbef1f2dc60>, verb_extension=<colcon_package_information.verb.list.ListVerb object at 0x7bbef20b2980>, main=<bound method ListVerb.main of <colcon_package_information.verb.list.ListVerb object at 0x7bbef20b2980>>)
[0.176s] colcon.colcon_core.package_discovery Level 1 discover_packages(colcon_meta) check parameters
[0.176s] colcon.colcon_core.package_discovery Level 1 discover_packages(recursive) check parameters
[0.176s] colcon.colcon_core.package_discovery Level 1 discover_packages(ignore) check parameters
[0.176s] colcon.colcon_core.package_discovery Level 1 discover_packages(path) check parameters
[0.176s] colcon.colcon_core.package_discovery Level 1 discover_packages(recursive) discover
[0.176s] colcon.colcon_core.package_discovery INFO Crawling recursively for packages in '/home/yyh/fly'
[0.176s] colcon.colcon_core.package_identification Level 1 _identify(/home/yyh/fly) by extensions ['ignore', 'ignore_ament_install']
[0.177s] colcon.colcon_core.package_identification Level 1 _identify(/home/yyh/fly) by extension 'ignore'
[0.177s] colcon.colcon_core.package_identification Level 1 _identify(/home/yyh/fly) by extension 'ignore_ament_install'
[0.177s] colcon.colcon_core.package_identification Level 1 _identify(/home/yyh/fly) by extensions ['colcon_pkg']
[0.177s] colcon.colcon_core.package_identification Level 1 _identify(/home/yyh/fly) by extension 'colcon_pkg'
[0.177s] colcon.colcon_core.package_identification Level 1 _identify(/home/yyh/fly) by extensions ['colcon_meta']
[0.177s] colcon.colcon_core.package_identification Level 1 _identify(/home/yyh/fly) by extension 'colcon_meta'
[0.177s] colcon.colcon_core.package_identification Level 1 _identify(/home/yyh/fly) by extensions ['ros']
[0.177s] colcon.colcon_core.package_identification Level 1 _identify(/home/yyh/fly) by extension 'ros'
[0.180s] colcon.colcon_core.package_identification Level 1 _identify(/home/yyh/fly) by extensions ['cmake', 'python']
[0.180s] colcon.colcon_core.package_identification Level 1 _identify(/home/yyh/fly) by extension 'cmake'
[0.181s] colcon.colcon_core.package_identification Level 1 _identify(/home/yyh/fly) by extension 'python'
[0.181s] colcon.colcon_core.package_identification Level 1 _identify(/home/yyh/fly) by extensions ['python_setup_py']
[0.181s] colcon.colcon_core.package_identification Level 1 _identify(/home/yyh/fly) by extension 'python_setup_py'
[0.181s] colcon.colcon_core.package_identification Level 1 _identify(/home/yyh/fly/__pycache__) by extensions ['ignore', 'ignore_ament_install']
[0.181s] colcon.colcon_core.package_identification Level 1 _identify(/home/yyh/fly/__pycache__) by extension 'ignore'
[0.181s] colcon.colcon_core.package_identification Level 1 _identify(/home/yyh/fly/__pycache__) by extension 'ignore_ament_install'
[0.181s] colcon.colcon_core.package_identification Level 1 _identify(/home/yyh/fly/__pycache__) by extensions ['colcon_pkg']
[0.181s] colcon.colcon_core.package_identification Level 1 _identify(/home/yyh/fly/__pycache__) by extension 'colcon_pkg'
[0.181s] colcon.colcon_core.package_identification Level 1 _identify(/home/yyh/fly/__pycache__) by extensions ['colcon_meta']
[0.181s] colcon.colcon_core.package_identification Level 1 _identify(/home/yyh/fly/__pycache__) by extension 'colcon_meta'
[0.181s] colcon.colcon_core.package_identification Level 1 _identify(/home/yyh/fly/__pycache__) by extensions ['ros']
[0.181s] colcon.colcon_core.package_identification Level 1 _identify(/home/yyh/fly/__pycache__) by extension 'ros'
[0.182s] colcon.colcon_core.package_identification Level 1 _identify(/home/yyh/fly/__pycache__) by extensions ['cmake', 'python']
[0.182s] colcon.colcon_core.package_identification Level 1 _identify(/home/yyh/fly/__pycache__) by extension 'cmake'
[0.182s] colcon.colcon_core.package_identification Level 1 _identify(/home/yyh/fly/__pycache__) by extension 'python'
[0.182s] colcon.colcon_core.package_identification Level 1 _identify(/home/yyh/fly/__pycache__) by extensions ['python_setup_py']
[0.182s] colcon.colcon_core.package_identification Level 1 _identify(/home/yyh/fly/__pycache__) by extension 'python_setup_py'
[0.182s] colcon.colcon_core.package_identification Level 1 _identify(/home/yyh/fly/build) by extensions ['ignore', 'ignore_ament_install']
[0.182s] colcon.colcon_core.package_identification Level 1 _identify(/home/yyh/fly/build) by extension 'ignore'
[0.182s] colcon.colcon_core.package_identification Level 1 _identify(/home/yyh/fly/build) ignored
[0.182s] colcon.colcon_core.package_identification Level 1 _identify(/home/yyh/fly/doc) by extensions ['ignore', 'ignore_ament_install']
[0.182s] colcon.colcon_core.package_identification Level 1 _identify(/home/yyh/fly/doc) by extension 'ignore'
[0.182s] colcon.colcon_core.package_identification Level 1 _identify(/home/yyh/fly/doc) by extension 'ignore_ament_install'
[0.182s] colcon.colcon_core.package_identification Level 1 _identify(/home/yyh/fly/doc) by extensions ['colcon_pkg']
[0.182s] colcon.colcon_core.package_identification Level 1 _identify(/home/yyh/fly/doc) by extension 'colcon_pkg'
[0.182s] colcon.colcon_core.package_identification Level 1 _identify(/home/yyh/fly/doc) by extensions ['colcon_meta']
[0.182s] colcon.colcon_core.package_identification Level 1 _identify(/home/yyh/fly/doc) by extension 'colcon_meta'
[0.183s] colcon.colcon_core.package_identification Level 1 _identify(/home/yyh/fly/doc) by extensions ['ros']
[0.183s] colcon.colcon_core.package_identification Level 1 _identify(/home/yyh/fly/doc) by extension 'ros'
[0.183s] colcon.colcon_core.package_identification Level 1 _identify(/home/yyh/fly/doc) by extensions ['cmake', 'python']
[0.183s] colcon.colcon_core.package_identification Level 1 _identify(/home/yyh/fly/doc) by extension 'cmake'
[0.183s] colcon.colcon_core.package_identification Level 1 _identify(/home/yyh/fly/doc) by extension 'python'
[0.183s] colcon.colcon_core.package_identification Level 1 _identify(/home/yyh/fly/doc) by extensions ['python_setup_py']
[0.183s] colcon.colcon_core.package_identification Level 1 _identify(/home/yyh/fly/doc) by extension 'python_setup_py'
[0.183s] colcon.colcon_core.package_identification Level 1 _identify(/home/yyh/fly/doc/build) by extensions ['ignore', 'ignore_ament_install']
[0.183s] colcon.colcon_core.package_identification Level 1 _identify(/home/yyh/fly/doc/build) by extension 'ignore'
[0.183s] colcon.colcon_core.package_identification Level 1 _identify(/home/yyh/fly/doc/build) ignored
[0.183s] colcon.colcon_core.package_identification Level 1 _identify(/home/yyh/fly/doc/install) by extensions ['ignore', 'ignore_ament_install']
[0.183s] colcon.colcon_core.package_identification Level 1 _identify(/home/yyh/fly/doc/install) by extension 'ignore'
[0.183s] colcon.colcon_core.package_identification Level 1 _identify(/home/yyh/fly/doc/install) ignored
[0.183s] colcon.colcon_core.package_identification Level 1 _identify(/home/yyh/fly/doc/log) by extensions ['ignore', 'ignore_ament_install']
[0.184s] colcon.colcon_core.package_identification Level 1 _identify(/home/yyh/fly/doc/log) by extension 'ignore'
[0.184s] colcon.colcon_core.package_identification Level 1 _identify(/home/yyh/fly/doc/log) ignored
[0.184s] colcon.colcon_core.package_identification Level 1 _identify(/home/yyh/fly/install) by extensions ['ignore', 'ignore_ament_install']
[0.184s] colcon.colcon_core.package_identification Level 1 _identify(/home/yyh/fly/install) by extension 'ignore'
[0.184s] colcon.colcon_core.package_identification Level 1 _identify(/home/yyh/fly/install) ignored
[0.184s] colcon.colcon_core.package_identification Level 1 _identify(/home/yyh/fly/launch) by extensions ['ignore', 'ignore_ament_install']
[0.184s] colcon.colcon_core.package_identification Level 1 _identify(/home/yyh/fly/launch) by extension 'ignore'
[0.184s] colcon.colcon_core.package_identification Level 1 _identify(/home/yyh/fly/launch) by extension 'ignore_ament_install'
[0.184s] colcon.colcon_core.package_identification Level 1 _identify(/home/yyh/fly/launch) by extensions ['colcon_pkg']
[0.184s] colcon.colcon_core.package_identification Level 1 _identify(/home/yyh/fly/launch) by extension 'colcon_pkg'
[0.184s] colcon.colcon_core.package_identification Level 1 _identify(/home/yyh/fly/launch) by extensions ['colcon_meta']
[0.184s] colcon.colcon_core.package_identification Level 1 _identify(/home/yyh/fly/launch) by extension 'colcon_meta'
[0.184s] colcon.colcon_core.package_identification Level 1 _identify(/home/yyh/fly/launch) by extensions ['ros']
[0.184s] colcon.colcon_core.package_identification Level 1 _identify(/home/yyh/fly/launch) by extension 'ros'
[0.185s] colcon.colcon_core.package_identification Level 1 _identify(/home/yyh/fly/launch) by extensions ['cmake', 'python']
[0.185s] colcon.colcon_core.package_identification Level 1 _identify(/home/yyh/fly/launch) by extension 'cmake'
[0.185s] colcon.colcon_core.package_identification Level 1 _identify(/home/yyh/fly/launch) by extension 'python'
[0.185s] colcon.colcon_core.package_identification Level 1 _identify(/home/yyh/fly/launch) by extensions ['python_setup_py']
[0.185s] colcon.colcon_core.package_identification Level 1 _identify(/home/yyh/fly/launch) by extension 'python_setup_py'
[0.185s] colcon.colcon_core.package_identification Level 1 _identify(/home/yyh/fly/launch/__pycache__) by extensions ['ignore', 'ignore_ament_install']
[0.185s] colcon.colcon_core.package_identification Level 1 _identify(/home/yyh/fly/launch/__pycache__) by extension 'ignore'
[0.185s] colcon.colcon_core.package_identification Level 1 _identify(/home/yyh/fly/launch/__pycache__) by extension 'ignore_ament_install'
[0.185s] colcon.colcon_core.package_identification Level 1 _identify(/home/yyh/fly/launch/__pycache__) by extensions ['colcon_pkg']
[0.185s] colcon.colcon_core.package_identification Level 1 _identify(/home/yyh/fly/launch/__pycache__) by extension 'colcon_pkg'
[0.185s] colcon.colcon_core.package_identification Level 1 _identify(/home/yyh/fly/launch/__pycache__) by extensions ['colcon_meta']
[0.185s] colcon.colcon_core.package_identification Level 1 _identify(/home/yyh/fly/launch/__pycache__) by extension 'colcon_meta'
[0.185s] colcon.colcon_core.package_identification Level 1 _identify(/home/yyh/fly/launch/__pycache__) by extensions ['ros']
[0.185s] colcon.colcon_core.package_identification Level 1 _identify(/home/yyh/fly/launch/__pycache__) by extension 'ros'
[0.185s] colcon.colcon_core.package_identification Level 1 _identify(/home/yyh/fly/launch/__pycache__) by extensions ['cmake', 'python']
[0.185s] colcon.colcon_core.package_identification Level 1 _identify(/home/yyh/fly/launch/__pycache__) by extension 'cmake'
[0.185s] colcon.colcon_core.package_identification Level 1 _identify(/home/yyh/fly/launch/__pycache__) by extension 'python'
[0.185s] colcon.colcon_core.package_identification Level 1 _identify(/home/yyh/fly/launch/__pycache__) by extensions ['python_setup_py']
[0.186s] colcon.colcon_core.package_identification Level 1 _identify(/home/yyh/fly/launch/__pycache__) by extension 'python_setup_py'
[0.186s] colcon.colcon_core.package_identification Level 1 _identify(/home/yyh/fly/launch/build) by extensions ['ignore', 'ignore_ament_install']
[0.186s] colcon.colcon_core.package_identification Level 1 _identify(/home/yyh/fly/launch/build) by extension 'ignore'
[0.186s] colcon.colcon_core.package_identification Level 1 _identify(/home/yyh/fly/launch/build) ignored
[0.186s] colcon.colcon_core.package_identification Level 1 _identify(/home/yyh/fly/launch/install) by extensions ['ignore', 'ignore_ament_install']
[0.186s] colcon.colcon_core.package_identification Level 1 _identify(/home/yyh/fly/launch/install) by extension 'ignore'
[0.186s] colcon.colcon_core.package_identification Level 1 _identify(/home/yyh/fly/launch/install) ignored
[0.186s] colcon.colcon_core.package_identification Level 1 _identify(/home/yyh/fly/launch/log) by extensions ['ignore', 'ignore_ament_install']
[0.186s] colcon.colcon_core.package_identification Level 1 _identify(/home/yyh/fly/launch/log) by extension 'ignore'
[0.186s] colcon.colcon_core.package_identification Level 1 _identify(/home/yyh/fly/launch/log) ignored
[0.187s] colcon.colcon_core.package_identification Level 1 _identify(/home/yyh/fly/log) by extensions ['ignore', 'ignore_ament_install']
[0.187s] colcon.colcon_core.package_identification Level 1 _identify(/home/yyh/fly/log) by extension 'ignore'
[0.187s] colcon.colcon_core.package_identification Level 1 _identify(/home/yyh/fly/log) ignored
[0.187s] colcon.colcon_core.package_identification Level 1 _identify(/home/yyh/fly/models) by extensions ['ignore', 'ignore_ament_install']
[0.187s] colcon.colcon_core.package_identification Level 1 _identify(/home/yyh/fly/models) by extension 'ignore'
[0.187s] colcon.colcon_core.package_identification Level 1 _identify(/home/yyh/fly/models) by extension 'ignore_ament_install'
[0.187s] colcon.colcon_core.package_identification Level 1 _identify(/home/yyh/fly/models) by extensions ['colcon_pkg']
[0.187s] colcon.colcon_core.package_identification Level 1 _identify(/home/yyh/fly/models) by extension 'colcon_pkg'
[0.187s] colcon.colcon_core.package_identification Level 1 _identify(/home/yyh/fly/models) by extensions ['colcon_meta']
[0.187s] colcon.colcon_core.package_identification Level 1 _identify(/home/yyh/fly/models) by extension 'colcon_meta'
[0.187s] colcon.colcon_core.package_identification Level 1 _identify(/home/yyh/fly/models) by extensions ['ros']
[0.187s] colcon.colcon_core.package_identification Level 1 _identify(/home/yyh/fly/models) by extension 'ros'
[0.187s] colcon.colcon_core.package_identification Level 1 _identify(/home/yyh/fly/models) by extensions ['cmake', 'python']
[0.187s] colcon.colcon_core.package_identification Level 1 _identify(/home/yyh/fly/models) by extension 'cmake'
[0.188s] colcon.colcon_core.package_identification Level 1 _identify(/home/yyh/fly/models) by extension 'python'
[0.188s] colcon.colcon_core.package_identification Level 1 _identify(/home/yyh/fly/models) by extensions ['python_setup_py']
[0.188s] colcon.colcon_core.package_identification Level 1 _identify(/home/yyh/fly/models) by extension 'python_setup_py'
[0.188s] colcon.colcon_core.package_identification Level 1 _identify(/home/yyh/fly/src) by extensions ['ignore', 'ignore_ament_install']
[0.188s] colcon.colcon_core.package_identification Level 1 _identify(/home/yyh/fly/src) by extension 'ignore'
[0.188s] colcon.colcon_core.package_identification Level 1 _identify(/home/yyh/fly/src) by extension 'ignore_ament_install'
[0.188s] colcon.colcon_core.package_identification Level 1 _identify(/home/yyh/fly/src) by extensions ['colcon_pkg']
[0.188s] colcon.colcon_core.package_identification Level 1 _identify(/home/yyh/fly/src) by extension 'colcon_pkg'
[0.188s] colcon.colcon_core.package_identification Level 1 _identify(/home/yyh/fly/src) by extensions ['colcon_meta']
[0.188s] colcon.colcon_core.package_identification Level 1 _identify(/home/yyh/fly/src) by extension 'colcon_meta'
[0.188s] colcon.colcon_core.package_identification Level 1 _identify(/home/yyh/fly/src) by extensions ['ros']
[0.188s] colcon.colcon_core.package_identification Level 1 _identify(/home/yyh/fly/src) by extension 'ros'
[0.188s] colcon.colcon_core.package_identification Level 1 _identify(/home/yyh/fly/src) by extensions ['cmake', 'python']
[0.188s] colcon.colcon_core.package_identification Level 1 _identify(/home/yyh/fly/src) by extension 'cmake'
[0.188s] colcon.colcon_core.package_identification Level 1 _identify(/home/yyh/fly/src) by extension 'python'
[0.188s] colcon.colcon_core.package_identification Level 1 _identify(/home/yyh/fly/src) by extensions ['python_setup_py']
[0.188s] colcon.colcon_core.package_identification Level 1 _identify(/home/yyh/fly/src) by extension 'python_setup_py'
[0.188s] colcon.colcon_core.package_identification Level 1 _identify(/home/yyh/fly/src/learning_interface) by extensions ['ignore', 'ignore_ament_install']
[0.189s] colcon.colcon_core.package_identification Level 1 _identify(/home/yyh/fly/src/learning_interface) by extension 'ignore'
[0.189s] colcon.colcon_core.package_identification Level 1 _identify(/home/yyh/fly/src/learning_interface) by extension 'ignore_ament_install'
[0.189s] colcon.colcon_core.package_identification Level 1 _identify(/home/yyh/fly/src/learning_interface) by extensions ['colcon_pkg']
[0.189s] colcon.colcon_core.package_identification Level 1 _identify(/home/yyh/fly/src/learning_interface) by extension 'colcon_pkg'
[0.189s] colcon.colcon_core.package_identification Level 1 _identify(/home/yyh/fly/src/learning_interface) by extensions ['colcon_meta']
[0.189s] colcon.colcon_core.package_identification Level 1 _identify(/home/yyh/fly/src/learning_interface) by extension 'colcon_meta'
[0.189s] colcon.colcon_core.package_identification Level 1 _identify(/home/yyh/fly/src/learning_interface) by extensions ['ros']
[0.189s] colcon.colcon_core.package_identification Level 1 _identify(/home/yyh/fly/src/learning_interface) by extension 'ros'
[0.191s] colcon.colcon_core.package_identification DEBUG Package '/home/yyh/fly/src/learning_interface' with type 'ros.ament_cmake' and name 'learning_interface'
[0.191s] colcon.colcon_core.package_identification Level 1 _identify(/home/yyh/fly/src/realsense-ros-4.51.1) by extensions ['ignore', 'ignore_ament_install']
[0.191s] colcon.colcon_core.package_identification Level 1 _identify(/home/yyh/fly/src/realsense-ros-4.51.1) by extension 'ignore'
[0.192s] colcon.colcon_core.package_identification Level 1 _identify(/home/yyh/fly/src/realsense-ros-4.51.1) by extension 'ignore_ament_install'
[0.192s] colcon.colcon_core.package_identification Level 1 _identify(/home/yyh/fly/src/realsense-ros-4.51.1) by extensions ['colcon_pkg']
[0.192s] colcon.colcon_core.package_identification Level 1 _identify(/home/yyh/fly/src/realsense-ros-4.51.1) by extension 'colcon_pkg'
[0.192s] colcon.colcon_core.package_identification Level 1 _identify(/home/yyh/fly/src/realsense-ros-4.51.1) by extensions ['colcon_meta']
[0.192s] colcon.colcon_core.package_identification Level 1 _identify(/home/yyh/fly/src/realsense-ros-4.51.1) by extension 'colcon_meta'
[0.192s] colcon.colcon_core.package_identification Level 1 _identify(/home/yyh/fly/src/realsense-ros-4.51.1) by extensions ['ros']
[0.192s] colcon.colcon_core.package_identification Level 1 _identify(/home/yyh/fly/src/realsense-ros-4.51.1) by extension 'ros'
[0.192s] colcon.colcon_core.package_identification Level 1 _identify(/home/yyh/fly/src/realsense-ros-4.51.1) by extensions ['cmake', 'python']
[0.192s] colcon.colcon_core.package_identification Level 1 _identify(/home/yyh/fly/src/realsense-ros-4.51.1) by extension 'cmake'
[0.192s] colcon.colcon_core.package_identification Level 1 _identify(/home/yyh/fly/src/realsense-ros-4.51.1) by extension 'python'
[0.192s] colcon.colcon_core.package_identification Level 1 _identify(/home/yyh/fly/src/realsense-ros-4.51.1) by extensions ['python_setup_py']
[0.192s] colcon.colcon_core.package_identification Level 1 _identify(/home/yyh/fly/src/realsense-ros-4.51.1) by extension 'python_setup_py'
[0.192s] colcon.colcon_core.package_identification Level 1 _identify(/home/yyh/fly/src/realsense-ros-4.51.1/realsense2_camera) by extensions ['ignore', 'ignore_ament_install']
[0.192s] colcon.colcon_core.package_identification Level 1 _identify(/home/yyh/fly/src/realsense-ros-4.51.1/realsense2_camera) by extension 'ignore'
[0.192s] colcon.colcon_core.package_identification Level 1 _identify(/home/yyh/fly/src/realsense-ros-4.51.1/realsense2_camera) by extension 'ignore_ament_install'
[0.192s] colcon.colcon_core.package_identification Level 1 _identify(/home/yyh/fly/src/realsense-ros-4.51.1/realsense2_camera) by extensions ['colcon_pkg']
[0.192s] colcon.colcon_core.package_identification Level 1 _identify(/home/yyh/fly/src/realsense-ros-4.51.1/realsense2_camera) by extension 'colcon_pkg'
[0.192s] colcon.colcon_core.package_identification Level 1 _identify(/home/yyh/fly/src/realsense-ros-4.51.1/realsense2_camera) by extensions ['colcon_meta']
[0.193s] colcon.colcon_core.package_identification Level 1 _identify(/home/yyh/fly/src/realsense-ros-4.51.1/realsense2_camera) by extension 'colcon_meta'
[0.193s] colcon.colcon_core.package_identification Level 1 _identify(/home/yyh/fly/src/realsense-ros-4.51.1/realsense2_camera) by extensions ['ros']
[0.193s] colcon.colcon_core.package_identification Level 1 _identify(/home/yyh/fly/src/realsense-ros-4.51.1/realsense2_camera) by extension 'ros'
[0.194s] colcon.colcon_core.package_identification DEBUG Package '/home/yyh/fly/src/realsense-ros-4.51.1/realsense2_camera' with type 'ros.ament_cmake' and name 'realsense2_camera'
[0.195s] colcon.colcon_core.package_identification Level 1 _identify(/home/yyh/fly/src/realsense-ros-4.51.1/realsense2_camera_msgs) by extensions ['ignore', 'ignore_ament_install']
[0.195s] colcon.colcon_core.package_identification Level 1 _identify(/home/yyh/fly/src/realsense-ros-4.51.1/realsense2_camera_msgs) by extension 'ignore'
[0.195s] colcon.colcon_core.package_identification Level 1 _identify(/home/yyh/fly/src/realsense-ros-4.51.1/realsense2_camera_msgs) by extension 'ignore_ament_install'
[0.195s] colcon.colcon_core.package_identification Level 1 _identify(/home/yyh/fly/src/realsense-ros-4.51.1/realsense2_camera_msgs) by extensions ['colcon_pkg']
[0.195s] colcon.colcon_core.package_identification Level 1 _identify(/home/yyh/fly/src/realsense-ros-4.51.1/realsense2_camera_msgs) by extension 'colcon_pkg'
[0.195s] colcon.colcon_core.package_identification Level 1 _identify(/home/yyh/fly/src/realsense-ros-4.51.1/realsense2_camera_msgs) by extensions ['colcon_meta']
[0.195s] colcon.colcon_core.package_identification Level 1 _identify(/home/yyh/fly/src/realsense-ros-4.51.1/realsense2_camera_msgs) by extension 'colcon_meta'
[0.195s] colcon.colcon_core.package_identification Level 1 _identify(/home/yyh/fly/src/realsense-ros-4.51.1/realsense2_camera_msgs) by extensions ['ros']
[0.195s] colcon.colcon_core.package_identification Level 1 _identify(/home/yyh/fly/src/realsense-ros-4.51.1/realsense2_camera_msgs) by extension 'ros'
[0.196s] colcon.colcon_core.package_identification DEBUG Package '/home/yyh/fly/src/realsense-ros-4.51.1/realsense2_camera_msgs' with type 'ros.ament_cmake' and name 'realsense2_camera_msgs'
[0.196s] colcon.colcon_core.package_identification Level 1 _identify(/home/yyh/fly/src/realsense-ros-4.51.1/realsense2_description) by extensions ['ignore', 'ignore_ament_install']
[0.196s] colcon.colcon_core.package_identification Level 1 _identify(/home/yyh/fly/src/realsense-ros-4.51.1/realsense2_description) by extension 'ignore'
[0.196s] colcon.colcon_core.package_identification Level 1 _identify(/home/yyh/fly/src/realsense-ros-4.51.1/realsense2_description) by extension 'ignore_ament_install'
[0.196s] colcon.colcon_core.package_identification Level 1 _identify(/home/yyh/fly/src/realsense-ros-4.51.1/realsense2_description) by extensions ['colcon_pkg']
[0.196s] colcon.colcon_core.package_identification Level 1 _identify(/home/yyh/fly/src/realsense-ros-4.51.1/realsense2_description) by extension 'colcon_pkg'
[0.196s] colcon.colcon_core.package_identification Level 1 _identify(/home/yyh/fly/src/realsense-ros-4.51.1/realsense2_description) by extensions ['colcon_meta']
[0.196s] colcon.colcon_core.package_identification Level 1 _identify(/home/yyh/fly/src/realsense-ros-4.51.1/realsense2_description) by extension 'colcon_meta'
[0.196s] colcon.colcon_core.package_identification Level 1 _identify(/home/yyh/fly/src/realsense-ros-4.51.1/realsense2_description) by extensions ['ros']
[0.196s] colcon.colcon_core.package_identification Level 1 _identify(/home/yyh/fly/src/realsense-ros-4.51.1/realsense2_description) by extension 'ros'
[0.197s] colcon.colcon_core.package_identification DEBUG Package '/home/yyh/fly/src/realsense-ros-4.51.1/realsense2_description' with type 'ros.ament_cmake' and name 'realsense2_description'
[0.197s] colcon.colcon_core.package_identification Level 1 _identify(/home/yyh/fly/src/realsense-ros-4.51.1/scripts) by extensions ['ignore', 'ignore_ament_install']
[0.197s] colcon.colcon_core.package_identification Level 1 _identify(/home/yyh/fly/src/realsense-ros-4.51.1/scripts) by extension 'ignore'
[0.197s] colcon.colcon_core.package_identification Level 1 _identify(/home/yyh/fly/src/realsense-ros-4.51.1/scripts) by extension 'ignore_ament_install'
[0.197s] colcon.colcon_core.package_identification Level 1 _identify(/home/yyh/fly/src/realsense-ros-4.51.1/scripts) by extensions ['colcon_pkg']
[0.197s] colcon.colcon_core.package_identification Level 1 _identify(/home/yyh/fly/src/realsense-ros-4.51.1/scripts) by extension 'colcon_pkg'
[0.197s] colcon.colcon_core.package_identification Level 1 _identify(/home/yyh/fly/src/realsense-ros-4.51.1/scripts) by extensions ['colcon_meta']
[0.197s] colcon.colcon_core.package_identification Level 1 _identify(/home/yyh/fly/src/realsense-ros-4.51.1/scripts) by extension 'colcon_meta'
[0.198s] colcon.colcon_core.package_identification Level 1 _identify(/home/yyh/fly/src/realsense-ros-4.51.1/scripts) by extensions ['ros']
[0.198s] colcon.colcon_core.package_identification Level 1 _identify(/home/yyh/fly/src/realsense-ros-4.51.1/scripts) by extension 'ros'
[0.198s] colcon.colcon_core.package_identification Level 1 _identify(/home/yyh/fly/src/realsense-ros-4.51.1/scripts) by extensions ['cmake', 'python']
[0.198s] colcon.colcon_core.package_identification Level 1 _identify(/home/yyh/fly/src/realsense-ros-4.51.1/scripts) by extension 'cmake'
[0.198s] colcon.colcon_core.package_identification Level 1 _identify(/home/yyh/fly/src/realsense-ros-4.51.1/scripts) by extension 'python'
[0.198s] colcon.colcon_core.package_identification Level 1 _identify(/home/yyh/fly/src/realsense-ros-4.51.1/scripts) by extensions ['python_setup_py']
[0.198s] colcon.colcon_core.package_identification Level 1 _identify(/home/yyh/fly/src/realsense-ros-4.51.1/scripts) by extension 'python_setup_py'
[0.198s] colcon.colcon_core.package_identification Level 1 _identify(/home/yyh/fly/src/yyh_nav) by extensions ['ignore', 'ignore_ament_install']
[0.198s] colcon.colcon_core.package_identification Level 1 _identify(/home/yyh/fly/src/yyh_nav) by extension 'ignore'
[0.198s] colcon.colcon_core.package_identification Level 1 _identify(/home/yyh/fly/src/yyh_nav) by extension 'ignore_ament_install'
[0.198s] colcon.colcon_core.package_identification Level 1 _identify(/home/yyh/fly/src/yyh_nav) by extensions ['colcon_pkg']
[0.198s] colcon.colcon_core.package_identification Level 1 _identify(/home/yyh/fly/src/yyh_nav) by extension 'colcon_pkg'
[0.198s] colcon.colcon_core.package_identification Level 1 _identify(/home/yyh/fly/src/yyh_nav) by extensions ['colcon_meta']
[0.198s] colcon.colcon_core.package_identification Level 1 _identify(/home/yyh/fly/src/yyh_nav) by extension 'colcon_meta'
[0.198s] colcon.colcon_core.package_identification Level 1 _identify(/home/yyh/fly/src/yyh_nav) by extensions ['ros']
[0.198s] colcon.colcon_core.package_identification Level 1 _identify(/home/yyh/fly/src/yyh_nav) by extension 'ros'
[0.199s] colcon.colcon_core.package_identification DEBUG Package '/home/yyh/fly/src/yyh_nav' with type 'ros.ament_python' and name 'yyh_nav'
[0.199s] colcon.colcon_core.package_identification Level 1 _identify(/home/yyh/fly/src/yyh_object) by extensions ['ignore', 'ignore_ament_install']
[0.199s] colcon.colcon_core.package_identification Level 1 _identify(/home/yyh/fly/src/yyh_object) by extension 'ignore'
[0.199s] colcon.colcon_core.package_identification Level 1 _identify(/home/yyh/fly/src/yyh_object) by extension 'ignore_ament_install'
[0.199s] colcon.colcon_core.package_identification Level 1 _identify(/home/yyh/fly/src/yyh_object) by extensions ['colcon_pkg']
[0.199s] colcon.colcon_core.package_identification Level 1 _identify(/home/yyh/fly/src/yyh_object) by extension 'colcon_pkg'
[0.199s] colcon.colcon_core.package_identification Level 1 _identify(/home/yyh/fly/src/yyh_object) by extensions ['colcon_meta']
[0.199s] colcon.colcon_core.package_identification Level 1 _identify(/home/yyh/fly/src/yyh_object) by extension 'colcon_meta'
[0.199s] colcon.colcon_core.package_identification Level 1 _identify(/home/yyh/fly/src/yyh_object) by extensions ['ros']
[0.199s] colcon.colcon_core.package_identification Level 1 _identify(/home/yyh/fly/src/yyh_object) by extension 'ros'
[0.200s] colcon.colcon_core.package_identification DEBUG Package '/home/yyh/fly/src/yyh_object' with type 'ros.ament_python' and name 'yyh_object'
[0.200s] colcon.colcon_core.package_identification Level 1 _identify(/home/yyh/fly/test) by extensions ['ignore', 'ignore_ament_install']
[0.200s] colcon.colcon_core.package_identification Level 1 _identify(/home/yyh/fly/test) by extension 'ignore'
[0.200s] colcon.colcon_core.package_identification Level 1 _identify(/home/yyh/fly/test) by extension 'ignore_ament_install'
[0.200s] colcon.colcon_core.package_identification Level 1 _identify(/home/yyh/fly/test) by extensions ['colcon_pkg']
[0.200s] colcon.colcon_core.package_identification Level 1 _identify(/home/yyh/fly/test) by extension 'colcon_pkg'
[0.200s] colcon.colcon_core.package_identification Level 1 _identify(/home/yyh/fly/test) by extensions ['colcon_meta']
[0.201s] colcon.colcon_core.package_identification Level 1 _identify(/home/yyh/fly/test) by extension 'colcon_meta'
[0.201s] colcon.colcon_core.package_identification Level 1 _identify(/home/yyh/fly/test) by extensions ['ros']
[0.201s] colcon.colcon_core.package_identification Level 1 _identify(/home/yyh/fly/test) by extension 'ros'
[0.201s] colcon.colcon_core.package_identification Level 1 _identify(/home/yyh/fly/test) by extensions ['cmake', 'python']
[0.201s] colcon.colcon_core.package_identification Level 1 _identify(/home/yyh/fly/test) by extension 'cmake'
[0.201s] colcon.colcon_core.package_identification Level 1 _identify(/home/yyh/fly/test) by extension 'python'
[0.201s] colcon.colcon_core.package_identification Level 1 _identify(/home/yyh/fly/test) by extensions ['python_setup_py']
[0.201s] colcon.colcon_core.package_identification Level 1 _identify(/home/yyh/fly/test) by extension 'python_setup_py'
[0.201s] colcon.colcon_core.package_identification Level 1 _identify(/home/yyh/fly/txt) by extensions ['ignore', 'ignore_ament_install']
[0.201s] colcon.colcon_core.package_identification Level 1 _identify(/home/yyh/fly/txt) by extension 'ignore'
[0.201s] colcon.colcon_core.package_identification Level 1 _identify(/home/yyh/fly/txt) by extension 'ignore_ament_install'
[0.201s] colcon.colcon_core.package_identification Level 1 _identify(/home/yyh/fly/txt) by extensions ['colcon_pkg']
[0.201s] colcon.colcon_core.package_identification Level 1 _identify(/home/yyh/fly/txt) by extension 'colcon_pkg'
[0.201s] colcon.colcon_core.package_identification Level 1 _identify(/home/yyh/fly/txt) by extensions ['colcon_meta']
[0.201s] colcon.colcon_core.package_identification Level 1 _identify(/home/yyh/fly/txt) by extension 'colcon_meta'
[0.201s] colcon.colcon_core.package_identification Level 1 _identify(/home/yyh/fly/txt) by extensions ['ros']
[0.201s] colcon.colcon_core.package_identification Level 1 _identify(/home/yyh/fly/txt) by extension 'ros'
[0.201s] colcon.colcon_core.package_identification Level 1 _identify(/home/yyh/fly/txt) by extensions ['cmake', 'python']
[0.201s] colcon.colcon_core.package_identification Level 1 _identify(/home/yyh/fly/txt) by extension 'cmake'
[0.202s] colcon.colcon_core.package_identification Level 1 _identify(/home/yyh/fly/txt) by extension 'python'
[0.202s] colcon.colcon_core.package_identification Level 1 _identify(/home/yyh/fly/txt) by extensions ['python_setup_py']
[0.202s] colcon.colcon_core.package_identification Level 1 _identify(/home/yyh/fly/txt) by extension 'python_setup_py'
[0.202s] colcon.colcon_core.package_discovery Level 1 discover_packages(recursive) using defaults
