[1.886s] Invoking command in '/home/yyh/ros2_ws/build/yyh_nav': PYTHONPATH=/home/yyh/ros2_ws/build/yyh_nav/prefix_override:/usr/lib/python3/dist-packages/colcon_core/task/python/colcon_distutils_commands:/home/yyh/ros2_ws/install/yyh_nav/lib/python3.8/site-packages:${PYTHONPATH} /usr/bin/python3 -W ignore:setup.py install is deprecated setup.py develop --editable --build-directory /home/yyh/ros2_ws/build/yyh_nav/build --no-deps symlink_data --force
[2.510s] running develop
[2.510s] /home/yyh/.local/lib/python3.8/site-packages/setuptools/command/easy_install.py:144: EasyInstallDeprecationWarning: easy_install command is deprecated. Use build and pip and other standards-based tools.
[2.510s]   warnings.warn(
[2.814s] running egg_info
[2.834s] writing yyh_nav.egg-info/PKG-INFO
[2.834s] writing dependency_links to yyh_nav.egg-info/dependency_links.txt
[2.835s] writing entry points to yyh_nav.egg-info/entry_points.txt
[2.835s] writing requirements to yyh_nav.egg-info/requires.txt
[2.835s] writing top-level names to yyh_nav.egg-info/top_level.txt
[10.161s] writing manifest file 'yyh_nav.egg-info/SOURCES.txt'
[10.228s] running build_ext
[10.228s] Creating /home/yyh/ros2_ws/install/yyh_nav/lib/python3.8/site-packages/yyh-nav.egg-link (link to .)
[10.229s] Installing t265_pose_test script to /home/yyh/ros2_ws/install/yyh_nav/lib/yyh_nav
[10.229s] Installing tft265 script to /home/yyh/ros2_ws/install/yyh_nav/lib/yyh_nav
[10.229s] 
[10.229s] Installed /home/yyh/ros2_ws/build/yyh_nav
[10.229s] running symlink_data
[10.229s] symbolically linking /home/yyh/ros2_ws/build/yyh_nav/resource/yyh_nav -> /home/yyh/ros2_ws/install/yyh_nav/share/ament_index/resource_index/packages
[10.230s] symbolically linking /home/yyh/ros2_ws/build/yyh_nav/package.xml -> /home/yyh/ros2_ws/install/yyh_nav/share/yyh_nav
[10.230s] symbolically linking /home/yyh/ros2_ws/build/yyh_nav/launch/tf_launch.py -> /home/yyh/ros2_ws/install/yyh_nav/share/yyh_nav/launch
[10.330s] Invoked command in '/home/yyh/ros2_ws/build/yyh_nav' returned '0': PYTHONPATH=/home/yyh/ros2_ws/build/yyh_nav/prefix_override:/usr/lib/python3/dist-packages/colcon_core/task/python/colcon_distutils_commands:/home/yyh/ros2_ws/install/yyh_nav/lib/python3.8/site-packages:${PYTHONPATH} /usr/bin/python3 -W ignore:setup.py install is deprecated setup.py develop --editable --build-directory /home/yyh/ros2_ws/build/yyh_nav/build --no-deps symlink_data --force
