[0.028s] Invoking command in '/home/yyh/ros2_ws/build/realsense2_camera': AMENT_PREFIX_PATH=/home/yyh/ros2_ws/install/realsense2_camera_msgs:${AMENT_PREFIX_PATH} CMAKE_PREFIX_PATH=/home/yyh/ros2_ws/install/realsense2_camera_msgs:/opt/ros/foxy LD_LIBRARY_PATH=/home/yyh/ros2_ws/install/realsense2_camera_msgs/lib:${LD_LIBRARY_PATH} PYTHONPATH=/home/yyh/ros2_ws/install/realsense2_camera_msgs/lib/python3.8/site-packages:${PYTHONPATH} /usr/bin/cmake /home/yyh/ros2_ws/src/realsense-ros-4.51.1/realsense2_camera -DAMENT_CMAKE_SYMLINK_INSTALL=1 -DCMAKE_INSTALL_PREFIX=/home/yyh/ros2_ws/install/realsense2_camera
[0.046s] -- Create Release Build.
[0.047s] -- Found ament_cmake: 0.9.12 (/opt/ros/foxy/share/ament_cmake/cmake)
[0.070s] -- Using PYTHON_EXECUTABLE: /usr/bin/python3
[0.319s] -- Override CMake install command with custom implementation using symlinks instead of copying resources
[0.327s] -- Found builtin_interfaces: 1.0.0 (/opt/ros/foxy/share/builtin_interfaces/cmake)
[0.349s] -- Using all available rosidl_typesupport_c: rosidl_typesupport_fastrtps_c;rosidl_typesupport_introspection_c
[0.353s] -- Found rosidl_adapter: 1.3.1 (/opt/ros/foxy/share/rosidl_adapter/cmake)
[0.483s] -- Using all available rosidl_typesupport_cpp: rosidl_typesupport_fastrtps_cpp;rosidl_typesupport_introspection_cpp
[0.509s] -- Found cv_bridge: 3.0.7 (/opt/ros/foxy/share/cv_bridge/cmake)
[0.725s] -- Found image_transport: 2.4.0 (/opt/ros/foxy/share/image_transport/cmake)
[0.791s] -- Found rmw_implementation_cmake: 1.0.4 (/opt/ros/foxy/share/rmw_implementation_cmake/cmake)
[0.794s] -- Using RMW implementation 'rmw_fastrtps_cpp' as default
[1.055s] -- Found rclcpp_components: 2.4.3 (/opt/ros/foxy/share/rclcpp_components/cmake)
[1.104s] -- Found realsense2_camera_msgs: 4.51.1 (/home/yyh/ros2_ws/install/realsense2_camera_msgs/share/realsense2_camera_msgs/cmake)
[1.135s] -- Found nav_msgs: 2.0.5 (/opt/ros/foxy/share/nav_msgs/cmake)
[1.202s] -- Found tf2_ros: 0.13.14 (/opt/ros/foxy/share/tf2_ros/cmake)
[1.524s] -- Found diagnostic_updater: 3.1.2 (/opt/ros/foxy/share/diagnostic_updater/cmake)
[1.599s] -- Build for ROS2 Foxy
[1.695s] -- Configuring done
[1.753s] -- Generating done
[1.756s] -- Build files have been written to: /home/yyh/ros2_ws/build/realsense2_camera
[1.769s] Invoked command in '/home/yyh/ros2_ws/build/realsense2_camera' returned '0': AMENT_PREFIX_PATH=/home/yyh/ros2_ws/install/realsense2_camera_msgs:${AMENT_PREFIX_PATH} CMAKE_PREFIX_PATH=/home/yyh/ros2_ws/install/realsense2_camera_msgs:/opt/ros/foxy LD_LIBRARY_PATH=/home/yyh/ros2_ws/install/realsense2_camera_msgs/lib:${LD_LIBRARY_PATH} PYTHONPATH=/home/yyh/ros2_ws/install/realsense2_camera_msgs/lib/python3.8/site-packages:${PYTHONPATH} /usr/bin/cmake /home/yyh/ros2_ws/src/realsense-ros-4.51.1/realsense2_camera -DAMENT_CMAKE_SYMLINK_INSTALL=1 -DCMAKE_INSTALL_PREFIX=/home/yyh/ros2_ws/install/realsense2_camera
[1.770s] Invoking command in '/home/yyh/ros2_ws/build/realsense2_camera': AMENT_PREFIX_PATH=/home/yyh/ros2_ws/install/realsense2_camera_msgs:${AMENT_PREFIX_PATH} CMAKE_PREFIX_PATH=/home/yyh/ros2_ws/install/realsense2_camera_msgs:/opt/ros/foxy LD_LIBRARY_PATH=/home/yyh/ros2_ws/install/realsense2_camera_msgs/lib:${LD_LIBRARY_PATH} PYTHONPATH=/home/yyh/ros2_ws/install/realsense2_camera_msgs/lib/python3.8/site-packages:${PYTHONPATH} /usr/bin/cmake --build /home/yyh/ros2_ws/build/realsense2_camera -- -j4 -l4
[1.851s] [  6%] [32m[1mLinking CXX executable realsense2_camera_node[0m
[1.895s] [ 12%] [32m[1mLinking CXX shared library librealsense2_camera.so[0m
[2.019s] [ 18%] Built target realsense2_camera_node
[5.784s] [100%] Built target realsense2_camera
[5.806s] Invoked command in '/home/yyh/ros2_ws/build/realsense2_camera' returned '0': AMENT_PREFIX_PATH=/home/yyh/ros2_ws/install/realsense2_camera_msgs:${AMENT_PREFIX_PATH} CMAKE_PREFIX_PATH=/home/yyh/ros2_ws/install/realsense2_camera_msgs:/opt/ros/foxy LD_LIBRARY_PATH=/home/yyh/ros2_ws/install/realsense2_camera_msgs/lib:${LD_LIBRARY_PATH} PYTHONPATH=/home/yyh/ros2_ws/install/realsense2_camera_msgs/lib/python3.8/site-packages:${PYTHONPATH} /usr/bin/cmake --build /home/yyh/ros2_ws/build/realsense2_camera -- -j4 -l4
[5.882s] Invoking command in '/home/yyh/ros2_ws/build/realsense2_camera': AMENT_PREFIX_PATH=/home/yyh/ros2_ws/install/realsense2_camera_msgs:${AMENT_PREFIX_PATH} CMAKE_PREFIX_PATH=/home/yyh/ros2_ws/install/realsense2_camera_msgs:/opt/ros/foxy LD_LIBRARY_PATH=/home/yyh/ros2_ws/install/realsense2_camera_msgs/lib:${LD_LIBRARY_PATH} PYTHONPATH=/home/yyh/ros2_ws/install/realsense2_camera_msgs/lib/python3.8/site-packages:${PYTHONPATH} /usr/bin/cmake --install /home/yyh/ros2_ws/build/realsense2_camera
[5.893s] -- Install configuration: "Release"
[5.894s] -- Execute custom install script
[5.894s] -- Symlinking: /home/yyh/ros2_ws/install/realsense2_camera/lib/realsense2_camera/realsense2_camera_node
[5.902s] -- Symlinking: /home/yyh/ros2_ws/install/realsense2_camera/lib/librealsense2_camera.so
[5.912s] -- Symlinking: /home/yyh/ros2_ws/install/realsense2_camera/include/base_realsense_node.h
[5.921s] -- Symlinking: /home/yyh/ros2_ws/install/realsense2_camera/include/constants.h
[5.929s] -- Symlinking: /home/yyh/ros2_ws/install/realsense2_camera/include/dynamic_params.h
[5.938s] -- Symlinking: /home/yyh/ros2_ws/install/realsense2_camera/include/image_publisher.h
[5.947s] -- Symlinking: /home/yyh/ros2_ws/install/realsense2_camera/include/named_filter.h
[5.955s] -- Symlinking: /home/yyh/ros2_ws/install/realsense2_camera/include/profile_manager.h
[5.964s] -- Symlinking: /home/yyh/ros2_ws/install/realsense2_camera/include/realsense_node_factory.h
[5.974s] -- Symlinking: /home/yyh/ros2_ws/install/realsense2_camera/include/ros_param_backend.h
[5.983s] -- Symlinking: /home/yyh/ros2_ws/install/realsense2_camera/include/ros_sensor.h
[5.992s] -- Symlinking: /home/yyh/ros2_ws/install/realsense2_camera/include/ros_utils.h
[6.001s] -- Symlinking: /home/yyh/ros2_ws/install/realsense2_camera/include/sensor_params.h
[6.010s] -- Symlinking: /home/yyh/ros2_ws/install/realsense2_camera/include/t265_realsense_node.h
[6.019s] -- Symlinking: /home/yyh/ros2_ws/install/realsense2_camera/share/realsense2_camera/launch/default.rviz
[6.027s] -- Symlinking: /home/yyh/ros2_ws/install/realsense2_camera/share/realsense2_camera/launch/rs_d400_and_t265_launch.py
[6.036s] -- Symlinking: /home/yyh/ros2_ws/install/realsense2_camera/share/realsense2_camera/launch/rs_d435i_and_t265_launch.py
[6.045s] -- Symlinking: /home/yyh/ros2_ws/install/realsense2_camera/share/realsense2_camera/launch/rs_intra_process_demo_launch.py
[6.054s] -- Symlinking: /home/yyh/ros2_ws/install/realsense2_camera/share/realsense2_camera/launch/rs_launch.py
[6.063s] -- Symlinking: /home/yyh/ros2_ws/install/realsense2_camera/share/realsense2_camera/launch/rs_multi_camera_launch.py
[6.073s] -- Symlinking: /home/yyh/ros2_ws/install/realsense2_camera/share/realsense2_camera/environment/library_path.sh
[6.082s] -- Symlinking: /home/yyh/ros2_ws/install/realsense2_camera/share/realsense2_camera/environment/library_path.dsv
[6.093s] -- Symlinking: /home/yyh/ros2_ws/install/realsense2_camera/share/ament_index/resource_index/package_run_dependencies/realsense2_camera
[6.102s] -- Symlinking: /home/yyh/ros2_ws/install/realsense2_camera/share/ament_index/resource_index/parent_prefix_path/realsense2_camera
[6.112s] -- Symlinking: /home/yyh/ros2_ws/install/realsense2_camera/share/realsense2_camera/environment/ament_prefix_path.sh
[6.121s] -- Symlinking: /home/yyh/ros2_ws/install/realsense2_camera/share/realsense2_camera/environment/ament_prefix_path.dsv
[6.131s] -- Symlinking: /home/yyh/ros2_ws/install/realsense2_camera/share/realsense2_camera/environment/path.sh
[6.140s] -- Symlinking: /home/yyh/ros2_ws/install/realsense2_camera/share/realsense2_camera/environment/path.dsv
[6.149s] -- Symlinking: /home/yyh/ros2_ws/install/realsense2_camera/share/realsense2_camera/local_setup.bash
[6.158s] -- Symlinking: /home/yyh/ros2_ws/install/realsense2_camera/share/realsense2_camera/local_setup.sh
[6.168s] -- Symlinking: /home/yyh/ros2_ws/install/realsense2_camera/share/realsense2_camera/local_setup.zsh
[6.177s] -- Symlinking: /home/yyh/ros2_ws/install/realsense2_camera/share/realsense2_camera/local_setup.dsv
[6.186s] -- Symlinking: /home/yyh/ros2_ws/install/realsense2_camera/share/realsense2_camera/package.dsv
[6.197s] -- Symlinking: /home/yyh/ros2_ws/install/realsense2_camera/share/ament_index/resource_index/packages/realsense2_camera
[6.206s] -- Symlinking: /home/yyh/ros2_ws/install/realsense2_camera/share/ament_index/resource_index/rclcpp_components/realsense2_camera
[6.216s] -- Symlinking: /home/yyh/ros2_ws/install/realsense2_camera/share/realsense2_camera/cmake/ament_cmake_export_include_directories-extras.cmake
[6.226s] -- Symlinking: /home/yyh/ros2_ws/install/realsense2_camera/share/realsense2_camera/cmake/ament_cmake_export_libraries-extras.cmake
[6.235s] -- Symlinking: /home/yyh/ros2_ws/install/realsense2_camera/share/realsense2_camera/cmake/ament_cmake_export_dependencies-extras.cmake
[6.245s] -- Symlinking: /home/yyh/ros2_ws/install/realsense2_camera/share/realsense2_camera/cmake/realsense2_cameraConfig.cmake
[6.256s] -- Symlinking: /home/yyh/ros2_ws/install/realsense2_camera/share/realsense2_camera/cmake/realsense2_cameraConfig-version.cmake
[6.265s] -- Symlinking: /home/yyh/ros2_ws/install/realsense2_camera/share/realsense2_camera/package.xml
[6.282s] Invoked command in '/home/yyh/ros2_ws/build/realsense2_camera' returned '0': AMENT_PREFIX_PATH=/home/yyh/ros2_ws/install/realsense2_camera_msgs:${AMENT_PREFIX_PATH} CMAKE_PREFIX_PATH=/home/yyh/ros2_ws/install/realsense2_camera_msgs:/opt/ros/foxy LD_LIBRARY_PATH=/home/yyh/ros2_ws/install/realsense2_camera_msgs/lib:${LD_LIBRARY_PATH} PYTHONPATH=/home/yyh/ros2_ws/install/realsense2_camera_msgs/lib/python3.8/site-packages:${PYTHONPATH} /usr/bin/cmake --install /home/yyh/ros2_ws/build/realsense2_camera
