[1.400s] Invoking command in '/home/yyh/ros2_ws/src/yyh_nav': PYTHONPATH=/home/yyh/ros2_ws/build/yyh_nav/prefix_override:/usr/lib/python3/dist-packages/colcon_core/task/python/colcon_distutils_commands:/home/yyh/ros2_ws/install/yyh_nav/lib/python3.8/site-packages:${PYTHONPATH} /usr/bin/python3 -W ignore:setup.py install is deprecated setup.py egg_info --egg-base ../../build/yyh_nav build --build-base /home/yyh/ros2_ws/build/yyh_nav/build install --record /home/yyh/ros2_ws/build/yyh_nav/install.log --single-version-externally-managed install_data
[1.841s] running egg_info
[1.855s] writing ../../build/yyh_nav/yyh_nav.egg-info/PKG-INFO
[1.856s] writing dependency_links to ../../build/yyh_nav/yyh_nav.egg-info/dependency_links.txt
[1.856s] writing entry points to ../../build/yyh_nav/yyh_nav.egg-info/entry_points.txt
[1.856s] writing requirements to ../../build/yyh_nav/yyh_nav.egg-info/requires.txt
[1.856s] writing top-level names to ../../build/yyh_nav/yyh_nav.egg-info/top_level.txt
[4.938s] writing manifest file '../../build/yyh_nav/yyh_nav.egg-info/SOURCES.txt'
[4.938s] running build
[4.938s] running build_py
[4.938s] running install
[4.945s] running install_lib
[4.956s] running install_data
[4.956s] running install_egg_info
[4.967s] removing '/home/yyh/ros2_ws/install/yyh_nav/lib/python3.8/site-packages/yyh_nav-0.0.0-py3.8.egg-info' (and everything under it)
[4.967s] Copying ../../build/yyh_nav/yyh_nav.egg-info to /home/yyh/ros2_ws/install/yyh_nav/lib/python3.8/site-packages/yyh_nav-0.0.0-py3.8.egg-info
[4.968s] running install_scripts
[5.012s] Installing t265_pose_test script to /home/yyh/ros2_ws/install/yyh_nav/lib/yyh_nav
[5.012s] Installing tft265 script to /home/yyh/ros2_ws/install/yyh_nav/lib/yyh_nav
[5.012s] writing list of installed files to '/home/yyh/ros2_ws/build/yyh_nav/install.log'
[5.060s] Invoked command in '/home/yyh/ros2_ws/src/yyh_nav' returned '0': PYTHONPATH=/home/yyh/ros2_ws/build/yyh_nav/prefix_override:/usr/lib/python3/dist-packages/colcon_core/task/python/colcon_distutils_commands:/home/yyh/ros2_ws/install/yyh_nav/lib/python3.8/site-packages:${PYTHONPATH} /usr/bin/python3 -W ignore:setup.py install is deprecated setup.py egg_info --egg-base ../../build/yyh_nav build --build-base /home/yyh/ros2_ws/build/yyh_nav/build install --record /home/yyh/ros2_ws/build/yyh_nav/install.log --single-version-externally-managed install_data
