[3.993s] Invoking command in '/home/yyh/ros2_ws/src/yyh_nav': PYTHONPATH=/home/yyh/ros2_ws/build/yyh_nav/prefix_override:/usr/lib/python3/dist-packages/colcon_core/task/python/colcon_distutils_commands:/home/yyh/ros2_ws/install/yyh_nav/lib/python3.8/site-packages:${PYTHONPATH} /usr/bin/python3 -W ignore:setup.py install is deprecated setup.py egg_info --egg-base ../../build/yyh_nav build --build-base /home/yyh/ros2_ws/build/yyh_nav/build install --record /home/yyh/ros2_ws/build/yyh_nav/install.log --single-version-externally-managed install_data
[4.662s] running egg_info
[4.684s] writing ../../build/yyh_nav/yyh_nav.egg-info/PKG-INFO
[4.684s] writing dependency_links to ../../build/yyh_nav/yyh_nav.egg-info/dependency_links.txt
[4.685s] writing entry points to ../../build/yyh_nav/yyh_nav.egg-info/entry_points.txt
[4.685s] writing requirements to ../../build/yyh_nav/yyh_nav.egg-info/requires.txt
[4.685s] writing top-level names to ../../build/yyh_nav/yyh_nav.egg-info/top_level.txt
[8.327s] writing manifest file '../../build/yyh_nav/yyh_nav.egg-info/SOURCES.txt'
[8.327s] running build
[8.328s] running build_py
[8.329s] running install
[8.338s] running install_lib
[8.357s] running install_data
[8.358s] running install_egg_info
[8.379s] removing '/home/yyh/ros2_ws/install/yyh_nav/lib/python3.8/site-packages/yyh_nav-0.0.0-py3.8.egg-info' (and everything under it)
[8.388s] Copying ../../build/yyh_nav/yyh_nav.egg-info to /home/yyh/ros2_ws/install/yyh_nav/lib/python3.8/site-packages/yyh_nav-0.0.0-py3.8.egg-info
[8.390s] running install_scripts
[8.474s] Installing t265_pose_test script to /home/yyh/ros2_ws/install/yyh_nav/lib/yyh_nav
[8.474s] Installing tft265 script to /home/yyh/ros2_ws/install/yyh_nav/lib/yyh_nav
[8.475s] writing list of installed files to '/home/yyh/ros2_ws/build/yyh_nav/install.log'
[8.536s] Invoked command in '/home/yyh/ros2_ws/src/yyh_nav' returned '0': PYTHONPATH=/home/yyh/ros2_ws/build/yyh_nav/prefix_override:/usr/lib/python3/dist-packages/colcon_core/task/python/colcon_distutils_commands:/home/yyh/ros2_ws/install/yyh_nav/lib/python3.8/site-packages:${PYTHONPATH} /usr/bin/python3 -W ignore:setup.py install is deprecated setup.py egg_info --egg-base ../../build/yyh_nav build --build-base /home/yyh/ros2_ws/build/yyh_nav/build install --record /home/yyh/ros2_ws/build/yyh_nav/install.log --single-version-externally-managed install_data
