[1.690s] Invoking command in '/home/yyh/ros2_ws/build/yyh_object': PYTHONPATH=/home/yyh/ros2_ws/build/yyh_object/prefix_override:/usr/lib/python3/dist-packages/colcon_core/task/python/colcon_distutils_commands:/home/yyh/ros2_ws/install/yyh_object/lib/python3.8/site-packages:${PYTHONPATH} /usr/bin/python3 -W ignore:setup.py install is deprecated setup.py develop --editable --build-directory /home/yyh/ros2_ws/build/yyh_object/build --no-deps symlink_data
[2.155s] running develop
[2.155s] /home/yyh/.local/lib/python3.8/site-packages/setuptools/command/develop.py:41: EasyInstallDeprecationWarning: easy_install command is deprecated.
[2.155s] !!
[2.155s] 
[2.155s]         ********************************************************************************
[2.155s]         Please avoid running ``setup.py`` and ``easy_install``.
[2.155s]         Instead, use pypa/build, pypa/installer or other
[2.155s]         standards-based tools.
[2.155s] 
[2.155s]         See https://github.com/pypa/setuptools/issues/917 for details.
[2.155s]         ********************************************************************************
[2.156s] 
[2.156s] !!
[2.156s]   easy_install.initialize_options(self)
[2.339s] running egg_info
[2.353s] writing yyh_object.egg-info/PKG-INFO
[2.354s] writing dependency_links to yyh_object.egg-info/dependency_links.txt
[2.354s] writing entry points to yyh_object.egg-info/entry_points.txt
[2.354s] writing requirements to yyh_object.egg-info/requires.txt
[2.354s] writing top-level names to yyh_object.egg-info/top_level.txt
[3.948s] writing manifest file 'yyh_object.egg-info/SOURCES.txt'
[3.994s] running build_ext
[3.994s] Creating /home/yyh/ros2_ws/install/yyh_object/lib/python3.8/site-packages/yyh-object.egg-link (link to .)
[3.995s] Installing image script to /home/yyh/ros2_ws/install/yyh_object/lib/yyh_object
[3.995s] 
[3.996s] Installed /home/yyh/ros2_ws/build/yyh_object
[3.996s] running symlink_data
[4.049s] Invoked command in '/home/yyh/ros2_ws/build/yyh_object' returned '0': PYTHONPATH=/home/yyh/ros2_ws/build/yyh_object/prefix_override:/usr/lib/python3/dist-packages/colcon_core/task/python/colcon_distutils_commands:/home/yyh/ros2_ws/install/yyh_object/lib/python3.8/site-packages:${PYTHONPATH} /usr/bin/python3 -W ignore:setup.py install is deprecated setup.py develop --editable --build-directory /home/yyh/ros2_ws/build/yyh_object/build --no-deps symlink_data
