[0.123s] Invoking command in '/home/yyh/ros2_ws/build/realsense2_camera_msgs': CMAKE_PREFIX_PATH=${CMAKE_PREFIX_PATH}:/home/yyh/ros2_ws/install/yyh_object:/home/yyh/ros2_ws/install/yyh_nav:/home/yyh/ros2_ws/install/yyh_launch:/home/yyh/ros2_ws/install/yolov5_ros2:/opt/ros/foxy /usr/bin/cmake --build /home/yyh/ros2_ws/build/realsense2_camera_msgs -- -j4 -l4
[2.593s] [  1%] Built target realsense2_camera_msgs__cpp
[2.594s] [ 12%] Built target realsense2_camera_msgs__rosidl_generator_c
[2.594s] [ 23%] Built target realsense2_camera_msgs__rosidl_typesupport_introspection_cpp
[2.594s] [ 34%] Built target realsense2_camera_msgs__rosidl_typesupport_introspection_c
[2.594s] [ 45%] Built target realsense2_camera_msgs__rosidl_typesupport_c
[2.594s] [ 56%] Built target realsense2_camera_msgs__rosidl_typesupport_fastrtps_cpp
[2.595s] [ 67%] Built target realsense2_camera_msgs__rosidl_typesupport_cpp
[2.595s] [ 78%] Built target realsense2_camera_msgs__rosidl_typesupport_fastrtps_c
[2.595s] [ 78%] Built target realsense2_camera_msgs
[2.595s] [ 80%] Built target realsense2_camera_msgs__py
[2.595s] [ 89%] Built target realsense2_camera_msgs__python
[2.595s] [ 92%] Built target realsense2_camera_msgs__rosidl_typesupport_c__pyext
[2.595s] [ 96%] Built target realsense2_camera_msgs__rosidl_typesupport_fastrtps_c__pyext
[2.595s] [100%] Built target realsense2_camera_msgs__rosidl_typesupport_introspection_c__pyext
[2.634s] Invoked command in '/home/yyh/ros2_ws/build/realsense2_camera_msgs' returned '0': CMAKE_PREFIX_PATH=${CMAKE_PREFIX_PATH}:/home/yyh/ros2_ws/install/yyh_object:/home/yyh/ros2_ws/install/yyh_nav:/home/yyh/ros2_ws/install/yyh_launch:/home/yyh/ros2_ws/install/yolov5_ros2:/opt/ros/foxy /usr/bin/cmake --build /home/yyh/ros2_ws/build/realsense2_camera_msgs -- -j4 -l4
[3.075s] Invoking command in '/home/yyh/ros2_ws/build/realsense2_camera_msgs': CMAKE_PREFIX_PATH=${CMAKE_PREFIX_PATH}:/home/yyh/ros2_ws/install/yyh_object:/home/yyh/ros2_ws/install/yyh_nav:/home/yyh/ros2_ws/install/yyh_launch:/home/yyh/ros2_ws/install/yolov5_ros2:/opt/ros/foxy /usr/bin/cmake --install /home/yyh/ros2_ws/build/realsense2_camera_msgs
[3.093s] -- Install configuration: ""
[3.094s] -- Up-to-date: /home/yyh/ros2_ws/install/realsense2_camera_msgs/share/ament_index/resource_index/rosidl_interfaces/realsense2_camera_msgs
[3.095s] -- Up-to-date: /home/yyh/ros2_ws/install/realsense2_camera_msgs/include/realsense2_camera_msgs
[3.096s] -- Up-to-date: /home/yyh/ros2_ws/install/realsense2_camera_msgs/include/realsense2_camera_msgs/msg
[3.097s] -- Up-to-date: /home/yyh/ros2_ws/install/realsense2_camera_msgs/include/realsense2_camera_msgs/msg/rosidl_generator_c__visibility_control.h
[3.098s] -- Up-to-date: /home/yyh/ros2_ws/install/realsense2_camera_msgs/include/realsense2_camera_msgs/msg/detail
[3.099s] -- Up-to-date: /home/yyh/ros2_ws/install/realsense2_camera_msgs/include/realsense2_camera_msgs/msg/detail/metadata__struct.h
[3.100s] -- Up-to-date: /home/yyh/ros2_ws/install/realsense2_camera_msgs/include/realsense2_camera_msgs/msg/detail/imu_info__functions.c
[3.100s] -- Up-to-date: /home/yyh/ros2_ws/install/realsense2_camera_msgs/include/realsense2_camera_msgs/msg/detail/extrinsics__struct.h
[3.101s] -- Up-to-date: /home/yyh/ros2_ws/install/realsense2_camera_msgs/include/realsense2_camera_msgs/msg/detail/metadata__type_support.h
[3.103s] -- Up-to-date: /home/yyh/ros2_ws/install/realsense2_camera_msgs/include/realsense2_camera_msgs/msg/detail/metadata__functions.h
[3.104s] -- Up-to-date: /home/yyh/ros2_ws/install/realsense2_camera_msgs/include/realsense2_camera_msgs/msg/detail/extrinsics__functions.h
[3.105s] -- Up-to-date: /home/yyh/ros2_ws/install/realsense2_camera_msgs/include/realsense2_camera_msgs/msg/detail/imu_info__type_support.h
[3.106s] -- Up-to-date: /home/yyh/ros2_ws/install/realsense2_camera_msgs/include/realsense2_camera_msgs/msg/detail/imu_info__functions.h
[3.106s] -- Up-to-date: /home/yyh/ros2_ws/install/realsense2_camera_msgs/include/realsense2_camera_msgs/msg/detail/extrinsics__type_support.h
[3.107s] -- Up-to-date: /home/yyh/ros2_ws/install/realsense2_camera_msgs/include/realsense2_camera_msgs/msg/detail/imu_info__struct.h
[3.108s] -- Up-to-date: /home/yyh/ros2_ws/install/realsense2_camera_msgs/include/realsense2_camera_msgs/msg/detail/metadata__functions.c
[3.108s] -- Up-to-date: /home/yyh/ros2_ws/install/realsense2_camera_msgs/include/realsense2_camera_msgs/msg/detail/extrinsics__functions.c
[3.109s] -- Up-to-date: /home/yyh/ros2_ws/install/realsense2_camera_msgs/include/realsense2_camera_msgs/msg/imu_info.h
[3.110s] -- Up-to-date: /home/yyh/ros2_ws/install/realsense2_camera_msgs/include/realsense2_camera_msgs/msg/extrinsics.h
[3.110s] -- Up-to-date: /home/yyh/ros2_ws/install/realsense2_camera_msgs/include/realsense2_camera_msgs/msg/metadata.h
[3.111s] -- Up-to-date: /home/yyh/ros2_ws/install/realsense2_camera_msgs/include/realsense2_camera_msgs/srv
[3.112s] -- Up-to-date: /home/yyh/ros2_ws/install/realsense2_camera_msgs/include/realsense2_camera_msgs/srv/detail
[3.112s] -- Up-to-date: /home/yyh/ros2_ws/install/realsense2_camera_msgs/include/realsense2_camera_msgs/srv/detail/device_info__struct.h
[3.112s] -- Up-to-date: /home/yyh/ros2_ws/install/realsense2_camera_msgs/include/realsense2_camera_msgs/srv/detail/device_info__functions.h
[3.112s] -- Up-to-date: /home/yyh/ros2_ws/install/realsense2_camera_msgs/include/realsense2_camera_msgs/srv/detail/device_info__type_support.h
[3.112s] -- Up-to-date: /home/yyh/ros2_ws/install/realsense2_camera_msgs/include/realsense2_camera_msgs/srv/detail/device_info__functions.c
[3.112s] -- Up-to-date: /home/yyh/ros2_ws/install/realsense2_camera_msgs/include/realsense2_camera_msgs/srv/device_info.h
[3.113s] -- Up-to-date: /home/yyh/ros2_ws/install/realsense2_camera_msgs/share/realsense2_camera_msgs/environment/library_path.sh
[3.113s] -- Up-to-date: /home/yyh/ros2_ws/install/realsense2_camera_msgs/share/realsense2_camera_msgs/environment/library_path.dsv
[3.114s] -- Up-to-date: /home/yyh/ros2_ws/install/realsense2_camera_msgs/lib/librealsense2_camera_msgs__rosidl_generator_c.so
[3.115s] -- Up-to-date: /home/yyh/ros2_ws/install/realsense2_camera_msgs/include/realsense2_camera_msgs
[3.116s] -- Up-to-date: /home/yyh/ros2_ws/install/realsense2_camera_msgs/include/realsense2_camera_msgs/msg
[3.116s] -- Up-to-date: /home/yyh/ros2_ws/install/realsense2_camera_msgs/include/realsense2_camera_msgs/msg/rosidl_typesupport_fastrtps_c__visibility_control.h
[3.116s] -- Up-to-date: /home/yyh/ros2_ws/install/realsense2_camera_msgs/include/realsense2_camera_msgs/msg/detail
[3.117s] -- Up-to-date: /home/yyh/ros2_ws/install/realsense2_camera_msgs/include/realsense2_camera_msgs/msg/detail/extrinsics__rosidl_typesupport_fastrtps_c.h
[3.117s] -- Up-to-date: /home/yyh/ros2_ws/install/realsense2_camera_msgs/include/realsense2_camera_msgs/msg/detail/metadata__rosidl_typesupport_fastrtps_c.h
[3.117s] -- Up-to-date: /home/yyh/ros2_ws/install/realsense2_camera_msgs/include/realsense2_camera_msgs/msg/detail/imu_info__rosidl_typesupport_fastrtps_c.h
[3.117s] -- Up-to-date: /home/yyh/ros2_ws/install/realsense2_camera_msgs/include/realsense2_camera_msgs/srv
[3.118s] -- Up-to-date: /home/yyh/ros2_ws/install/realsense2_camera_msgs/include/realsense2_camera_msgs/srv/detail
[3.118s] -- Up-to-date: /home/yyh/ros2_ws/install/realsense2_camera_msgs/include/realsense2_camera_msgs/srv/detail/device_info__rosidl_typesupport_fastrtps_c.h
[3.119s] -- Up-to-date: /home/yyh/ros2_ws/install/realsense2_camera_msgs/lib/librealsense2_camera_msgs__rosidl_typesupport_fastrtps_c.so
[3.120s] -- Up-to-date: /home/yyh/ros2_ws/install/realsense2_camera_msgs/include/realsense2_camera_msgs
[3.120s] -- Up-to-date: /home/yyh/ros2_ws/install/realsense2_camera_msgs/include/realsense2_camera_msgs/msg
[3.120s] -- Up-to-date: /home/yyh/ros2_ws/install/realsense2_camera_msgs/include/realsense2_camera_msgs/msg/detail
[3.120s] -- Up-to-date: /home/yyh/ros2_ws/install/realsense2_camera_msgs/include/realsense2_camera_msgs/msg/detail/imu_info__rosidl_typesupport_fastrtps_cpp.hpp
[3.122s] -- Up-to-date: /home/yyh/ros2_ws/install/realsense2_camera_msgs/include/realsense2_camera_msgs/msg/detail/metadata__rosidl_typesupport_fastrtps_cpp.hpp
[3.123s] -- Up-to-date: /home/yyh/ros2_ws/install/realsense2_camera_msgs/include/realsense2_camera_msgs/msg/detail/extrinsics__rosidl_typesupport_fastrtps_cpp.hpp
[3.124s] -- Up-to-date: /home/yyh/ros2_ws/install/realsense2_camera_msgs/include/realsense2_camera_msgs/msg/detail/dds_fastrtps
[3.125s] -- Up-to-date: /home/yyh/ros2_ws/install/realsense2_camera_msgs/include/realsense2_camera_msgs/msg/rosidl_typesupport_fastrtps_cpp__visibility_control.h
[3.125s] -- Up-to-date: /home/yyh/ros2_ws/install/realsense2_camera_msgs/include/realsense2_camera_msgs/srv
[3.125s] -- Up-to-date: /home/yyh/ros2_ws/install/realsense2_camera_msgs/include/realsense2_camera_msgs/srv/detail
[3.127s] -- Up-to-date: /home/yyh/ros2_ws/install/realsense2_camera_msgs/include/realsense2_camera_msgs/srv/detail/device_info__rosidl_typesupport_fastrtps_cpp.hpp
[3.127s] -- Up-to-date: /home/yyh/ros2_ws/install/realsense2_camera_msgs/include/realsense2_camera_msgs/srv/detail/dds_fastrtps
[3.128s] -- Up-to-date: /home/yyh/ros2_ws/install/realsense2_camera_msgs/lib/librealsense2_camera_msgs__rosidl_typesupport_fastrtps_cpp.so
[3.131s] -- Up-to-date: /home/yyh/ros2_ws/install/realsense2_camera_msgs/include/realsense2_camera_msgs
[3.131s] -- Up-to-date: /home/yyh/ros2_ws/install/realsense2_camera_msgs/include/realsense2_camera_msgs/msg
[3.131s] -- Up-to-date: /home/yyh/ros2_ws/install/realsense2_camera_msgs/include/realsense2_camera_msgs/msg/rosidl_typesupport_introspection_c__visibility_control.h
[3.131s] -- Up-to-date: /home/yyh/ros2_ws/install/realsense2_camera_msgs/include/realsense2_camera_msgs/msg/detail
[3.132s] -- Up-to-date: /home/yyh/ros2_ws/install/realsense2_camera_msgs/include/realsense2_camera_msgs/msg/detail/imu_info__rosidl_typesupport_introspection_c.h
[3.132s] -- Up-to-date: /home/yyh/ros2_ws/install/realsense2_camera_msgs/include/realsense2_camera_msgs/msg/detail/extrinsics__type_support.c
[3.132s] -- Up-to-date: /home/yyh/ros2_ws/install/realsense2_camera_msgs/include/realsense2_camera_msgs/msg/detail/extrinsics__rosidl_typesupport_introspection_c.h
[3.132s] -- Up-to-date: /home/yyh/ros2_ws/install/realsense2_camera_msgs/include/realsense2_camera_msgs/msg/detail/metadata__rosidl_typesupport_introspection_c.h
[3.133s] -- Up-to-date: /home/yyh/ros2_ws/install/realsense2_camera_msgs/include/realsense2_camera_msgs/msg/detail/imu_info__type_support.c
[3.136s] -- Up-to-date: /home/yyh/ros2_ws/install/realsense2_camera_msgs/include/realsense2_camera_msgs/msg/detail/metadata__type_support.c
[3.137s] -- Up-to-date: /home/yyh/ros2_ws/install/realsense2_camera_msgs/include/realsense2_camera_msgs/srv
[3.137s] -- Up-to-date: /home/yyh/ros2_ws/install/realsense2_camera_msgs/include/realsense2_camera_msgs/srv/detail
[3.139s] -- Up-to-date: /home/yyh/ros2_ws/install/realsense2_camera_msgs/include/realsense2_camera_msgs/srv/detail/device_info__type_support.c
[3.139s] -- Up-to-date: /home/yyh/ros2_ws/install/realsense2_camera_msgs/include/realsense2_camera_msgs/srv/detail/device_info__rosidl_typesupport_introspection_c.h
[3.139s] -- Up-to-date: /home/yyh/ros2_ws/install/realsense2_camera_msgs/lib/librealsense2_camera_msgs__rosidl_typesupport_introspection_c.so
[3.140s] -- Up-to-date: /home/yyh/ros2_ws/install/realsense2_camera_msgs/lib/librealsense2_camera_msgs__rosidl_typesupport_c.so
[3.140s] -- Up-to-date: /home/yyh/ros2_ws/install/realsense2_camera_msgs/include/realsense2_camera_msgs
[3.140s] -- Up-to-date: /home/yyh/ros2_ws/install/realsense2_camera_msgs/include/realsense2_camera_msgs/msg
[3.140s] -- Up-to-date: /home/yyh/ros2_ws/install/realsense2_camera_msgs/include/realsense2_camera_msgs/msg/detail
[3.140s] -- Up-to-date: /home/yyh/ros2_ws/install/realsense2_camera_msgs/include/realsense2_camera_msgs/msg/detail/metadata__struct.hpp
[3.140s] -- Up-to-date: /home/yyh/ros2_ws/install/realsense2_camera_msgs/include/realsense2_camera_msgs/msg/detail/imu_info__traits.hpp
[3.140s] -- Up-to-date: /home/yyh/ros2_ws/install/realsense2_camera_msgs/include/realsense2_camera_msgs/msg/detail/metadata__type_support.hpp
[3.140s] -- Up-to-date: /home/yyh/ros2_ws/install/realsense2_camera_msgs/include/realsense2_camera_msgs/msg/detail/extrinsics__builder.hpp
[3.140s] -- Up-to-date: /home/yyh/ros2_ws/install/realsense2_camera_msgs/include/realsense2_camera_msgs/msg/detail/extrinsics__type_support.hpp
[3.140s] -- Up-to-date: /home/yyh/ros2_ws/install/realsense2_camera_msgs/include/realsense2_camera_msgs/msg/detail/metadata__builder.hpp
[3.141s] -- Up-to-date: /home/yyh/ros2_ws/install/realsense2_camera_msgs/include/realsense2_camera_msgs/msg/detail/imu_info__builder.hpp
[3.141s] -- Up-to-date: /home/yyh/ros2_ws/install/realsense2_camera_msgs/include/realsense2_camera_msgs/msg/detail/imu_info__struct.hpp
[3.141s] -- Up-to-date: /home/yyh/ros2_ws/install/realsense2_camera_msgs/include/realsense2_camera_msgs/msg/detail/extrinsics__traits.hpp
[3.141s] -- Up-to-date: /home/yyh/ros2_ws/install/realsense2_camera_msgs/include/realsense2_camera_msgs/msg/detail/extrinsics__struct.hpp
[3.141s] -- Up-to-date: /home/yyh/ros2_ws/install/realsense2_camera_msgs/include/realsense2_camera_msgs/msg/detail/imu_info__type_support.hpp
[3.142s] -- Up-to-date: /home/yyh/ros2_ws/install/realsense2_camera_msgs/include/realsense2_camera_msgs/msg/detail/metadata__traits.hpp
[3.142s] -- Up-to-date: /home/yyh/ros2_ws/install/realsense2_camera_msgs/include/realsense2_camera_msgs/msg/imu_info.hpp
[3.142s] -- Up-to-date: /home/yyh/ros2_ws/install/realsense2_camera_msgs/include/realsense2_camera_msgs/msg/rosidl_generator_cpp__visibility_control.hpp
[3.142s] -- Up-to-date: /home/yyh/ros2_ws/install/realsense2_camera_msgs/include/realsense2_camera_msgs/msg/extrinsics.hpp
[3.142s] -- Up-to-date: /home/yyh/ros2_ws/install/realsense2_camera_msgs/include/realsense2_camera_msgs/msg/metadata.hpp
[3.142s] -- Up-to-date: /home/yyh/ros2_ws/install/realsense2_camera_msgs/include/realsense2_camera_msgs/srv
[3.142s] -- Up-to-date: /home/yyh/ros2_ws/install/realsense2_camera_msgs/include/realsense2_camera_msgs/srv/detail
[3.142s] -- Up-to-date: /home/yyh/ros2_ws/install/realsense2_camera_msgs/include/realsense2_camera_msgs/srv/detail/device_info__type_support.hpp
[3.142s] -- Up-to-date: /home/yyh/ros2_ws/install/realsense2_camera_msgs/include/realsense2_camera_msgs/srv/detail/device_info__traits.hpp
[3.143s] -- Up-to-date: /home/yyh/ros2_ws/install/realsense2_camera_msgs/include/realsense2_camera_msgs/srv/detail/device_info__struct.hpp
[3.143s] -- Up-to-date: /home/yyh/ros2_ws/install/realsense2_camera_msgs/include/realsense2_camera_msgs/srv/detail/device_info__builder.hpp
[3.143s] -- Up-to-date: /home/yyh/ros2_ws/install/realsense2_camera_msgs/include/realsense2_camera_msgs/srv/device_info.hpp
[3.143s] -- Up-to-date: /home/yyh/ros2_ws/install/realsense2_camera_msgs/include/realsense2_camera_msgs
[3.143s] -- Up-to-date: /home/yyh/ros2_ws/install/realsense2_camera_msgs/include/realsense2_camera_msgs/msg
[3.143s] -- Up-to-date: /home/yyh/ros2_ws/install/realsense2_camera_msgs/include/realsense2_camera_msgs/msg/detail
[3.143s] -- Up-to-date: /home/yyh/ros2_ws/install/realsense2_camera_msgs/include/realsense2_camera_msgs/msg/detail/extrinsics__type_support.cpp
[3.143s] -- Up-to-date: /home/yyh/ros2_ws/install/realsense2_camera_msgs/include/realsense2_camera_msgs/msg/detail/imu_info__rosidl_typesupport_introspection_cpp.hpp
[3.143s] -- Up-to-date: /home/yyh/ros2_ws/install/realsense2_camera_msgs/include/realsense2_camera_msgs/msg/detail/imu_info__type_support.cpp
[3.143s] -- Up-to-date: /home/yyh/ros2_ws/install/realsense2_camera_msgs/include/realsense2_camera_msgs/msg/detail/metadata__rosidl_typesupport_introspection_cpp.hpp
[3.143s] -- Up-to-date: /home/yyh/ros2_ws/install/realsense2_camera_msgs/include/realsense2_camera_msgs/msg/detail/extrinsics__rosidl_typesupport_introspection_cpp.hpp
[3.143s] -- Up-to-date: /home/yyh/ros2_ws/install/realsense2_camera_msgs/include/realsense2_camera_msgs/msg/detail/metadata__type_support.cpp
[3.144s] -- Up-to-date: /home/yyh/ros2_ws/install/realsense2_camera_msgs/include/realsense2_camera_msgs/srv
[3.144s] -- Up-to-date: /home/yyh/ros2_ws/install/realsense2_camera_msgs/include/realsense2_camera_msgs/srv/detail
[3.144s] -- Up-to-date: /home/yyh/ros2_ws/install/realsense2_camera_msgs/include/realsense2_camera_msgs/srv/detail/device_info__rosidl_typesupport_introspection_cpp.hpp
[3.144s] -- Up-to-date: /home/yyh/ros2_ws/install/realsense2_camera_msgs/include/realsense2_camera_msgs/srv/detail/device_info__type_support.cpp
[3.144s] -- Up-to-date: /home/yyh/ros2_ws/install/realsense2_camera_msgs/lib/librealsense2_camera_msgs__rosidl_typesupport_introspection_cpp.so
[3.144s] -- Up-to-date: /home/yyh/ros2_ws/install/realsense2_camera_msgs/lib/librealsense2_camera_msgs__rosidl_typesupport_cpp.so
[3.144s] -- Up-to-date: /home/yyh/ros2_ws/install/realsense2_camera_msgs/share/realsense2_camera_msgs/environment/pythonpath.sh
[3.144s] -- Up-to-date: /home/yyh/ros2_ws/install/realsense2_camera_msgs/share/realsense2_camera_msgs/environment/pythonpath.dsv
[3.144s] -- Up-to-date: /home/yyh/ros2_ws/install/realsense2_camera_msgs/lib/python3.8/site-packages/realsense2_camera_msgs/__init__.py
[3.253s] -- Up-to-date: /home/yyh/ros2_ws/install/realsense2_camera_msgs/lib/python3.8/site-packages/realsense2_camera_msgs/msg
[3.254s] -- Up-to-date: /home/yyh/ros2_ws/install/realsense2_camera_msgs/lib/python3.8/site-packages/realsense2_camera_msgs/msg/__init__.py
[3.254s] -- Up-to-date: /home/yyh/ros2_ws/install/realsense2_camera_msgs/lib/python3.8/site-packages/realsense2_camera_msgs/msg/_extrinsics_s.c
[3.254s] -- Up-to-date: /home/yyh/ros2_ws/install/realsense2_camera_msgs/lib/python3.8/site-packages/realsense2_camera_msgs/msg/_imu_info_s.c
[3.254s] -- Up-to-date: /home/yyh/ros2_ws/install/realsense2_camera_msgs/lib/python3.8/site-packages/realsense2_camera_msgs/msg/_imu_info.py
[3.254s] -- Up-to-date: /home/yyh/ros2_ws/install/realsense2_camera_msgs/lib/python3.8/site-packages/realsense2_camera_msgs/msg/_extrinsics.py
[3.255s] -- Up-to-date: /home/yyh/ros2_ws/install/realsense2_camera_msgs/lib/python3.8/site-packages/realsense2_camera_msgs/msg/_metadata.py
[3.255s] -- Up-to-date: /home/yyh/ros2_ws/install/realsense2_camera_msgs/lib/python3.8/site-packages/realsense2_camera_msgs/msg/_metadata_s.c
[3.255s] -- Up-to-date: /home/yyh/ros2_ws/install/realsense2_camera_msgs/lib/python3.8/site-packages/realsense2_camera_msgs/srv
[3.255s] -- Up-to-date: /home/yyh/ros2_ws/install/realsense2_camera_msgs/lib/python3.8/site-packages/realsense2_camera_msgs/srv/__init__.py
[3.256s] -- Up-to-date: /home/yyh/ros2_ws/install/realsense2_camera_msgs/lib/python3.8/site-packages/realsense2_camera_msgs/srv/_device_info.py
[3.256s] -- Up-to-date: /home/yyh/ros2_ws/install/realsense2_camera_msgs/lib/python3.8/site-packages/realsense2_camera_msgs/srv/_device_info_s.c
[3.257s] -- Up-to-date: /home/yyh/ros2_ws/install/realsense2_camera_msgs/lib/python3.8/site-packages/realsense2_camera_msgs/realsense2_camera_msgs_s__rosidl_typesupport_fastrtps_c.cpython-38-x86_64-linux-gnu.so
[3.259s] -- Up-to-date: /home/yyh/ros2_ws/install/realsense2_camera_msgs/lib/python3.8/site-packages/realsense2_camera_msgs/realsense2_camera_msgs_s__rosidl_typesupport_introspection_c.cpython-38-x86_64-linux-gnu.so
[3.264s] -- Up-to-date: /home/yyh/ros2_ws/install/realsense2_camera_msgs/lib/python3.8/site-packages/realsense2_camera_msgs/realsense2_camera_msgs_s__rosidl_typesupport_c.cpython-38-x86_64-linux-gnu.so
[3.265s] -- Up-to-date: /home/yyh/ros2_ws/install/realsense2_camera_msgs/lib/librealsense2_camera_msgs__python.so
[3.266s] -- Up-to-date: /home/yyh/ros2_ws/install/realsense2_camera_msgs/share/realsense2_camera_msgs/msg/IMUInfo.idl
[3.266s] -- Up-to-date: /home/yyh/ros2_ws/install/realsense2_camera_msgs/share/realsense2_camera_msgs/msg/Extrinsics.idl
[3.266s] -- Up-to-date: /home/yyh/ros2_ws/install/realsense2_camera_msgs/share/realsense2_camera_msgs/msg/Metadata.idl
[3.266s] -- Up-to-date: /home/yyh/ros2_ws/install/realsense2_camera_msgs/share/realsense2_camera_msgs/srv/DeviceInfo.idl
[3.266s] -- Up-to-date: /home/yyh/ros2_ws/install/realsense2_camera_msgs/share/realsense2_camera_msgs/msg/IMUInfo.msg
[3.267s] -- Up-to-date: /home/yyh/ros2_ws/install/realsense2_camera_msgs/share/realsense2_camera_msgs/msg/Extrinsics.msg
[3.267s] -- Up-to-date: /home/yyh/ros2_ws/install/realsense2_camera_msgs/share/realsense2_camera_msgs/msg/Metadata.msg
[3.267s] -- Up-to-date: /home/yyh/ros2_ws/install/realsense2_camera_msgs/share/realsense2_camera_msgs/srv/DeviceInfo.srv
[3.267s] -- Up-to-date: /home/yyh/ros2_ws/install/realsense2_camera_msgs/share/realsense2_camera_msgs/srv/DeviceInfo_Request.msg
[3.268s] -- Up-to-date: /home/yyh/ros2_ws/install/realsense2_camera_msgs/share/realsense2_camera_msgs/srv/DeviceInfo_Response.msg
[3.268s] -- Up-to-date: /home/yyh/ros2_ws/install/realsense2_camera_msgs/share/ament_index/resource_index/package_run_dependencies/realsense2_camera_msgs
[3.268s] -- Up-to-date: /home/yyh/ros2_ws/install/realsense2_camera_msgs/share/ament_index/resource_index/parent_prefix_path/realsense2_camera_msgs
[3.268s] -- Up-to-date: /home/yyh/ros2_ws/install/realsense2_camera_msgs/share/realsense2_camera_msgs/environment/ament_prefix_path.sh
[3.268s] -- Up-to-date: /home/yyh/ros2_ws/install/realsense2_camera_msgs/share/realsense2_camera_msgs/environment/ament_prefix_path.dsv
[3.290s] -- Up-to-date: /home/yyh/ros2_ws/install/realsense2_camera_msgs/share/realsense2_camera_msgs/environment/path.sh
[3.311s] -- Up-to-date: /home/yyh/ros2_ws/install/realsense2_camera_msgs/share/realsense2_camera_msgs/environment/path.dsv
[3.312s] -- Up-to-date: /home/yyh/ros2_ws/install/realsense2_camera_msgs/share/realsense2_camera_msgs/local_setup.bash
[3.312s] -- Up-to-date: /home/yyh/ros2_ws/install/realsense2_camera_msgs/share/realsense2_camera_msgs/local_setup.sh
[3.312s] -- Up-to-date: /home/yyh/ros2_ws/install/realsense2_camera_msgs/share/realsense2_camera_msgs/local_setup.zsh
[3.312s] -- Up-to-date: /home/yyh/ros2_ws/install/realsense2_camera_msgs/share/realsense2_camera_msgs/local_setup.dsv
[3.312s] -- Installing: /home/yyh/ros2_ws/install/realsense2_camera_msgs/share/realsense2_camera_msgs/package.dsv
[3.312s] -- Up-to-date: /home/yyh/ros2_ws/install/realsense2_camera_msgs/share/ament_index/resource_index/packages/realsense2_camera_msgs
[3.312s] -- Up-to-date: /home/yyh/ros2_ws/install/realsense2_camera_msgs/share/realsense2_camera_msgs/cmake/realsense2_camera_msgs__rosidl_generator_cExport.cmake
[3.312s] -- Up-to-date: /home/yyh/ros2_ws/install/realsense2_camera_msgs/share/realsense2_camera_msgs/cmake/realsense2_camera_msgs__rosidl_generator_cExport-noconfig.cmake
[3.312s] -- Up-to-date: /home/yyh/ros2_ws/install/realsense2_camera_msgs/share/realsense2_camera_msgs/cmake/realsense2_camera_msgs__rosidl_typesupport_introspection_cExport.cmake
[3.312s] -- Up-to-date: /home/yyh/ros2_ws/install/realsense2_camera_msgs/share/realsense2_camera_msgs/cmake/realsense2_camera_msgs__rosidl_typesupport_introspection_cExport-noconfig.cmake
[3.313s] -- Up-to-date: /home/yyh/ros2_ws/install/realsense2_camera_msgs/share/realsense2_camera_msgs/cmake/realsense2_camera_msgs__rosidl_typesupport_cExport.cmake
[3.313s] -- Up-to-date: /home/yyh/ros2_ws/install/realsense2_camera_msgs/share/realsense2_camera_msgs/cmake/realsense2_camera_msgs__rosidl_typesupport_cExport-noconfig.cmake
[3.313s] -- Up-to-date: /home/yyh/ros2_ws/install/realsense2_camera_msgs/share/realsense2_camera_msgs/cmake/realsense2_camera_msgs__rosidl_generator_cppExport.cmake
[3.313s] -- Up-to-date: /home/yyh/ros2_ws/install/realsense2_camera_msgs/share/realsense2_camera_msgs/cmake/realsense2_camera_msgs__rosidl_typesupport_introspection_cppExport.cmake
[3.325s] -- Up-to-date: /home/yyh/ros2_ws/install/realsense2_camera_msgs/share/realsense2_camera_msgs/cmake/realsense2_camera_msgs__rosidl_typesupport_introspection_cppExport-noconfig.cmake
[3.326s] -- Up-to-date: /home/yyh/ros2_ws/install/realsense2_camera_msgs/share/realsense2_camera_msgs/cmake/realsense2_camera_msgs__rosidl_typesupport_cppExport.cmake
[3.326s] -- Up-to-date: /home/yyh/ros2_ws/install/realsense2_camera_msgs/share/realsense2_camera_msgs/cmake/realsense2_camera_msgs__rosidl_typesupport_cppExport-noconfig.cmake
[3.326s] -- Up-to-date: /home/yyh/ros2_ws/install/realsense2_camera_msgs/share/realsense2_camera_msgs/cmake/rosidl_cmake-extras.cmake
[3.326s] -- Up-to-date: /home/yyh/ros2_ws/install/realsense2_camera_msgs/share/realsense2_camera_msgs/cmake/ament_cmake_export_dependencies-extras.cmake
[3.326s] -- Up-to-date: /home/yyh/ros2_ws/install/realsense2_camera_msgs/share/realsense2_camera_msgs/cmake/ament_cmake_export_libraries-extras.cmake
[3.326s] -- Up-to-date: /home/yyh/ros2_ws/install/realsense2_camera_msgs/share/realsense2_camera_msgs/cmake/ament_cmake_export_targets-extras.cmake
[3.327s] -- Up-to-date: /home/yyh/ros2_ws/install/realsense2_camera_msgs/share/realsense2_camera_msgs/cmake/ament_cmake_export_include_directories-extras.cmake
[3.327s] -- Up-to-date: /home/yyh/ros2_ws/install/realsense2_camera_msgs/share/realsense2_camera_msgs/cmake/rosidl_cmake_export_typesupport_libraries-extras.cmake
[3.327s] -- Up-to-date: /home/yyh/ros2_ws/install/realsense2_camera_msgs/share/realsense2_camera_msgs/cmake/rosidl_cmake_export_typesupport_targets-extras.cmake
[3.327s] -- Up-to-date: /home/yyh/ros2_ws/install/realsense2_camera_msgs/share/realsense2_camera_msgs/cmake/realsense2_camera_msgsConfig.cmake
[3.327s] -- Up-to-date: /home/yyh/ros2_ws/install/realsense2_camera_msgs/share/realsense2_camera_msgs/cmake/realsense2_camera_msgsConfig-version.cmake
[3.327s] -- Up-to-date: /home/yyh/ros2_ws/install/realsense2_camera_msgs/share/realsense2_camera_msgs/package.xml
[3.351s] Invoked command in '/home/yyh/ros2_ws/build/realsense2_camera_msgs' returned '0': CMAKE_PREFIX_PATH=${CMAKE_PREFIX_PATH}:/home/yyh/ros2_ws/install/yyh_object:/home/yyh/ros2_ws/install/yyh_nav:/home/yyh/ros2_ws/install/yyh_launch:/home/yyh/ros2_ws/install/yolov5_ros2:/opt/ros/foxy /usr/bin/cmake --install /home/yyh/ros2_ws/build/realsense2_camera_msgs
