[2.303s] Invoking command in '/home/yyh/ros2_ws/src/yyh_nav': PYTHONPATH=/home/yyh/ros2_ws/build/yyh_nav/prefix_override:/usr/lib/python3/dist-packages/colcon_core/task/python/colcon_distutils_commands:/home/yyh/ros2_ws/install/yyh_nav/lib/python3.8/site-packages:${PYTHONPATH} /usr/bin/python3 -W ignore:setup.py install is deprecated setup.py egg_info --egg-base ../../build/yyh_nav build --build-base /home/yyh/ros2_ws/build/yyh_nav/build install --record /home/yyh/ros2_ws/build/yyh_nav/install.log --single-version-externally-managed install_data
[3.086s] running egg_info
[3.111s] writing ../../build/yyh_nav/yyh_nav.egg-info/PKG-INFO
[3.111s] writing dependency_links to ../../build/yyh_nav/yyh_nav.egg-info/dependency_links.txt
[3.112s] writing entry points to ../../build/yyh_nav/yyh_nav.egg-info/entry_points.txt
[3.113s] writing requirements to ../../build/yyh_nav/yyh_nav.egg-info/requires.txt
[3.113s] writing top-level names to ../../build/yyh_nav/yyh_nav.egg-info/top_level.txt
[8.678s] writing manifest file '../../build/yyh_nav/yyh_nav.egg-info/SOURCES.txt'
[8.680s] running build
[8.680s] running build_py
[8.691s] running install
[8.701s] running install_lib
[8.725s] running install_data
[8.726s] running install_egg_info
[8.748s] removing '/home/yyh/ros2_ws/install/yyh_nav/lib/python3.8/site-packages/yyh_nav-0.0.0-py3.8.egg-info' (and everything under it)
[8.753s] Copying ../../build/yyh_nav/yyh_nav.egg-info to /home/yyh/ros2_ws/install/yyh_nav/lib/python3.8/site-packages/yyh_nav-0.0.0-py3.8.egg-info
[8.753s] running install_scripts
[8.838s] Installing t265_pose_test script to /home/yyh/ros2_ws/install/yyh_nav/lib/yyh_nav
[8.839s] Installing tft265 script to /home/yyh/ros2_ws/install/yyh_nav/lib/yyh_nav
[8.840s] writing list of installed files to '/home/yyh/ros2_ws/build/yyh_nav/install.log'
[8.917s] Invoked command in '/home/yyh/ros2_ws/src/yyh_nav' returned '0': PYTHONPATH=/home/yyh/ros2_ws/build/yyh_nav/prefix_override:/usr/lib/python3/dist-packages/colcon_core/task/python/colcon_distutils_commands:/home/yyh/ros2_ws/install/yyh_nav/lib/python3.8/site-packages:${PYTHONPATH} /usr/bin/python3 -W ignore:setup.py install is deprecated setup.py egg_info --egg-base ../../build/yyh_nav build --build-base /home/yyh/ros2_ws/build/yyh_nav/build install --record /home/yyh/ros2_ws/build/yyh_nav/install.log --single-version-externally-managed install_data
