[1.797s] Invoking command in '/home/yyh/ros2_ws/src/yyh_object': PYTHONPATH=/home/yyh/ros2_ws/build/yyh_object/prefix_override:/usr/lib/python3/dist-packages/colcon_core/task/python/colcon_distutils_commands:/home/yyh/ros2_ws/install/yyh_object/lib/python3.8/site-packages:${PYTHONPATH} /usr/bin/python3 -W ignore:setup.py install is deprecated setup.py egg_info --egg-base ../../build/yyh_object build --build-base /home/yyh/ros2_ws/build/yyh_object/build install --record /home/yyh/ros2_ws/build/yyh_object/install.log --single-version-externally-managed install_data
[2.393s] running egg_info
[2.413s] writing ../../build/yyh_object/yyh_object.egg-info/PKG-INFO
[2.415s] writing dependency_links to ../../build/yyh_object/yyh_object.egg-info/dependency_links.txt
[2.415s] writing entry points to ../../build/yyh_object/yyh_object.egg-info/entry_points.txt
[2.416s] writing requirements to ../../build/yyh_object/yyh_object.egg-info/requires.txt
[2.416s] writing top-level names to ../../build/yyh_object/yyh_object.egg-info/top_level.txt
[7.597s] writing manifest file '../../build/yyh_object/yyh_object.egg-info/SOURCES.txt'
[7.598s] running build
[7.598s] running build_py
[7.598s] copying yyh_object/image.py -> /home/yyh/ros2_ws/build/yyh_object/build/lib/yyh_object
[7.599s] copying yyh_object/yolo_function.py -> /home/yyh/ros2_ws/build/yyh_object/build/lib/yyh_object
[7.599s] running install
[7.603s] running install_lib
[7.616s] copying /home/yyh/ros2_ws/build/yyh_object/build/lib/yyh_object/image.py -> /home/yyh/ros2_ws/install/yyh_object/lib/python3.8/site-packages/yyh_object
[7.617s] copying /home/yyh/ros2_ws/build/yyh_object/build/lib/yyh_object/yolo_function.py -> /home/yyh/ros2_ws/install/yyh_object/lib/python3.8/site-packages/yyh_object
[7.617s] byte-compiling /home/yyh/ros2_ws/install/yyh_object/lib/python3.8/site-packages/yyh_object/image.py to image.cpython-38.pyc
[7.618s] byte-compiling /home/yyh/ros2_ws/install/yyh_object/lib/python3.8/site-packages/yyh_object/yolo_function.py to yolo_function.cpython-38.pyc
[7.619s] running install_data
[7.619s] running install_egg_info
[7.633s] removing '/home/yyh/ros2_ws/install/yyh_object/lib/python3.8/site-packages/yyh_object-0.0.0-py3.8.egg-info' (and everything under it)
[7.633s] Copying ../../build/yyh_object/yyh_object.egg-info to /home/yyh/ros2_ws/install/yyh_object/lib/python3.8/site-packages/yyh_object-0.0.0-py3.8.egg-info
[7.634s] running install_scripts
[7.691s] Installing image script to /home/yyh/ros2_ws/install/yyh_object/lib/yyh_object
[7.691s] writing list of installed files to '/home/yyh/ros2_ws/build/yyh_object/install.log'
[7.745s] Invoked command in '/home/yyh/ros2_ws/src/yyh_object' returned '0': PYTHONPATH=/home/yyh/ros2_ws/build/yyh_object/prefix_override:/usr/lib/python3/dist-packages/colcon_core/task/python/colcon_distutils_commands:/home/yyh/ros2_ws/install/yyh_object/lib/python3.8/site-packages:${PYTHONPATH} /usr/bin/python3 -W ignore:setup.py install is deprecated setup.py egg_info --egg-base ../../build/yyh_object build --build-base /home/yyh/ros2_ws/build/yyh_object/build install --record /home/yyh/ros2_ws/build/yyh_object/install.log --single-version-externally-managed install_data
