[2.194s] Invoking command in '/home/yyh/ros2_ws/src/yyh_nav': PYTHONPATH=/home/yyh/ros2_ws/build/yyh_nav/prefix_override:/usr/lib/python3/dist-packages/colcon_core/task/python/colcon_distutils_commands:/home/yyh/ros2_ws/install/yyh_nav/lib/python3.8/site-packages:${PYTHONPATH} /usr/bin/python3 -W ignore:setup.py install is deprecated setup.py egg_info --egg-base ../../build/yyh_nav build --build-base /home/yyh/ros2_ws/build/yyh_nav/build install --record /home/yyh/ros2_ws/build/yyh_nav/install.log --single-version-externally-managed install_data
[2.930s] running egg_info
[2.956s] writing ../../build/yyh_nav/yyh_nav.egg-info/PKG-INFO
[2.956s] writing dependency_links to ../../build/yyh_nav/yyh_nav.egg-info/dependency_links.txt
[2.956s] writing entry points to ../../build/yyh_nav/yyh_nav.egg-info/entry_points.txt
[2.956s] writing requirements to ../../build/yyh_nav/yyh_nav.egg-info/requires.txt
[2.956s] writing top-level names to ../../build/yyh_nav/yyh_nav.egg-info/top_level.txt
[6.653s] writing manifest file '../../build/yyh_nav/yyh_nav.egg-info/SOURCES.txt'
[6.654s] running build
[6.654s] running build_py
[6.655s] running install
[6.663s] running install_lib
[6.683s] running install_data
[6.684s] running install_egg_info
[6.702s] removing '/home/yyh/ros2_ws/install/yyh_nav/lib/python3.8/site-packages/yyh_nav-0.0.0-py3.8.egg-info' (and everything under it)
[6.703s] Copying ../../build/yyh_nav/yyh_nav.egg-info to /home/yyh/ros2_ws/install/yyh_nav/lib/python3.8/site-packages/yyh_nav-0.0.0-py3.8.egg-info
[6.704s] running install_scripts
[6.775s] Installing t265_pose_test script to /home/yyh/ros2_ws/install/yyh_nav/lib/yyh_nav
[6.775s] Installing tft265 script to /home/yyh/ros2_ws/install/yyh_nav/lib/yyh_nav
[6.776s] writing list of installed files to '/home/yyh/ros2_ws/build/yyh_nav/install.log'
[6.832s] Invoked command in '/home/yyh/ros2_ws/src/yyh_nav' returned '0': PYTHONPATH=/home/yyh/ros2_ws/build/yyh_nav/prefix_override:/usr/lib/python3/dist-packages/colcon_core/task/python/colcon_distutils_commands:/home/yyh/ros2_ws/install/yyh_nav/lib/python3.8/site-packages:${PYTHONPATH} /usr/bin/python3 -W ignore:setup.py install is deprecated setup.py egg_info --egg-base ../../build/yyh_nav build --build-base /home/yyh/ros2_ws/build/yyh_nav/build install --record /home/yyh/ros2_ws/build/yyh_nav/install.log --single-version-externally-managed install_data
