[0.140s] DEBUG:colcon:Command line arguments: ['/usr/bin/colcon', 'build']
[0.140s] DEBUG:colcon:Parsed command line arguments: Namespace(allow_overriding=[], ament_cmake_args=None, base_paths=['.'], build_base='build', catkin_cmake_args=None, catkin_skip_building_tests=False, cmake_args=None, cmake_clean_cache=False, cmake_clean_first=False, cmake_force_configure=False, cmake_target=None, cmake_target_skip_unavailable=False, continue_on_error=False, event_handlers=None, executor='parallel', ignore_user_meta=False, install_base='install', log_base=None, log_level=None, main=<bound method BuildVerb.main of <colcon_core.verb.build.BuildVerb object at 0x7f41902330d0>>, merge_install=False, metas=['./colcon.meta'], packages_above=None, packages_above_and_dependencies=None, packages_above_depth=None, packages_end=None, packages_ignore=None, packages_ignore_regex=None, packages_select=None, packages_select_build_failed=False, packages_select_by_dep=None, packages_select_regex=None, packages_select_test_failures=False, packages_skip=None, packages_skip_build_finished=False, packages_skip_by_dep=None, packages_skip_regex=None, packages_skip_test_passed=False, packages_skip_up_to=None, packages_start=None, packages_up_to=None, packages_up_to_regex=None, parallel_workers=4, paths=None, symlink_install=False, test_result_base=None, verb_extension=<colcon_core.verb.build.BuildVerb object at 0x7f41902330d0>, verb_name='build', verb_parser=<colcon_defaults.argument_parser.defaults.DefaultArgumentsDecorator object at 0x7f4190233760>)
[0.276s] Level 1:colcon.colcon_core.package_discovery:discover_packages(colcon_meta) check parameters
[0.276s] Level 1:colcon.colcon_core.package_discovery:discover_packages(recursive) check parameters
[0.276s] Level 1:colcon.colcon_core.package_discovery:discover_packages(ignore) check parameters
[0.276s] Level 1:colcon.colcon_core.package_discovery:discover_packages(path) check parameters
[0.276s] Level 1:colcon.colcon_core.package_discovery:discover_packages(colcon_meta) discover
[0.276s] Level 1:colcon.colcon_core.package_discovery:discover_packages(recursive) discover
[0.276s] INFO:colcon.colcon_core.package_discovery:Crawling recursively for packages in '/home/yyh/ros2_ws'
[0.276s] Level 1:colcon.colcon_core.package_identification:_identify(.) by extensions ['ignore', 'ignore_ament_install']
[0.276s] Level 1:colcon.colcon_core.package_identification:_identify(.) by extension 'ignore'
[0.276s] Level 1:colcon.colcon_core.package_identification:_identify(.) by extension 'ignore_ament_install'
[0.276s] Level 1:colcon.colcon_core.package_identification:_identify(.) by extensions ['colcon_pkg']
[0.276s] Level 1:colcon.colcon_core.package_identification:_identify(.) by extension 'colcon_pkg'
[0.276s] Level 1:colcon.colcon_core.package_identification:_identify(.) by extensions ['colcon_meta']
[0.277s] Level 1:colcon.colcon_core.package_identification:_identify(.) by extension 'colcon_meta'
[0.277s] Level 1:colcon.colcon_core.package_identification:_identify(.) by extensions ['ros']
[0.277s] Level 1:colcon.colcon_core.package_identification:_identify(.) by extension 'ros'
[0.286s] Level 1:colcon.colcon_core.package_identification:_identify(.) by extensions ['cmake', 'python']
[0.286s] Level 1:colcon.colcon_core.package_identification:_identify(.) by extension 'cmake'
[0.286s] Level 1:colcon.colcon_core.package_identification:_identify(.) by extension 'python'
[0.286s] Level 1:colcon.colcon_core.package_identification:_identify(.) by extensions ['python_setup_py']
[0.286s] Level 1:colcon.colcon_core.package_identification:_identify(.) by extension 'python_setup_py'
[0.286s] Level 1:colcon.colcon_core.package_identification:_identify(build) by extensions ['ignore', 'ignore_ament_install']
[0.286s] Level 1:colcon.colcon_core.package_identification:_identify(build) by extension 'ignore'
[0.286s] Level 1:colcon.colcon_core.package_identification:_identify(build) ignored
[0.286s] Level 1:colcon.colcon_core.package_identification:_identify(doc) by extensions ['ignore', 'ignore_ament_install']
[0.286s] Level 1:colcon.colcon_core.package_identification:_identify(doc) by extension 'ignore'
[0.287s] Level 1:colcon.colcon_core.package_identification:_identify(doc) by extension 'ignore_ament_install'
[0.287s] Level 1:colcon.colcon_core.package_identification:_identify(doc) by extensions ['colcon_pkg']
[0.287s] Level 1:colcon.colcon_core.package_identification:_identify(doc) by extension 'colcon_pkg'
[0.287s] Level 1:colcon.colcon_core.package_identification:_identify(doc) by extensions ['colcon_meta']
[0.287s] Level 1:colcon.colcon_core.package_identification:_identify(doc) by extension 'colcon_meta'
[0.287s] Level 1:colcon.colcon_core.package_identification:_identify(doc) by extensions ['ros']
[0.287s] Level 1:colcon.colcon_core.package_identification:_identify(doc) by extension 'ros'
[0.287s] Level 1:colcon.colcon_core.package_identification:_identify(doc) by extensions ['cmake', 'python']
[0.287s] Level 1:colcon.colcon_core.package_identification:_identify(doc) by extension 'cmake'
[0.287s] Level 1:colcon.colcon_core.package_identification:_identify(doc) by extension 'python'
[0.287s] Level 1:colcon.colcon_core.package_identification:_identify(doc) by extensions ['python_setup_py']
[0.287s] Level 1:colcon.colcon_core.package_identification:_identify(doc) by extension 'python_setup_py'
[0.287s] Level 1:colcon.colcon_core.package_identification:_identify(doc/build) by extensions ['ignore', 'ignore_ament_install']
[0.287s] Level 1:colcon.colcon_core.package_identification:_identify(doc/build) by extension 'ignore'
[0.287s] Level 1:colcon.colcon_core.package_identification:_identify(doc/build) ignored
[0.287s] Level 1:colcon.colcon_core.package_identification:_identify(doc/install) by extensions ['ignore', 'ignore_ament_install']
[0.287s] Level 1:colcon.colcon_core.package_identification:_identify(doc/install) by extension 'ignore'
[0.287s] Level 1:colcon.colcon_core.package_identification:_identify(doc/install) ignored
[0.287s] Level 1:colcon.colcon_core.package_identification:_identify(doc/log) by extensions ['ignore', 'ignore_ament_install']
[0.287s] Level 1:colcon.colcon_core.package_identification:_identify(doc/log) by extension 'ignore'
[0.288s] Level 1:colcon.colcon_core.package_identification:_identify(doc/log) ignored
[0.288s] Level 1:colcon.colcon_core.package_identification:_identify(install) by extensions ['ignore', 'ignore_ament_install']
[0.288s] Level 1:colcon.colcon_core.package_identification:_identify(install) by extension 'ignore'
[0.288s] Level 1:colcon.colcon_core.package_identification:_identify(install) ignored
[0.288s] Level 1:colcon.colcon_core.package_identification:_identify(launch) by extensions ['ignore', 'ignore_ament_install']
[0.288s] Level 1:colcon.colcon_core.package_identification:_identify(launch) by extension 'ignore'
[0.288s] Level 1:colcon.colcon_core.package_identification:_identify(launch) by extension 'ignore_ament_install'
[0.288s] Level 1:colcon.colcon_core.package_identification:_identify(launch) by extensions ['colcon_pkg']
[0.288s] Level 1:colcon.colcon_core.package_identification:_identify(launch) by extension 'colcon_pkg'
[0.288s] Level 1:colcon.colcon_core.package_identification:_identify(launch) by extensions ['colcon_meta']
[0.288s] Level 1:colcon.colcon_core.package_identification:_identify(launch) by extension 'colcon_meta'
[0.288s] Level 1:colcon.colcon_core.package_identification:_identify(launch) by extensions ['ros']
[0.288s] Level 1:colcon.colcon_core.package_identification:_identify(launch) by extension 'ros'
[0.288s] Level 1:colcon.colcon_core.package_identification:_identify(launch) by extensions ['cmake', 'python']
[0.288s] Level 1:colcon.colcon_core.package_identification:_identify(launch) by extension 'cmake'
[0.288s] Level 1:colcon.colcon_core.package_identification:_identify(launch) by extension 'python'
[0.288s] Level 1:colcon.colcon_core.package_identification:_identify(launch) by extensions ['python_setup_py']
[0.288s] Level 1:colcon.colcon_core.package_identification:_identify(launch) by extension 'python_setup_py'
[0.288s] Level 1:colcon.colcon_core.package_identification:_identify(launch/__pycache__) by extensions ['ignore', 'ignore_ament_install']
[0.288s] Level 1:colcon.colcon_core.package_identification:_identify(launch/__pycache__) by extension 'ignore'
[0.288s] Level 1:colcon.colcon_core.package_identification:_identify(launch/__pycache__) by extension 'ignore_ament_install'
[0.288s] Level 1:colcon.colcon_core.package_identification:_identify(launch/__pycache__) by extensions ['colcon_pkg']
[0.289s] Level 1:colcon.colcon_core.package_identification:_identify(launch/__pycache__) by extension 'colcon_pkg'
[0.289s] Level 1:colcon.colcon_core.package_identification:_identify(launch/__pycache__) by extensions ['colcon_meta']
[0.289s] Level 1:colcon.colcon_core.package_identification:_identify(launch/__pycache__) by extension 'colcon_meta'
[0.289s] Level 1:colcon.colcon_core.package_identification:_identify(launch/__pycache__) by extensions ['ros']
[0.289s] Level 1:colcon.colcon_core.package_identification:_identify(launch/__pycache__) by extension 'ros'
[0.289s] Level 1:colcon.colcon_core.package_identification:_identify(launch/__pycache__) by extensions ['cmake', 'python']
[0.289s] Level 1:colcon.colcon_core.package_identification:_identify(launch/__pycache__) by extension 'cmake'
[0.289s] Level 1:colcon.colcon_core.package_identification:_identify(launch/__pycache__) by extension 'python'
[0.289s] Level 1:colcon.colcon_core.package_identification:_identify(launch/__pycache__) by extensions ['python_setup_py']
[0.289s] Level 1:colcon.colcon_core.package_identification:_identify(launch/__pycache__) by extension 'python_setup_py'
[0.289s] Level 1:colcon.colcon_core.package_identification:_identify(launch/build) by extensions ['ignore', 'ignore_ament_install']
[0.289s] Level 1:colcon.colcon_core.package_identification:_identify(launch/build) by extension 'ignore'
[0.289s] Level 1:colcon.colcon_core.package_identification:_identify(launch/build) ignored
[0.289s] Level 1:colcon.colcon_core.package_identification:_identify(launch/install) by extensions ['ignore', 'ignore_ament_install']
[0.289s] Level 1:colcon.colcon_core.package_identification:_identify(launch/install) by extension 'ignore'
[0.289s] Level 1:colcon.colcon_core.package_identification:_identify(launch/install) ignored
[0.289s] Level 1:colcon.colcon_core.package_identification:_identify(launch/log) by extensions ['ignore', 'ignore_ament_install']
[0.289s] Level 1:colcon.colcon_core.package_identification:_identify(launch/log) by extension 'ignore'
[0.289s] Level 1:colcon.colcon_core.package_identification:_identify(launch/log) ignored
[0.290s] Level 1:colcon.colcon_core.package_identification:_identify(log) by extensions ['ignore', 'ignore_ament_install']
[0.290s] Level 1:colcon.colcon_core.package_identification:_identify(log) by extension 'ignore'
[0.290s] Level 1:colcon.colcon_core.package_identification:_identify(log) ignored
[0.290s] Level 1:colcon.colcon_core.package_identification:_identify(src) by extensions ['ignore', 'ignore_ament_install']
[0.290s] Level 1:colcon.colcon_core.package_identification:_identify(src) by extension 'ignore'
[0.290s] Level 1:colcon.colcon_core.package_identification:_identify(src) by extension 'ignore_ament_install'
[0.290s] Level 1:colcon.colcon_core.package_identification:_identify(src) by extensions ['colcon_pkg']
[0.290s] Level 1:colcon.colcon_core.package_identification:_identify(src) by extension 'colcon_pkg'
[0.290s] Level 1:colcon.colcon_core.package_identification:_identify(src) by extensions ['colcon_meta']
[0.290s] Level 1:colcon.colcon_core.package_identification:_identify(src) by extension 'colcon_meta'
[0.290s] Level 1:colcon.colcon_core.package_identification:_identify(src) by extensions ['ros']
[0.290s] Level 1:colcon.colcon_core.package_identification:_identify(src) by extension 'ros'
[0.290s] Level 1:colcon.colcon_core.package_identification:_identify(src) by extensions ['cmake', 'python']
[0.290s] Level 1:colcon.colcon_core.package_identification:_identify(src) by extension 'cmake'
[0.290s] Level 1:colcon.colcon_core.package_identification:_identify(src) by extension 'python'
[0.290s] Level 1:colcon.colcon_core.package_identification:_identify(src) by extensions ['python_setup_py']
[0.290s] Level 1:colcon.colcon_core.package_identification:_identify(src) by extension 'python_setup_py'
[0.291s] Level 1:colcon.colcon_core.package_identification:_identify(src/learning_interface) by extensions ['ignore', 'ignore_ament_install']
[0.291s] Level 1:colcon.colcon_core.package_identification:_identify(src/learning_interface) by extension 'ignore'
[0.291s] Level 1:colcon.colcon_core.package_identification:_identify(src/learning_interface) by extension 'ignore_ament_install'
[0.291s] Level 1:colcon.colcon_core.package_identification:_identify(src/learning_interface) by extensions ['colcon_pkg']
[0.291s] Level 1:colcon.colcon_core.package_identification:_identify(src/learning_interface) by extension 'colcon_pkg'
[0.291s] Level 1:colcon.colcon_core.package_identification:_identify(src/learning_interface) by extensions ['colcon_meta']
[0.291s] Level 1:colcon.colcon_core.package_identification:_identify(src/learning_interface) by extension 'colcon_meta'
[0.291s] Level 1:colcon.colcon_core.package_identification:_identify(src/learning_interface) by extensions ['ros']
[0.291s] Level 1:colcon.colcon_core.package_identification:_identify(src/learning_interface) by extension 'ros'
[0.293s] DEBUG:colcon.colcon_core.package_identification:Package 'src/learning_interface' with type 'ros.ament_cmake' and name 'learning_interface'
[0.293s] Level 1:colcon.colcon_core.package_identification:_identify(src/realsense-ros-4.51.1) by extensions ['ignore', 'ignore_ament_install']
[0.293s] Level 1:colcon.colcon_core.package_identification:_identify(src/realsense-ros-4.51.1) by extension 'ignore'
[0.293s] Level 1:colcon.colcon_core.package_identification:_identify(src/realsense-ros-4.51.1) by extension 'ignore_ament_install'
[0.293s] Level 1:colcon.colcon_core.package_identification:_identify(src/realsense-ros-4.51.1) by extensions ['colcon_pkg']
[0.293s] Level 1:colcon.colcon_core.package_identification:_identify(src/realsense-ros-4.51.1) by extension 'colcon_pkg'
[0.293s] Level 1:colcon.colcon_core.package_identification:_identify(src/realsense-ros-4.51.1) by extensions ['colcon_meta']
[0.293s] Level 1:colcon.colcon_core.package_identification:_identify(src/realsense-ros-4.51.1) by extension 'colcon_meta'
[0.293s] Level 1:colcon.colcon_core.package_identification:_identify(src/realsense-ros-4.51.1) by extensions ['ros']
[0.293s] Level 1:colcon.colcon_core.package_identification:_identify(src/realsense-ros-4.51.1) by extension 'ros'
[0.293s] Level 1:colcon.colcon_core.package_identification:_identify(src/realsense-ros-4.51.1) by extensions ['cmake', 'python']
[0.293s] Level 1:colcon.colcon_core.package_identification:_identify(src/realsense-ros-4.51.1) by extension 'cmake'
[0.293s] Level 1:colcon.colcon_core.package_identification:_identify(src/realsense-ros-4.51.1) by extension 'python'
[0.293s] Level 1:colcon.colcon_core.package_identification:_identify(src/realsense-ros-4.51.1) by extensions ['python_setup_py']
[0.293s] Level 1:colcon.colcon_core.package_identification:_identify(src/realsense-ros-4.51.1) by extension 'python_setup_py'
[0.293s] Level 1:colcon.colcon_core.package_identification:_identify(src/realsense-ros-4.51.1/realsense2_camera) by extensions ['ignore', 'ignore_ament_install']
[0.293s] Level 1:colcon.colcon_core.package_identification:_identify(src/realsense-ros-4.51.1/realsense2_camera) by extension 'ignore'
[0.294s] Level 1:colcon.colcon_core.package_identification:_identify(src/realsense-ros-4.51.1/realsense2_camera) by extension 'ignore_ament_install'
[0.294s] Level 1:colcon.colcon_core.package_identification:_identify(src/realsense-ros-4.51.1/realsense2_camera) by extensions ['colcon_pkg']
[0.294s] Level 1:colcon.colcon_core.package_identification:_identify(src/realsense-ros-4.51.1/realsense2_camera) by extension 'colcon_pkg'
[0.294s] Level 1:colcon.colcon_core.package_identification:_identify(src/realsense-ros-4.51.1/realsense2_camera) by extensions ['colcon_meta']
[0.294s] Level 1:colcon.colcon_core.package_identification:_identify(src/realsense-ros-4.51.1/realsense2_camera) by extension 'colcon_meta'
[0.294s] Level 1:colcon.colcon_core.package_identification:_identify(src/realsense-ros-4.51.1/realsense2_camera) by extensions ['ros']
[0.294s] Level 1:colcon.colcon_core.package_identification:_identify(src/realsense-ros-4.51.1/realsense2_camera) by extension 'ros'
[0.295s] DEBUG:colcon.colcon_core.package_identification:Package 'src/realsense-ros-4.51.1/realsense2_camera' with type 'ros.ament_cmake' and name 'realsense2_camera'
[0.295s] Level 1:colcon.colcon_core.package_identification:_identify(src/realsense-ros-4.51.1/realsense2_camera_msgs) by extensions ['ignore', 'ignore_ament_install']
[0.295s] Level 1:colcon.colcon_core.package_identification:_identify(src/realsense-ros-4.51.1/realsense2_camera_msgs) by extension 'ignore'
[0.295s] Level 1:colcon.colcon_core.package_identification:_identify(src/realsense-ros-4.51.1/realsense2_camera_msgs) by extension 'ignore_ament_install'
[0.295s] Level 1:colcon.colcon_core.package_identification:_identify(src/realsense-ros-4.51.1/realsense2_camera_msgs) by extensions ['colcon_pkg']
[0.295s] Level 1:colcon.colcon_core.package_identification:_identify(src/realsense-ros-4.51.1/realsense2_camera_msgs) by extension 'colcon_pkg'
[0.295s] Level 1:colcon.colcon_core.package_identification:_identify(src/realsense-ros-4.51.1/realsense2_camera_msgs) by extensions ['colcon_meta']
[0.295s] Level 1:colcon.colcon_core.package_identification:_identify(src/realsense-ros-4.51.1/realsense2_camera_msgs) by extension 'colcon_meta'
[0.295s] Level 1:colcon.colcon_core.package_identification:_identify(src/realsense-ros-4.51.1/realsense2_camera_msgs) by extensions ['ros']
[0.295s] Level 1:colcon.colcon_core.package_identification:_identify(src/realsense-ros-4.51.1/realsense2_camera_msgs) by extension 'ros'
[0.296s] DEBUG:colcon.colcon_core.package_identification:Package 'src/realsense-ros-4.51.1/realsense2_camera_msgs' with type 'ros.ament_cmake' and name 'realsense2_camera_msgs'
[0.296s] Level 1:colcon.colcon_core.package_identification:_identify(src/realsense-ros-4.51.1/realsense2_description) by extensions ['ignore', 'ignore_ament_install']
[0.296s] Level 1:colcon.colcon_core.package_identification:_identify(src/realsense-ros-4.51.1/realsense2_description) by extension 'ignore'
[0.296s] Level 1:colcon.colcon_core.package_identification:_identify(src/realsense-ros-4.51.1/realsense2_description) by extension 'ignore_ament_install'
[0.296s] Level 1:colcon.colcon_core.package_identification:_identify(src/realsense-ros-4.51.1/realsense2_description) by extensions ['colcon_pkg']
[0.296s] Level 1:colcon.colcon_core.package_identification:_identify(src/realsense-ros-4.51.1/realsense2_description) by extension 'colcon_pkg'
[0.296s] Level 1:colcon.colcon_core.package_identification:_identify(src/realsense-ros-4.51.1/realsense2_description) by extensions ['colcon_meta']
[0.296s] Level 1:colcon.colcon_core.package_identification:_identify(src/realsense-ros-4.51.1/realsense2_description) by extension 'colcon_meta'
[0.296s] Level 1:colcon.colcon_core.package_identification:_identify(src/realsense-ros-4.51.1/realsense2_description) by extensions ['ros']
[0.296s] Level 1:colcon.colcon_core.package_identification:_identify(src/realsense-ros-4.51.1/realsense2_description) by extension 'ros'
[0.297s] DEBUG:colcon.colcon_core.package_identification:Package 'src/realsense-ros-4.51.1/realsense2_description' with type 'ros.ament_cmake' and name 'realsense2_description'
[0.297s] Level 1:colcon.colcon_core.package_identification:_identify(src/realsense-ros-4.51.1/scripts) by extensions ['ignore', 'ignore_ament_install']
[0.297s] Level 1:colcon.colcon_core.package_identification:_identify(src/realsense-ros-4.51.1/scripts) by extension 'ignore'
[0.297s] Level 1:colcon.colcon_core.package_identification:_identify(src/realsense-ros-4.51.1/scripts) by extension 'ignore_ament_install'
[0.297s] Level 1:colcon.colcon_core.package_identification:_identify(src/realsense-ros-4.51.1/scripts) by extensions ['colcon_pkg']
[0.297s] Level 1:colcon.colcon_core.package_identification:_identify(src/realsense-ros-4.51.1/scripts) by extension 'colcon_pkg'
[0.297s] Level 1:colcon.colcon_core.package_identification:_identify(src/realsense-ros-4.51.1/scripts) by extensions ['colcon_meta']
[0.297s] Level 1:colcon.colcon_core.package_identification:_identify(src/realsense-ros-4.51.1/scripts) by extension 'colcon_meta'
[0.297s] Level 1:colcon.colcon_core.package_identification:_identify(src/realsense-ros-4.51.1/scripts) by extensions ['ros']
[0.297s] Level 1:colcon.colcon_core.package_identification:_identify(src/realsense-ros-4.51.1/scripts) by extension 'ros'
[0.297s] Level 1:colcon.colcon_core.package_identification:_identify(src/realsense-ros-4.51.1/scripts) by extensions ['cmake', 'python']
[0.297s] Level 1:colcon.colcon_core.package_identification:_identify(src/realsense-ros-4.51.1/scripts) by extension 'cmake'
[0.297s] Level 1:colcon.colcon_core.package_identification:_identify(src/realsense-ros-4.51.1/scripts) by extension 'python'
[0.297s] Level 1:colcon.colcon_core.package_identification:_identify(src/realsense-ros-4.51.1/scripts) by extensions ['python_setup_py']
[0.297s] Level 1:colcon.colcon_core.package_identification:_identify(src/realsense-ros-4.51.1/scripts) by extension 'python_setup_py'
[0.298s] Level 1:colcon.colcon_core.package_identification:_identify(src/yolov5_ros2) by extensions ['ignore', 'ignore_ament_install']
[0.298s] Level 1:colcon.colcon_core.package_identification:_identify(src/yolov5_ros2) by extension 'ignore'
[0.298s] Level 1:colcon.colcon_core.package_identification:_identify(src/yolov5_ros2) by extension 'ignore_ament_install'
[0.298s] Level 1:colcon.colcon_core.package_identification:_identify(src/yolov5_ros2) by extensions ['colcon_pkg']
[0.298s] Level 1:colcon.colcon_core.package_identification:_identify(src/yolov5_ros2) by extension 'colcon_pkg'
[0.298s] Level 1:colcon.colcon_core.package_identification:_identify(src/yolov5_ros2) by extensions ['colcon_meta']
[0.298s] Level 1:colcon.colcon_core.package_identification:_identify(src/yolov5_ros2) by extension 'colcon_meta'
[0.298s] Level 1:colcon.colcon_core.package_identification:_identify(src/yolov5_ros2) by extensions ['ros']
[0.298s] Level 1:colcon.colcon_core.package_identification:_identify(src/yolov5_ros2) by extension 'ros'
[0.298s] DEBUG:colcon.colcon_core.package_identification:Package 'src/yolov5_ros2' with type 'ros.ament_python' and name 'yolov5_ros2'
[0.298s] Level 1:colcon.colcon_core.package_identification:_identify(src/yyh_nav) by extensions ['ignore', 'ignore_ament_install']
[0.299s] Level 1:colcon.colcon_core.package_identification:_identify(src/yyh_nav) by extension 'ignore'
[0.299s] Level 1:colcon.colcon_core.package_identification:_identify(src/yyh_nav) by extension 'ignore_ament_install'
[0.299s] Level 1:colcon.colcon_core.package_identification:_identify(src/yyh_nav) by extensions ['colcon_pkg']
[0.299s] Level 1:colcon.colcon_core.package_identification:_identify(src/yyh_nav) by extension 'colcon_pkg'
[0.299s] Level 1:colcon.colcon_core.package_identification:_identify(src/yyh_nav) by extensions ['colcon_meta']
[0.299s] Level 1:colcon.colcon_core.package_identification:_identify(src/yyh_nav) by extension 'colcon_meta'
[0.299s] Level 1:colcon.colcon_core.package_identification:_identify(src/yyh_nav) by extensions ['ros']
[0.299s] Level 1:colcon.colcon_core.package_identification:_identify(src/yyh_nav) by extension 'ros'
[0.299s] DEBUG:colcon.colcon_core.package_identification:Package 'src/yyh_nav' with type 'ros.ament_python' and name 'yyh_nav'
[0.299s] Level 1:colcon.colcon_core.package_identification:_identify(src/yyh_object) by extensions ['ignore', 'ignore_ament_install']
[0.299s] Level 1:colcon.colcon_core.package_identification:_identify(src/yyh_object) by extension 'ignore'
[0.299s] Level 1:colcon.colcon_core.package_identification:_identify(src/yyh_object) by extension 'ignore_ament_install'
[0.299s] Level 1:colcon.colcon_core.package_identification:_identify(src/yyh_object) by extensions ['colcon_pkg']
[0.299s] Level 1:colcon.colcon_core.package_identification:_identify(src/yyh_object) by extension 'colcon_pkg'
[0.299s] Level 1:colcon.colcon_core.package_identification:_identify(src/yyh_object) by extensions ['colcon_meta']
[0.299s] Level 1:colcon.colcon_core.package_identification:_identify(src/yyh_object) by extension 'colcon_meta'
[0.300s] Level 1:colcon.colcon_core.package_identification:_identify(src/yyh_object) by extensions ['ros']
[0.300s] Level 1:colcon.colcon_core.package_identification:_identify(src/yyh_object) by extension 'ros'
[0.301s] DEBUG:colcon.colcon_core.package_identification:Package 'src/yyh_object' with type 'ros.ament_python' and name 'yyh_object'
[0.301s] Level 1:colcon.colcon_core.package_identification:_identify(test) by extensions ['ignore', 'ignore_ament_install']
[0.301s] Level 1:colcon.colcon_core.package_identification:_identify(test) by extension 'ignore'
[0.301s] Level 1:colcon.colcon_core.package_identification:_identify(test) by extension 'ignore_ament_install'
[0.301s] Level 1:colcon.colcon_core.package_identification:_identify(test) by extensions ['colcon_pkg']
[0.301s] Level 1:colcon.colcon_core.package_identification:_identify(test) by extension 'colcon_pkg'
[0.301s] Level 1:colcon.colcon_core.package_identification:_identify(test) by extensions ['colcon_meta']
[0.301s] Level 1:colcon.colcon_core.package_identification:_identify(test) by extension 'colcon_meta'
[0.301s] Level 1:colcon.colcon_core.package_identification:_identify(test) by extensions ['ros']
[0.301s] Level 1:colcon.colcon_core.package_identification:_identify(test) by extension 'ros'
[0.301s] Level 1:colcon.colcon_core.package_identification:_identify(test) by extensions ['cmake', 'python']
[0.301s] Level 1:colcon.colcon_core.package_identification:_identify(test) by extension 'cmake'
[0.301s] Level 1:colcon.colcon_core.package_identification:_identify(test) by extension 'python'
[0.301s] Level 1:colcon.colcon_core.package_identification:_identify(test) by extensions ['python_setup_py']
[0.301s] Level 1:colcon.colcon_core.package_identification:_identify(test) by extension 'python_setup_py'
[0.301s] Level 1:colcon.colcon_core.package_discovery:discover_packages(recursive) using defaults
[0.301s] Level 1:colcon.colcon_core.package_discovery:discover_packages(ignore) discover
[0.301s] Level 1:colcon.colcon_core.package_discovery:discover_packages(ignore) using defaults
[0.301s] Level 1:colcon.colcon_core.package_discovery:discover_packages(path) discover
[0.301s] Level 1:colcon.colcon_core.package_discovery:discover_packages(path) using defaults
[0.315s] Level 1:colcon.colcon_core.package_discovery:discover_packages(prefix_path) check parameters
[0.315s] Level 1:colcon.colcon_core.package_discovery:discover_packages(prefix_path) discover
[0.316s] DEBUG:colcon.colcon_installed_package_information.package_discovery:Found 8 installed packages in /home/yyh/ros2_ws/install
[0.317s] DEBUG:colcon.colcon_installed_package_information.package_discovery:Found 115 installed packages in /opt/ros/foxy
[0.317s] Level 1:colcon.colcon_core.package_discovery:discover_packages(prefix_path) using defaults
[0.329s] Level 5:colcon.colcon_core.verb:set package 'learning_interface' build argument 'cmake_args' from command line to 'None'
[0.329s] Level 5:colcon.colcon_core.verb:set package 'learning_interface' build argument 'cmake_target' from command line to 'None'
[0.329s] Level 5:colcon.colcon_core.verb:set package 'learning_interface' build argument 'cmake_target_skip_unavailable' from command line to 'False'
[0.329s] Level 5:colcon.colcon_core.verb:set package 'learning_interface' build argument 'cmake_clean_cache' from command line to 'False'
[0.329s] Level 5:colcon.colcon_core.verb:set package 'learning_interface' build argument 'cmake_clean_first' from command line to 'False'
[0.329s] Level 5:colcon.colcon_core.verb:set package 'learning_interface' build argument 'cmake_force_configure' from command line to 'False'
[0.329s] Level 5:colcon.colcon_core.verb:set package 'learning_interface' build argument 'ament_cmake_args' from command line to 'None'
[0.329s] Level 5:colcon.colcon_core.verb:set package 'learning_interface' build argument 'catkin_cmake_args' from command line to 'None'
[0.329s] Level 5:colcon.colcon_core.verb:set package 'learning_interface' build argument 'catkin_skip_building_tests' from command line to 'False'
[0.329s] DEBUG:colcon.colcon_core.verb:Building package 'learning_interface' with the following arguments: {'ament_cmake_args': None, 'build_base': '/home/yyh/ros2_ws/build/learning_interface', 'catkin_cmake_args': None, 'catkin_skip_building_tests': False, 'cmake_args': None, 'cmake_clean_cache': False, 'cmake_clean_first': False, 'cmake_force_configure': False, 'cmake_target': None, 'cmake_target_skip_unavailable': False, 'install_base': '/home/yyh/ros2_ws/install/learning_interface', 'merge_install': False, 'path': '/home/yyh/ros2_ws/src/learning_interface', 'symlink_install': False, 'test_result_base': None}
[0.329s] Level 5:colcon.colcon_core.verb:set package 'realsense2_camera_msgs' build argument 'cmake_args' from command line to 'None'
[0.329s] Level 5:colcon.colcon_core.verb:set package 'realsense2_camera_msgs' build argument 'cmake_target' from command line to 'None'
[0.329s] Level 5:colcon.colcon_core.verb:set package 'realsense2_camera_msgs' build argument 'cmake_target_skip_unavailable' from command line to 'False'
[0.329s] Level 5:colcon.colcon_core.verb:set package 'realsense2_camera_msgs' build argument 'cmake_clean_cache' from command line to 'False'
[0.329s] Level 5:colcon.colcon_core.verb:set package 'realsense2_camera_msgs' build argument 'cmake_clean_first' from command line to 'False'
[0.329s] Level 5:colcon.colcon_core.verb:set package 'realsense2_camera_msgs' build argument 'cmake_force_configure' from command line to 'False'
[0.329s] Level 5:colcon.colcon_core.verb:set package 'realsense2_camera_msgs' build argument 'ament_cmake_args' from command line to 'None'
[0.329s] Level 5:colcon.colcon_core.verb:set package 'realsense2_camera_msgs' build argument 'catkin_cmake_args' from command line to 'None'
[0.329s] Level 5:colcon.colcon_core.verb:set package 'realsense2_camera_msgs' build argument 'catkin_skip_building_tests' from command line to 'False'
[0.330s] DEBUG:colcon.colcon_core.verb:Building package 'realsense2_camera_msgs' with the following arguments: {'ament_cmake_args': None, 'build_base': '/home/yyh/ros2_ws/build/realsense2_camera_msgs', 'catkin_cmake_args': None, 'catkin_skip_building_tests': False, 'cmake_args': None, 'cmake_clean_cache': False, 'cmake_clean_first': False, 'cmake_force_configure': False, 'cmake_target': None, 'cmake_target_skip_unavailable': False, 'install_base': '/home/yyh/ros2_ws/install/realsense2_camera_msgs', 'merge_install': False, 'path': '/home/yyh/ros2_ws/src/realsense-ros-4.51.1/realsense2_camera_msgs', 'symlink_install': False, 'test_result_base': None}
[0.330s] Level 5:colcon.colcon_core.verb:set package 'yolov5_ros2' build argument 'cmake_args' from command line to 'None'
[0.330s] Level 5:colcon.colcon_core.verb:set package 'yolov5_ros2' build argument 'cmake_target' from command line to 'None'
[0.330s] Level 5:colcon.colcon_core.verb:set package 'yolov5_ros2' build argument 'cmake_target_skip_unavailable' from command line to 'False'
[0.330s] Level 5:colcon.colcon_core.verb:set package 'yolov5_ros2' build argument 'cmake_clean_cache' from command line to 'False'
[0.330s] Level 5:colcon.colcon_core.verb:set package 'yolov5_ros2' build argument 'cmake_clean_first' from command line to 'False'
[0.330s] Level 5:colcon.colcon_core.verb:set package 'yolov5_ros2' build argument 'cmake_force_configure' from command line to 'False'
[0.330s] Level 5:colcon.colcon_core.verb:set package 'yolov5_ros2' build argument 'ament_cmake_args' from command line to 'None'
[0.330s] Level 5:colcon.colcon_core.verb:set package 'yolov5_ros2' build argument 'catkin_cmake_args' from command line to 'None'
[0.330s] Level 5:colcon.colcon_core.verb:set package 'yolov5_ros2' build argument 'catkin_skip_building_tests' from command line to 'False'
[0.330s] DEBUG:colcon.colcon_core.verb:Building package 'yolov5_ros2' with the following arguments: {'ament_cmake_args': None, 'build_base': '/home/yyh/ros2_ws/build/yolov5_ros2', 'catkin_cmake_args': None, 'catkin_skip_building_tests': False, 'cmake_args': None, 'cmake_clean_cache': False, 'cmake_clean_first': False, 'cmake_force_configure': False, 'cmake_target': None, 'cmake_target_skip_unavailable': False, 'install_base': '/home/yyh/ros2_ws/install/yolov5_ros2', 'merge_install': False, 'path': '/home/yyh/ros2_ws/src/yolov5_ros2', 'symlink_install': False, 'test_result_base': None}
[0.330s] Level 5:colcon.colcon_core.verb:set package 'yyh_nav' build argument 'cmake_args' from command line to 'None'
[0.330s] Level 5:colcon.colcon_core.verb:set package 'yyh_nav' build argument 'cmake_target' from command line to 'None'
[0.330s] Level 5:colcon.colcon_core.verb:set package 'yyh_nav' build argument 'cmake_target_skip_unavailable' from command line to 'False'
[0.330s] Level 5:colcon.colcon_core.verb:set package 'yyh_nav' build argument 'cmake_clean_cache' from command line to 'False'
[0.330s] Level 5:colcon.colcon_core.verb:set package 'yyh_nav' build argument 'cmake_clean_first' from command line to 'False'
[0.330s] Level 5:colcon.colcon_core.verb:set package 'yyh_nav' build argument 'cmake_force_configure' from command line to 'False'
[0.330s] Level 5:colcon.colcon_core.verb:set package 'yyh_nav' build argument 'ament_cmake_args' from command line to 'None'
[0.330s] Level 5:colcon.colcon_core.verb:set package 'yyh_nav' build argument 'catkin_cmake_args' from command line to 'None'
[0.330s] Level 5:colcon.colcon_core.verb:set package 'yyh_nav' build argument 'catkin_skip_building_tests' from command line to 'False'
[0.330s] DEBUG:colcon.colcon_core.verb:Building package 'yyh_nav' with the following arguments: {'ament_cmake_args': None, 'build_base': '/home/yyh/ros2_ws/build/yyh_nav', 'catkin_cmake_args': None, 'catkin_skip_building_tests': False, 'cmake_args': None, 'cmake_clean_cache': False, 'cmake_clean_first': False, 'cmake_force_configure': False, 'cmake_target': None, 'cmake_target_skip_unavailable': False, 'install_base': '/home/yyh/ros2_ws/install/yyh_nav', 'merge_install': False, 'path': '/home/yyh/ros2_ws/src/yyh_nav', 'symlink_install': False, 'test_result_base': None}
[0.331s] Level 5:colcon.colcon_core.verb:set package 'yyh_object' build argument 'cmake_args' from command line to 'None'
[0.331s] Level 5:colcon.colcon_core.verb:set package 'yyh_object' build argument 'cmake_target' from command line to 'None'
[0.331s] Level 5:colcon.colcon_core.verb:set package 'yyh_object' build argument 'cmake_target_skip_unavailable' from command line to 'False'
[0.331s] Level 5:colcon.colcon_core.verb:set package 'yyh_object' build argument 'cmake_clean_cache' from command line to 'False'
[0.331s] Level 5:colcon.colcon_core.verb:set package 'yyh_object' build argument 'cmake_clean_first' from command line to 'False'
[0.331s] Level 5:colcon.colcon_core.verb:set package 'yyh_object' build argument 'cmake_force_configure' from command line to 'False'
[0.331s] Level 5:colcon.colcon_core.verb:set package 'yyh_object' build argument 'ament_cmake_args' from command line to 'None'
[0.331s] Level 5:colcon.colcon_core.verb:set package 'yyh_object' build argument 'catkin_cmake_args' from command line to 'None'
[0.331s] Level 5:colcon.colcon_core.verb:set package 'yyh_object' build argument 'catkin_skip_building_tests' from command line to 'False'
[0.331s] DEBUG:colcon.colcon_core.verb:Building package 'yyh_object' with the following arguments: {'ament_cmake_args': None, 'build_base': '/home/yyh/ros2_ws/build/yyh_object', 'catkin_cmake_args': None, 'catkin_skip_building_tests': False, 'cmake_args': None, 'cmake_clean_cache': False, 'cmake_clean_first': False, 'cmake_force_configure': False, 'cmake_target': None, 'cmake_target_skip_unavailable': False, 'install_base': '/home/yyh/ros2_ws/install/yyh_object', 'merge_install': False, 'path': '/home/yyh/ros2_ws/src/yyh_object', 'symlink_install': False, 'test_result_base': None}
[0.331s] Level 5:colcon.colcon_core.verb:set package 'realsense2_camera' build argument 'cmake_args' from command line to 'None'
[0.331s] Level 5:colcon.colcon_core.verb:set package 'realsense2_camera' build argument 'cmake_target' from command line to 'None'
[0.331s] Level 5:colcon.colcon_core.verb:set package 'realsense2_camera' build argument 'cmake_target_skip_unavailable' from command line to 'False'
[0.331s] Level 5:colcon.colcon_core.verb:set package 'realsense2_camera' build argument 'cmake_clean_cache' from command line to 'False'
[0.331s] Level 5:colcon.colcon_core.verb:set package 'realsense2_camera' build argument 'cmake_clean_first' from command line to 'False'
[0.331s] Level 5:colcon.colcon_core.verb:set package 'realsense2_camera' build argument 'cmake_force_configure' from command line to 'False'
[0.331s] Level 5:colcon.colcon_core.verb:set package 'realsense2_camera' build argument 'ament_cmake_args' from command line to 'None'
[0.331s] Level 5:colcon.colcon_core.verb:set package 'realsense2_camera' build argument 'catkin_cmake_args' from command line to 'None'
[0.331s] Level 5:colcon.colcon_core.verb:set package 'realsense2_camera' build argument 'catkin_skip_building_tests' from command line to 'False'
[0.331s] DEBUG:colcon.colcon_core.verb:Building package 'realsense2_camera' with the following arguments: {'ament_cmake_args': None, 'build_base': '/home/yyh/ros2_ws/build/realsense2_camera', 'catkin_cmake_args': None, 'catkin_skip_building_tests': False, 'cmake_args': None, 'cmake_clean_cache': False, 'cmake_clean_first': False, 'cmake_force_configure': False, 'cmake_target': None, 'cmake_target_skip_unavailable': False, 'install_base': '/home/yyh/ros2_ws/install/realsense2_camera', 'merge_install': False, 'path': '/home/yyh/ros2_ws/src/realsense-ros-4.51.1/realsense2_camera', 'symlink_install': False, 'test_result_base': None}
[0.332s] Level 5:colcon.colcon_core.verb:set package 'realsense2_description' build argument 'cmake_args' from command line to 'None'
[0.332s] Level 5:colcon.colcon_core.verb:set package 'realsense2_description' build argument 'cmake_target' from command line to 'None'
[0.332s] Level 5:colcon.colcon_core.verb:set package 'realsense2_description' build argument 'cmake_target_skip_unavailable' from command line to 'False'
[0.332s] Level 5:colcon.colcon_core.verb:set package 'realsense2_description' build argument 'cmake_clean_cache' from command line to 'False'
[0.332s] Level 5:colcon.colcon_core.verb:set package 'realsense2_description' build argument 'cmake_clean_first' from command line to 'False'
[0.332s] Level 5:colcon.colcon_core.verb:set package 'realsense2_description' build argument 'cmake_force_configure' from command line to 'False'
[0.332s] Level 5:colcon.colcon_core.verb:set package 'realsense2_description' build argument 'ament_cmake_args' from command line to 'None'
[0.332s] Level 5:colcon.colcon_core.verb:set package 'realsense2_description' build argument 'catkin_cmake_args' from command line to 'None'
[0.332s] Level 5:colcon.colcon_core.verb:set package 'realsense2_description' build argument 'catkin_skip_building_tests' from command line to 'False'
[0.332s] DEBUG:colcon.colcon_core.verb:Building package 'realsense2_description' with the following arguments: {'ament_cmake_args': None, 'build_base': '/home/yyh/ros2_ws/build/realsense2_description', 'catkin_cmake_args': None, 'catkin_skip_building_tests': False, 'cmake_args': None, 'cmake_clean_cache': False, 'cmake_clean_first': False, 'cmake_force_configure': False, 'cmake_target': None, 'cmake_target_skip_unavailable': False, 'install_base': '/home/yyh/ros2_ws/install/realsense2_description', 'merge_install': False, 'path': '/home/yyh/ros2_ws/src/realsense-ros-4.51.1/realsense2_description', 'symlink_install': False, 'test_result_base': None}
[0.332s] INFO:colcon.colcon_core.executor:Executing jobs using 'parallel' executor
[0.333s] DEBUG:colcon.colcon_parallel_executor.executor.parallel:run_until_complete
[0.333s] INFO:colcon.colcon_ros.task.ament_cmake.build:Building ROS package in '/home/yyh/ros2_ws/src/realsense-ros-4.51.1/realsense2_camera_msgs' with build type 'ament_cmake'
[0.333s] INFO:colcon.colcon_cmake.task.cmake.build:Building CMake package in '/home/yyh/ros2_ws/src/realsense-ros-4.51.1/realsense2_camera_msgs'
[0.334s] INFO:colcon.colcon_core.plugin_system:Skipping extension 'colcon_core.shell.bat': Not used on non-Windows systems
[0.334s] INFO:colcon.colcon_core.shell:Skip shell extension 'powershell' for command environment: Not usable outside of PowerShell
[0.335s] DEBUG:colcon.colcon_core.shell:Skip shell extension 'dsv' for command environment
[0.340s] INFO:colcon.colcon_ros.task.ament_cmake.build:Building ROS package in '/home/yyh/ros2_ws/src/learning_interface' with build type 'ament_cmake'
[0.340s] INFO:colcon.colcon_cmake.task.cmake.build:Building CMake package in '/home/yyh/ros2_ws/src/learning_interface'
[0.341s] INFO:colcon.colcon_core.shell:Skip shell extension 'powershell' for command environment: Not usable outside of PowerShell
[0.341s] DEBUG:colcon.colcon_core.shell:Skip shell extension 'dsv' for command environment
[0.344s] INFO:colcon.colcon_ros.task.ament_python.build:Building ROS package in '/home/yyh/ros2_ws/src/yolov5_ros2' with build type 'ament_python'
[0.344s] Level 1:colcon.colcon_core.shell:create_environment_hook('yolov5_ros2', 'ament_prefix_path')
[0.345s] INFO:colcon.colcon_core.shell:Creating environment hook '/home/yyh/ros2_ws/install/yolov5_ros2/share/yolov5_ros2/hook/ament_prefix_path.ps1'
[0.345s] INFO:colcon.colcon_core.shell:Creating environment descriptor '/home/yyh/ros2_ws/install/yolov5_ros2/share/yolov5_ros2/hook/ament_prefix_path.dsv'
[0.346s] INFO:colcon.colcon_core.shell:Creating environment hook '/home/yyh/ros2_ws/install/yolov5_ros2/share/yolov5_ros2/hook/ament_prefix_path.sh'
[0.346s] INFO:colcon.colcon_core.shell:Skip shell extension 'powershell' for command environment: Not usable outside of PowerShell
[0.346s] DEBUG:colcon.colcon_core.shell:Skip shell extension 'dsv' for command environment
[0.349s] INFO:colcon.colcon_ros.task.ament_python.build:Building ROS package in '/home/yyh/ros2_ws/src/yyh_nav' with build type 'ament_python'
[0.350s] Level 1:colcon.colcon_core.shell:create_environment_hook('yyh_nav', 'ament_prefix_path')
[0.350s] INFO:colcon.colcon_core.shell:Creating environment hook '/home/yyh/ros2_ws/install/yyh_nav/share/yyh_nav/hook/ament_prefix_path.ps1'
[0.351s] INFO:colcon.colcon_core.shell:Creating environment descriptor '/home/yyh/ros2_ws/install/yyh_nav/share/yyh_nav/hook/ament_prefix_path.dsv'
[0.351s] INFO:colcon.colcon_core.shell:Creating environment hook '/home/yyh/ros2_ws/install/yyh_nav/share/yyh_nav/hook/ament_prefix_path.sh'
[0.352s] INFO:colcon.colcon_core.shell:Skip shell extension 'powershell' for command environment: Not usable outside of PowerShell
[0.352s] DEBUG:colcon.colcon_core.shell:Skip shell extension 'dsv' for command environment
[0.358s] DEBUG:colcon.colcon_core.event_handler.log_command:Invoking command in '/home/yyh/ros2_ws/build/realsense2_camera_msgs': CMAKE_PREFIX_PATH=${CMAKE_PREFIX_PATH}:/home/yyh/ros2_ws/install/yyh_object:/home/yyh/ros2_ws/install/yyh_nav:/home/yyh/ros2_ws/install/yyh_launch:/home/yyh/ros2_ws/install/yolov5_ros2:/opt/ros/foxy /usr/bin/cmake --build /home/yyh/ros2_ws/build/realsense2_camera_msgs -- -j4 -l4
[0.365s] DEBUG:colcon.colcon_core.event_handler.log_command:Invoking command in '/home/yyh/ros2_ws/build/learning_interface': CMAKE_PREFIX_PATH=${CMAKE_PREFIX_PATH}:/home/yyh/ros2_ws/install/yyh_object:/home/yyh/ros2_ws/install/yyh_nav:/home/yyh/ros2_ws/install/yyh_launch:/home/yyh/ros2_ws/install/yolov5_ros2:/opt/ros/foxy /usr/bin/cmake --build /home/yyh/ros2_ws/build/learning_interface -- -j4 -l4
[0.719s] WARNING:colcon.colcon_ros.task.ament_python.build:Package 'yolov5_ros2' doesn't explicitly install a marker in the package index (colcon-ros currently does it implicitly but that fallback will be removed in the future)
[0.719s] INFO:colcon.colcon_core.task.python.build:Building Python package in '/home/yyh/ros2_ws/src/yolov5_ros2'
[0.719s] INFO:colcon.colcon_core.shell:Skip shell extension 'powershell' for command environment: Not usable outside of PowerShell
[0.720s] DEBUG:colcon.colcon_core.shell:Skip shell extension 'dsv' for command environment
[0.970s] INFO:colcon.colcon_core.task.python.build:Building Python package in '/home/yyh/ros2_ws/src/yyh_nav'
[0.971s] INFO:colcon.colcon_core.shell:Skip shell extension 'powershell' for command environment: Not usable outside of PowerShell
[0.971s] DEBUG:colcon.colcon_core.shell:Skip shell extension 'dsv' for command environment
[0.975s] DEBUG:colcon.colcon_core.event_handler.log_command:Invoked command in '/home/yyh/ros2_ws/build/realsense2_camera_msgs' returned '0': CMAKE_PREFIX_PATH=${CMAKE_PREFIX_PATH}:/home/yyh/ros2_ws/install/yyh_object:/home/yyh/ros2_ws/install/yyh_nav:/home/yyh/ros2_ws/install/yyh_launch:/home/yyh/ros2_ws/install/yolov5_ros2:/opt/ros/foxy /usr/bin/cmake --build /home/yyh/ros2_ws/build/realsense2_camera_msgs -- -j4 -l4
[0.977s] DEBUG:colcon.colcon_core.event_handler.log_command:Invoked command in '/home/yyh/ros2_ws/build/learning_interface' returned '0': CMAKE_PREFIX_PATH=${CMAKE_PREFIX_PATH}:/home/yyh/ros2_ws/install/yyh_object:/home/yyh/ros2_ws/install/yyh_nav:/home/yyh/ros2_ws/install/yyh_launch:/home/yyh/ros2_ws/install/yolov5_ros2:/opt/ros/foxy /usr/bin/cmake --build /home/yyh/ros2_ws/build/learning_interface -- -j4 -l4
[1.090s] DEBUG:colcon.colcon_core.event_handler.log_command:Invoking command in '/home/yyh/ros2_ws/build/realsense2_camera_msgs': CMAKE_PREFIX_PATH=${CMAKE_PREFIX_PATH}:/home/yyh/ros2_ws/install/yyh_object:/home/yyh/ros2_ws/install/yyh_nav:/home/yyh/ros2_ws/install/yyh_launch:/home/yyh/ros2_ws/install/yolov5_ros2:/opt/ros/foxy /usr/bin/cmake --install /home/yyh/ros2_ws/build/realsense2_camera_msgs
[1.103s] DEBUG:colcon.colcon_core.event_handler.log_command:Invoking command in '/home/yyh/ros2_ws/build/learning_interface': CMAKE_PREFIX_PATH=${CMAKE_PREFIX_PATH}:/home/yyh/ros2_ws/install/yyh_object:/home/yyh/ros2_ws/install/yyh_nav:/home/yyh/ros2_ws/install/yyh_launch:/home/yyh/ros2_ws/install/yolov5_ros2:/opt/ros/foxy /usr/bin/cmake --install /home/yyh/ros2_ws/build/learning_interface
[1.157s] Level 1:colcon.colcon_core.environment:create_environment_scripts_only(realsense2_camera_msgs)
[1.160s] Level 1:colcon.colcon_core.environment:checking '/home/yyh/ros2_ws/install/realsense2_camera_msgs' for CMake module files
[1.161s] Level 1:colcon.colcon_core.environment:checking '/home/yyh/ros2_ws/install/realsense2_camera_msgs' for CMake config files
[1.161s] Level 1:colcon.colcon_core.shell:create_environment_hook('realsense2_camera_msgs', 'cmake_prefix_path')
[1.162s] INFO:colcon.colcon_core.shell:Creating environment hook '/home/yyh/ros2_ws/install/realsense2_camera_msgs/share/realsense2_camera_msgs/hook/cmake_prefix_path.ps1'
[1.162s] INFO:colcon.colcon_core.shell:Creating environment descriptor '/home/yyh/ros2_ws/install/realsense2_camera_msgs/share/realsense2_camera_msgs/hook/cmake_prefix_path.dsv'
[1.162s] INFO:colcon.colcon_core.shell:Creating environment hook '/home/yyh/ros2_ws/install/realsense2_camera_msgs/share/realsense2_camera_msgs/hook/cmake_prefix_path.sh'
[1.163s] Level 1:colcon.colcon_core.environment:checking '/home/yyh/ros2_ws/install/realsense2_camera_msgs/lib'
[1.163s] Level 1:colcon.colcon_core.shell:create_environment_hook('realsense2_camera_msgs', 'ld_library_path_lib')
[1.164s] INFO:colcon.colcon_core.shell:Creating environment hook '/home/yyh/ros2_ws/install/realsense2_camera_msgs/share/realsense2_camera_msgs/hook/ld_library_path_lib.ps1'
[1.164s] INFO:colcon.colcon_core.shell:Creating environment descriptor '/home/yyh/ros2_ws/install/realsense2_camera_msgs/share/realsense2_camera_msgs/hook/ld_library_path_lib.dsv'
[1.165s] INFO:colcon.colcon_core.shell:Creating environment hook '/home/yyh/ros2_ws/install/realsense2_camera_msgs/share/realsense2_camera_msgs/hook/ld_library_path_lib.sh'
[1.165s] Level 1:colcon.colcon_core.environment:checking '/home/yyh/ros2_ws/install/realsense2_camera_msgs/bin'
[1.165s] Level 1:colcon.colcon_core.environment:checking '/home/yyh/ros2_ws/install/realsense2_camera_msgs/lib/pkgconfig/realsense2_camera_msgs.pc'
[1.165s] Level 1:colcon.colcon_core.environment:checking '/home/yyh/ros2_ws/install/realsense2_camera_msgs/lib/python3.8/site-packages'
[1.166s] Level 1:colcon.colcon_core.shell:create_environment_hook('realsense2_camera_msgs', 'pythonpath')
[1.166s] INFO:colcon.colcon_core.shell:Creating environment hook '/home/yyh/ros2_ws/install/realsense2_camera_msgs/share/realsense2_camera_msgs/hook/pythonpath.ps1'
[1.166s] INFO:colcon.colcon_core.shell:Creating environment descriptor '/home/yyh/ros2_ws/install/realsense2_camera_msgs/share/realsense2_camera_msgs/hook/pythonpath.dsv'
[1.167s] INFO:colcon.colcon_core.shell:Creating environment hook '/home/yyh/ros2_ws/install/realsense2_camera_msgs/share/realsense2_camera_msgs/hook/pythonpath.sh'
[1.167s] Level 1:colcon.colcon_core.environment:checking '/home/yyh/ros2_ws/install/realsense2_camera_msgs/bin'
[1.168s] INFO:colcon.colcon_core.shell:Creating package script '/home/yyh/ros2_ws/install/realsense2_camera_msgs/share/realsense2_camera_msgs/package.ps1'
[1.169s] INFO:colcon.colcon_core.shell:Creating package descriptor '/home/yyh/ros2_ws/install/realsense2_camera_msgs/share/realsense2_camera_msgs/package.dsv'
[1.178s] INFO:colcon.colcon_core.shell:Creating package script '/home/yyh/ros2_ws/install/realsense2_camera_msgs/share/realsense2_camera_msgs/package.sh'
[1.179s] INFO:colcon.colcon_core.shell:Creating package script '/home/yyh/ros2_ws/install/realsense2_camera_msgs/share/realsense2_camera_msgs/package.bash'
[1.179s] INFO:colcon.colcon_core.shell:Creating package script '/home/yyh/ros2_ws/install/realsense2_camera_msgs/share/realsense2_camera_msgs/package.zsh'
[1.180s] Level 1:colcon.colcon_core.environment:create_file_with_runtime_dependencies(/home/yyh/ros2_ws/install/realsense2_camera_msgs/share/colcon-core/packages/realsense2_camera_msgs)
[1.177s] DEBUG:colcon.colcon_core.event_handler.log_command:Invoked command in '/home/yyh/ros2_ws/build/realsense2_camera_msgs' returned '0': CMAKE_PREFIX_PATH=${CMAKE_PREFIX_PATH}:/home/yyh/ros2_ws/install/yyh_object:/home/yyh/ros2_ws/install/yyh_nav:/home/yyh/ros2_ws/install/yyh_launch:/home/yyh/ros2_ws/install/yolov5_ros2:/opt/ros/foxy /usr/bin/cmake --install /home/yyh/ros2_ws/build/realsense2_camera_msgs
[1.201s] Level 1:colcon.colcon_core.environment:create_environment_scripts_only(learning_interface)
[1.202s] Level 1:colcon.colcon_core.environment:checking '/home/yyh/ros2_ws/install/learning_interface' for CMake module files
[1.203s] Level 1:colcon.colcon_core.environment:checking '/home/yyh/ros2_ws/install/learning_interface' for CMake config files
[1.203s] Level 1:colcon.colcon_core.shell:create_environment_hook('learning_interface', 'cmake_prefix_path')
[1.203s] INFO:colcon.colcon_core.shell:Creating environment hook '/home/yyh/ros2_ws/install/learning_interface/share/learning_interface/hook/cmake_prefix_path.ps1'
[1.204s] INFO:colcon.colcon_core.shell:Creating environment descriptor '/home/yyh/ros2_ws/install/learning_interface/share/learning_interface/hook/cmake_prefix_path.dsv'
[1.204s] INFO:colcon.colcon_core.shell:Creating environment hook '/home/yyh/ros2_ws/install/learning_interface/share/learning_interface/hook/cmake_prefix_path.sh'
[1.205s] Level 1:colcon.colcon_core.environment:checking '/home/yyh/ros2_ws/install/learning_interface/lib'
[1.205s] Level 1:colcon.colcon_core.shell:create_environment_hook('learning_interface', 'ld_library_path_lib')
[1.205s] INFO:colcon.colcon_core.shell:Creating environment hook '/home/yyh/ros2_ws/install/learning_interface/share/learning_interface/hook/ld_library_path_lib.ps1'
[1.205s] INFO:colcon.colcon_core.shell:Creating environment descriptor '/home/yyh/ros2_ws/install/learning_interface/share/learning_interface/hook/ld_library_path_lib.dsv'
[1.205s] INFO:colcon.colcon_core.shell:Creating environment hook '/home/yyh/ros2_ws/install/learning_interface/share/learning_interface/hook/ld_library_path_lib.sh'
[1.206s] DEBUG:colcon.colcon_core.event_handler.log_command:Invoked command in '/home/yyh/ros2_ws/build/learning_interface' returned '0': CMAKE_PREFIX_PATH=${CMAKE_PREFIX_PATH}:/home/yyh/ros2_ws/install/yyh_object:/home/yyh/ros2_ws/install/yyh_nav:/home/yyh/ros2_ws/install/yyh_launch:/home/yyh/ros2_ws/install/yolov5_ros2:/opt/ros/foxy /usr/bin/cmake --install /home/yyh/ros2_ws/build/learning_interface
[1.206s] Level 1:colcon.colcon_core.environment:checking '/home/yyh/ros2_ws/install/learning_interface/bin'
[1.206s] Level 1:colcon.colcon_core.environment:checking '/home/yyh/ros2_ws/install/learning_interface/lib/pkgconfig/learning_interface.pc'
[1.206s] Level 1:colcon.colcon_core.environment:checking '/home/yyh/ros2_ws/install/learning_interface/lib/python3.8/site-packages'
[1.207s] Level 1:colcon.colcon_core.shell:create_environment_hook('learning_interface', 'pythonpath')
[1.207s] INFO:colcon.colcon_core.shell:Creating environment hook '/home/yyh/ros2_ws/install/learning_interface/share/learning_interface/hook/pythonpath.ps1'
[1.207s] INFO:colcon.colcon_core.shell:Creating environment descriptor '/home/yyh/ros2_ws/install/learning_interface/share/learning_interface/hook/pythonpath.dsv'
[1.207s] INFO:colcon.colcon_core.shell:Creating environment hook '/home/yyh/ros2_ws/install/learning_interface/share/learning_interface/hook/pythonpath.sh'
[1.208s] Level 1:colcon.colcon_core.environment:checking '/home/yyh/ros2_ws/install/learning_interface/bin'
[1.208s] INFO:colcon.colcon_core.shell:Creating package script '/home/yyh/ros2_ws/install/learning_interface/share/learning_interface/package.ps1'
[1.209s] INFO:colcon.colcon_core.shell:Creating package descriptor '/home/yyh/ros2_ws/install/learning_interface/share/learning_interface/package.dsv'
[1.209s] INFO:colcon.colcon_core.shell:Creating package script '/home/yyh/ros2_ws/install/learning_interface/share/learning_interface/package.sh'
[1.209s] INFO:colcon.colcon_core.shell:Creating package script '/home/yyh/ros2_ws/install/learning_interface/share/learning_interface/package.bash'
[1.210s] INFO:colcon.colcon_core.shell:Creating package script '/home/yyh/ros2_ws/install/learning_interface/share/learning_interface/package.zsh'
[1.210s] Level 1:colcon.colcon_core.environment:create_file_with_runtime_dependencies(/home/yyh/ros2_ws/install/learning_interface/share/colcon-core/packages/learning_interface)
[1.359s] Level 1:colcon.colcon_core.environment:create_environment_scripts_only(realsense2_camera_msgs)
[1.360s] Level 1:colcon.colcon_core.environment:checking '/home/yyh/ros2_ws/install/realsense2_camera_msgs' for CMake module files
[1.360s] Level 1:colcon.colcon_core.environment:checking '/home/yyh/ros2_ws/install/realsense2_camera_msgs' for CMake config files
[1.361s] Level 1:colcon.colcon_core.shell:create_environment_hook('realsense2_camera_msgs', 'cmake_prefix_path')
[1.361s] INFO:colcon.colcon_core.shell:Creating environment hook '/home/yyh/ros2_ws/install/realsense2_camera_msgs/share/realsense2_camera_msgs/hook/cmake_prefix_path.ps1'
[1.362s] INFO:colcon.colcon_core.shell:Creating environment descriptor '/home/yyh/ros2_ws/install/realsense2_camera_msgs/share/realsense2_camera_msgs/hook/cmake_prefix_path.dsv'
[1.362s] INFO:colcon.colcon_core.shell:Creating environment hook '/home/yyh/ros2_ws/install/realsense2_camera_msgs/share/realsense2_camera_msgs/hook/cmake_prefix_path.sh'
[1.363s] Level 1:colcon.colcon_core.environment:checking '/home/yyh/ros2_ws/install/realsense2_camera_msgs/lib'
[1.363s] Level 1:colcon.colcon_core.shell:create_environment_hook('realsense2_camera_msgs', 'ld_library_path_lib')
[1.363s] INFO:colcon.colcon_core.shell:Creating environment hook '/home/yyh/ros2_ws/install/realsense2_camera_msgs/share/realsense2_camera_msgs/hook/ld_library_path_lib.ps1'
[1.363s] INFO:colcon.colcon_core.shell:Creating environment descriptor '/home/yyh/ros2_ws/install/realsense2_camera_msgs/share/realsense2_camera_msgs/hook/ld_library_path_lib.dsv'
[1.363s] INFO:colcon.colcon_core.shell:Creating environment hook '/home/yyh/ros2_ws/install/realsense2_camera_msgs/share/realsense2_camera_msgs/hook/ld_library_path_lib.sh'
[1.364s] Level 1:colcon.colcon_core.environment:checking '/home/yyh/ros2_ws/install/realsense2_camera_msgs/bin'
[1.364s] Level 1:colcon.colcon_core.environment:checking '/home/yyh/ros2_ws/install/realsense2_camera_msgs/lib/pkgconfig/realsense2_camera_msgs.pc'
[1.364s] Level 1:colcon.colcon_core.environment:checking '/home/yyh/ros2_ws/install/realsense2_camera_msgs/lib/python3.8/site-packages'
[1.364s] Level 1:colcon.colcon_core.shell:create_environment_hook('realsense2_camera_msgs', 'pythonpath')
[1.364s] INFO:colcon.colcon_core.shell:Creating environment hook '/home/yyh/ros2_ws/install/realsense2_camera_msgs/share/realsense2_camera_msgs/hook/pythonpath.ps1'
[1.365s] INFO:colcon.colcon_core.shell:Creating environment descriptor '/home/yyh/ros2_ws/install/realsense2_camera_msgs/share/realsense2_camera_msgs/hook/pythonpath.dsv'
[1.365s] INFO:colcon.colcon_core.shell:Creating environment hook '/home/yyh/ros2_ws/install/realsense2_camera_msgs/share/realsense2_camera_msgs/hook/pythonpath.sh'
[1.366s] Level 1:colcon.colcon_core.environment:checking '/home/yyh/ros2_ws/install/realsense2_camera_msgs/bin'
[1.366s] INFO:colcon.colcon_core.shell:Creating package script '/home/yyh/ros2_ws/install/realsense2_camera_msgs/share/realsense2_camera_msgs/package.ps1'
[1.367s] INFO:colcon.colcon_core.shell:Creating package descriptor '/home/yyh/ros2_ws/install/realsense2_camera_msgs/share/realsense2_camera_msgs/package.dsv'
[1.367s] INFO:colcon.colcon_core.shell:Creating package script '/home/yyh/ros2_ws/install/realsense2_camera_msgs/share/realsense2_camera_msgs/package.sh'
[1.368s] INFO:colcon.colcon_core.shell:Creating package script '/home/yyh/ros2_ws/install/realsense2_camera_msgs/share/realsense2_camera_msgs/package.bash'
[1.368s] INFO:colcon.colcon_core.shell:Creating package script '/home/yyh/ros2_ws/install/realsense2_camera_msgs/share/realsense2_camera_msgs/package.zsh'
[1.368s] Level 1:colcon.colcon_core.environment:create_file_with_runtime_dependencies(/home/yyh/ros2_ws/install/realsense2_camera_msgs/share/colcon-core/packages/realsense2_camera_msgs)
[1.370s] INFO:colcon.colcon_ros.task.ament_python.build:Building ROS package in '/home/yyh/ros2_ws/src/yyh_object' with build type 'ament_python'
[1.370s] Level 1:colcon.colcon_core.shell:create_environment_hook('yyh_object', 'ament_prefix_path')
[1.370s] INFO:colcon.colcon_core.shell:Creating environment hook '/home/yyh/ros2_ws/install/yyh_object/share/yyh_object/hook/ament_prefix_path.ps1'
[1.371s] INFO:colcon.colcon_core.shell:Creating environment descriptor '/home/yyh/ros2_ws/install/yyh_object/share/yyh_object/hook/ament_prefix_path.dsv'
[1.372s] INFO:colcon.colcon_core.shell:Creating environment hook '/home/yyh/ros2_ws/install/yyh_object/share/yyh_object/hook/ament_prefix_path.sh'
[1.372s] INFO:colcon.colcon_core.shell:Skip shell extension 'powershell' for command environment: Not usable outside of PowerShell
[1.373s] DEBUG:colcon.colcon_core.shell:Skip shell extension 'dsv' for command environment
[1.730s] INFO:colcon.colcon_core.task.python.build:Building Python package in '/home/yyh/ros2_ws/src/yyh_object'
[1.731s] INFO:colcon.colcon_core.shell:Skip shell extension 'powershell' for command environment: Not usable outside of PowerShell
[1.731s] DEBUG:colcon.colcon_core.shell:Skip shell extension 'dsv' for command environment
[1.735s] Level 1:colcon.colcon_core.environment:create_environment_scripts_only(learning_interface)
[1.736s] Level 1:colcon.colcon_core.environment:checking '/home/yyh/ros2_ws/install/learning_interface' for CMake module files
[1.736s] Level 1:colcon.colcon_core.environment:checking '/home/yyh/ros2_ws/install/learning_interface' for CMake config files
[1.736s] Level 1:colcon.colcon_core.shell:create_environment_hook('learning_interface', 'cmake_prefix_path')
[1.736s] INFO:colcon.colcon_core.shell:Creating environment hook '/home/yyh/ros2_ws/install/learning_interface/share/learning_interface/hook/cmake_prefix_path.ps1'
[1.737s] INFO:colcon.colcon_core.shell:Creating environment descriptor '/home/yyh/ros2_ws/install/learning_interface/share/learning_interface/hook/cmake_prefix_path.dsv'
[1.737s] INFO:colcon.colcon_core.shell:Creating environment hook '/home/yyh/ros2_ws/install/learning_interface/share/learning_interface/hook/cmake_prefix_path.sh'
[1.737s] Level 1:colcon.colcon_core.environment:checking '/home/yyh/ros2_ws/install/learning_interface/lib'
[1.737s] Level 1:colcon.colcon_core.shell:create_environment_hook('learning_interface', 'ld_library_path_lib')
[1.738s] INFO:colcon.colcon_core.shell:Creating environment hook '/home/yyh/ros2_ws/install/learning_interface/share/learning_interface/hook/ld_library_path_lib.ps1'
[1.738s] INFO:colcon.colcon_core.shell:Creating environment descriptor '/home/yyh/ros2_ws/install/learning_interface/share/learning_interface/hook/ld_library_path_lib.dsv'
[1.738s] INFO:colcon.colcon_core.shell:Creating environment hook '/home/yyh/ros2_ws/install/learning_interface/share/learning_interface/hook/ld_library_path_lib.sh'
[1.738s] Level 1:colcon.colcon_core.environment:checking '/home/yyh/ros2_ws/install/learning_interface/bin'
[1.738s] Level 1:colcon.colcon_core.environment:checking '/home/yyh/ros2_ws/install/learning_interface/lib/pkgconfig/learning_interface.pc'
[1.738s] Level 1:colcon.colcon_core.environment:checking '/home/yyh/ros2_ws/install/learning_interface/lib/python3.8/site-packages'
[1.738s] Level 1:colcon.colcon_core.shell:create_environment_hook('learning_interface', 'pythonpath')
[1.739s] INFO:colcon.colcon_core.shell:Creating environment hook '/home/yyh/ros2_ws/install/learning_interface/share/learning_interface/hook/pythonpath.ps1'
[1.739s] INFO:colcon.colcon_core.shell:Creating environment descriptor '/home/yyh/ros2_ws/install/learning_interface/share/learning_interface/hook/pythonpath.dsv'
[1.739s] INFO:colcon.colcon_core.shell:Creating environment hook '/home/yyh/ros2_ws/install/learning_interface/share/learning_interface/hook/pythonpath.sh'
[1.740s] Level 1:colcon.colcon_core.environment:checking '/home/yyh/ros2_ws/install/learning_interface/bin'
[1.740s] INFO:colcon.colcon_core.shell:Creating package script '/home/yyh/ros2_ws/install/learning_interface/share/learning_interface/package.ps1'
[1.740s] INFO:colcon.colcon_core.shell:Creating package descriptor '/home/yyh/ros2_ws/install/learning_interface/share/learning_interface/package.dsv'
[1.741s] INFO:colcon.colcon_core.shell:Creating package script '/home/yyh/ros2_ws/install/learning_interface/share/learning_interface/package.sh'
[1.741s] INFO:colcon.colcon_core.shell:Creating package script '/home/yyh/ros2_ws/install/learning_interface/share/learning_interface/package.bash'
[1.741s] INFO:colcon.colcon_core.shell:Creating package script '/home/yyh/ros2_ws/install/learning_interface/share/learning_interface/package.zsh'
[1.742s] Level 1:colcon.colcon_core.environment:create_file_with_runtime_dependencies(/home/yyh/ros2_ws/install/learning_interface/share/colcon-core/packages/learning_interface)
[1.745s] DEBUG:colcon.colcon_core.event_handler.log_command:Invoking command in '/home/yyh/ros2_ws/src/yolov5_ros2': PYTHONPATH=/home/yyh/ros2_ws/build/yolov5_ros2/prefix_override:/usr/lib/python3/dist-packages/colcon_core/task/python/colcon_distutils_commands:/home/yyh/ros2_ws/install/yolov5_ros2/lib/python3.8/site-packages:${PYTHONPATH} /usr/bin/python3 -W ignore:setup.py install is deprecated setup.py egg_info --egg-base ../../build/yolov5_ros2 build --build-base /home/yyh/ros2_ws/build/yolov5_ros2/build install --record /home/yyh/ros2_ws/build/yolov5_ros2/install.log --single-version-externally-managed install_data
[1.750s] DEBUG:colcon.colcon_core.event_handler.log_command:Invoking command in '/home/yyh/ros2_ws/src/yyh_nav': PYTHONPATH=/home/yyh/ros2_ws/build/yyh_nav/prefix_override:/usr/lib/python3/dist-packages/colcon_core/task/python/colcon_distutils_commands:/home/yyh/ros2_ws/install/yyh_nav/lib/python3.8/site-packages:${PYTHONPATH} /usr/bin/python3 -W ignore:setup.py install is deprecated setup.py egg_info --egg-base ../../build/yyh_nav build --build-base /home/yyh/ros2_ws/build/yyh_nav/build install --record /home/yyh/ros2_ws/build/yyh_nav/install.log --single-version-externally-managed install_data
[1.752s] INFO:colcon.colcon_ros.task.ament_cmake.build:Building ROS package in '/home/yyh/ros2_ws/src/realsense-ros-4.51.1/realsense2_camera' with build type 'ament_cmake'
[1.752s] INFO:colcon.colcon_cmake.task.cmake.build:Building CMake package in '/home/yyh/ros2_ws/src/realsense-ros-4.51.1/realsense2_camera'
[1.753s] INFO:colcon.colcon_core.shell:Skip shell extension 'powershell' for command environment: Not usable outside of PowerShell
[1.753s] DEBUG:colcon.colcon_core.shell:Skip shell extension 'dsv' for command environment
[1.768s] DEBUG:colcon.colcon_core.event_handler.log_command:Invoking command in '/home/yyh/ros2_ws/build/realsense2_camera': CMAKE_PREFIX_PATH=/home/yyh/ros2_ws/install/realsense2_camera_msgs:/home/yyh/ros2_ws/install/realsense2_description:/home/yyh/ros2_ws/install/realsense2_camera:/home/yyh/ros2_ws/install/learning_interface:/home/yyh/ros2_ws/install/yyh_object:/home/yyh/ros2_ws/install/yyh_nav:/home/yyh/ros2_ws/install/yyh_launch:/home/yyh/ros2_ws/install/yolov5_ros2:/opt/ros/foxy LD_LIBRARY_PATH=/home/yyh/ros2_ws/install/realsense2_camera_msgs/lib:/home/yyh/ros2_ws/install/realsense2_camera/lib:/home/yyh/ros2_ws/install/learning_interface/lib:/opt/ros/foxy/opt/yaml_cpp_vendor/lib:/opt/ros/foxy/opt/rviz_ogre_vendor/lib:/opt/ros/foxy/lib/x86_64-linux-gnu:/opt/ros/foxy/lib PYTHONPATH=/home/yyh/ros2_ws/install/realsense2_camera_msgs/lib/python3.8/site-packages:/home/yyh/ros2_ws/install/yyh_object/lib/python3.8/site-packages:/home/yyh/ros2_ws/install/yyh_nav/lib/python3.8/site-packages:/home/yyh/ros2_ws/install/yyh_launch/lib/python3.8/site-packages:/home/yyh/ros2_ws/install/yolov5_ros2/lib/python3.8/site-packages:/home/yyh/ros2_ws/install/learning_interface/lib/python3.8/site-packages:/opt/ros/foxy/lib/python3.8/site-packages /usr/bin/cmake --build /home/yyh/ros2_ws/build/realsense2_camera -- -j4 -l4
[2.415s] DEBUG:colcon.colcon_core.event_handler.log_command:Invoking command in '/home/yyh/ros2_ws/src/yyh_object': PYTHONPATH=/home/yyh/ros2_ws/build/yyh_object/prefix_override:/usr/lib/python3/dist-packages/colcon_core/task/python/colcon_distutils_commands:/home/yyh/ros2_ws/install/yyh_object/lib/python3.8/site-packages:${PYTHONPATH} /usr/bin/python3 -W ignore:setup.py install is deprecated setup.py egg_info --egg-base ../../build/yyh_object build --build-base /home/yyh/ros2_ws/build/yyh_object/build install --record /home/yyh/ros2_ws/build/yyh_object/install.log --single-version-externally-managed install_data
[3.636s] DEBUG:colcon.colcon_core.event_handler.log_command:Invoked command in '/home/yyh/ros2_ws/build/realsense2_camera' returned '0': CMAKE_PREFIX_PATH=/home/yyh/ros2_ws/install/realsense2_camera_msgs:/home/yyh/ros2_ws/install/realsense2_description:/home/yyh/ros2_ws/install/realsense2_camera:/home/yyh/ros2_ws/install/learning_interface:/home/yyh/ros2_ws/install/yyh_object:/home/yyh/ros2_ws/install/yyh_nav:/home/yyh/ros2_ws/install/yyh_launch:/home/yyh/ros2_ws/install/yolov5_ros2:/opt/ros/foxy LD_LIBRARY_PATH=/home/yyh/ros2_ws/install/realsense2_camera_msgs/lib:/home/yyh/ros2_ws/install/realsense2_camera/lib:/home/yyh/ros2_ws/install/learning_interface/lib:/opt/ros/foxy/opt/yaml_cpp_vendor/lib:/opt/ros/foxy/opt/rviz_ogre_vendor/lib:/opt/ros/foxy/lib/x86_64-linux-gnu:/opt/ros/foxy/lib PYTHONPATH=/home/yyh/ros2_ws/install/realsense2_camera_msgs/lib/python3.8/site-packages:/home/yyh/ros2_ws/install/yyh_object/lib/python3.8/site-packages:/home/yyh/ros2_ws/install/yyh_nav/lib/python3.8/site-packages:/home/yyh/ros2_ws/install/yyh_launch/lib/python3.8/site-packages:/home/yyh/ros2_ws/install/yolov5_ros2/lib/python3.8/site-packages:/home/yyh/ros2_ws/install/learning_interface/lib/python3.8/site-packages:/opt/ros/foxy/lib/python3.8/site-packages /usr/bin/cmake --build /home/yyh/ros2_ws/build/realsense2_camera -- -j4 -l4
[3.694s] DEBUG:colcon.colcon_core.event_handler.log_command:Invoking command in '/home/yyh/ros2_ws/build/realsense2_camera': CMAKE_PREFIX_PATH=/home/yyh/ros2_ws/install/realsense2_camera_msgs:/home/yyh/ros2_ws/install/realsense2_description:/home/yyh/ros2_ws/install/realsense2_camera:/home/yyh/ros2_ws/install/learning_interface:/home/yyh/ros2_ws/install/yyh_object:/home/yyh/ros2_ws/install/yyh_nav:/home/yyh/ros2_ws/install/yyh_launch:/home/yyh/ros2_ws/install/yolov5_ros2:/opt/ros/foxy LD_LIBRARY_PATH=/home/yyh/ros2_ws/install/realsense2_camera_msgs/lib:/home/yyh/ros2_ws/install/realsense2_camera/lib:/home/yyh/ros2_ws/install/learning_interface/lib:/opt/ros/foxy/opt/yaml_cpp_vendor/lib:/opt/ros/foxy/opt/rviz_ogre_vendor/lib:/opt/ros/foxy/lib/x86_64-linux-gnu:/opt/ros/foxy/lib PYTHONPATH=/home/yyh/ros2_ws/install/realsense2_camera_msgs/lib/python3.8/site-packages:/home/yyh/ros2_ws/install/yyh_object/lib/python3.8/site-packages:/home/yyh/ros2_ws/install/yyh_nav/lib/python3.8/site-packages:/home/yyh/ros2_ws/install/yyh_launch/lib/python3.8/site-packages:/home/yyh/ros2_ws/install/yolov5_ros2/lib/python3.8/site-packages:/home/yyh/ros2_ws/install/learning_interface/lib/python3.8/site-packages:/opt/ros/foxy/lib/python3.8/site-packages /usr/bin/cmake --install /home/yyh/ros2_ws/build/realsense2_camera
[3.718s] Level 1:colcon.colcon_core.environment:create_environment_scripts_only(realsense2_camera)
[3.719s] Level 1:colcon.colcon_core.environment:checking '/home/yyh/ros2_ws/install/realsense2_camera' for CMake module files
[3.719s] Level 1:colcon.colcon_core.environment:checking '/home/yyh/ros2_ws/install/realsense2_camera' for CMake config files
[3.719s] Level 1:colcon.colcon_core.shell:create_environment_hook('realsense2_camera', 'cmake_prefix_path')
[3.720s] INFO:colcon.colcon_core.shell:Creating environment hook '/home/yyh/ros2_ws/install/realsense2_camera/share/realsense2_camera/hook/cmake_prefix_path.ps1'
[3.720s] INFO:colcon.colcon_core.shell:Creating environment descriptor '/home/yyh/ros2_ws/install/realsense2_camera/share/realsense2_camera/hook/cmake_prefix_path.dsv'
[3.720s] INFO:colcon.colcon_core.shell:Creating environment hook '/home/yyh/ros2_ws/install/realsense2_camera/share/realsense2_camera/hook/cmake_prefix_path.sh'
[3.721s] Level 1:colcon.colcon_core.environment:checking '/home/yyh/ros2_ws/install/realsense2_camera/lib'
[3.721s] Level 1:colcon.colcon_core.shell:create_environment_hook('realsense2_camera', 'ld_library_path_lib')
[3.722s] INFO:colcon.colcon_core.shell:Creating environment hook '/home/yyh/ros2_ws/install/realsense2_camera/share/realsense2_camera/hook/ld_library_path_lib.ps1'
[3.722s] INFO:colcon.colcon_core.shell:Creating environment descriptor '/home/yyh/ros2_ws/install/realsense2_camera/share/realsense2_camera/hook/ld_library_path_lib.dsv'
[3.722s] INFO:colcon.colcon_core.shell:Creating environment hook '/home/yyh/ros2_ws/install/realsense2_camera/share/realsense2_camera/hook/ld_library_path_lib.sh'
[3.722s] Level 1:colcon.colcon_core.environment:checking '/home/yyh/ros2_ws/install/realsense2_camera/bin'
[3.722s] Level 1:colcon.colcon_core.environment:checking '/home/yyh/ros2_ws/install/realsense2_camera/lib/pkgconfig/realsense2_camera.pc'
[3.723s] Level 1:colcon.colcon_core.environment:checking '/home/yyh/ros2_ws/install/realsense2_camera/lib/python3.8/site-packages'
[3.723s] Level 1:colcon.colcon_core.environment:checking '/home/yyh/ros2_ws/install/realsense2_camera/bin'
[3.723s] INFO:colcon.colcon_core.shell:Creating package script '/home/yyh/ros2_ws/install/realsense2_camera/share/realsense2_camera/package.ps1'
[3.723s] INFO:colcon.colcon_core.shell:Creating package descriptor '/home/yyh/ros2_ws/install/realsense2_camera/share/realsense2_camera/package.dsv'
[3.724s] INFO:colcon.colcon_core.shell:Creating package script '/home/yyh/ros2_ws/install/realsense2_camera/share/realsense2_camera/package.sh'
[3.724s] INFO:colcon.colcon_core.shell:Creating package script '/home/yyh/ros2_ws/install/realsense2_camera/share/realsense2_camera/package.bash'
[3.724s] INFO:colcon.colcon_core.shell:Creating package script '/home/yyh/ros2_ws/install/realsense2_camera/share/realsense2_camera/package.zsh'
[3.724s] Level 1:colcon.colcon_core.environment:create_file_with_runtime_dependencies(/home/yyh/ros2_ws/install/realsense2_camera/share/colcon-core/packages/realsense2_camera)
[3.721s] DEBUG:colcon.colcon_core.event_handler.log_command:Invoked command in '/home/yyh/ros2_ws/build/realsense2_camera' returned '0': CMAKE_PREFIX_PATH=/home/yyh/ros2_ws/install/realsense2_camera_msgs:/home/yyh/ros2_ws/install/realsense2_description:/home/yyh/ros2_ws/install/realsense2_camera:/home/yyh/ros2_ws/install/learning_interface:/home/yyh/ros2_ws/install/yyh_object:/home/yyh/ros2_ws/install/yyh_nav:/home/yyh/ros2_ws/install/yyh_launch:/home/yyh/ros2_ws/install/yolov5_ros2:/opt/ros/foxy LD_LIBRARY_PATH=/home/yyh/ros2_ws/install/realsense2_camera_msgs/lib:/home/yyh/ros2_ws/install/realsense2_camera/lib:/home/yyh/ros2_ws/install/learning_interface/lib:/opt/ros/foxy/opt/yaml_cpp_vendor/lib:/opt/ros/foxy/opt/rviz_ogre_vendor/lib:/opt/ros/foxy/lib/x86_64-linux-gnu:/opt/ros/foxy/lib PYTHONPATH=/home/yyh/ros2_ws/install/realsense2_camera_msgs/lib/python3.8/site-packages:/home/yyh/ros2_ws/install/yyh_object/lib/python3.8/site-packages:/home/yyh/ros2_ws/install/yyh_nav/lib/python3.8/site-packages:/home/yyh/ros2_ws/install/yyh_launch/lib/python3.8/site-packages:/home/yyh/ros2_ws/install/yolov5_ros2/lib/python3.8/site-packages:/home/yyh/ros2_ws/install/learning_interface/lib/python3.8/site-packages:/opt/ros/foxy/lib/python3.8/site-packages /usr/bin/cmake --install /home/yyh/ros2_ws/build/realsense2_camera
[3.786s] Level 1:colcon.colcon_core.environment:create_environment_scripts_only(realsense2_camera)
[3.787s] Level 1:colcon.colcon_core.environment:checking '/home/yyh/ros2_ws/install/realsense2_camera' for CMake module files
[3.787s] Level 1:colcon.colcon_core.environment:checking '/home/yyh/ros2_ws/install/realsense2_camera' for CMake config files
[3.787s] Level 1:colcon.colcon_core.shell:create_environment_hook('realsense2_camera', 'cmake_prefix_path')
[3.788s] INFO:colcon.colcon_core.shell:Creating environment hook '/home/yyh/ros2_ws/install/realsense2_camera/share/realsense2_camera/hook/cmake_prefix_path.ps1'
[3.788s] INFO:colcon.colcon_core.shell:Creating environment descriptor '/home/yyh/ros2_ws/install/realsense2_camera/share/realsense2_camera/hook/cmake_prefix_path.dsv'
[3.788s] INFO:colcon.colcon_core.shell:Creating environment hook '/home/yyh/ros2_ws/install/realsense2_camera/share/realsense2_camera/hook/cmake_prefix_path.sh'
[3.789s] Level 1:colcon.colcon_core.environment:checking '/home/yyh/ros2_ws/install/realsense2_camera/lib'
[3.789s] Level 1:colcon.colcon_core.shell:create_environment_hook('realsense2_camera', 'ld_library_path_lib')
[3.789s] INFO:colcon.colcon_core.shell:Creating environment hook '/home/yyh/ros2_ws/install/realsense2_camera/share/realsense2_camera/hook/ld_library_path_lib.ps1'
[3.789s] INFO:colcon.colcon_core.shell:Creating environment descriptor '/home/yyh/ros2_ws/install/realsense2_camera/share/realsense2_camera/hook/ld_library_path_lib.dsv'
[3.791s] INFO:colcon.colcon_core.shell:Creating environment hook '/home/yyh/ros2_ws/install/realsense2_camera/share/realsense2_camera/hook/ld_library_path_lib.sh'
[3.792s] Level 1:colcon.colcon_core.environment:checking '/home/yyh/ros2_ws/install/realsense2_camera/bin'
[3.792s] Level 1:colcon.colcon_core.environment:checking '/home/yyh/ros2_ws/install/realsense2_camera/lib/pkgconfig/realsense2_camera.pc'
[3.792s] Level 1:colcon.colcon_core.environment:checking '/home/yyh/ros2_ws/install/realsense2_camera/lib/python3.8/site-packages'
[3.792s] Level 1:colcon.colcon_core.environment:checking '/home/yyh/ros2_ws/install/realsense2_camera/bin'
[3.793s] INFO:colcon.colcon_core.shell:Creating package script '/home/yyh/ros2_ws/install/realsense2_camera/share/realsense2_camera/package.ps1'
[3.793s] INFO:colcon.colcon_core.shell:Creating package descriptor '/home/yyh/ros2_ws/install/realsense2_camera/share/realsense2_camera/package.dsv'
[3.794s] INFO:colcon.colcon_core.shell:Creating package script '/home/yyh/ros2_ws/install/realsense2_camera/share/realsense2_camera/package.sh'
[3.795s] INFO:colcon.colcon_core.shell:Creating package script '/home/yyh/ros2_ws/install/realsense2_camera/share/realsense2_camera/package.bash'
[3.795s] INFO:colcon.colcon_core.shell:Creating package script '/home/yyh/ros2_ws/install/realsense2_camera/share/realsense2_camera/package.zsh'
[3.796s] Level 1:colcon.colcon_core.environment:create_file_with_runtime_dependencies(/home/yyh/ros2_ws/install/realsense2_camera/share/colcon-core/packages/realsense2_camera)
[3.797s] INFO:colcon.colcon_ros.task.ament_cmake.build:Building ROS package in '/home/yyh/ros2_ws/src/realsense-ros-4.51.1/realsense2_description' with build type 'ament_cmake'
[3.797s] INFO:colcon.colcon_cmake.task.cmake.build:Building CMake package in '/home/yyh/ros2_ws/src/realsense-ros-4.51.1/realsense2_description'
[3.797s] INFO:colcon.colcon_core.shell:Skip shell extension 'powershell' for command environment: Not usable outside of PowerShell
[3.797s] DEBUG:colcon.colcon_core.shell:Skip shell extension 'dsv' for command environment
[3.817s] DEBUG:colcon.colcon_core.event_handler.log_command:Invoking command in '/home/yyh/ros2_ws/build/realsense2_description': CMAKE_PREFIX_PATH=/home/yyh/ros2_ws/install/realsense2_camera_msgs:/home/yyh/ros2_ws/install/realsense2_description:/home/yyh/ros2_ws/install/realsense2_camera:/home/yyh/ros2_ws/install/learning_interface:/home/yyh/ros2_ws/install/yyh_object:/home/yyh/ros2_ws/install/yyh_nav:/home/yyh/ros2_ws/install/yyh_launch:/home/yyh/ros2_ws/install/yolov5_ros2:/opt/ros/foxy LD_LIBRARY_PATH=/home/yyh/ros2_ws/install/realsense2_camera_msgs/lib:/home/yyh/ros2_ws/install/realsense2_camera/lib:/home/yyh/ros2_ws/install/learning_interface/lib:/opt/ros/foxy/opt/yaml_cpp_vendor/lib:/opt/ros/foxy/opt/rviz_ogre_vendor/lib:/opt/ros/foxy/lib/x86_64-linux-gnu:/opt/ros/foxy/lib PYTHONPATH=/home/yyh/ros2_ws/install/realsense2_camera_msgs/lib/python3.8/site-packages:/home/yyh/ros2_ws/install/yyh_object/lib/python3.8/site-packages:/home/yyh/ros2_ws/install/yyh_nav/lib/python3.8/site-packages:/home/yyh/ros2_ws/install/yyh_launch/lib/python3.8/site-packages:/home/yyh/ros2_ws/install/yolov5_ros2/lib/python3.8/site-packages:/home/yyh/ros2_ws/install/learning_interface/lib/python3.8/site-packages:/opt/ros/foxy/lib/python3.8/site-packages /usr/bin/cmake --build /home/yyh/ros2_ws/build/realsense2_description -- -j4 -l4
[3.862s] DEBUG:colcon.colcon_core.event_handler.log_command:Invoked command in '/home/yyh/ros2_ws/build/realsense2_description' returned '0': CMAKE_PREFIX_PATH=/home/yyh/ros2_ws/install/realsense2_camera_msgs:/home/yyh/ros2_ws/install/realsense2_description:/home/yyh/ros2_ws/install/realsense2_camera:/home/yyh/ros2_ws/install/learning_interface:/home/yyh/ros2_ws/install/yyh_object:/home/yyh/ros2_ws/install/yyh_nav:/home/yyh/ros2_ws/install/yyh_launch:/home/yyh/ros2_ws/install/yolov5_ros2:/opt/ros/foxy LD_LIBRARY_PATH=/home/yyh/ros2_ws/install/realsense2_camera_msgs/lib:/home/yyh/ros2_ws/install/realsense2_camera/lib:/home/yyh/ros2_ws/install/learning_interface/lib:/opt/ros/foxy/opt/yaml_cpp_vendor/lib:/opt/ros/foxy/opt/rviz_ogre_vendor/lib:/opt/ros/foxy/lib/x86_64-linux-gnu:/opt/ros/foxy/lib PYTHONPATH=/home/yyh/ros2_ws/install/realsense2_camera_msgs/lib/python3.8/site-packages:/home/yyh/ros2_ws/install/yyh_object/lib/python3.8/site-packages:/home/yyh/ros2_ws/install/yyh_nav/lib/python3.8/site-packages:/home/yyh/ros2_ws/install/yyh_launch/lib/python3.8/site-packages:/home/yyh/ros2_ws/install/yolov5_ros2/lib/python3.8/site-packages:/home/yyh/ros2_ws/install/learning_interface/lib/python3.8/site-packages:/opt/ros/foxy/lib/python3.8/site-packages /usr/bin/cmake --build /home/yyh/ros2_ws/build/realsense2_description -- -j4 -l4
[3.885s] DEBUG:colcon.colcon_core.event_handler.log_command:Invoking command in '/home/yyh/ros2_ws/build/realsense2_description': CMAKE_PREFIX_PATH=/home/yyh/ros2_ws/install/realsense2_camera_msgs:/home/yyh/ros2_ws/install/realsense2_description:/home/yyh/ros2_ws/install/realsense2_camera:/home/yyh/ros2_ws/install/learning_interface:/home/yyh/ros2_ws/install/yyh_object:/home/yyh/ros2_ws/install/yyh_nav:/home/yyh/ros2_ws/install/yyh_launch:/home/yyh/ros2_ws/install/yolov5_ros2:/opt/ros/foxy LD_LIBRARY_PATH=/home/yyh/ros2_ws/install/realsense2_camera_msgs/lib:/home/yyh/ros2_ws/install/realsense2_camera/lib:/home/yyh/ros2_ws/install/learning_interface/lib:/opt/ros/foxy/opt/yaml_cpp_vendor/lib:/opt/ros/foxy/opt/rviz_ogre_vendor/lib:/opt/ros/foxy/lib/x86_64-linux-gnu:/opt/ros/foxy/lib PYTHONPATH=/home/yyh/ros2_ws/install/realsense2_camera_msgs/lib/python3.8/site-packages:/home/yyh/ros2_ws/install/yyh_object/lib/python3.8/site-packages:/home/yyh/ros2_ws/install/yyh_nav/lib/python3.8/site-packages:/home/yyh/ros2_ws/install/yyh_launch/lib/python3.8/site-packages:/home/yyh/ros2_ws/install/yolov5_ros2/lib/python3.8/site-packages:/home/yyh/ros2_ws/install/learning_interface/lib/python3.8/site-packages:/opt/ros/foxy/lib/python3.8/site-packages /usr/bin/cmake --install /home/yyh/ros2_ws/build/realsense2_description
[3.920s] Level 1:colcon.colcon_core.environment:create_environment_scripts_only(realsense2_description)
[3.920s] Level 1:colcon.colcon_core.environment:checking '/home/yyh/ros2_ws/install/realsense2_description' for CMake module files
[3.921s] Level 1:colcon.colcon_core.environment:checking '/home/yyh/ros2_ws/install/realsense2_description' for CMake config files
[3.921s] Level 1:colcon.colcon_core.shell:create_environment_hook('realsense2_description', 'cmake_prefix_path')
[3.921s] INFO:colcon.colcon_core.shell:Creating environment hook '/home/yyh/ros2_ws/install/realsense2_description/share/realsense2_description/hook/cmake_prefix_path.ps1'
[3.922s] INFO:colcon.colcon_core.shell:Creating environment descriptor '/home/yyh/ros2_ws/install/realsense2_description/share/realsense2_description/hook/cmake_prefix_path.dsv'
[3.922s] INFO:colcon.colcon_core.shell:Creating environment hook '/home/yyh/ros2_ws/install/realsense2_description/share/realsense2_description/hook/cmake_prefix_path.sh'
[3.922s] Level 1:colcon.colcon_core.environment:checking '/home/yyh/ros2_ws/install/realsense2_description/bin'
[3.922s] Level 1:colcon.colcon_core.environment:checking '/home/yyh/ros2_ws/install/realsense2_description/lib/pkgconfig/realsense2_description.pc'
[3.923s] Level 1:colcon.colcon_core.environment:checking '/home/yyh/ros2_ws/install/realsense2_description/lib/python3.8/site-packages'
[3.923s] Level 1:colcon.colcon_core.environment:checking '/home/yyh/ros2_ws/install/realsense2_description/bin'
[3.923s] INFO:colcon.colcon_core.shell:Creating package script '/home/yyh/ros2_ws/install/realsense2_description/share/realsense2_description/package.ps1'
[3.923s] INFO:colcon.colcon_core.shell:Creating package descriptor '/home/yyh/ros2_ws/install/realsense2_description/share/realsense2_description/package.dsv'
[3.924s] INFO:colcon.colcon_core.shell:Creating package script '/home/yyh/ros2_ws/install/realsense2_description/share/realsense2_description/package.sh'
[3.924s] INFO:colcon.colcon_core.shell:Creating package script '/home/yyh/ros2_ws/install/realsense2_description/share/realsense2_description/package.bash'
[3.924s] INFO:colcon.colcon_core.shell:Creating package script '/home/yyh/ros2_ws/install/realsense2_description/share/realsense2_description/package.zsh'
[3.924s] Level 1:colcon.colcon_core.environment:create_file_with_runtime_dependencies(/home/yyh/ros2_ws/install/realsense2_description/share/colcon-core/packages/realsense2_description)
[3.927s] DEBUG:colcon.colcon_core.event_handler.log_command:Invoked command in '/home/yyh/ros2_ws/build/realsense2_description' returned '0': CMAKE_PREFIX_PATH=/home/yyh/ros2_ws/install/realsense2_camera_msgs:/home/yyh/ros2_ws/install/realsense2_description:/home/yyh/ros2_ws/install/realsense2_camera:/home/yyh/ros2_ws/install/learning_interface:/home/yyh/ros2_ws/install/yyh_object:/home/yyh/ros2_ws/install/yyh_nav:/home/yyh/ros2_ws/install/yyh_launch:/home/yyh/ros2_ws/install/yolov5_ros2:/opt/ros/foxy LD_LIBRARY_PATH=/home/yyh/ros2_ws/install/realsense2_camera_msgs/lib:/home/yyh/ros2_ws/install/realsense2_camera/lib:/home/yyh/ros2_ws/install/learning_interface/lib:/opt/ros/foxy/opt/yaml_cpp_vendor/lib:/opt/ros/foxy/opt/rviz_ogre_vendor/lib:/opt/ros/foxy/lib/x86_64-linux-gnu:/opt/ros/foxy/lib PYTHONPATH=/home/yyh/ros2_ws/install/realsense2_camera_msgs/lib/python3.8/site-packages:/home/yyh/ros2_ws/install/yyh_object/lib/python3.8/site-packages:/home/yyh/ros2_ws/install/yyh_nav/lib/python3.8/site-packages:/home/yyh/ros2_ws/install/yyh_launch/lib/python3.8/site-packages:/home/yyh/ros2_ws/install/yolov5_ros2/lib/python3.8/site-packages:/home/yyh/ros2_ws/install/learning_interface/lib/python3.8/site-packages:/opt/ros/foxy/lib/python3.8/site-packages /usr/bin/cmake --install /home/yyh/ros2_ws/build/realsense2_description
[3.958s] Level 1:colcon.colcon_core.environment:create_environment_scripts_only(realsense2_description)
[3.958s] Level 1:colcon.colcon_core.environment:checking '/home/yyh/ros2_ws/install/realsense2_description' for CMake module files
[3.959s] Level 1:colcon.colcon_core.environment:checking '/home/yyh/ros2_ws/install/realsense2_description' for CMake config files
[3.959s] Level 1:colcon.colcon_core.shell:create_environment_hook('realsense2_description', 'cmake_prefix_path')
[3.959s] INFO:colcon.colcon_core.shell:Creating environment hook '/home/yyh/ros2_ws/install/realsense2_description/share/realsense2_description/hook/cmake_prefix_path.ps1'
[3.960s] INFO:colcon.colcon_core.shell:Creating environment descriptor '/home/yyh/ros2_ws/install/realsense2_description/share/realsense2_description/hook/cmake_prefix_path.dsv'
[3.960s] INFO:colcon.colcon_core.shell:Creating environment hook '/home/yyh/ros2_ws/install/realsense2_description/share/realsense2_description/hook/cmake_prefix_path.sh'
[3.961s] Level 1:colcon.colcon_core.environment:checking '/home/yyh/ros2_ws/install/realsense2_description/bin'
[3.961s] Level 1:colcon.colcon_core.environment:checking '/home/yyh/ros2_ws/install/realsense2_description/lib/pkgconfig/realsense2_description.pc'
[3.961s] Level 1:colcon.colcon_core.environment:checking '/home/yyh/ros2_ws/install/realsense2_description/lib/python3.8/site-packages'
[3.961s] Level 1:colcon.colcon_core.environment:checking '/home/yyh/ros2_ws/install/realsense2_description/bin'
[3.961s] INFO:colcon.colcon_core.shell:Creating package script '/home/yyh/ros2_ws/install/realsense2_description/share/realsense2_description/package.ps1'
[3.963s] INFO:colcon.colcon_core.shell:Creating package descriptor '/home/yyh/ros2_ws/install/realsense2_description/share/realsense2_description/package.dsv'
[3.963s] INFO:colcon.colcon_core.shell:Creating package script '/home/yyh/ros2_ws/install/realsense2_description/share/realsense2_description/package.sh'
[3.964s] INFO:colcon.colcon_core.shell:Creating package script '/home/yyh/ros2_ws/install/realsense2_description/share/realsense2_description/package.bash'
[3.965s] INFO:colcon.colcon_core.shell:Creating package script '/home/yyh/ros2_ws/install/realsense2_description/share/realsense2_description/package.zsh'
[3.965s] Level 1:colcon.colcon_core.environment:create_file_with_runtime_dependencies(/home/yyh/ros2_ws/install/realsense2_description/share/colcon-core/packages/realsense2_description)
[5.139s] Level 1:colcon.colcon_core.environment:checking '/home/yyh/ros2_ws/install/yolov5_ros2' for CMake module files
[5.140s] Level 1:colcon.colcon_core.environment:checking '/home/yyh/ros2_ws/install/yolov5_ros2' for CMake config files
[5.140s] Level 1:colcon.colcon_core.environment:checking '/home/yyh/ros2_ws/install/yolov5_ros2/lib'
[5.141s] Level 1:colcon.colcon_core.environment:checking '/home/yyh/ros2_ws/install/yolov5_ros2/bin'
[5.141s] Level 1:colcon.colcon_core.environment:checking '/home/yyh/ros2_ws/install/yolov5_ros2/lib/pkgconfig/yolov5_ros2.pc'
[5.141s] Level 1:colcon.colcon_core.environment:checking '/home/yyh/ros2_ws/install/yolov5_ros2/lib/python3.8/site-packages'
[5.141s] Level 1:colcon.colcon_core.shell:create_environment_hook('yolov5_ros2', 'pythonpath')
[5.141s] INFO:colcon.colcon_core.shell:Creating environment hook '/home/yyh/ros2_ws/install/yolov5_ros2/share/yolov5_ros2/hook/pythonpath.ps1'
[5.142s] INFO:colcon.colcon_core.shell:Creating environment descriptor '/home/yyh/ros2_ws/install/yolov5_ros2/share/yolov5_ros2/hook/pythonpath.dsv'
[5.142s] INFO:colcon.colcon_core.shell:Creating environment hook '/home/yyh/ros2_ws/install/yolov5_ros2/share/yolov5_ros2/hook/pythonpath.sh'
[5.143s] Level 1:colcon.colcon_core.environment:checking '/home/yyh/ros2_ws/install/yolov5_ros2/bin'
[5.143s] Level 1:colcon.colcon_core.environment:create_environment_scripts_only(yolov5_ros2)
[5.143s] INFO:colcon.colcon_core.shell:Creating package script '/home/yyh/ros2_ws/install/yolov5_ros2/share/yolov5_ros2/package.ps1'
[5.144s] INFO:colcon.colcon_core.shell:Creating package descriptor '/home/yyh/ros2_ws/install/yolov5_ros2/share/yolov5_ros2/package.dsv'
[5.144s] INFO:colcon.colcon_core.shell:Creating package script '/home/yyh/ros2_ws/install/yolov5_ros2/share/yolov5_ros2/package.sh'
[5.144s] INFO:colcon.colcon_core.shell:Creating package script '/home/yyh/ros2_ws/install/yolov5_ros2/share/yolov5_ros2/package.bash'
[5.144s] INFO:colcon.colcon_core.shell:Creating package script '/home/yyh/ros2_ws/install/yolov5_ros2/share/yolov5_ros2/package.zsh'
[5.145s] Level 1:colcon.colcon_core.environment:create_file_with_runtime_dependencies(/home/yyh/ros2_ws/install/yolov5_ros2/share/colcon-core/packages/yolov5_ros2)
[5.145s] DEBUG:colcon.colcon_core.event_handler.log_command:Invoked command in '/home/yyh/ros2_ws/src/yolov5_ros2' returned '0': PYTHONPATH=/home/yyh/ros2_ws/build/yolov5_ros2/prefix_override:/usr/lib/python3/dist-packages/colcon_core/task/python/colcon_distutils_commands:/home/yyh/ros2_ws/install/yolov5_ros2/lib/python3.8/site-packages:${PYTHONPATH} /usr/bin/python3 -W ignore:setup.py install is deprecated setup.py egg_info --egg-base ../../build/yolov5_ros2 build --build-base /home/yyh/ros2_ws/build/yolov5_ros2/build install --record /home/yyh/ros2_ws/build/yolov5_ros2/install.log --single-version-externally-managed install_data
[5.406s] Level 1:colcon.colcon_core.environment:checking '/home/yyh/ros2_ws/install/yyh_nav' for CMake module files
[5.407s] Level 1:colcon.colcon_core.environment:checking '/home/yyh/ros2_ws/install/yyh_nav' for CMake config files
[5.407s] Level 1:colcon.colcon_core.environment:checking '/home/yyh/ros2_ws/install/yyh_nav/lib'
[5.407s] Level 1:colcon.colcon_core.environment:checking '/home/yyh/ros2_ws/install/yyh_nav/bin'
[5.408s] Level 1:colcon.colcon_core.environment:checking '/home/yyh/ros2_ws/install/yyh_nav/lib/pkgconfig/yyh_nav.pc'
[5.408s] Level 1:colcon.colcon_core.environment:checking '/home/yyh/ros2_ws/install/yyh_nav/lib/python3.8/site-packages'
[5.408s] Level 1:colcon.colcon_core.shell:create_environment_hook('yyh_nav', 'pythonpath')
[5.408s] INFO:colcon.colcon_core.shell:Creating environment hook '/home/yyh/ros2_ws/install/yyh_nav/share/yyh_nav/hook/pythonpath.ps1'
[5.408s] INFO:colcon.colcon_core.shell:Creating environment descriptor '/home/yyh/ros2_ws/install/yyh_nav/share/yyh_nav/hook/pythonpath.dsv'
[5.409s] INFO:colcon.colcon_core.shell:Creating environment hook '/home/yyh/ros2_ws/install/yyh_nav/share/yyh_nav/hook/pythonpath.sh'
[5.409s] Level 1:colcon.colcon_core.environment:checking '/home/yyh/ros2_ws/install/yyh_nav/bin'
[5.409s] Level 1:colcon.colcon_core.environment:create_environment_scripts_only(yyh_nav)
[5.409s] INFO:colcon.colcon_core.shell:Creating package script '/home/yyh/ros2_ws/install/yyh_nav/share/yyh_nav/package.ps1'
[5.410s] DEBUG:colcon.colcon_core.event_handler.log_command:Invoked command in '/home/yyh/ros2_ws/src/yyh_nav' returned '0': PYTHONPATH=/home/yyh/ros2_ws/build/yyh_nav/prefix_override:/usr/lib/python3/dist-packages/colcon_core/task/python/colcon_distutils_commands:/home/yyh/ros2_ws/install/yyh_nav/lib/python3.8/site-packages:${PYTHONPATH} /usr/bin/python3 -W ignore:setup.py install is deprecated setup.py egg_info --egg-base ../../build/yyh_nav build --build-base /home/yyh/ros2_ws/build/yyh_nav/build install --record /home/yyh/ros2_ws/build/yyh_nav/install.log --single-version-externally-managed install_data
[5.410s] INFO:colcon.colcon_core.shell:Creating package descriptor '/home/yyh/ros2_ws/install/yyh_nav/share/yyh_nav/package.dsv'
[5.410s] INFO:colcon.colcon_core.shell:Creating package script '/home/yyh/ros2_ws/install/yyh_nav/share/yyh_nav/package.sh'
[5.411s] INFO:colcon.colcon_core.shell:Creating package script '/home/yyh/ros2_ws/install/yyh_nav/share/yyh_nav/package.bash'
[5.411s] INFO:colcon.colcon_core.shell:Creating package script '/home/yyh/ros2_ws/install/yyh_nav/share/yyh_nav/package.zsh'
[5.411s] Level 1:colcon.colcon_core.environment:create_file_with_runtime_dependencies(/home/yyh/ros2_ws/install/yyh_nav/share/colcon-core/packages/yyh_nav)
[5.784s] Level 1:colcon.colcon_core.environment:checking '/home/yyh/ros2_ws/install/yyh_object' for CMake module files
[5.784s] DEBUG:colcon.colcon_core.event_handler.log_command:Invoked command in '/home/yyh/ros2_ws/src/yyh_object' returned '0': PYTHONPATH=/home/yyh/ros2_ws/build/yyh_object/prefix_override:/usr/lib/python3/dist-packages/colcon_core/task/python/colcon_distutils_commands:/home/yyh/ros2_ws/install/yyh_object/lib/python3.8/site-packages:${PYTHONPATH} /usr/bin/python3 -W ignore:setup.py install is deprecated setup.py egg_info --egg-base ../../build/yyh_object build --build-base /home/yyh/ros2_ws/build/yyh_object/build install --record /home/yyh/ros2_ws/build/yyh_object/install.log --single-version-externally-managed install_data
[5.784s] Level 1:colcon.colcon_core.environment:checking '/home/yyh/ros2_ws/install/yyh_object' for CMake config files
[5.785s] Level 1:colcon.colcon_core.environment:checking '/home/yyh/ros2_ws/install/yyh_object/lib'
[5.785s] Level 1:colcon.colcon_core.environment:checking '/home/yyh/ros2_ws/install/yyh_object/bin'
[5.785s] Level 1:colcon.colcon_core.environment:checking '/home/yyh/ros2_ws/install/yyh_object/lib/pkgconfig/yyh_object.pc'
[5.785s] Level 1:colcon.colcon_core.environment:checking '/home/yyh/ros2_ws/install/yyh_object/lib/python3.8/site-packages'
[5.785s] Level 1:colcon.colcon_core.shell:create_environment_hook('yyh_object', 'pythonpath')
[5.785s] INFO:colcon.colcon_core.shell:Creating environment hook '/home/yyh/ros2_ws/install/yyh_object/share/yyh_object/hook/pythonpath.ps1'
[5.785s] INFO:colcon.colcon_core.shell:Creating environment descriptor '/home/yyh/ros2_ws/install/yyh_object/share/yyh_object/hook/pythonpath.dsv'
[5.786s] INFO:colcon.colcon_core.shell:Creating environment hook '/home/yyh/ros2_ws/install/yyh_object/share/yyh_object/hook/pythonpath.sh'
[5.786s] Level 1:colcon.colcon_core.environment:checking '/home/yyh/ros2_ws/install/yyh_object/bin'
[5.786s] Level 1:colcon.colcon_core.environment:create_environment_scripts_only(yyh_object)
[5.786s] INFO:colcon.colcon_core.shell:Creating package script '/home/yyh/ros2_ws/install/yyh_object/share/yyh_object/package.ps1'
[5.786s] INFO:colcon.colcon_core.shell:Creating package descriptor '/home/yyh/ros2_ws/install/yyh_object/share/yyh_object/package.dsv'
[5.787s] INFO:colcon.colcon_core.shell:Creating package script '/home/yyh/ros2_ws/install/yyh_object/share/yyh_object/package.sh'
[5.787s] INFO:colcon.colcon_core.shell:Creating package script '/home/yyh/ros2_ws/install/yyh_object/share/yyh_object/package.bash'
[5.787s] INFO:colcon.colcon_core.shell:Creating package script '/home/yyh/ros2_ws/install/yyh_object/share/yyh_object/package.zsh'
[5.787s] Level 1:colcon.colcon_core.environment:create_file_with_runtime_dependencies(/home/yyh/ros2_ws/install/yyh_object/share/colcon-core/packages/yyh_object)
[5.787s] DEBUG:colcon.colcon_parallel_executor.executor.parallel:closing loop
[5.788s] DEBUG:colcon.colcon_parallel_executor.executor.parallel:loop closed
[5.788s] DEBUG:colcon.colcon_parallel_executor.executor.parallel:run_until_complete finished with '0'
[5.788s] DEBUG:colcon.colcon_core.event_reactor:joining thread
[5.792s] INFO:colcon.colcon_core.plugin_system:Skipping extension 'colcon_notification.desktop_notification.terminal_notifier': Not used on non-Darwin systems
[5.792s] INFO:colcon.colcon_core.plugin_system:Skipping extension 'colcon_notification.desktop_notification.win32': Not used on non-Windows systems
[5.792s] INFO:colcon.colcon_notification.desktop_notification:Sending desktop notification using 'notify2'
[5.799s] DEBUG:colcon.colcon_core.event_reactor:joined thread
[5.800s] INFO:colcon.colcon_core.shell:Creating prefix script '/home/yyh/ros2_ws/install/local_setup.ps1'
[5.801s] INFO:colcon.colcon_core.shell:Creating prefix util module '/home/yyh/ros2_ws/install/_local_setup_util_ps1.py'
[5.801s] INFO:colcon.colcon_core.shell:Creating prefix chain script '/home/yyh/ros2_ws/install/setup.ps1'
[5.802s] INFO:colcon.colcon_core.shell:Creating prefix script '/home/yyh/ros2_ws/install/local_setup.sh'
[5.802s] INFO:colcon.colcon_core.shell:Creating prefix util module '/home/yyh/ros2_ws/install/_local_setup_util_sh.py'
[5.803s] INFO:colcon.colcon_core.shell:Creating prefix chain script '/home/yyh/ros2_ws/install/setup.sh'
[5.804s] INFO:colcon.colcon_core.shell:Creating prefix script '/home/yyh/ros2_ws/install/local_setup.bash'
[5.804s] INFO:colcon.colcon_core.shell:Creating prefix chain script '/home/yyh/ros2_ws/install/setup.bash'
[5.805s] INFO:colcon.colcon_core.shell:Creating prefix script '/home/yyh/ros2_ws/install/local_setup.zsh'
[5.805s] INFO:colcon.colcon_core.shell:Creating prefix chain script '/home/yyh/ros2_ws/install/setup.zsh'
