[0.039s] Invoking command in '/home/yyh/ros2_ws/build/learning_interface': CMAKE_PREFIX_PATH=${CMAKE_PREFIX_PATH}:/home/yyh/ros2_ws/install/yyh_object:/home/yyh/ros2_ws/install/yyh_nav:/home/yyh/ros2_ws/install/yyh_launch:/home/yyh/ros2_ws/install/yolov5_ros2:/opt/ros/foxy /home/yyh/.local/bin/cmake --build /home/yyh/ros2_ws/build/learning_interface -- -j4 -l4
[0.655s] [  1%] Built target learning_interface__cpp
[0.655s] [ 12%] Built target learning_interface__rosidl_generator_c
[0.655s] [ 23%] Built target learning_interface__rosidl_typesupport_cpp
[0.655s] [ 35%] Built target learning_interface__rosidl_typesupport_fastrtps_cpp
[0.656s] [ 47%] Built target learning_interface__rosidl_typesupport_c
[0.656s] [ 57%] Built target learning_interface__rosidl_typesupport_introspection_c
[0.656s] [ 69%] Built target learning_interface__rosidl_typesupport_introspection_cpp
[0.656s] [ 80%] Built target learning_interface__rosidl_typesupport_fastrtps_c
[0.656s] [ 80%] Built target learning_interface
[0.656s] [ 81%] Built target learning_interface__py
[0.656s] [ 91%] Built target learning_interface__python
[0.683s] [ 94%] Built target learning_interface__rosidl_typesupport_c__pyext
[0.705s] [ 97%] Built target learning_interface__rosidl_typesupport_introspection_c__pyext
[0.718s] [100%] Built target learning_interface__rosidl_typesupport_fastrtps_c__pyext
[0.968s] Invoked command in '/home/yyh/ros2_ws/build/learning_interface' returned '0': CMAKE_PREFIX_PATH=${CMAKE_PREFIX_PATH}:/home/yyh/ros2_ws/install/yyh_object:/home/yyh/ros2_ws/install/yyh_nav:/home/yyh/ros2_ws/install/yyh_launch:/home/yyh/ros2_ws/install/yolov5_ros2:/opt/ros/foxy /home/yyh/.local/bin/cmake --build /home/yyh/ros2_ws/build/learning_interface -- -j4 -l4
[1.302s] Invoking command in '/home/yyh/ros2_ws/build/learning_interface': CMAKE_PREFIX_PATH=${CMAKE_PREFIX_PATH}:/home/yyh/ros2_ws/install/yyh_object:/home/yyh/ros2_ws/install/yyh_nav:/home/yyh/ros2_ws/install/yyh_launch:/home/yyh/ros2_ws/install/yolov5_ros2:/opt/ros/foxy /home/yyh/.local/bin/cmake --install /home/yyh/ros2_ws/build/learning_interface
[1.392s] -- Install configuration: ""
[1.392s] -- Execute custom install script
[1.392s] -- Up-to-date symlink: /home/yyh/ros2_ws/install/learning_interface/share/ament_index/resource_index/rosidl_interfaces/learning_interface
[1.393s] -- Up-to-date symlink: /home/yyh/ros2_ws/install/learning_interface/include/learning_interface/action/detail/move_circle__functions.h
[1.394s] -- Up-to-date symlink: /home/yyh/ros2_ws/install/learning_interface/include/learning_interface/action/detail/move_circle__struct.h
[1.394s] -- Up-to-date symlink: /home/yyh/ros2_ws/install/learning_interface/include/learning_interface/action/detail/move_circle__type_support.h
[1.395s] -- Up-to-date symlink: /home/yyh/ros2_ws/install/learning_interface/include/learning_interface/action/move_circle.h
[1.395s] -- Up-to-date symlink: /home/yyh/ros2_ws/install/learning_interface/include/learning_interface/msg/detail/my_state__functions.h
[1.395s] -- Up-to-date symlink: /home/yyh/ros2_ws/install/learning_interface/include/learning_interface/msg/detail/my_state__struct.h
[1.396s] -- Up-to-date symlink: /home/yyh/ros2_ws/install/learning_interface/include/learning_interface/msg/detail/my_state__type_support.h
[1.396s] -- Up-to-date symlink: /home/yyh/ros2_ws/install/learning_interface/include/learning_interface/msg/detail/object_position__functions.h
[1.397s] -- Up-to-date symlink: /home/yyh/ros2_ws/install/learning_interface/include/learning_interface/msg/detail/object_position__struct.h
[1.397s] -- Up-to-date symlink: /home/yyh/ros2_ws/install/learning_interface/include/learning_interface/msg/detail/object_position__type_support.h
[1.398s] -- Up-to-date symlink: /home/yyh/ros2_ws/install/learning_interface/include/learning_interface/msg/detail/stm32__functions.h
[1.398s] -- Up-to-date symlink: /home/yyh/ros2_ws/install/learning_interface/include/learning_interface/msg/detail/stm32__struct.h
[1.398s] -- Up-to-date symlink: /home/yyh/ros2_ws/install/learning_interface/include/learning_interface/msg/detail/stm32__type_support.h
[1.399s] -- Up-to-date symlink: /home/yyh/ros2_ws/install/learning_interface/include/learning_interface/msg/my_state.h
[1.399s] -- Up-to-date symlink: /home/yyh/ros2_ws/install/learning_interface/include/learning_interface/msg/object_position.h
[1.400s] -- Up-to-date symlink: /home/yyh/ros2_ws/install/learning_interface/include/learning_interface/msg/rosidl_generator_c__visibility_control.h
[1.400s] -- Up-to-date symlink: /home/yyh/ros2_ws/install/learning_interface/include/learning_interface/msg/stm32.h
[1.400s] -- Up-to-date symlink: /home/yyh/ros2_ws/install/learning_interface/include/learning_interface/srv/add_two_ints.h
[1.401s] -- Up-to-date symlink: /home/yyh/ros2_ws/install/learning_interface/include/learning_interface/srv/detail/add_two_ints__functions.h
[1.401s] -- Up-to-date symlink: /home/yyh/ros2_ws/install/learning_interface/include/learning_interface/srv/detail/add_two_ints__struct.h
[1.402s] -- Up-to-date symlink: /home/yyh/ros2_ws/install/learning_interface/include/learning_interface/srv/detail/add_two_ints__type_support.h
[1.403s] -- Up-to-date symlink: /home/yyh/ros2_ws/install/learning_interface/include/learning_interface/srv/detail/get_object_position__functions.h
[1.403s] -- Up-to-date symlink: /home/yyh/ros2_ws/install/learning_interface/include/learning_interface/srv/detail/get_object_position__struct.h
[1.403s] -- Up-to-date symlink: /home/yyh/ros2_ws/install/learning_interface/include/learning_interface/srv/detail/get_object_position__type_support.h
[1.403s] -- Up-to-date symlink: /home/yyh/ros2_ws/install/learning_interface/include/learning_interface/srv/get_object_position.h
[1.404s] -- Up-to-date symlink: /home/yyh/ros2_ws/install/learning_interface/share/learning_interface/environment/library_path.sh
[1.404s] -- Up-to-date symlink: /home/yyh/ros2_ws/install/learning_interface/share/learning_interface/environment/library_path.dsv
[1.406s] -- Up-to-date symlink: /home/yyh/ros2_ws/install/learning_interface/include/learning_interface/action/detail/move_circle__rosidl_typesupport_fastrtps_c.h
[1.407s] -- Up-to-date symlink: /home/yyh/ros2_ws/install/learning_interface/include/learning_interface/msg/detail/my_state__rosidl_typesupport_fastrtps_c.h
[1.407s] -- Up-to-date symlink: /home/yyh/ros2_ws/install/learning_interface/include/learning_interface/msg/detail/object_position__rosidl_typesupport_fastrtps_c.h
[1.407s] -- Up-to-date symlink: /home/yyh/ros2_ws/install/learning_interface/include/learning_interface/msg/detail/stm32__rosidl_typesupport_fastrtps_c.h
[1.408s] -- Up-to-date symlink: /home/yyh/ros2_ws/install/learning_interface/include/learning_interface/msg/rosidl_typesupport_fastrtps_c__visibility_control.h
[1.408s] -- Up-to-date symlink: /home/yyh/ros2_ws/install/learning_interface/include/learning_interface/srv/detail/add_two_ints__rosidl_typesupport_fastrtps_c.h
[1.408s] -- Up-to-date symlink: /home/yyh/ros2_ws/install/learning_interface/include/learning_interface/srv/detail/get_object_position__rosidl_typesupport_fastrtps_c.h
[1.409s] -- Up-to-date symlink: /home/yyh/ros2_ws/install/learning_interface/lib/liblearning_interface__rosidl_typesupport_fastrtps_c.so
[1.411s] -- Up-to-date symlink: /home/yyh/ros2_ws/install/learning_interface/include/learning_interface/action/detail/move_circle__rosidl_typesupport_fastrtps_cpp.hpp
[1.412s] -- Up-to-date symlink: /home/yyh/ros2_ws/install/learning_interface/include/learning_interface/msg/detail/my_state__rosidl_typesupport_fastrtps_cpp.hpp
[1.412s] -- Up-to-date symlink: /home/yyh/ros2_ws/install/learning_interface/include/learning_interface/msg/detail/object_position__rosidl_typesupport_fastrtps_cpp.hpp
[1.413s] -- Up-to-date symlink: /home/yyh/ros2_ws/install/learning_interface/include/learning_interface/msg/detail/stm32__rosidl_typesupport_fastrtps_cpp.hpp
[1.414s] -- Up-to-date symlink: /home/yyh/ros2_ws/install/learning_interface/include/learning_interface/msg/rosidl_typesupport_fastrtps_cpp__visibility_control.h
[1.414s] -- Up-to-date symlink: /home/yyh/ros2_ws/install/learning_interface/include/learning_interface/srv/detail/add_two_ints__rosidl_typesupport_fastrtps_cpp.hpp
[1.414s] -- Up-to-date symlink: /home/yyh/ros2_ws/install/learning_interface/include/learning_interface/srv/detail/get_object_position__rosidl_typesupport_fastrtps_cpp.hpp
[1.415s] -- Up-to-date symlink: /home/yyh/ros2_ws/install/learning_interface/lib/liblearning_interface__rosidl_typesupport_fastrtps_cpp.so
[1.416s] -- Up-to-date symlink: /home/yyh/ros2_ws/install/learning_interface/include/learning_interface/action/detail/move_circle__rosidl_typesupport_introspection_c.h
[1.416s] -- Up-to-date symlink: /home/yyh/ros2_ws/install/learning_interface/include/learning_interface/msg/detail/my_state__rosidl_typesupport_introspection_c.h
[1.417s] -- Up-to-date symlink: /home/yyh/ros2_ws/install/learning_interface/include/learning_interface/msg/detail/object_position__rosidl_typesupport_introspection_c.h
[1.417s] -- Up-to-date symlink: /home/yyh/ros2_ws/install/learning_interface/include/learning_interface/msg/detail/stm32__rosidl_typesupport_introspection_c.h
[1.417s] -- Up-to-date symlink: /home/yyh/ros2_ws/install/learning_interface/include/learning_interface/msg/rosidl_typesupport_introspection_c__visibility_control.h
[1.417s] -- Up-to-date symlink: /home/yyh/ros2_ws/install/learning_interface/include/learning_interface/srv/detail/add_two_ints__rosidl_typesupport_introspection_c.h
[1.418s] -- Up-to-date symlink: /home/yyh/ros2_ws/install/learning_interface/include/learning_interface/srv/detail/get_object_position__rosidl_typesupport_introspection_c.h
[1.418s] -- Up-to-date symlink: /home/yyh/ros2_ws/install/learning_interface/include/learning_interface/action/detail/move_circle__builder.hpp
[1.419s] -- Up-to-date symlink: /home/yyh/ros2_ws/install/learning_interface/include/learning_interface/action/detail/move_circle__struct.hpp
[1.419s] -- Up-to-date symlink: /home/yyh/ros2_ws/install/learning_interface/include/learning_interface/action/detail/move_circle__traits.hpp
[1.419s] -- Up-to-date symlink: /home/yyh/ros2_ws/install/learning_interface/include/learning_interface/action/detail/move_circle__type_support.hpp
[1.419s] -- Up-to-date symlink: /home/yyh/ros2_ws/install/learning_interface/include/learning_interface/action/move_circle.hpp
[1.419s] -- Up-to-date symlink: /home/yyh/ros2_ws/install/learning_interface/include/learning_interface/msg/detail/my_state__builder.hpp
[1.420s] -- Up-to-date symlink: /home/yyh/ros2_ws/install/learning_interface/include/learning_interface/msg/detail/my_state__struct.hpp
[1.420s] -- Up-to-date symlink: /home/yyh/ros2_ws/install/learning_interface/include/learning_interface/msg/detail/my_state__traits.hpp
[1.420s] -- Up-to-date symlink: /home/yyh/ros2_ws/install/learning_interface/include/learning_interface/msg/detail/my_state__type_support.hpp
[1.421s] -- Up-to-date symlink: /home/yyh/ros2_ws/install/learning_interface/include/learning_interface/msg/detail/object_position__builder.hpp
[1.421s] -- Up-to-date symlink: /home/yyh/ros2_ws/install/learning_interface/include/learning_interface/msg/detail/object_position__struct.hpp
[1.422s] -- Up-to-date symlink: /home/yyh/ros2_ws/install/learning_interface/include/learning_interface/msg/detail/object_position__traits.hpp
[1.423s] -- Up-to-date symlink: /home/yyh/ros2_ws/install/learning_interface/include/learning_interface/msg/detail/object_position__type_support.hpp
[1.424s] -- Up-to-date symlink: /home/yyh/ros2_ws/install/learning_interface/include/learning_interface/msg/detail/stm32__builder.hpp
[1.424s] -- Up-to-date symlink: /home/yyh/ros2_ws/install/learning_interface/include/learning_interface/msg/detail/stm32__struct.hpp
[1.424s] -- Up-to-date symlink: /home/yyh/ros2_ws/install/learning_interface/include/learning_interface/msg/detail/stm32__traits.hpp
[1.425s] -- Up-to-date symlink: /home/yyh/ros2_ws/install/learning_interface/include/learning_interface/msg/detail/stm32__type_support.hpp
[1.425s] -- Up-to-date symlink: /home/yyh/ros2_ws/install/learning_interface/include/learning_interface/msg/my_state.hpp
[1.425s] -- Up-to-date symlink: /home/yyh/ros2_ws/install/learning_interface/include/learning_interface/msg/object_position.hpp
[1.425s] -- Up-to-date symlink: /home/yyh/ros2_ws/install/learning_interface/include/learning_interface/msg/rosidl_generator_cpp__visibility_control.hpp
[1.425s] -- Up-to-date symlink: /home/yyh/ros2_ws/install/learning_interface/include/learning_interface/msg/stm32.hpp
[1.426s] -- Up-to-date symlink: /home/yyh/ros2_ws/install/learning_interface/include/learning_interface/srv/add_two_ints.hpp
[1.426s] -- Up-to-date symlink: /home/yyh/ros2_ws/install/learning_interface/include/learning_interface/srv/detail/add_two_ints__builder.hpp
[1.426s] -- Up-to-date symlink: /home/yyh/ros2_ws/install/learning_interface/include/learning_interface/srv/detail/add_two_ints__struct.hpp
[1.427s] -- Up-to-date symlink: /home/yyh/ros2_ws/install/learning_interface/include/learning_interface/srv/detail/add_two_ints__traits.hpp
[1.427s] -- Up-to-date symlink: /home/yyh/ros2_ws/install/learning_interface/include/learning_interface/srv/detail/add_two_ints__type_support.hpp
[1.427s] -- Up-to-date symlink: /home/yyh/ros2_ws/install/learning_interface/include/learning_interface/srv/detail/get_object_position__builder.hpp
[1.428s] -- Up-to-date symlink: /home/yyh/ros2_ws/install/learning_interface/include/learning_interface/srv/detail/get_object_position__struct.hpp
[1.428s] -- Up-to-date symlink: /home/yyh/ros2_ws/install/learning_interface/include/learning_interface/srv/detail/get_object_position__traits.hpp
[1.428s] -- Up-to-date symlink: /home/yyh/ros2_ws/install/learning_interface/include/learning_interface/srv/detail/get_object_position__type_support.hpp
[1.428s] -- Up-to-date symlink: /home/yyh/ros2_ws/install/learning_interface/include/learning_interface/srv/get_object_position.hpp
[1.429s] -- Up-to-date symlink: /home/yyh/ros2_ws/install/learning_interface/include/learning_interface/action/detail/move_circle__rosidl_typesupport_introspection_cpp.hpp
[1.429s] -- Up-to-date symlink: /home/yyh/ros2_ws/install/learning_interface/include/learning_interface/msg/detail/my_state__rosidl_typesupport_introspection_cpp.hpp
[1.429s] -- Up-to-date symlink: /home/yyh/ros2_ws/install/learning_interface/include/learning_interface/msg/detail/object_position__rosidl_typesupport_introspection_cpp.hpp
[1.429s] -- Up-to-date symlink: /home/yyh/ros2_ws/install/learning_interface/include/learning_interface/msg/detail/stm32__rosidl_typesupport_introspection_cpp.hpp
[1.430s] -- Up-to-date symlink: /home/yyh/ros2_ws/install/learning_interface/include/learning_interface/srv/detail/add_two_ints__rosidl_typesupport_introspection_cpp.hpp
[1.430s] -- Up-to-date symlink: /home/yyh/ros2_ws/install/learning_interface/include/learning_interface/srv/detail/get_object_position__rosidl_typesupport_introspection_cpp.hpp
[1.430s] -- Up-to-date symlink: /home/yyh/ros2_ws/install/learning_interface/share/learning_interface/environment/pythonpath.sh
[1.430s] -- Up-to-date symlink: /home/yyh/ros2_ws/install/learning_interface/share/learning_interface/environment/pythonpath.dsv
[1.431s] -- Up-to-date symlink: /home/yyh/ros2_ws/install/learning_interface/lib/python3.8/site-packages/learning_interface/__init__.py
[1.431s] -- Up-to-date symlink: /home/yyh/ros2_ws/install/learning_interface/lib/python3.8/site-packages/learning_interface/msg/__init__.py
[1.431s] -- Up-to-date symlink: /home/yyh/ros2_ws/install/learning_interface/lib/python3.8/site-packages/learning_interface/msg/_my_state.py
[1.431s] -- Up-to-date symlink: /home/yyh/ros2_ws/install/learning_interface/lib/python3.8/site-packages/learning_interface/msg/_object_position.py
[1.432s] -- Up-to-date symlink: /home/yyh/ros2_ws/install/learning_interface/lib/python3.8/site-packages/learning_interface/msg/_stm32.py
[1.432s] -- Up-to-date symlink: /home/yyh/ros2_ws/install/learning_interface/lib/python3.8/site-packages/learning_interface/srv/__init__.py
[1.432s] -- Up-to-date symlink: /home/yyh/ros2_ws/install/learning_interface/lib/python3.8/site-packages/learning_interface/srv/_add_two_ints.py
[1.432s] -- Up-to-date symlink: /home/yyh/ros2_ws/install/learning_interface/lib/python3.8/site-packages/learning_interface/srv/_get_object_position.py
[1.433s] -- Up-to-date symlink: /home/yyh/ros2_ws/install/learning_interface/lib/python3.8/site-packages/learning_interface/action/__init__.py
[1.433s] -- Up-to-date symlink: /home/yyh/ros2_ws/install/learning_interface/lib/python3.8/site-packages/learning_interface/action/_move_circle.py
[1.434s] -- Up-to-date symlink: /home/yyh/ros2_ws/install/learning_interface/lib/python3.8/site-packages/learning_interface/learning_interface_s__rosidl_typesupport_fastrtps_c.cpython-38-x86_64-linux-gnu.so
[1.434s] -- Up-to-date symlink: /home/yyh/ros2_ws/install/learning_interface/lib/python3.8/site-packages/learning_interface/learning_interface_s__rosidl_typesupport_introspection_c.cpython-38-x86_64-linux-gnu.so
[1.434s] -- Up-to-date symlink: /home/yyh/ros2_ws/install/learning_interface/lib/python3.8/site-packages/learning_interface/learning_interface_s__rosidl_typesupport_c.cpython-38-x86_64-linux-gnu.so
[1.435s] -- Up-to-date symlink: /home/yyh/ros2_ws/install/learning_interface/lib/liblearning_interface__python.so
[1.435s] -- Up-to-date symlink: /home/yyh/ros2_ws/install/learning_interface/share/learning_interface/msg/ObjectPosition.idl
[1.435s] -- Up-to-date symlink: /home/yyh/ros2_ws/install/learning_interface/share/learning_interface/msg/MyState.idl
[1.436s] -- Up-to-date symlink: /home/yyh/ros2_ws/install/learning_interface/share/learning_interface/msg/STM32.idl
[1.436s] -- Up-to-date symlink: /home/yyh/ros2_ws/install/learning_interface/share/learning_interface/srv/AddTwoInts.idl
[1.437s] -- Up-to-date symlink: /home/yyh/ros2_ws/install/learning_interface/share/learning_interface/srv/GetObjectPosition.idl
[1.437s] -- Up-to-date symlink: /home/yyh/ros2_ws/install/learning_interface/share/learning_interface/action/MoveCircle.idl
[1.437s] -- Up-to-date symlink: /home/yyh/ros2_ws/install/learning_interface/share/learning_interface/msg/ObjectPosition.msg
[1.438s] -- Up-to-date symlink: /home/yyh/ros2_ws/install/learning_interface/share/learning_interface/msg/MyState.msg
[1.438s] -- Up-to-date symlink: /home/yyh/ros2_ws/install/learning_interface/share/learning_interface/msg/STM32.msg
[1.438s] -- Up-to-date symlink: /home/yyh/ros2_ws/install/learning_interface/share/learning_interface/srv/AddTwoInts.srv
[1.439s] -- Up-to-date symlink: /home/yyh/ros2_ws/install/learning_interface/share/learning_interface/srv/AddTwoInts_Request.msg
[1.439s] -- Up-to-date symlink: /home/yyh/ros2_ws/install/learning_interface/share/learning_interface/srv/AddTwoInts_Response.msg
[1.441s] -- Up-to-date symlink: /home/yyh/ros2_ws/install/learning_interface/share/learning_interface/srv/GetObjectPosition.srv
[1.441s] -- Up-to-date symlink: /home/yyh/ros2_ws/install/learning_interface/share/learning_interface/srv/GetObjectPosition_Request.msg
[1.442s] -- Up-to-date symlink: /home/yyh/ros2_ws/install/learning_interface/share/learning_interface/srv/GetObjectPosition_Response.msg
[1.442s] -- Up-to-date symlink: /home/yyh/ros2_ws/install/learning_interface/share/learning_interface/action/MoveCircle.action
[1.442s] -- Up-to-date symlink: /home/yyh/ros2_ws/install/learning_interface/share/ament_index/resource_index/package_run_dependencies/learning_interface
[1.443s] -- Up-to-date symlink: /home/yyh/ros2_ws/install/learning_interface/share/ament_index/resource_index/parent_prefix_path/learning_interface
[1.443s] -- Up-to-date symlink: /home/yyh/ros2_ws/install/learning_interface/share/learning_interface/environment/ament_prefix_path.sh
[1.444s] -- Up-to-date symlink: /home/yyh/ros2_ws/install/learning_interface/share/learning_interface/environment/ament_prefix_path.dsv
[1.444s] -- Up-to-date symlink: /home/yyh/ros2_ws/install/learning_interface/share/learning_interface/environment/path.sh
[1.445s] -- Up-to-date symlink: /home/yyh/ros2_ws/install/learning_interface/share/learning_interface/environment/path.dsv
[1.445s] -- Up-to-date symlink: /home/yyh/ros2_ws/install/learning_interface/share/learning_interface/local_setup.bash
[1.445s] -- Up-to-date symlink: /home/yyh/ros2_ws/install/learning_interface/share/learning_interface/local_setup.sh
[1.446s] -- Up-to-date symlink: /home/yyh/ros2_ws/install/learning_interface/share/learning_interface/local_setup.zsh
[1.446s] -- Up-to-date symlink: /home/yyh/ros2_ws/install/learning_interface/share/learning_interface/local_setup.dsv
[1.446s] -- Symlinking: /home/yyh/ros2_ws/install/learning_interface/share/learning_interface/package.dsv
[1.479s] -- Up-to-date symlink: /home/yyh/ros2_ws/install/learning_interface/share/ament_index/resource_index/packages/learning_interface
[1.480s] -- Up-to-date symlink: /home/yyh/ros2_ws/install/learning_interface/share/learning_interface/cmake/rosidl_cmake-extras.cmake
[1.480s] -- Up-to-date symlink: /home/yyh/ros2_ws/install/learning_interface/share/learning_interface/cmake/ament_cmake_export_dependencies-extras.cmake
[1.480s] -- Up-to-date symlink: /home/yyh/ros2_ws/install/learning_interface/share/learning_interface/cmake/ament_cmake_export_libraries-extras.cmake
[1.480s] -- Up-to-date symlink: /home/yyh/ros2_ws/install/learning_interface/share/learning_interface/cmake/ament_cmake_export_targets-extras.cmake
[1.480s] -- Up-to-date symlink: /home/yyh/ros2_ws/install/learning_interface/share/learning_interface/cmake/ament_cmake_export_include_directories-extras.cmake
[1.480s] -- Up-to-date symlink: /home/yyh/ros2_ws/install/learning_interface/share/learning_interface/cmake/rosidl_cmake_export_typesupport_libraries-extras.cmake
[1.480s] -- Up-to-date symlink: /home/yyh/ros2_ws/install/learning_interface/share/learning_interface/cmake/rosidl_cmake_export_typesupport_targets-extras.cmake
[1.480s] -- Up-to-date symlink: /home/yyh/ros2_ws/install/learning_interface/share/learning_interface/cmake/learning_interfaceConfig.cmake
[1.480s] -- Up-to-date symlink: /home/yyh/ros2_ws/install/learning_interface/share/learning_interface/cmake/learning_interfaceConfig-version.cmake
[1.480s] -- Up-to-date symlink: /home/yyh/ros2_ws/install/learning_interface/share/learning_interface/package.xml
[1.481s] -- Up-to-date: /home/yyh/ros2_ws/install/learning_interface/lib/liblearning_interface__rosidl_generator_c.so
[1.482s] -- Up-to-date: /home/yyh/ros2_ws/install/learning_interface/lib/liblearning_interface__rosidl_typesupport_introspection_c.so
[1.482s] -- Up-to-date: /home/yyh/ros2_ws/install/learning_interface/lib/liblearning_interface__rosidl_typesupport_c.so
[1.482s] -- Up-to-date: /home/yyh/ros2_ws/install/learning_interface/lib/liblearning_interface__rosidl_typesupport_introspection_cpp.so
[1.482s] -- Up-to-date: /home/yyh/ros2_ws/install/learning_interface/lib/liblearning_interface__rosidl_typesupport_cpp.so
[1.548s] -- Up-to-date: /home/yyh/ros2_ws/install/learning_interface/share/learning_interface/cmake/learning_interface__rosidl_generator_cExport.cmake
[1.548s] -- Up-to-date: /home/yyh/ros2_ws/install/learning_interface/share/learning_interface/cmake/learning_interface__rosidl_generator_cExport-noconfig.cmake
[1.548s] -- Up-to-date: /home/yyh/ros2_ws/install/learning_interface/share/learning_interface/cmake/learning_interface__rosidl_typesupport_introspection_cExport.cmake
[1.548s] -- Up-to-date: /home/yyh/ros2_ws/install/learning_interface/share/learning_interface/cmake/learning_interface__rosidl_typesupport_introspection_cExport-noconfig.cmake
[1.548s] -- Up-to-date: /home/yyh/ros2_ws/install/learning_interface/share/learning_interface/cmake/learning_interface__rosidl_typesupport_cExport.cmake
[1.548s] -- Up-to-date: /home/yyh/ros2_ws/install/learning_interface/share/learning_interface/cmake/learning_interface__rosidl_typesupport_cExport-noconfig.cmake
[1.548s] -- Up-to-date: /home/yyh/ros2_ws/install/learning_interface/share/learning_interface/cmake/learning_interface__rosidl_generator_cppExport.cmake
[1.548s] -- Up-to-date: /home/yyh/ros2_ws/install/learning_interface/share/learning_interface/cmake/learning_interface__rosidl_typesupport_introspection_cppExport.cmake
[1.548s] -- Up-to-date: /home/yyh/ros2_ws/install/learning_interface/share/learning_interface/cmake/learning_interface__rosidl_typesupport_introspection_cppExport-noconfig.cmake
[1.548s] -- Up-to-date: /home/yyh/ros2_ws/install/learning_interface/share/learning_interface/cmake/learning_interface__rosidl_typesupport_cppExport.cmake
[1.549s] -- Up-to-date: /home/yyh/ros2_ws/install/learning_interface/share/learning_interface/cmake/learning_interface__rosidl_typesupport_cppExport-noconfig.cmake
[1.567s] Invoked command in '/home/yyh/ros2_ws/build/learning_interface' returned '0': CMAKE_PREFIX_PATH=${CMAKE_PREFIX_PATH}:/home/yyh/ros2_ws/install/yyh_object:/home/yyh/ros2_ws/install/yyh_nav:/home/yyh/ros2_ws/install/yyh_launch:/home/yyh/ros2_ws/install/yolov5_ros2:/opt/ros/foxy /home/yyh/.local/bin/cmake --install /home/yyh/ros2_ws/build/learning_interface
