[2.094s] Invoking command in '/home/yyh/ros2_ws/build/yyh_nav': PYTHONPATH=/home/yyh/ros2_ws/build/yyh_nav/prefix_override:/usr/lib/python3/dist-packages/colcon_core/task/python/colcon_distutils_commands:/home/yyh/ros2_ws/install/yyh_nav/lib/python3.8/site-packages:${PYTHONPATH} /usr/bin/python3 -W ignore:setup.py install is deprecated setup.py develop --editable --build-directory /home/yyh/ros2_ws/build/yyh_nav/build --no-deps symlink_data
[2.655s] running develop
[2.656s] /home/yyh/.local/lib/python3.8/site-packages/setuptools/command/develop.py:41: EasyInstallDeprecationWarning: easy_install command is deprecated.
[2.656s] !!
[2.656s] 
[2.656s]         ********************************************************************************
[2.656s]         Please avoid running ``setup.py`` and ``easy_install``.
[2.656s]         Instead, use pypa/build, pypa/installer or other
[2.656s]         standards-based tools.
[2.656s] 
[2.656s]         See https://github.com/pypa/setuptools/issues/917 for details.
[2.656s]         ********************************************************************************
[2.656s] 
[2.656s] !!
[2.656s]   easy_install.initialize_options(self)
[3.004s] running egg_info
[3.026s] writing yyh_nav.egg-info/PKG-INFO
[3.029s] writing dependency_links to yyh_nav.egg-info/dependency_links.txt
[3.030s] writing entry points to yyh_nav.egg-info/entry_points.txt
[3.030s] writing requirements to yyh_nav.egg-info/requires.txt
[3.031s] writing top-level names to yyh_nav.egg-info/top_level.txt
[4.860s] writing manifest file 'yyh_nav.egg-info/SOURCES.txt'
[4.911s] running build_ext
[4.911s] Creating /home/yyh/ros2_ws/install/yyh_nav/lib/python3.8/site-packages/yyh-nav.egg-link (link to .)
[4.913s] Installing t265_pose_test script to /home/yyh/ros2_ws/install/yyh_nav/lib/yyh_nav
[4.914s] Installing tft265 script to /home/yyh/ros2_ws/install/yyh_nav/lib/yyh_nav
[4.914s] 
[4.914s] Installed /home/yyh/ros2_ws/build/yyh_nav
[4.914s] running symlink_data
[4.978s] Invoked command in '/home/yyh/ros2_ws/build/yyh_nav' returned '0': PYTHONPATH=/home/yyh/ros2_ws/build/yyh_nav/prefix_override:/usr/lib/python3/dist-packages/colcon_core/task/python/colcon_distutils_commands:/home/yyh/ros2_ws/install/yyh_nav/lib/python3.8/site-packages:${PYTHONPATH} /usr/bin/python3 -W ignore:setup.py install is deprecated setup.py develop --editable --build-directory /home/yyh/ros2_ws/build/yyh_nav/build --no-deps symlink_data
