[0.078s] colcon DEBUG Command line arguments: ['/usr/bin/colcon', 'list', '-p', '--base-paths', '/home/yyh/ros2_ws/FLY']
[0.078s] colcon DEBUG Parsed command line arguments: Namespace(log_base=None, log_level=None, verb_name='list', build_base='build', ignore_user_meta=False, metas=['./colcon.meta'], base_paths=['/home/yyh/ros2_ws/FLY'], packages_ignore=None, packages_ignore_regex=None, paths=None, packages_up_to=None, packages_up_to_regex=None, packages_above=None, packages_above_and_dependencies=None, packages_above_depth=None, packages_select_by_dep=None, packages_skip_by_dep=None, packages_skip_up_to=None, packages_select_build_failed=False, packages_skip_build_finished=False, packages_select_test_failures=False, packages_skip_test_passed=False, packages_select=None, packages_skip=None, packages_select_regex=None, packages_skip_regex=None, packages_start=None, packages_end=None, allow_overriding=[], topological_order=False, names_only=False, paths_only=True, topological_graph=False, topological_graph_dot=False, topological_graph_density=False, topological_graph_legend=False, topological_graph_dot_cluster=False, topological_graph_dot_include_skipped=False, verb_parser=<colcon_defaults.argument_parser.defaults.DefaultArgumentsDecorator object at 0x788dde03dc00>, verb_extension=<colcon_package_information.verb.list.ListVerb object at 0x788dde1ba920>, main=<bound method ListVerb.main of <colcon_package_information.verb.list.ListVerb object at 0x788dde1ba920>>)
[0.115s] colcon.colcon_core.package_discovery Level 1 discover_packages(colcon_meta) check parameters
[0.115s] colcon.colcon_core.package_discovery Level 1 discover_packages(recursive) check parameters
[0.115s] colcon.colcon_core.package_discovery Level 1 discover_packages(ignore) check parameters
[0.115s] colcon.colcon_core.package_discovery Level 1 discover_packages(path) check parameters
[0.115s] colcon.colcon_core.package_discovery Level 1 discover_packages(recursive) discover
[0.115s] colcon.colcon_core.package_discovery INFO Crawling recursively for packages in '/home/yyh/ros2_ws/FLY'
[0.115s] colcon.colcon_core.package_identification Level 1 _identify(/home/yyh/ros2_ws/FLY) by extensions ['ignore', 'ignore_ament_install']
[0.115s] colcon.colcon_core.package_identification Level 1 _identify(/home/yyh/ros2_ws/FLY) by extension 'ignore'
[0.115s] colcon.colcon_core.package_identification Level 1 _identify(/home/yyh/ros2_ws/FLY) by extension 'ignore_ament_install'
[0.115s] colcon.colcon_core.package_identification Level 1 _identify(/home/yyh/ros2_ws/FLY) by extensions ['colcon_pkg']
[0.115s] colcon.colcon_core.package_identification Level 1 _identify(/home/yyh/ros2_ws/FLY) by extension 'colcon_pkg'
[0.115s] colcon.colcon_core.package_identification Level 1 _identify(/home/yyh/ros2_ws/FLY) by extensions ['colcon_meta']
[0.115s] colcon.colcon_core.package_identification Level 1 _identify(/home/yyh/ros2_ws/FLY) by extension 'colcon_meta'
[0.115s] colcon.colcon_core.package_identification Level 1 _identify(/home/yyh/ros2_ws/FLY) by extensions ['ros']
[0.115s] colcon.colcon_core.package_identification Level 1 _identify(/home/yyh/ros2_ws/FLY) by extension 'ros'
[0.118s] colcon.colcon_core.package_identification Level 1 _identify(/home/yyh/ros2_ws/FLY) by extensions ['cmake', 'python']
[0.118s] colcon.colcon_core.package_identification Level 1 _identify(/home/yyh/ros2_ws/FLY) by extension 'cmake'
[0.118s] colcon.colcon_core.package_identification Level 1 _identify(/home/yyh/ros2_ws/FLY) by extension 'python'
[0.118s] colcon.colcon_core.package_identification Level 1 _identify(/home/yyh/ros2_ws/FLY) by extensions ['python_setup_py']
[0.118s] colcon.colcon_core.package_identification Level 1 _identify(/home/yyh/ros2_ws/FLY) by extension 'python_setup_py'
[0.118s] colcon.colcon_core.package_identification Level 1 _identify(/home/yyh/ros2_ws/FLY/__pycache__) by extensions ['ignore', 'ignore_ament_install']
[0.118s] colcon.colcon_core.package_identification Level 1 _identify(/home/yyh/ros2_ws/FLY/__pycache__) by extension 'ignore'
[0.118s] colcon.colcon_core.package_identification Level 1 _identify(/home/yyh/ros2_ws/FLY/__pycache__) by extension 'ignore_ament_install'
[0.118s] colcon.colcon_core.package_identification Level 1 _identify(/home/yyh/ros2_ws/FLY/__pycache__) by extensions ['colcon_pkg']
[0.118s] colcon.colcon_core.package_identification Level 1 _identify(/home/yyh/ros2_ws/FLY/__pycache__) by extension 'colcon_pkg'
[0.118s] colcon.colcon_core.package_identification Level 1 _identify(/home/yyh/ros2_ws/FLY/__pycache__) by extensions ['colcon_meta']
[0.118s] colcon.colcon_core.package_identification Level 1 _identify(/home/yyh/ros2_ws/FLY/__pycache__) by extension 'colcon_meta'
[0.118s] colcon.colcon_core.package_identification Level 1 _identify(/home/yyh/ros2_ws/FLY/__pycache__) by extensions ['ros']
[0.118s] colcon.colcon_core.package_identification Level 1 _identify(/home/yyh/ros2_ws/FLY/__pycache__) by extension 'ros'
[0.118s] colcon.colcon_core.package_identification Level 1 _identify(/home/yyh/ros2_ws/FLY/__pycache__) by extensions ['cmake', 'python']
[0.118s] colcon.colcon_core.package_identification Level 1 _identify(/home/yyh/ros2_ws/FLY/__pycache__) by extension 'cmake'
[0.118s] colcon.colcon_core.package_identification Level 1 _identify(/home/yyh/ros2_ws/FLY/__pycache__) by extension 'python'
[0.118s] colcon.colcon_core.package_identification Level 1 _identify(/home/yyh/ros2_ws/FLY/__pycache__) by extensions ['python_setup_py']
[0.118s] colcon.colcon_core.package_identification Level 1 _identify(/home/yyh/ros2_ws/FLY/__pycache__) by extension 'python_setup_py'
[0.118s] colcon.colcon_core.package_identification Level 1 _identify(/home/yyh/ros2_ws/FLY/build) by extensions ['ignore', 'ignore_ament_install']
[0.118s] colcon.colcon_core.package_identification Level 1 _identify(/home/yyh/ros2_ws/FLY/build) by extension 'ignore'
[0.118s] colcon.colcon_core.package_identification Level 1 _identify(/home/yyh/ros2_ws/FLY/build) ignored
[0.118s] colcon.colcon_core.package_identification Level 1 _identify(/home/yyh/ros2_ws/FLY/doc) by extensions ['ignore', 'ignore_ament_install']
[0.118s] colcon.colcon_core.package_identification Level 1 _identify(/home/yyh/ros2_ws/FLY/doc) by extension 'ignore'
[0.119s] colcon.colcon_core.package_identification Level 1 _identify(/home/yyh/ros2_ws/FLY/doc) by extension 'ignore_ament_install'
[0.119s] colcon.colcon_core.package_identification Level 1 _identify(/home/yyh/ros2_ws/FLY/doc) by extensions ['colcon_pkg']
[0.119s] colcon.colcon_core.package_identification Level 1 _identify(/home/yyh/ros2_ws/FLY/doc) by extension 'colcon_pkg'
[0.119s] colcon.colcon_core.package_identification Level 1 _identify(/home/yyh/ros2_ws/FLY/doc) by extensions ['colcon_meta']
[0.119s] colcon.colcon_core.package_identification Level 1 _identify(/home/yyh/ros2_ws/FLY/doc) by extension 'colcon_meta'
[0.119s] colcon.colcon_core.package_identification Level 1 _identify(/home/yyh/ros2_ws/FLY/doc) by extensions ['ros']
[0.119s] colcon.colcon_core.package_identification Level 1 _identify(/home/yyh/ros2_ws/FLY/doc) by extension 'ros'
[0.119s] colcon.colcon_core.package_identification Level 1 _identify(/home/yyh/ros2_ws/FLY/doc) by extensions ['cmake', 'python']
[0.119s] colcon.colcon_core.package_identification Level 1 _identify(/home/yyh/ros2_ws/FLY/doc) by extension 'cmake'
[0.119s] colcon.colcon_core.package_identification Level 1 _identify(/home/yyh/ros2_ws/FLY/doc) by extension 'python'
[0.119s] colcon.colcon_core.package_identification Level 1 _identify(/home/yyh/ros2_ws/FLY/doc) by extensions ['python_setup_py']
[0.119s] colcon.colcon_core.package_identification Level 1 _identify(/home/yyh/ros2_ws/FLY/doc) by extension 'python_setup_py'
[0.119s] colcon.colcon_core.package_identification Level 1 _identify(/home/yyh/ros2_ws/FLY/doc/build) by extensions ['ignore', 'ignore_ament_install']
[0.119s] colcon.colcon_core.package_identification Level 1 _identify(/home/yyh/ros2_ws/FLY/doc/build) by extension 'ignore'
[0.119s] colcon.colcon_core.package_identification Level 1 _identify(/home/yyh/ros2_ws/FLY/doc/build) ignored
[0.119s] colcon.colcon_core.package_identification Level 1 _identify(/home/yyh/ros2_ws/FLY/doc/install) by extensions ['ignore', 'ignore_ament_install']
[0.119s] colcon.colcon_core.package_identification Level 1 _identify(/home/yyh/ros2_ws/FLY/doc/install) by extension 'ignore'
[0.119s] colcon.colcon_core.package_identification Level 1 _identify(/home/yyh/ros2_ws/FLY/doc/install) ignored
[0.119s] colcon.colcon_core.package_identification Level 1 _identify(/home/yyh/ros2_ws/FLY/doc/log) by extensions ['ignore', 'ignore_ament_install']
[0.119s] colcon.colcon_core.package_identification Level 1 _identify(/home/yyh/ros2_ws/FLY/doc/log) by extension 'ignore'
[0.119s] colcon.colcon_core.package_identification Level 1 _identify(/home/yyh/ros2_ws/FLY/doc/log) ignored
[0.119s] colcon.colcon_core.package_identification Level 1 _identify(/home/yyh/ros2_ws/FLY/install) by extensions ['ignore', 'ignore_ament_install']
[0.119s] colcon.colcon_core.package_identification Level 1 _identify(/home/yyh/ros2_ws/FLY/install) by extension 'ignore'
[0.119s] colcon.colcon_core.package_identification Level 1 _identify(/home/yyh/ros2_ws/FLY/install) ignored
[0.119s] colcon.colcon_core.package_identification Level 1 _identify(/home/yyh/ros2_ws/FLY/launch) by extensions ['ignore', 'ignore_ament_install']
[0.119s] colcon.colcon_core.package_identification Level 1 _identify(/home/yyh/ros2_ws/FLY/launch) by extension 'ignore'
[0.119s] colcon.colcon_core.package_identification Level 1 _identify(/home/yyh/ros2_ws/FLY/launch) by extension 'ignore_ament_install'
[0.120s] colcon.colcon_core.package_identification Level 1 _identify(/home/yyh/ros2_ws/FLY/launch) by extensions ['colcon_pkg']
[0.120s] colcon.colcon_core.package_identification Level 1 _identify(/home/yyh/ros2_ws/FLY/launch) by extension 'colcon_pkg'
[0.120s] colcon.colcon_core.package_identification Level 1 _identify(/home/yyh/ros2_ws/FLY/launch) by extensions ['colcon_meta']
[0.120s] colcon.colcon_core.package_identification Level 1 _identify(/home/yyh/ros2_ws/FLY/launch) by extension 'colcon_meta'
[0.120s] colcon.colcon_core.package_identification Level 1 _identify(/home/yyh/ros2_ws/FLY/launch) by extensions ['ros']
[0.120s] colcon.colcon_core.package_identification Level 1 _identify(/home/yyh/ros2_ws/FLY/launch) by extension 'ros'
[0.120s] colcon.colcon_core.package_identification Level 1 _identify(/home/yyh/ros2_ws/FLY/launch) by extensions ['cmake', 'python']
[0.120s] colcon.colcon_core.package_identification Level 1 _identify(/home/yyh/ros2_ws/FLY/launch) by extension 'cmake'
[0.120s] colcon.colcon_core.package_identification Level 1 _identify(/home/yyh/ros2_ws/FLY/launch) by extension 'python'
[0.120s] colcon.colcon_core.package_identification Level 1 _identify(/home/yyh/ros2_ws/FLY/launch) by extensions ['python_setup_py']
[0.120s] colcon.colcon_core.package_identification Level 1 _identify(/home/yyh/ros2_ws/FLY/launch) by extension 'python_setup_py'
[0.120s] colcon.colcon_core.package_identification Level 1 _identify(/home/yyh/ros2_ws/FLY/launch/__pycache__) by extensions ['ignore', 'ignore_ament_install']
[0.120s] colcon.colcon_core.package_identification Level 1 _identify(/home/yyh/ros2_ws/FLY/launch/__pycache__) by extension 'ignore'
[0.120s] colcon.colcon_core.package_identification Level 1 _identify(/home/yyh/ros2_ws/FLY/launch/__pycache__) by extension 'ignore_ament_install'
[0.120s] colcon.colcon_core.package_identification Level 1 _identify(/home/yyh/ros2_ws/FLY/launch/__pycache__) by extensions ['colcon_pkg']
[0.120s] colcon.colcon_core.package_identification Level 1 _identify(/home/yyh/ros2_ws/FLY/launch/__pycache__) by extension 'colcon_pkg'
[0.120s] colcon.colcon_core.package_identification Level 1 _identify(/home/yyh/ros2_ws/FLY/launch/__pycache__) by extensions ['colcon_meta']
[0.120s] colcon.colcon_core.package_identification Level 1 _identify(/home/yyh/ros2_ws/FLY/launch/__pycache__) by extension 'colcon_meta'
[0.120s] colcon.colcon_core.package_identification Level 1 _identify(/home/yyh/ros2_ws/FLY/launch/__pycache__) by extensions ['ros']
[0.120s] colcon.colcon_core.package_identification Level 1 _identify(/home/yyh/ros2_ws/FLY/launch/__pycache__) by extension 'ros'
[0.120s] colcon.colcon_core.package_identification Level 1 _identify(/home/yyh/ros2_ws/FLY/launch/__pycache__) by extensions ['cmake', 'python']
[0.120s] colcon.colcon_core.package_identification Level 1 _identify(/home/yyh/ros2_ws/FLY/launch/__pycache__) by extension 'cmake'
[0.120s] colcon.colcon_core.package_identification Level 1 _identify(/home/yyh/ros2_ws/FLY/launch/__pycache__) by extension 'python'
[0.120s] colcon.colcon_core.package_identification Level 1 _identify(/home/yyh/ros2_ws/FLY/launch/__pycache__) by extensions ['python_setup_py']
[0.120s] colcon.colcon_core.package_identification Level 1 _identify(/home/yyh/ros2_ws/FLY/launch/__pycache__) by extension 'python_setup_py'
[0.120s] colcon.colcon_core.package_identification Level 1 _identify(/home/yyh/ros2_ws/FLY/launch/build) by extensions ['ignore', 'ignore_ament_install']
[0.120s] colcon.colcon_core.package_identification Level 1 _identify(/home/yyh/ros2_ws/FLY/launch/build) by extension 'ignore'
[0.120s] colcon.colcon_core.package_identification Level 1 _identify(/home/yyh/ros2_ws/FLY/launch/build) ignored
[0.120s] colcon.colcon_core.package_identification Level 1 _identify(/home/yyh/ros2_ws/FLY/launch/install) by extensions ['ignore', 'ignore_ament_install']
[0.120s] colcon.colcon_core.package_identification Level 1 _identify(/home/yyh/ros2_ws/FLY/launch/install) by extension 'ignore'
[0.120s] colcon.colcon_core.package_identification Level 1 _identify(/home/yyh/ros2_ws/FLY/launch/install) ignored
[0.120s] colcon.colcon_core.package_identification Level 1 _identify(/home/yyh/ros2_ws/FLY/launch/log) by extensions ['ignore', 'ignore_ament_install']
[0.120s] colcon.colcon_core.package_identification Level 1 _identify(/home/yyh/ros2_ws/FLY/launch/log) by extension 'ignore'
[0.120s] colcon.colcon_core.package_identification Level 1 _identify(/home/yyh/ros2_ws/FLY/launch/log) ignored
[0.121s] colcon.colcon_core.package_identification Level 1 _identify(/home/yyh/ros2_ws/FLY/log) by extensions ['ignore', 'ignore_ament_install']
[0.121s] colcon.colcon_core.package_identification Level 1 _identify(/home/yyh/ros2_ws/FLY/log) by extension 'ignore'
[0.121s] colcon.colcon_core.package_identification Level 1 _identify(/home/yyh/ros2_ws/FLY/log) ignored
[0.121s] colcon.colcon_core.package_identification Level 1 _identify(/home/yyh/ros2_ws/FLY/models) by extensions ['ignore', 'ignore_ament_install']
[0.121s] colcon.colcon_core.package_identification Level 1 _identify(/home/yyh/ros2_ws/FLY/models) by extension 'ignore'
[0.121s] colcon.colcon_core.package_identification Level 1 _identify(/home/yyh/ros2_ws/FLY/models) by extension 'ignore_ament_install'
[0.121s] colcon.colcon_core.package_identification Level 1 _identify(/home/yyh/ros2_ws/FLY/models) by extensions ['colcon_pkg']
[0.121s] colcon.colcon_core.package_identification Level 1 _identify(/home/yyh/ros2_ws/FLY/models) by extension 'colcon_pkg'
[0.121s] colcon.colcon_core.package_identification Level 1 _identify(/home/yyh/ros2_ws/FLY/models) by extensions ['colcon_meta']
[0.121s] colcon.colcon_core.package_identification Level 1 _identify(/home/yyh/ros2_ws/FLY/models) by extension 'colcon_meta'
[0.121s] colcon.colcon_core.package_identification Level 1 _identify(/home/yyh/ros2_ws/FLY/models) by extensions ['ros']
[0.121s] colcon.colcon_core.package_identification Level 1 _identify(/home/yyh/ros2_ws/FLY/models) by extension 'ros'
[0.121s] colcon.colcon_core.package_identification Level 1 _identify(/home/yyh/ros2_ws/FLY/models) by extensions ['cmake', 'python']
[0.121s] colcon.colcon_core.package_identification Level 1 _identify(/home/yyh/ros2_ws/FLY/models) by extension 'cmake'
[0.121s] colcon.colcon_core.package_identification Level 1 _identify(/home/yyh/ros2_ws/FLY/models) by extension 'python'
[0.121s] colcon.colcon_core.package_identification Level 1 _identify(/home/yyh/ros2_ws/FLY/models) by extensions ['python_setup_py']
[0.121s] colcon.colcon_core.package_identification Level 1 _identify(/home/yyh/ros2_ws/FLY/models) by extension 'python_setup_py'
[0.121s] colcon.colcon_core.package_identification Level 1 _identify(/home/yyh/ros2_ws/FLY/src) by extensions ['ignore', 'ignore_ament_install']
[0.121s] colcon.colcon_core.package_identification Level 1 _identify(/home/yyh/ros2_ws/FLY/src) by extension 'ignore'
[0.121s] colcon.colcon_core.package_identification Level 1 _identify(/home/yyh/ros2_ws/FLY/src) by extension 'ignore_ament_install'
[0.121s] colcon.colcon_core.package_identification Level 1 _identify(/home/yyh/ros2_ws/FLY/src) by extensions ['colcon_pkg']
[0.121s] colcon.colcon_core.package_identification Level 1 _identify(/home/yyh/ros2_ws/FLY/src) by extension 'colcon_pkg'
[0.121s] colcon.colcon_core.package_identification Level 1 _identify(/home/yyh/ros2_ws/FLY/src) by extensions ['colcon_meta']
[0.121s] colcon.colcon_core.package_identification Level 1 _identify(/home/yyh/ros2_ws/FLY/src) by extension 'colcon_meta'
[0.122s] colcon.colcon_core.package_identification Level 1 _identify(/home/yyh/ros2_ws/FLY/src) by extensions ['ros']
[0.122s] colcon.colcon_core.package_identification Level 1 _identify(/home/yyh/ros2_ws/FLY/src) by extension 'ros'
[0.122s] colcon.colcon_core.package_identification Level 1 _identify(/home/yyh/ros2_ws/FLY/src) by extensions ['cmake', 'python']
[0.122s] colcon.colcon_core.package_identification Level 1 _identify(/home/yyh/ros2_ws/FLY/src) by extension 'cmake'
[0.122s] colcon.colcon_core.package_identification Level 1 _identify(/home/yyh/ros2_ws/FLY/src) by extension 'python'
[0.122s] colcon.colcon_core.package_identification Level 1 _identify(/home/yyh/ros2_ws/FLY/src) by extensions ['python_setup_py']
[0.122s] colcon.colcon_core.package_identification Level 1 _identify(/home/yyh/ros2_ws/FLY/src) by extension 'python_setup_py'
[0.122s] colcon.colcon_core.package_identification Level 1 _identify(/home/yyh/ros2_ws/FLY/src/learning_interface) by extensions ['ignore', 'ignore_ament_install']
[0.122s] colcon.colcon_core.package_identification Level 1 _identify(/home/yyh/ros2_ws/FLY/src/learning_interface) by extension 'ignore'
[0.122s] colcon.colcon_core.package_identification Level 1 _identify(/home/yyh/ros2_ws/FLY/src/learning_interface) by extension 'ignore_ament_install'
[0.122s] colcon.colcon_core.package_identification Level 1 _identify(/home/yyh/ros2_ws/FLY/src/learning_interface) by extensions ['colcon_pkg']
[0.122s] colcon.colcon_core.package_identification Level 1 _identify(/home/yyh/ros2_ws/FLY/src/learning_interface) by extension 'colcon_pkg'
[0.122s] colcon.colcon_core.package_identification Level 1 _identify(/home/yyh/ros2_ws/FLY/src/learning_interface) by extensions ['colcon_meta']
[0.122s] colcon.colcon_core.package_identification Level 1 _identify(/home/yyh/ros2_ws/FLY/src/learning_interface) by extension 'colcon_meta'
[0.122s] colcon.colcon_core.package_identification Level 1 _identify(/home/yyh/ros2_ws/FLY/src/learning_interface) by extensions ['ros']
[0.122s] colcon.colcon_core.package_identification Level 1 _identify(/home/yyh/ros2_ws/FLY/src/learning_interface) by extension 'ros'
[0.124s] colcon.colcon_core.package_identification DEBUG Package '/home/yyh/ros2_ws/FLY/src/learning_interface' with type 'ros.ament_cmake' and name 'learning_interface'
[0.124s] colcon.colcon_core.package_identification Level 1 _identify(/home/yyh/ros2_ws/FLY/src/realsense-ros-4.51.1) by extensions ['ignore', 'ignore_ament_install']
[0.124s] colcon.colcon_core.package_identification Level 1 _identify(/home/yyh/ros2_ws/FLY/src/realsense-ros-4.51.1) by extension 'ignore'
[0.124s] colcon.colcon_core.package_identification Level 1 _identify(/home/yyh/ros2_ws/FLY/src/realsense-ros-4.51.1) by extension 'ignore_ament_install'
[0.124s] colcon.colcon_core.package_identification Level 1 _identify(/home/yyh/ros2_ws/FLY/src/realsense-ros-4.51.1) by extensions ['colcon_pkg']
[0.124s] colcon.colcon_core.package_identification Level 1 _identify(/home/yyh/ros2_ws/FLY/src/realsense-ros-4.51.1) by extension 'colcon_pkg'
[0.124s] colcon.colcon_core.package_identification Level 1 _identify(/home/yyh/ros2_ws/FLY/src/realsense-ros-4.51.1) by extensions ['colcon_meta']
[0.124s] colcon.colcon_core.package_identification Level 1 _identify(/home/yyh/ros2_ws/FLY/src/realsense-ros-4.51.1) by extension 'colcon_meta'
[0.124s] colcon.colcon_core.package_identification Level 1 _identify(/home/yyh/ros2_ws/FLY/src/realsense-ros-4.51.1) by extensions ['ros']
[0.124s] colcon.colcon_core.package_identification Level 1 _identify(/home/yyh/ros2_ws/FLY/src/realsense-ros-4.51.1) by extension 'ros'
[0.124s] colcon.colcon_core.package_identification Level 1 _identify(/home/yyh/ros2_ws/FLY/src/realsense-ros-4.51.1) by extensions ['cmake', 'python']
[0.124s] colcon.colcon_core.package_identification Level 1 _identify(/home/yyh/ros2_ws/FLY/src/realsense-ros-4.51.1) by extension 'cmake'
[0.124s] colcon.colcon_core.package_identification Level 1 _identify(/home/yyh/ros2_ws/FLY/src/realsense-ros-4.51.1) by extension 'python'
[0.124s] colcon.colcon_core.package_identification Level 1 _identify(/home/yyh/ros2_ws/FLY/src/realsense-ros-4.51.1) by extensions ['python_setup_py']
[0.124s] colcon.colcon_core.package_identification Level 1 _identify(/home/yyh/ros2_ws/FLY/src/realsense-ros-4.51.1) by extension 'python_setup_py'
[0.124s] colcon.colcon_core.package_identification Level 1 _identify(/home/yyh/ros2_ws/FLY/src/realsense-ros-4.51.1/realsense2_camera) by extensions ['ignore', 'ignore_ament_install']
[0.124s] colcon.colcon_core.package_identification Level 1 _identify(/home/yyh/ros2_ws/FLY/src/realsense-ros-4.51.1/realsense2_camera) by extension 'ignore'
[0.124s] colcon.colcon_core.package_identification Level 1 _identify(/home/yyh/ros2_ws/FLY/src/realsense-ros-4.51.1/realsense2_camera) by extension 'ignore_ament_install'
[0.124s] colcon.colcon_core.package_identification Level 1 _identify(/home/yyh/ros2_ws/FLY/src/realsense-ros-4.51.1/realsense2_camera) by extensions ['colcon_pkg']
[0.124s] colcon.colcon_core.package_identification Level 1 _identify(/home/yyh/ros2_ws/FLY/src/realsense-ros-4.51.1/realsense2_camera) by extension 'colcon_pkg'
[0.124s] colcon.colcon_core.package_identification Level 1 _identify(/home/yyh/ros2_ws/FLY/src/realsense-ros-4.51.1/realsense2_camera) by extensions ['colcon_meta']
[0.124s] colcon.colcon_core.package_identification Level 1 _identify(/home/yyh/ros2_ws/FLY/src/realsense-ros-4.51.1/realsense2_camera) by extension 'colcon_meta'
[0.124s] colcon.colcon_core.package_identification Level 1 _identify(/home/yyh/ros2_ws/FLY/src/realsense-ros-4.51.1/realsense2_camera) by extensions ['ros']
[0.124s] colcon.colcon_core.package_identification Level 1 _identify(/home/yyh/ros2_ws/FLY/src/realsense-ros-4.51.1/realsense2_camera) by extension 'ros'
[0.125s] colcon.colcon_core.package_identification DEBUG Package '/home/yyh/ros2_ws/FLY/src/realsense-ros-4.51.1/realsense2_camera' with type 'ros.ament_cmake' and name 'realsense2_camera'
[0.125s] colcon.colcon_core.package_identification Level 1 _identify(/home/yyh/ros2_ws/FLY/src/realsense-ros-4.51.1/realsense2_camera_msgs) by extensions ['ignore', 'ignore_ament_install']
[0.126s] colcon.colcon_core.package_identification Level 1 _identify(/home/yyh/ros2_ws/FLY/src/realsense-ros-4.51.1/realsense2_camera_msgs) by extension 'ignore'
[0.126s] colcon.colcon_core.package_identification Level 1 _identify(/home/yyh/ros2_ws/FLY/src/realsense-ros-4.51.1/realsense2_camera_msgs) by extension 'ignore_ament_install'
[0.126s] colcon.colcon_core.package_identification Level 1 _identify(/home/yyh/ros2_ws/FLY/src/realsense-ros-4.51.1/realsense2_camera_msgs) by extensions ['colcon_pkg']
[0.126s] colcon.colcon_core.package_identification Level 1 _identify(/home/yyh/ros2_ws/FLY/src/realsense-ros-4.51.1/realsense2_camera_msgs) by extension 'colcon_pkg'
[0.126s] colcon.colcon_core.package_identification Level 1 _identify(/home/yyh/ros2_ws/FLY/src/realsense-ros-4.51.1/realsense2_camera_msgs) by extensions ['colcon_meta']
[0.126s] colcon.colcon_core.package_identification Level 1 _identify(/home/yyh/ros2_ws/FLY/src/realsense-ros-4.51.1/realsense2_camera_msgs) by extension 'colcon_meta'
[0.126s] colcon.colcon_core.package_identification Level 1 _identify(/home/yyh/ros2_ws/FLY/src/realsense-ros-4.51.1/realsense2_camera_msgs) by extensions ['ros']
[0.126s] colcon.colcon_core.package_identification Level 1 _identify(/home/yyh/ros2_ws/FLY/src/realsense-ros-4.51.1/realsense2_camera_msgs) by extension 'ros'
[0.126s] colcon.colcon_core.package_identification DEBUG Package '/home/yyh/ros2_ws/FLY/src/realsense-ros-4.51.1/realsense2_camera_msgs' with type 'ros.ament_cmake' and name 'realsense2_camera_msgs'
[0.126s] colcon.colcon_core.package_identification Level 1 _identify(/home/yyh/ros2_ws/FLY/src/realsense-ros-4.51.1/realsense2_description) by extensions ['ignore', 'ignore_ament_install']
[0.126s] colcon.colcon_core.package_identification Level 1 _identify(/home/yyh/ros2_ws/FLY/src/realsense-ros-4.51.1/realsense2_description) by extension 'ignore'
[0.126s] colcon.colcon_core.package_identification Level 1 _identify(/home/yyh/ros2_ws/FLY/src/realsense-ros-4.51.1/realsense2_description) by extension 'ignore_ament_install'
[0.126s] colcon.colcon_core.package_identification Level 1 _identify(/home/yyh/ros2_ws/FLY/src/realsense-ros-4.51.1/realsense2_description) by extensions ['colcon_pkg']
[0.126s] colcon.colcon_core.package_identification Level 1 _identify(/home/yyh/ros2_ws/FLY/src/realsense-ros-4.51.1/realsense2_description) by extension 'colcon_pkg'
[0.126s] colcon.colcon_core.package_identification Level 1 _identify(/home/yyh/ros2_ws/FLY/src/realsense-ros-4.51.1/realsense2_description) by extensions ['colcon_meta']
[0.127s] colcon.colcon_core.package_identification Level 1 _identify(/home/yyh/ros2_ws/FLY/src/realsense-ros-4.51.1/realsense2_description) by extension 'colcon_meta'
[0.127s] colcon.colcon_core.package_identification Level 1 _identify(/home/yyh/ros2_ws/FLY/src/realsense-ros-4.51.1/realsense2_description) by extensions ['ros']
[0.127s] colcon.colcon_core.package_identification Level 1 _identify(/home/yyh/ros2_ws/FLY/src/realsense-ros-4.51.1/realsense2_description) by extension 'ros'
[0.127s] colcon.colcon_core.package_identification DEBUG Package '/home/yyh/ros2_ws/FLY/src/realsense-ros-4.51.1/realsense2_description' with type 'ros.ament_cmake' and name 'realsense2_description'
[0.127s] colcon.colcon_core.package_identification Level 1 _identify(/home/yyh/ros2_ws/FLY/src/realsense-ros-4.51.1/scripts) by extensions ['ignore', 'ignore_ament_install']
[0.127s] colcon.colcon_core.package_identification Level 1 _identify(/home/yyh/ros2_ws/FLY/src/realsense-ros-4.51.1/scripts) by extension 'ignore'
[0.127s] colcon.colcon_core.package_identification Level 1 _identify(/home/yyh/ros2_ws/FLY/src/realsense-ros-4.51.1/scripts) by extension 'ignore_ament_install'
[0.127s] colcon.colcon_core.package_identification Level 1 _identify(/home/yyh/ros2_ws/FLY/src/realsense-ros-4.51.1/scripts) by extensions ['colcon_pkg']
[0.127s] colcon.colcon_core.package_identification Level 1 _identify(/home/yyh/ros2_ws/FLY/src/realsense-ros-4.51.1/scripts) by extension 'colcon_pkg'
[0.127s] colcon.colcon_core.package_identification Level 1 _identify(/home/yyh/ros2_ws/FLY/src/realsense-ros-4.51.1/scripts) by extensions ['colcon_meta']
[0.127s] colcon.colcon_core.package_identification Level 1 _identify(/home/yyh/ros2_ws/FLY/src/realsense-ros-4.51.1/scripts) by extension 'colcon_meta'
[0.127s] colcon.colcon_core.package_identification Level 1 _identify(/home/yyh/ros2_ws/FLY/src/realsense-ros-4.51.1/scripts) by extensions ['ros']
[0.127s] colcon.colcon_core.package_identification Level 1 _identify(/home/yyh/ros2_ws/FLY/src/realsense-ros-4.51.1/scripts) by extension 'ros'
[0.127s] colcon.colcon_core.package_identification Level 1 _identify(/home/yyh/ros2_ws/FLY/src/realsense-ros-4.51.1/scripts) by extensions ['cmake', 'python']
[0.127s] colcon.colcon_core.package_identification Level 1 _identify(/home/yyh/ros2_ws/FLY/src/realsense-ros-4.51.1/scripts) by extension 'cmake'
[0.127s] colcon.colcon_core.package_identification Level 1 _identify(/home/yyh/ros2_ws/FLY/src/realsense-ros-4.51.1/scripts) by extension 'python'
[0.127s] colcon.colcon_core.package_identification Level 1 _identify(/home/yyh/ros2_ws/FLY/src/realsense-ros-4.51.1/scripts) by extensions ['python_setup_py']
[0.127s] colcon.colcon_core.package_identification Level 1 _identify(/home/yyh/ros2_ws/FLY/src/realsense-ros-4.51.1/scripts) by extension 'python_setup_py'
[0.127s] colcon.colcon_core.package_identification Level 1 _identify(/home/yyh/ros2_ws/FLY/src/yyh_nav) by extensions ['ignore', 'ignore_ament_install']
[0.128s] colcon.colcon_core.package_identification Level 1 _identify(/home/yyh/ros2_ws/FLY/src/yyh_nav) by extension 'ignore'
[0.128s] colcon.colcon_core.package_identification Level 1 _identify(/home/yyh/ros2_ws/FLY/src/yyh_nav) by extension 'ignore_ament_install'
[0.128s] colcon.colcon_core.package_identification Level 1 _identify(/home/yyh/ros2_ws/FLY/src/yyh_nav) by extensions ['colcon_pkg']
[0.128s] colcon.colcon_core.package_identification Level 1 _identify(/home/yyh/ros2_ws/FLY/src/yyh_nav) by extension 'colcon_pkg'
[0.128s] colcon.colcon_core.package_identification Level 1 _identify(/home/yyh/ros2_ws/FLY/src/yyh_nav) by extensions ['colcon_meta']
[0.128s] colcon.colcon_core.package_identification Level 1 _identify(/home/yyh/ros2_ws/FLY/src/yyh_nav) by extension 'colcon_meta'
[0.128s] colcon.colcon_core.package_identification Level 1 _identify(/home/yyh/ros2_ws/FLY/src/yyh_nav) by extensions ['ros']
[0.128s] colcon.colcon_core.package_identification Level 1 _identify(/home/yyh/ros2_ws/FLY/src/yyh_nav) by extension 'ros'
[0.128s] colcon.colcon_core.package_identification DEBUG Package '/home/yyh/ros2_ws/FLY/src/yyh_nav' with type 'ros.ament_python' and name 'yyh_nav'
[0.128s] colcon.colcon_core.package_identification Level 1 _identify(/home/yyh/ros2_ws/FLY/src/yyh_object) by extensions ['ignore', 'ignore_ament_install']
[0.128s] colcon.colcon_core.package_identification Level 1 _identify(/home/yyh/ros2_ws/FLY/src/yyh_object) by extension 'ignore'
[0.128s] colcon.colcon_core.package_identification Level 1 _identify(/home/yyh/ros2_ws/FLY/src/yyh_object) by extension 'ignore_ament_install'
[0.128s] colcon.colcon_core.package_identification Level 1 _identify(/home/yyh/ros2_ws/FLY/src/yyh_object) by extensions ['colcon_pkg']
[0.128s] colcon.colcon_core.package_identification Level 1 _identify(/home/yyh/ros2_ws/FLY/src/yyh_object) by extension 'colcon_pkg'
[0.128s] colcon.colcon_core.package_identification Level 1 _identify(/home/yyh/ros2_ws/FLY/src/yyh_object) by extensions ['colcon_meta']
[0.128s] colcon.colcon_core.package_identification Level 1 _identify(/home/yyh/ros2_ws/FLY/src/yyh_object) by extension 'colcon_meta'
[0.128s] colcon.colcon_core.package_identification Level 1 _identify(/home/yyh/ros2_ws/FLY/src/yyh_object) by extensions ['ros']
[0.128s] colcon.colcon_core.package_identification Level 1 _identify(/home/yyh/ros2_ws/FLY/src/yyh_object) by extension 'ros'
[0.129s] colcon.colcon_core.package_identification DEBUG Package '/home/yyh/ros2_ws/FLY/src/yyh_object' with type 'ros.ament_python' and name 'yyh_object'
[0.129s] colcon.colcon_core.package_identification Level 1 _identify(/home/yyh/ros2_ws/FLY/test) by extensions ['ignore', 'ignore_ament_install']
[0.129s] colcon.colcon_core.package_identification Level 1 _identify(/home/yyh/ros2_ws/FLY/test) by extension 'ignore'
[0.129s] colcon.colcon_core.package_identification Level 1 _identify(/home/yyh/ros2_ws/FLY/test) by extension 'ignore_ament_install'
[0.129s] colcon.colcon_core.package_identification Level 1 _identify(/home/yyh/ros2_ws/FLY/test) by extensions ['colcon_pkg']
[0.129s] colcon.colcon_core.package_identification Level 1 _identify(/home/yyh/ros2_ws/FLY/test) by extension 'colcon_pkg'
[0.129s] colcon.colcon_core.package_identification Level 1 _identify(/home/yyh/ros2_ws/FLY/test) by extensions ['colcon_meta']
[0.129s] colcon.colcon_core.package_identification Level 1 _identify(/home/yyh/ros2_ws/FLY/test) by extension 'colcon_meta'
[0.129s] colcon.colcon_core.package_identification Level 1 _identify(/home/yyh/ros2_ws/FLY/test) by extensions ['ros']
[0.129s] colcon.colcon_core.package_identification Level 1 _identify(/home/yyh/ros2_ws/FLY/test) by extension 'ros'
[0.129s] colcon.colcon_core.package_identification Level 1 _identify(/home/yyh/ros2_ws/FLY/test) by extensions ['cmake', 'python']
[0.129s] colcon.colcon_core.package_identification Level 1 _identify(/home/yyh/ros2_ws/FLY/test) by extension 'cmake'
[0.129s] colcon.colcon_core.package_identification Level 1 _identify(/home/yyh/ros2_ws/FLY/test) by extension 'python'
[0.129s] colcon.colcon_core.package_identification Level 1 _identify(/home/yyh/ros2_ws/FLY/test) by extensions ['python_setup_py']
[0.129s] colcon.colcon_core.package_identification Level 1 _identify(/home/yyh/ros2_ws/FLY/test) by extension 'python_setup_py'
[0.129s] colcon.colcon_core.package_identification Level 1 _identify(/home/yyh/ros2_ws/FLY/txt) by extensions ['ignore', 'ignore_ament_install']
[0.129s] colcon.colcon_core.package_identification Level 1 _identify(/home/yyh/ros2_ws/FLY/txt) by extension 'ignore'
[0.129s] colcon.colcon_core.package_identification Level 1 _identify(/home/yyh/ros2_ws/FLY/txt) by extension 'ignore_ament_install'
[0.129s] colcon.colcon_core.package_identification Level 1 _identify(/home/yyh/ros2_ws/FLY/txt) by extensions ['colcon_pkg']
[0.129s] colcon.colcon_core.package_identification Level 1 _identify(/home/yyh/ros2_ws/FLY/txt) by extension 'colcon_pkg'
[0.129s] colcon.colcon_core.package_identification Level 1 _identify(/home/yyh/ros2_ws/FLY/txt) by extensions ['colcon_meta']
[0.129s] colcon.colcon_core.package_identification Level 1 _identify(/home/yyh/ros2_ws/FLY/txt) by extension 'colcon_meta'
[0.129s] colcon.colcon_core.package_identification Level 1 _identify(/home/yyh/ros2_ws/FLY/txt) by extensions ['ros']
[0.129s] colcon.colcon_core.package_identification Level 1 _identify(/home/yyh/ros2_ws/FLY/txt) by extension 'ros'
[0.129s] colcon.colcon_core.package_identification Level 1 _identify(/home/yyh/ros2_ws/FLY/txt) by extensions ['cmake', 'python']
[0.129s] colcon.colcon_core.package_identification Level 1 _identify(/home/yyh/ros2_ws/FLY/txt) by extension 'cmake'
[0.129s] colcon.colcon_core.package_identification Level 1 _identify(/home/yyh/ros2_ws/FLY/txt) by extension 'python'
[0.129s] colcon.colcon_core.package_identification Level 1 _identify(/home/yyh/ros2_ws/FLY/txt) by extensions ['python_setup_py']
[0.129s] colcon.colcon_core.package_identification Level 1 _identify(/home/yyh/ros2_ws/FLY/txt) by extension 'python_setup_py'
[0.129s] colcon.colcon_core.package_discovery Level 1 discover_packages(recursive) using defaults
