[1.826s] Invoking command in '/home/yyh/ros2_ws/src/yyh_object': PYTHONPATH=/home/yyh/ros2_ws/build/yyh_object/prefix_override:/usr/lib/python3/dist-packages/colcon_core/task/python/colcon_distutils_commands:/home/yyh/ros2_ws/install/yyh_object/lib/python3.8/site-packages:${PYTHONPATH} /usr/bin/python3 -W ignore:setup.py install is deprecated setup.py egg_info --egg-base ../../build/yyh_object build --build-base /home/yyh/ros2_ws/build/yyh_object/build install --record /home/yyh/ros2_ws/build/yyh_object/install.log --single-version-externally-managed install_data
[2.409s] running egg_info
[2.427s] writing ../../build/yyh_object/yyh_object.egg-info/PKG-INFO
[2.428s] writing dependency_links to ../../build/yyh_object/yyh_object.egg-info/dependency_links.txt
[2.429s] writing entry points to ../../build/yyh_object/yyh_object.egg-info/entry_points.txt
[2.429s] writing requirements to ../../build/yyh_object/yyh_object.egg-info/requires.txt
[2.429s] writing top-level names to ../../build/yyh_object/yyh_object.egg-info/top_level.txt
[6.954s] writing manifest file '../../build/yyh_object/yyh_object.egg-info/SOURCES.txt'
[6.954s] running build
[6.954s] running build_py
[6.954s] copying yyh_object/image.py -> /home/yyh/ros2_ws/build/yyh_object/build/lib/yyh_object
[6.954s] running install
[6.961s] running install_lib
[6.974s] copying /home/yyh/ros2_ws/build/yyh_object/build/lib/yyh_object/image.py -> /home/yyh/ros2_ws/install/yyh_object/lib/python3.8/site-packages/yyh_object
[6.974s] byte-compiling /home/yyh/ros2_ws/install/yyh_object/lib/python3.8/site-packages/yyh_object/image.py to image.cpython-38.pyc
[6.976s] running install_data
[6.976s] running install_egg_info
[6.987s] removing '/home/yyh/ros2_ws/install/yyh_object/lib/python3.8/site-packages/yyh_object-0.0.0-py3.8.egg-info' (and everything under it)
[6.989s] Copying ../../build/yyh_object/yyh_object.egg-info to /home/yyh/ros2_ws/install/yyh_object/lib/python3.8/site-packages/yyh_object-0.0.0-py3.8.egg-info
[6.989s] running install_scripts
[7.035s] Installing image script to /home/yyh/ros2_ws/install/yyh_object/lib/yyh_object
[7.036s] writing list of installed files to '/home/yyh/ros2_ws/build/yyh_object/install.log'
[7.091s] Invoked command in '/home/yyh/ros2_ws/src/yyh_object' returned '0': PYTHONPATH=/home/yyh/ros2_ws/build/yyh_object/prefix_override:/usr/lib/python3/dist-packages/colcon_core/task/python/colcon_distutils_commands:/home/yyh/ros2_ws/install/yyh_object/lib/python3.8/site-packages:${PYTHONPATH} /usr/bin/python3 -W ignore:setup.py install is deprecated setup.py egg_info --egg-base ../../build/yyh_object build --build-base /home/yyh/ros2_ws/build/yyh_object/build install --record /home/yyh/ros2_ws/build/yyh_object/install.log --single-version-externally-managed install_data
