[1.659s] Invoking command in '/home/yyh/ros2_ws/src/yyh_object': PYTHONPATH=/home/yyh/ros2_ws/build/yyh_object/prefix_override:/usr/lib/python3/dist-packages/colcon_core/task/python/colcon_distutils_commands:/home/yyh/ros2_ws/install/yyh_object/lib/python3.8/site-packages:${PYTHONPATH} /usr/bin/python3 -W ignore:setup.py install is deprecated setup.py egg_info --egg-base ../../build/yyh_object build --build-base /home/yyh/ros2_ws/build/yyh_object/build install --record /home/yyh/ros2_ws/build/yyh_object/install.log --single-version-externally-managed install_data
[2.370s] running egg_info
[2.395s] writing ../../build/yyh_object/yyh_object.egg-info/PKG-INFO
[2.396s] writing dependency_links to ../../build/yyh_object/yyh_object.egg-info/dependency_links.txt
[2.396s] writing entry points to ../../build/yyh_object/yyh_object.egg-info/entry_points.txt
[2.396s] writing requirements to ../../build/yyh_object/yyh_object.egg-info/requires.txt
[2.396s] writing top-level names to ../../build/yyh_object/yyh_object.egg-info/top_level.txt
[6.180s] writing manifest file '../../build/yyh_object/yyh_object.egg-info/SOURCES.txt'
[6.180s] running build
[6.181s] running build_py
[6.181s] copying yyh_object/image.py -> /home/yyh/ros2_ws/build/yyh_object/build/lib/yyh_object
[6.181s] running install
[6.185s] running install_lib
[6.197s] copying /home/yyh/ros2_ws/build/yyh_object/build/lib/yyh_object/image.py -> /home/yyh/ros2_ws/install/yyh_object/lib/python3.8/site-packages/yyh_object
[6.197s] byte-compiling /home/yyh/ros2_ws/install/yyh_object/lib/python3.8/site-packages/yyh_object/image.py to image.cpython-38.pyc
[6.199s] running install_data
[6.200s] running install_egg_info
[6.211s] removing '/home/yyh/ros2_ws/install/yyh_object/lib/python3.8/site-packages/yyh_object-0.0.0-py3.8.egg-info' (and everything under it)
[6.212s] Copying ../../build/yyh_object/yyh_object.egg-info to /home/yyh/ros2_ws/install/yyh_object/lib/python3.8/site-packages/yyh_object-0.0.0-py3.8.egg-info
[6.213s] running install_scripts
[6.255s] Installing image script to /home/yyh/ros2_ws/install/yyh_object/lib/yyh_object
[6.255s] writing list of installed files to '/home/yyh/ros2_ws/build/yyh_object/install.log'
[6.297s] Invoked command in '/home/yyh/ros2_ws/src/yyh_object' returned '0': PYTHONPATH=/home/yyh/ros2_ws/build/yyh_object/prefix_override:/usr/lib/python3/dist-packages/colcon_core/task/python/colcon_distutils_commands:/home/yyh/ros2_ws/install/yyh_object/lib/python3.8/site-packages:${PYTHONPATH} /usr/bin/python3 -W ignore:setup.py install is deprecated setup.py egg_info --egg-base ../../build/yyh_object build --build-base /home/yyh/ros2_ws/build/yyh_object/build install --record /home/yyh/ros2_ws/build/yyh_object/install.log --single-version-externally-managed install_data
