[0.034s] Invoking command in '/home/yyh/ros2_ws/build/realsense2_camera': CMAKE_PREFIX_PATH=/home/yyh/ros2_ws/install/realsense2_camera_msgs:/home/yyh/ros2_ws/install/realsense2_description:/home/yyh/ros2_ws/install/realsense2_camera:/home/yyh/ros2_ws/install/learning_interface:/home/yyh/ros2_ws/install/yyh_object:/home/yyh/ros2_ws/install/yyh_nav:/home/yyh/ros2_ws/install/yyh_launch:/home/yyh/ros2_ws/install/yolov5_ros2:/opt/ros/foxy LD_LIBRARY_PATH=/home/yyh/ros2_ws/install/realsense2_camera_msgs/lib:/home/yyh/ros2_ws/install/realsense2_camera/lib:/home/yyh/ros2_ws/install/learning_interface/lib:/opt/ros/foxy/opt/yaml_cpp_vendor/lib:/opt/ros/foxy/opt/rviz_ogre_vendor/lib:/opt/ros/foxy/lib/x86_64-linux-gnu:/opt/ros/foxy/lib PYTHONPATH=/home/yyh/ros2_ws/install/realsense2_camera_msgs/lib/python3.8/site-packages:/home/yyh/ros2_ws/build/yyh_object:/home/yyh/ros2_ws/install/yyh_object/lib/python3.8/site-packages:/home/yyh/ros2_ws/build/yyh_nav:/home/yyh/ros2_ws/install/yyh_nav/lib/python3.8/site-packages:/home/yyh/ros2_ws/install/yyh_launch/lib/python3.8/site-packages:/home/yyh/ros2_ws/build/yolov5_ros2:/home/yyh/ros2_ws/install/yolov5_ros2/lib/python3.8/site-packages:/home/yyh/ros2_ws/install/learning_interface/lib/python3.8/site-packages:/opt/ros/foxy/lib/python3.8/site-packages /home/yyh/.local/bin/cmake --build /home/yyh/ros2_ws/build/realsense2_camera -- -j4 -l4
[0.371s] [ 12%] Built target realsense2_camera_node
[0.448s] [100%] Built target realsense2_camera
[0.470s] Invoked command in '/home/yyh/ros2_ws/build/realsense2_camera' returned '0': CMAKE_PREFIX_PATH=/home/yyh/ros2_ws/install/realsense2_camera_msgs:/home/yyh/ros2_ws/install/realsense2_description:/home/yyh/ros2_ws/install/realsense2_camera:/home/yyh/ros2_ws/install/learning_interface:/home/yyh/ros2_ws/install/yyh_object:/home/yyh/ros2_ws/install/yyh_nav:/home/yyh/ros2_ws/install/yyh_launch:/home/yyh/ros2_ws/install/yolov5_ros2:/opt/ros/foxy LD_LIBRARY_PATH=/home/yyh/ros2_ws/install/realsense2_camera_msgs/lib:/home/yyh/ros2_ws/install/realsense2_camera/lib:/home/yyh/ros2_ws/install/learning_interface/lib:/opt/ros/foxy/opt/yaml_cpp_vendor/lib:/opt/ros/foxy/opt/rviz_ogre_vendor/lib:/opt/ros/foxy/lib/x86_64-linux-gnu:/opt/ros/foxy/lib PYTHONPATH=/home/yyh/ros2_ws/install/realsense2_camera_msgs/lib/python3.8/site-packages:/home/yyh/ros2_ws/build/yyh_object:/home/yyh/ros2_ws/install/yyh_object/lib/python3.8/site-packages:/home/yyh/ros2_ws/build/yyh_nav:/home/yyh/ros2_ws/install/yyh_nav/lib/python3.8/site-packages:/home/yyh/ros2_ws/install/yyh_launch/lib/python3.8/site-packages:/home/yyh/ros2_ws/build/yolov5_ros2:/home/yyh/ros2_ws/install/yolov5_ros2/lib/python3.8/site-packages:/home/yyh/ros2_ws/install/learning_interface/lib/python3.8/site-packages:/opt/ros/foxy/lib/python3.8/site-packages /home/yyh/.local/bin/cmake --build /home/yyh/ros2_ws/build/realsense2_camera -- -j4 -l4
[1.123s] Invoking command in '/home/yyh/ros2_ws/build/realsense2_camera': CMAKE_PREFIX_PATH=/home/yyh/ros2_ws/install/realsense2_camera_msgs:/home/yyh/ros2_ws/install/realsense2_description:/home/yyh/ros2_ws/install/realsense2_camera:/home/yyh/ros2_ws/install/learning_interface:/home/yyh/ros2_ws/install/yyh_object:/home/yyh/ros2_ws/install/yyh_nav:/home/yyh/ros2_ws/install/yyh_launch:/home/yyh/ros2_ws/install/yolov5_ros2:/opt/ros/foxy LD_LIBRARY_PATH=/home/yyh/ros2_ws/install/realsense2_camera_msgs/lib:/home/yyh/ros2_ws/install/realsense2_camera/lib:/home/yyh/ros2_ws/install/learning_interface/lib:/opt/ros/foxy/opt/yaml_cpp_vendor/lib:/opt/ros/foxy/opt/rviz_ogre_vendor/lib:/opt/ros/foxy/lib/x86_64-linux-gnu:/opt/ros/foxy/lib PYTHONPATH=/home/yyh/ros2_ws/install/realsense2_camera_msgs/lib/python3.8/site-packages:/home/yyh/ros2_ws/build/yyh_object:/home/yyh/ros2_ws/install/yyh_object/lib/python3.8/site-packages:/home/yyh/ros2_ws/build/yyh_nav:/home/yyh/ros2_ws/install/yyh_nav/lib/python3.8/site-packages:/home/yyh/ros2_ws/install/yyh_launch/lib/python3.8/site-packages:/home/yyh/ros2_ws/build/yolov5_ros2:/home/yyh/ros2_ws/install/yolov5_ros2/lib/python3.8/site-packages:/home/yyh/ros2_ws/install/learning_interface/lib/python3.8/site-packages:/opt/ros/foxy/lib/python3.8/site-packages /home/yyh/.local/bin/cmake --install /home/yyh/ros2_ws/build/realsense2_camera
[1.277s] -- Install configuration: "Release"
[1.284s] -- Execute custom install script
[1.289s] -- Up-to-date symlink: /home/yyh/ros2_ws/install/realsense2_camera/lib/realsense2_camera/realsense2_camera_node
[1.291s] -- Up-to-date symlink: /home/yyh/ros2_ws/install/realsense2_camera/lib/librealsense2_camera.so
[1.294s] -- Up-to-date symlink: /home/yyh/ros2_ws/install/realsense2_camera/include/base_realsense_node.h
[1.294s] -- Up-to-date symlink: /home/yyh/ros2_ws/install/realsense2_camera/include/constants.h
[1.299s] -- Up-to-date symlink: /home/yyh/ros2_ws/install/realsense2_camera/include/dynamic_params.h
[1.299s] -- Up-to-date symlink: /home/yyh/ros2_ws/install/realsense2_camera/include/image_publisher.h
[1.303s] -- Up-to-date symlink: /home/yyh/ros2_ws/install/realsense2_camera/include/named_filter.h
[1.305s] -- Up-to-date symlink: /home/yyh/ros2_ws/install/realsense2_camera/include/profile_manager.h
[1.305s] -- Up-to-date symlink: /home/yyh/ros2_ws/install/realsense2_camera/include/realsense_node_factory.h
[1.306s] -- Up-to-date symlink: /home/yyh/ros2_ws/install/realsense2_camera/include/ros_param_backend.h
[1.306s] -- Up-to-date symlink: /home/yyh/ros2_ws/install/realsense2_camera/include/ros_sensor.h
[1.308s] -- Up-to-date symlink: /home/yyh/ros2_ws/install/realsense2_camera/include/ros_utils.h
[1.310s] -- Up-to-date symlink: /home/yyh/ros2_ws/install/realsense2_camera/include/sensor_params.h
[1.311s] -- Up-to-date symlink: /home/yyh/ros2_ws/install/realsense2_camera/include/t265_realsense_node.h
[1.311s] -- Up-to-date symlink: /home/yyh/ros2_ws/install/realsense2_camera/share/realsense2_camera/launch/default.rviz
[1.311s] -- Up-to-date symlink: /home/yyh/ros2_ws/install/realsense2_camera/share/realsense2_camera/launch/rs_d400_and_t265_launch.py
[1.311s] -- Up-to-date symlink: /home/yyh/ros2_ws/install/realsense2_camera/share/realsense2_camera/launch/rs_d435i_and_t265_launch.py
[1.311s] -- Up-to-date symlink: /home/yyh/ros2_ws/install/realsense2_camera/share/realsense2_camera/launch/rs_intra_process_demo_launch.py
[1.311s] -- Up-to-date symlink: /home/yyh/ros2_ws/install/realsense2_camera/share/realsense2_camera/launch/rs_launch.py
[1.312s] -- Up-to-date symlink: /home/yyh/ros2_ws/install/realsense2_camera/share/realsense2_camera/launch/rs_multi_camera_launch.py
[1.312s] -- Up-to-date symlink: /home/yyh/ros2_ws/install/realsense2_camera/share/realsense2_camera/environment/library_path.sh
[1.312s] -- Up-to-date symlink: /home/yyh/ros2_ws/install/realsense2_camera/share/realsense2_camera/environment/library_path.dsv
[1.312s] -- Up-to-date symlink: /home/yyh/ros2_ws/install/realsense2_camera/share/ament_index/resource_index/package_run_dependencies/realsense2_camera
[1.312s] -- Up-to-date symlink: /home/yyh/ros2_ws/install/realsense2_camera/share/ament_index/resource_index/parent_prefix_path/realsense2_camera
[1.322s] -- Up-to-date symlink: /home/yyh/ros2_ws/install/realsense2_camera/share/realsense2_camera/environment/ament_prefix_path.sh
[1.323s] -- Up-to-date symlink: /home/yyh/ros2_ws/install/realsense2_camera/share/realsense2_camera/environment/ament_prefix_path.dsv
[1.323s] -- Up-to-date symlink: /home/yyh/ros2_ws/install/realsense2_camera/share/realsense2_camera/environment/path.sh
[1.323s] -- Up-to-date symlink: /home/yyh/ros2_ws/install/realsense2_camera/share/realsense2_camera/environment/path.dsv
[1.323s] -- Up-to-date symlink: /home/yyh/ros2_ws/install/realsense2_camera/share/realsense2_camera/local_setup.bash
[1.323s] -- Up-to-date symlink: /home/yyh/ros2_ws/install/realsense2_camera/share/realsense2_camera/local_setup.sh
[1.324s] -- Up-to-date symlink: /home/yyh/ros2_ws/install/realsense2_camera/share/realsense2_camera/local_setup.zsh
[1.324s] -- Up-to-date symlink: /home/yyh/ros2_ws/install/realsense2_camera/share/realsense2_camera/local_setup.dsv
[1.324s] -- Symlinking: /home/yyh/ros2_ws/install/realsense2_camera/share/realsense2_camera/package.dsv
[1.344s] -- Up-to-date symlink: /home/yyh/ros2_ws/install/realsense2_camera/share/ament_index/resource_index/packages/realsense2_camera
[1.344s] -- Up-to-date symlink: /home/yyh/ros2_ws/install/realsense2_camera/share/ament_index/resource_index/rclcpp_components/realsense2_camera
[1.345s] -- Up-to-date symlink: /home/yyh/ros2_ws/install/realsense2_camera/share/realsense2_camera/cmake/ament_cmake_export_include_directories-extras.cmake
[1.345s] -- Up-to-date symlink: /home/yyh/ros2_ws/install/realsense2_camera/share/realsense2_camera/cmake/ament_cmake_export_libraries-extras.cmake
[1.346s] -- Up-to-date symlink: /home/yyh/ros2_ws/install/realsense2_camera/share/realsense2_camera/cmake/ament_cmake_export_dependencies-extras.cmake
[1.346s] -- Up-to-date symlink: /home/yyh/ros2_ws/install/realsense2_camera/share/realsense2_camera/cmake/realsense2_cameraConfig.cmake
[1.346s] -- Up-to-date symlink: /home/yyh/ros2_ws/install/realsense2_camera/share/realsense2_camera/cmake/realsense2_cameraConfig-version.cmake
[1.347s] -- Up-to-date symlink: /home/yyh/ros2_ws/install/realsense2_camera/share/realsense2_camera/package.xml
[1.352s] Invoked command in '/home/yyh/ros2_ws/build/realsense2_camera' returned '0': CMAKE_PREFIX_PATH=/home/yyh/ros2_ws/install/realsense2_camera_msgs:/home/yyh/ros2_ws/install/realsense2_description:/home/yyh/ros2_ws/install/realsense2_camera:/home/yyh/ros2_ws/install/learning_interface:/home/yyh/ros2_ws/install/yyh_object:/home/yyh/ros2_ws/install/yyh_nav:/home/yyh/ros2_ws/install/yyh_launch:/home/yyh/ros2_ws/install/yolov5_ros2:/opt/ros/foxy LD_LIBRARY_PATH=/home/yyh/ros2_ws/install/realsense2_camera_msgs/lib:/home/yyh/ros2_ws/install/realsense2_camera/lib:/home/yyh/ros2_ws/install/learning_interface/lib:/opt/ros/foxy/opt/yaml_cpp_vendor/lib:/opt/ros/foxy/opt/rviz_ogre_vendor/lib:/opt/ros/foxy/lib/x86_64-linux-gnu:/opt/ros/foxy/lib PYTHONPATH=/home/yyh/ros2_ws/install/realsense2_camera_msgs/lib/python3.8/site-packages:/home/yyh/ros2_ws/build/yyh_object:/home/yyh/ros2_ws/install/yyh_object/lib/python3.8/site-packages:/home/yyh/ros2_ws/build/yyh_nav:/home/yyh/ros2_ws/install/yyh_nav/lib/python3.8/site-packages:/home/yyh/ros2_ws/install/yyh_launch/lib/python3.8/site-packages:/home/yyh/ros2_ws/build/yolov5_ros2:/home/yyh/ros2_ws/install/yolov5_ros2/lib/python3.8/site-packages:/home/yyh/ros2_ws/install/learning_interface/lib/python3.8/site-packages:/opt/ros/foxy/lib/python3.8/site-packages /home/yyh/.local/bin/cmake --install /home/yyh/ros2_ws/build/realsense2_camera
