[0.046s] Invoking command in '/home/yyh/ros2_ws/build/learning_interface': CMAKE_PREFIX_PATH=${CMAKE_PREFIX_PATH}:/home/yyh/ros2_ws/install/yyh_object:/home/yyh/ros2_ws/install/yyh_nav:/home/yyh/ros2_ws/install/yyh_launch:/home/yyh/ros2_ws/install/yolov5_ros2:/opt/ros/foxy /usr/bin/cmake --build /home/yyh/ros2_ws/build/learning_interface -- -j4 -l4
[0.808s] -- Found ament_cmake: 0.9.12 (/opt/ros/foxy/share/ament_cmake/cmake)
[0.808s] -- Found PythonInterp: /usr/bin/python3 (found suitable version "3.8.10", minimum required is "3") 
[0.808s] -- Using PYTHON_EXECUTABLE: /usr/bin/python3
[0.808s] -- Found rosidl_default_generators: 1.0.1 (/opt/ros/foxy/share/rosidl_default_generators/cmake)
[0.808s] -- Using all available rosidl_typesupport_c: rosidl_typesupport_fastrtps_c;rosidl_typesupport_introspection_c
[0.808s] -- Found rosidl_adapter: 1.3.1 (/opt/ros/foxy/share/rosidl_adapter/cmake)
[0.808s] -- Using all available rosidl_typesupport_cpp: rosidl_typesupport_fastrtps_cpp;rosidl_typesupport_introspection_cpp
[0.814s] -- Found PythonInterp: /usr/bin/python3 (found version "3.8.10") 
[1.199s] -- Found ament_cmake_ros: 0.9.2 (/opt/ros/foxy/share/ament_cmake_ros/cmake)
[1.408s] -- Using all available rosidl_typesupport_c: rosidl_typesupport_fastrtps_c;rosidl_typesupport_introspection_c
[1.464s] -- Using all available rosidl_typesupport_cpp: rosidl_typesupport_fastrtps_cpp;rosidl_typesupport_introspection_cpp
[1.515s] -- Found PythonInterp: /usr/bin/python3 (found suitable version "3.8.10", minimum required is "3.5") 
[1.516s] -- Found python_cmake_module: 0.8.1 (/opt/ros/foxy/share/python_cmake_module/cmake)
[1.590s] -- Using PYTHON_EXECUTABLE: /usr/bin/python3
[1.590s] -- Using PYTHON_INCLUDE_DIRS: /usr/include/python3.8
[1.590s] -- Using PYTHON_LIBRARIES: /usr/lib/x86_64-linux-gnu/libpython3.8.so
[1.657s] CMake Error at CMakeLists.txt:35 (find_package):
[1.658s]   By not providing "Findament_lint_auto.cmake" in CMAKE_MODULE_PATH this
[1.658s]   project has asked CMake to find a package configuration file provided by
[1.658s]   "ament_lint_auto", but CMake did not find one.
[1.658s] 
[1.658s]   Could not find a package configuration file provided by "ament_lint_auto"
[1.658s]   with any of the following names:
[1.658s] 
[1.658s]     ament_lint_autoConfig.cmake
[1.658s]     ament_lint_auto-config.cmake
[1.658s] 
[1.658s]   Add the installation prefix of "ament_lint_auto" to CMAKE_PREFIX_PATH or
[1.659s]   set "ament_lint_auto_DIR" to a directory containing one of the above files.
[1.659s]   If "ament_lint_auto" provides a separate development package or SDK, be
[1.659s]   sure it has been installed.
[1.659s] 
[1.664s] -- Configuring incomplete, errors occurred!
[1.664s] See also "/home/yyh/ros2_ws/build/learning_interface/CMakeFiles/CMakeOutput.log".
[1.664s] 
[1.679s] make: *** [Makefile:1948: cmake_check_build_system] Error 1
[1.680s] Invoked command in '/home/yyh/ros2_ws/build/learning_interface' returned '2': CMAKE_PREFIX_PATH=${CMAKE_PREFIX_PATH}:/home/yyh/ros2_ws/install/yyh_object:/home/yyh/ros2_ws/install/yyh_nav:/home/yyh/ros2_ws/install/yyh_launch:/home/yyh/ros2_ws/install/yolov5_ros2:/opt/ros/foxy /usr/bin/cmake --build /home/yyh/ros2_ws/build/learning_interface -- -j4 -l4
