[0.130s] Invoking command in '/home/yyh/ros2_ws/build/realsense2_camera_msgs': CMAKE_PREFIX_PATH=${CMAKE_PREFIX_PATH}:/home/yyh/ros2_ws/install/yyh_object:/home/yyh/ros2_ws/install/yyh_nav:/home/yyh/ros2_ws/install/yyh_launch:/home/yyh/ros2_ws/install/yolov5_ros2:/opt/ros/foxy /usr/bin/cmake --build /home/yyh/ros2_ws/build/realsense2_camera_msgs -- -j4 -l4
[1.562s] [  1%] Built target realsense2_camera_msgs__cpp
[1.562s] [ 12%] Built target realsense2_camera_msgs__rosidl_generator_c
[1.562s] [ 23%] Built target realsense2_camera_msgs__rosidl_typesupport_introspection_cpp
[1.562s] [ 34%] Built target realsense2_camera_msgs__rosidl_typesupport_introspection_c
[1.562s] [ 45%] Built target realsense2_camera_msgs__rosidl_typesupport_c
[1.562s] [ 56%] Built target realsense2_camera_msgs__rosidl_typesupport_fastrtps_cpp
[1.562s] [ 67%] Built target realsense2_camera_msgs__rosidl_typesupport_cpp
[1.562s] [ 78%] Built target realsense2_camera_msgs__rosidl_typesupport_fastrtps_c
[1.562s] [ 78%] Built target realsense2_camera_msgs
[1.563s] [ 80%] Built target realsense2_camera_msgs__py
[1.721s] [ 89%] Built target realsense2_camera_msgs__python
[1.882s] [ 92%] Built target realsense2_camera_msgs__rosidl_typesupport_c__pyext
[1.930s] [ 96%] Built target realsense2_camera_msgs__rosidl_typesupport_fastrtps_c__pyext
[1.973s] [100%] Built target realsense2_camera_msgs__rosidl_typesupport_introspection_c__pyext
[3.079s] Invoked command in '/home/yyh/ros2_ws/build/realsense2_camera_msgs' returned '0': CMAKE_PREFIX_PATH=${CMAKE_PREFIX_PATH}:/home/yyh/ros2_ws/install/yyh_object:/home/yyh/ros2_ws/install/yyh_nav:/home/yyh/ros2_ws/install/yyh_launch:/home/yyh/ros2_ws/install/yolov5_ros2:/opt/ros/foxy /usr/bin/cmake --build /home/yyh/ros2_ws/build/realsense2_camera_msgs -- -j4 -l4
[4.336s] Invoking command in '/home/yyh/ros2_ws/build/realsense2_camera_msgs': CMAKE_PREFIX_PATH=${CMAKE_PREFIX_PATH}:/home/yyh/ros2_ws/install/yyh_object:/home/yyh/ros2_ws/install/yyh_nav:/home/yyh/ros2_ws/install/yyh_launch:/home/yyh/ros2_ws/install/yolov5_ros2:/opt/ros/foxy /usr/bin/cmake --install /home/yyh/ros2_ws/build/realsense2_camera_msgs
[4.392s] -- Install configuration: ""
[4.392s] -- Up-to-date: /home/yyh/ros2_ws/install/realsense2_camera_msgs/share/ament_index/resource_index/rosidl_interfaces/realsense2_camera_msgs
[4.393s] -- Up-to-date: /home/yyh/ros2_ws/install/realsense2_camera_msgs/include/realsense2_camera_msgs
[4.393s] -- Up-to-date: /home/yyh/ros2_ws/install/realsense2_camera_msgs/include/realsense2_camera_msgs/msg
[4.393s] -- Up-to-date: /home/yyh/ros2_ws/install/realsense2_camera_msgs/include/realsense2_camera_msgs/msg/rosidl_generator_c__visibility_control.h
[4.393s] -- Up-to-date: /home/yyh/ros2_ws/install/realsense2_camera_msgs/include/realsense2_camera_msgs/msg/detail
[4.393s] -- Up-to-date: /home/yyh/ros2_ws/install/realsense2_camera_msgs/include/realsense2_camera_msgs/msg/detail/metadata__struct.h
[4.393s] -- Up-to-date: /home/yyh/ros2_ws/install/realsense2_camera_msgs/include/realsense2_camera_msgs/msg/detail/imu_info__functions.c
[4.393s] -- Up-to-date: /home/yyh/ros2_ws/install/realsense2_camera_msgs/include/realsense2_camera_msgs/msg/detail/extrinsics__struct.h
[4.393s] -- Up-to-date: /home/yyh/ros2_ws/install/realsense2_camera_msgs/include/realsense2_camera_msgs/msg/detail/metadata__type_support.h
[4.393s] -- Up-to-date: /home/yyh/ros2_ws/install/realsense2_camera_msgs/include/realsense2_camera_msgs/msg/detail/metadata__functions.h
[4.393s] -- Up-to-date: /home/yyh/ros2_ws/install/realsense2_camera_msgs/include/realsense2_camera_msgs/msg/detail/extrinsics__functions.h
[4.394s] -- Up-to-date: /home/yyh/ros2_ws/install/realsense2_camera_msgs/include/realsense2_camera_msgs/msg/detail/imu_info__type_support.h
[4.394s] -- Up-to-date: /home/yyh/ros2_ws/install/realsense2_camera_msgs/include/realsense2_camera_msgs/msg/detail/imu_info__functions.h
[4.394s] -- Up-to-date: /home/yyh/ros2_ws/install/realsense2_camera_msgs/include/realsense2_camera_msgs/msg/detail/extrinsics__type_support.h
[4.394s] -- Up-to-date: /home/yyh/ros2_ws/install/realsense2_camera_msgs/include/realsense2_camera_msgs/msg/detail/imu_info__struct.h
[4.394s] -- Up-to-date: /home/yyh/ros2_ws/install/realsense2_camera_msgs/include/realsense2_camera_msgs/msg/detail/metadata__functions.c
[4.394s] -- Up-to-date: /home/yyh/ros2_ws/install/realsense2_camera_msgs/include/realsense2_camera_msgs/msg/detail/extrinsics__functions.c
[4.394s] -- Up-to-date: /home/yyh/ros2_ws/install/realsense2_camera_msgs/include/realsense2_camera_msgs/msg/imu_info.h
[4.394s] -- Up-to-date: /home/yyh/ros2_ws/install/realsense2_camera_msgs/include/realsense2_camera_msgs/msg/extrinsics.h
[4.394s] -- Up-to-date: /home/yyh/ros2_ws/install/realsense2_camera_msgs/include/realsense2_camera_msgs/msg/metadata.h
[4.394s] -- Up-to-date: /home/yyh/ros2_ws/install/realsense2_camera_msgs/include/realsense2_camera_msgs/srv
[4.394s] -- Up-to-date: /home/yyh/ros2_ws/install/realsense2_camera_msgs/include/realsense2_camera_msgs/srv/detail
[4.394s] -- Up-to-date: /home/yyh/ros2_ws/install/realsense2_camera_msgs/include/realsense2_camera_msgs/srv/detail/device_info__struct.h
[4.395s] -- Up-to-date: /home/yyh/ros2_ws/install/realsense2_camera_msgs/include/realsense2_camera_msgs/srv/detail/device_info__functions.h
[4.395s] -- Up-to-date: /home/yyh/ros2_ws/install/realsense2_camera_msgs/include/realsense2_camera_msgs/srv/detail/device_info__type_support.h
[4.395s] -- Up-to-date: /home/yyh/ros2_ws/install/realsense2_camera_msgs/include/realsense2_camera_msgs/srv/detail/device_info__functions.c
[4.395s] -- Up-to-date: /home/yyh/ros2_ws/install/realsense2_camera_msgs/include/realsense2_camera_msgs/srv/device_info.h
[4.395s] -- Up-to-date: /home/yyh/ros2_ws/install/realsense2_camera_msgs/share/realsense2_camera_msgs/environment/library_path.sh
[4.396s] -- Up-to-date: /home/yyh/ros2_ws/install/realsense2_camera_msgs/share/realsense2_camera_msgs/environment/library_path.dsv
[4.397s] -- Up-to-date: /home/yyh/ros2_ws/install/realsense2_camera_msgs/lib/librealsense2_camera_msgs__rosidl_generator_c.so
[4.397s] -- Up-to-date: /home/yyh/ros2_ws/install/realsense2_camera_msgs/include/realsense2_camera_msgs
[4.397s] -- Up-to-date: /home/yyh/ros2_ws/install/realsense2_camera_msgs/include/realsense2_camera_msgs/msg
[4.397s] -- Up-to-date: /home/yyh/ros2_ws/install/realsense2_camera_msgs/include/realsense2_camera_msgs/msg/rosidl_typesupport_fastrtps_c__visibility_control.h
[4.397s] -- Up-to-date: /home/yyh/ros2_ws/install/realsense2_camera_msgs/include/realsense2_camera_msgs/msg/detail
[4.397s] -- Up-to-date: /home/yyh/ros2_ws/install/realsense2_camera_msgs/include/realsense2_camera_msgs/msg/detail/extrinsics__rosidl_typesupport_fastrtps_c.h
[4.397s] -- Up-to-date: /home/yyh/ros2_ws/install/realsense2_camera_msgs/include/realsense2_camera_msgs/msg/detail/metadata__rosidl_typesupport_fastrtps_c.h
[4.397s] -- Up-to-date: /home/yyh/ros2_ws/install/realsense2_camera_msgs/include/realsense2_camera_msgs/msg/detail/imu_info__rosidl_typesupport_fastrtps_c.h
[4.397s] -- Up-to-date: /home/yyh/ros2_ws/install/realsense2_camera_msgs/include/realsense2_camera_msgs/srv
[4.397s] -- Up-to-date: /home/yyh/ros2_ws/install/realsense2_camera_msgs/include/realsense2_camera_msgs/srv/detail
[4.398s] -- Up-to-date: /home/yyh/ros2_ws/install/realsense2_camera_msgs/include/realsense2_camera_msgs/srv/detail/device_info__rosidl_typesupport_fastrtps_c.h
[4.398s] -- Up-to-date: /home/yyh/ros2_ws/install/realsense2_camera_msgs/lib/librealsense2_camera_msgs__rosidl_typesupport_fastrtps_c.so
[4.398s] -- Up-to-date: /home/yyh/ros2_ws/install/realsense2_camera_msgs/include/realsense2_camera_msgs
[4.398s] -- Up-to-date: /home/yyh/ros2_ws/install/realsense2_camera_msgs/include/realsense2_camera_msgs/msg
[4.398s] -- Up-to-date: /home/yyh/ros2_ws/install/realsense2_camera_msgs/include/realsense2_camera_msgs/msg/detail
[4.398s] -- Up-to-date: /home/yyh/ros2_ws/install/realsense2_camera_msgs/include/realsense2_camera_msgs/msg/detail/imu_info__rosidl_typesupport_fastrtps_cpp.hpp
[4.398s] -- Up-to-date: /home/yyh/ros2_ws/install/realsense2_camera_msgs/include/realsense2_camera_msgs/msg/detail/metadata__rosidl_typesupport_fastrtps_cpp.hpp
[4.398s] -- Up-to-date: /home/yyh/ros2_ws/install/realsense2_camera_msgs/include/realsense2_camera_msgs/msg/detail/extrinsics__rosidl_typesupport_fastrtps_cpp.hpp
[4.399s] -- Up-to-date: /home/yyh/ros2_ws/install/realsense2_camera_msgs/include/realsense2_camera_msgs/msg/detail/dds_fastrtps
[4.399s] -- Up-to-date: /home/yyh/ros2_ws/install/realsense2_camera_msgs/include/realsense2_camera_msgs/msg/rosidl_typesupport_fastrtps_cpp__visibility_control.h
[4.399s] -- Up-to-date: /home/yyh/ros2_ws/install/realsense2_camera_msgs/include/realsense2_camera_msgs/srv
[4.399s] -- Up-to-date: /home/yyh/ros2_ws/install/realsense2_camera_msgs/include/realsense2_camera_msgs/srv/detail
[4.399s] -- Up-to-date: /home/yyh/ros2_ws/install/realsense2_camera_msgs/include/realsense2_camera_msgs/srv/detail/device_info__rosidl_typesupport_fastrtps_cpp.hpp
[4.399s] -- Up-to-date: /home/yyh/ros2_ws/install/realsense2_camera_msgs/include/realsense2_camera_msgs/srv/detail/dds_fastrtps
[4.399s] -- Up-to-date: /home/yyh/ros2_ws/install/realsense2_camera_msgs/lib/librealsense2_camera_msgs__rosidl_typesupport_fastrtps_cpp.so
[4.399s] -- Up-to-date: /home/yyh/ros2_ws/install/realsense2_camera_msgs/include/realsense2_camera_msgs
[4.399s] -- Up-to-date: /home/yyh/ros2_ws/install/realsense2_camera_msgs/include/realsense2_camera_msgs/msg
[4.399s] -- Up-to-date: /home/yyh/ros2_ws/install/realsense2_camera_msgs/include/realsense2_camera_msgs/msg/rosidl_typesupport_introspection_c__visibility_control.h
[4.399s] -- Up-to-date: /home/yyh/ros2_ws/install/realsense2_camera_msgs/include/realsense2_camera_msgs/msg/detail
[4.399s] -- Up-to-date: /home/yyh/ros2_ws/install/realsense2_camera_msgs/include/realsense2_camera_msgs/msg/detail/imu_info__rosidl_typesupport_introspection_c.h
[4.399s] -- Up-to-date: /home/yyh/ros2_ws/install/realsense2_camera_msgs/include/realsense2_camera_msgs/msg/detail/extrinsics__type_support.c
[4.400s] -- Up-to-date: /home/yyh/ros2_ws/install/realsense2_camera_msgs/include/realsense2_camera_msgs/msg/detail/extrinsics__rosidl_typesupport_introspection_c.h
[4.400s] -- Up-to-date: /home/yyh/ros2_ws/install/realsense2_camera_msgs/include/realsense2_camera_msgs/msg/detail/metadata__rosidl_typesupport_introspection_c.h
[4.400s] -- Up-to-date: /home/yyh/ros2_ws/install/realsense2_camera_msgs/include/realsense2_camera_msgs/msg/detail/imu_info__type_support.c
[4.400s] -- Up-to-date: /home/yyh/ros2_ws/install/realsense2_camera_msgs/include/realsense2_camera_msgs/msg/detail/metadata__type_support.c
[4.400s] -- Up-to-date: /home/yyh/ros2_ws/install/realsense2_camera_msgs/include/realsense2_camera_msgs/srv
[4.400s] -- Up-to-date: /home/yyh/ros2_ws/install/realsense2_camera_msgs/include/realsense2_camera_msgs/srv/detail
[4.401s] -- Up-to-date: /home/yyh/ros2_ws/install/realsense2_camera_msgs/include/realsense2_camera_msgs/srv/detail/device_info__type_support.c
[4.401s] -- Up-to-date: /home/yyh/ros2_ws/install/realsense2_camera_msgs/include/realsense2_camera_msgs/srv/detail/device_info__rosidl_typesupport_introspection_c.h
[4.401s] -- Up-to-date: /home/yyh/ros2_ws/install/realsense2_camera_msgs/lib/librealsense2_camera_msgs__rosidl_typesupport_introspection_c.so
[4.401s] -- Up-to-date: /home/yyh/ros2_ws/install/realsense2_camera_msgs/lib/librealsense2_camera_msgs__rosidl_typesupport_c.so
[4.410s] -- Up-to-date: /home/yyh/ros2_ws/install/realsense2_camera_msgs/include/realsense2_camera_msgs
[4.410s] -- Up-to-date: /home/yyh/ros2_ws/install/realsense2_camera_msgs/include/realsense2_camera_msgs/msg
[4.410s] -- Up-to-date: /home/yyh/ros2_ws/install/realsense2_camera_msgs/include/realsense2_camera_msgs/msg/detail
[4.413s] -- Up-to-date: /home/yyh/ros2_ws/install/realsense2_camera_msgs/include/realsense2_camera_msgs/msg/detail/metadata__struct.hpp
[4.413s] -- Up-to-date: /home/yyh/ros2_ws/install/realsense2_camera_msgs/include/realsense2_camera_msgs/msg/detail/imu_info__traits.hpp
[4.413s] -- Up-to-date: /home/yyh/ros2_ws/install/realsense2_camera_msgs/include/realsense2_camera_msgs/msg/detail/metadata__type_support.hpp
[4.413s] -- Up-to-date: /home/yyh/ros2_ws/install/realsense2_camera_msgs/include/realsense2_camera_msgs/msg/detail/extrinsics__builder.hpp
[4.413s] -- Up-to-date: /home/yyh/ros2_ws/install/realsense2_camera_msgs/include/realsense2_camera_msgs/msg/detail/extrinsics__type_support.hpp
[4.413s] -- Up-to-date: /home/yyh/ros2_ws/install/realsense2_camera_msgs/include/realsense2_camera_msgs/msg/detail/metadata__builder.hpp
[4.417s] -- Up-to-date: /home/yyh/ros2_ws/install/realsense2_camera_msgs/include/realsense2_camera_msgs/msg/detail/imu_info__builder.hpp
[4.417s] -- Up-to-date: /home/yyh/ros2_ws/install/realsense2_camera_msgs/include/realsense2_camera_msgs/msg/detail/imu_info__struct.hpp
[4.417s] -- Up-to-date: /home/yyh/ros2_ws/install/realsense2_camera_msgs/include/realsense2_camera_msgs/msg/detail/extrinsics__traits.hpp
[4.417s] -- Up-to-date: /home/yyh/ros2_ws/install/realsense2_camera_msgs/include/realsense2_camera_msgs/msg/detail/extrinsics__struct.hpp
[4.417s] -- Up-to-date: /home/yyh/ros2_ws/install/realsense2_camera_msgs/include/realsense2_camera_msgs/msg/detail/imu_info__type_support.hpp
[4.417s] -- Up-to-date: /home/yyh/ros2_ws/install/realsense2_camera_msgs/include/realsense2_camera_msgs/msg/detail/metadata__traits.hpp
[4.417s] -- Up-to-date: /home/yyh/ros2_ws/install/realsense2_camera_msgs/include/realsense2_camera_msgs/msg/imu_info.hpp
[4.418s] -- Up-to-date: /home/yyh/ros2_ws/install/realsense2_camera_msgs/include/realsense2_camera_msgs/msg/rosidl_generator_cpp__visibility_control.hpp
[4.418s] -- Up-to-date: /home/yyh/ros2_ws/install/realsense2_camera_msgs/include/realsense2_camera_msgs/msg/extrinsics.hpp
[4.418s] -- Up-to-date: /home/yyh/ros2_ws/install/realsense2_camera_msgs/include/realsense2_camera_msgs/msg/metadata.hpp
[4.418s] -- Up-to-date: /home/yyh/ros2_ws/install/realsense2_camera_msgs/include/realsense2_camera_msgs/srv
[4.418s] -- Up-to-date: /home/yyh/ros2_ws/install/realsense2_camera_msgs/include/realsense2_camera_msgs/srv/detail
[4.425s] -- Up-to-date: /home/yyh/ros2_ws/install/realsense2_camera_msgs/include/realsense2_camera_msgs/srv/detail/device_info__type_support.hpp
[4.425s] -- Up-to-date: /home/yyh/ros2_ws/install/realsense2_camera_msgs/include/realsense2_camera_msgs/srv/detail/device_info__traits.hpp
[4.425s] -- Up-to-date: /home/yyh/ros2_ws/install/realsense2_camera_msgs/include/realsense2_camera_msgs/srv/detail/device_info__struct.hpp
[4.425s] -- Up-to-date: /home/yyh/ros2_ws/install/realsense2_camera_msgs/include/realsense2_camera_msgs/srv/detail/device_info__builder.hpp
[4.426s] -- Up-to-date: /home/yyh/ros2_ws/install/realsense2_camera_msgs/include/realsense2_camera_msgs/srv/device_info.hpp
[4.426s] -- Up-to-date: /home/yyh/ros2_ws/install/realsense2_camera_msgs/include/realsense2_camera_msgs
[4.426s] -- Up-to-date: /home/yyh/ros2_ws/install/realsense2_camera_msgs/include/realsense2_camera_msgs/msg
[4.426s] -- Up-to-date: /home/yyh/ros2_ws/install/realsense2_camera_msgs/include/realsense2_camera_msgs/msg/detail
[4.426s] -- Up-to-date: /home/yyh/ros2_ws/install/realsense2_camera_msgs/include/realsense2_camera_msgs/msg/detail/extrinsics__type_support.cpp
[4.426s] -- Up-to-date: /home/yyh/ros2_ws/install/realsense2_camera_msgs/include/realsense2_camera_msgs/msg/detail/imu_info__rosidl_typesupport_introspection_cpp.hpp
[4.426s] -- Up-to-date: /home/yyh/ros2_ws/install/realsense2_camera_msgs/include/realsense2_camera_msgs/msg/detail/imu_info__type_support.cpp
[4.426s] -- Up-to-date: /home/yyh/ros2_ws/install/realsense2_camera_msgs/include/realsense2_camera_msgs/msg/detail/metadata__rosidl_typesupport_introspection_cpp.hpp
[4.426s] -- Up-to-date: /home/yyh/ros2_ws/install/realsense2_camera_msgs/include/realsense2_camera_msgs/msg/detail/extrinsics__rosidl_typesupport_introspection_cpp.hpp
[4.426s] -- Up-to-date: /home/yyh/ros2_ws/install/realsense2_camera_msgs/include/realsense2_camera_msgs/msg/detail/metadata__type_support.cpp
[4.426s] -- Up-to-date: /home/yyh/ros2_ws/install/realsense2_camera_msgs/include/realsense2_camera_msgs/srv
[4.427s] -- Up-to-date: /home/yyh/ros2_ws/install/realsense2_camera_msgs/include/realsense2_camera_msgs/srv/detail
[4.427s] -- Up-to-date: /home/yyh/ros2_ws/install/realsense2_camera_msgs/include/realsense2_camera_msgs/srv/detail/device_info__rosidl_typesupport_introspection_cpp.hpp
[4.427s] -- Up-to-date: /home/yyh/ros2_ws/install/realsense2_camera_msgs/include/realsense2_camera_msgs/srv/detail/device_info__type_support.cpp
[4.427s] -- Up-to-date: /home/yyh/ros2_ws/install/realsense2_camera_msgs/lib/librealsense2_camera_msgs__rosidl_typesupport_introspection_cpp.so
[4.427s] -- Up-to-date: /home/yyh/ros2_ws/install/realsense2_camera_msgs/lib/librealsense2_camera_msgs__rosidl_typesupport_cpp.so
[4.427s] -- Up-to-date: /home/yyh/ros2_ws/install/realsense2_camera_msgs/share/realsense2_camera_msgs/environment/pythonpath.sh
[4.427s] -- Up-to-date: /home/yyh/ros2_ws/install/realsense2_camera_msgs/share/realsense2_camera_msgs/environment/pythonpath.dsv
[4.427s] -- Up-to-date: /home/yyh/ros2_ws/install/realsense2_camera_msgs/lib/python3.8/site-packages/realsense2_camera_msgs/__init__.py
[4.512s] -- Up-to-date: /home/yyh/ros2_ws/install/realsense2_camera_msgs/lib/python3.8/site-packages/realsense2_camera_msgs/msg
[4.512s] -- Up-to-date: /home/yyh/ros2_ws/install/realsense2_camera_msgs/lib/python3.8/site-packages/realsense2_camera_msgs/msg/__init__.py
[4.512s] -- Up-to-date: /home/yyh/ros2_ws/install/realsense2_camera_msgs/lib/python3.8/site-packages/realsense2_camera_msgs/msg/_extrinsics_s.c
[4.512s] -- Up-to-date: /home/yyh/ros2_ws/install/realsense2_camera_msgs/lib/python3.8/site-packages/realsense2_camera_msgs/msg/_imu_info_s.c
[4.512s] -- Up-to-date: /home/yyh/ros2_ws/install/realsense2_camera_msgs/lib/python3.8/site-packages/realsense2_camera_msgs/msg/_imu_info.py
[4.512s] -- Up-to-date: /home/yyh/ros2_ws/install/realsense2_camera_msgs/lib/python3.8/site-packages/realsense2_camera_msgs/msg/_extrinsics.py
[4.515s] -- Up-to-date: /home/yyh/ros2_ws/install/realsense2_camera_msgs/lib/python3.8/site-packages/realsense2_camera_msgs/msg/_metadata.py
[4.516s] -- Up-to-date: /home/yyh/ros2_ws/install/realsense2_camera_msgs/lib/python3.8/site-packages/realsense2_camera_msgs/msg/_metadata_s.c
[4.516s] -- Up-to-date: /home/yyh/ros2_ws/install/realsense2_camera_msgs/lib/python3.8/site-packages/realsense2_camera_msgs/srv
[4.516s] -- Up-to-date: /home/yyh/ros2_ws/install/realsense2_camera_msgs/lib/python3.8/site-packages/realsense2_camera_msgs/srv/__init__.py
[4.516s] -- Up-to-date: /home/yyh/ros2_ws/install/realsense2_camera_msgs/lib/python3.8/site-packages/realsense2_camera_msgs/srv/_device_info.py
[4.516s] -- Up-to-date: /home/yyh/ros2_ws/install/realsense2_camera_msgs/lib/python3.8/site-packages/realsense2_camera_msgs/srv/_device_info_s.c
[4.516s] -- Up-to-date: /home/yyh/ros2_ws/install/realsense2_camera_msgs/lib/python3.8/site-packages/realsense2_camera_msgs/realsense2_camera_msgs_s__rosidl_typesupport_fastrtps_c.cpython-38-x86_64-linux-gnu.so
[4.516s] -- Up-to-date: /home/yyh/ros2_ws/install/realsense2_camera_msgs/lib/python3.8/site-packages/realsense2_camera_msgs/realsense2_camera_msgs_s__rosidl_typesupport_introspection_c.cpython-38-x86_64-linux-gnu.so
[4.517s] -- Up-to-date: /home/yyh/ros2_ws/install/realsense2_camera_msgs/lib/python3.8/site-packages/realsense2_camera_msgs/realsense2_camera_msgs_s__rosidl_typesupport_c.cpython-38-x86_64-linux-gnu.so
[4.518s] -- Up-to-date: /home/yyh/ros2_ws/install/realsense2_camera_msgs/lib/librealsense2_camera_msgs__python.so
[4.518s] -- Up-to-date: /home/yyh/ros2_ws/install/realsense2_camera_msgs/share/realsense2_camera_msgs/msg/IMUInfo.idl
[4.525s] -- Up-to-date: /home/yyh/ros2_ws/install/realsense2_camera_msgs/share/realsense2_camera_msgs/msg/Extrinsics.idl
[4.526s] -- Up-to-date: /home/yyh/ros2_ws/install/realsense2_camera_msgs/share/realsense2_camera_msgs/msg/Metadata.idl
[4.526s] -- Up-to-date: /home/yyh/ros2_ws/install/realsense2_camera_msgs/share/realsense2_camera_msgs/srv/DeviceInfo.idl
[4.526s] -- Up-to-date: /home/yyh/ros2_ws/install/realsense2_camera_msgs/share/realsense2_camera_msgs/msg/IMUInfo.msg
[4.526s] -- Up-to-date: /home/yyh/ros2_ws/install/realsense2_camera_msgs/share/realsense2_camera_msgs/msg/Extrinsics.msg
[4.526s] -- Up-to-date: /home/yyh/ros2_ws/install/realsense2_camera_msgs/share/realsense2_camera_msgs/msg/Metadata.msg
[4.526s] -- Up-to-date: /home/yyh/ros2_ws/install/realsense2_camera_msgs/share/realsense2_camera_msgs/srv/DeviceInfo.srv
[4.526s] -- Up-to-date: /home/yyh/ros2_ws/install/realsense2_camera_msgs/share/realsense2_camera_msgs/srv/DeviceInfo_Request.msg
[4.526s] -- Up-to-date: /home/yyh/ros2_ws/install/realsense2_camera_msgs/share/realsense2_camera_msgs/srv/DeviceInfo_Response.msg
[4.527s] -- Up-to-date: /home/yyh/ros2_ws/install/realsense2_camera_msgs/share/ament_index/resource_index/package_run_dependencies/realsense2_camera_msgs
[4.527s] -- Up-to-date: /home/yyh/ros2_ws/install/realsense2_camera_msgs/share/ament_index/resource_index/parent_prefix_path/realsense2_camera_msgs
[4.527s] -- Up-to-date: /home/yyh/ros2_ws/install/realsense2_camera_msgs/share/realsense2_camera_msgs/environment/ament_prefix_path.sh
[4.527s] -- Up-to-date: /home/yyh/ros2_ws/install/realsense2_camera_msgs/share/realsense2_camera_msgs/environment/ament_prefix_path.dsv
[4.527s] -- Up-to-date: /home/yyh/ros2_ws/install/realsense2_camera_msgs/share/realsense2_camera_msgs/environment/path.sh
[4.527s] -- Up-to-date: /home/yyh/ros2_ws/install/realsense2_camera_msgs/share/realsense2_camera_msgs/environment/path.dsv
[4.527s] -- Up-to-date: /home/yyh/ros2_ws/install/realsense2_camera_msgs/share/realsense2_camera_msgs/local_setup.bash
[4.527s] -- Up-to-date: /home/yyh/ros2_ws/install/realsense2_camera_msgs/share/realsense2_camera_msgs/local_setup.sh
[4.527s] -- Up-to-date: /home/yyh/ros2_ws/install/realsense2_camera_msgs/share/realsense2_camera_msgs/local_setup.zsh
[4.528s] -- Up-to-date: /home/yyh/ros2_ws/install/realsense2_camera_msgs/share/realsense2_camera_msgs/local_setup.dsv
[4.528s] -- Installing: /home/yyh/ros2_ws/install/realsense2_camera_msgs/share/realsense2_camera_msgs/package.dsv
[4.528s] -- Up-to-date: /home/yyh/ros2_ws/install/realsense2_camera_msgs/share/ament_index/resource_index/packages/realsense2_camera_msgs
[4.528s] -- Up-to-date: /home/yyh/ros2_ws/install/realsense2_camera_msgs/share/realsense2_camera_msgs/cmake/realsense2_camera_msgs__rosidl_generator_cExport.cmake
[4.528s] -- Up-to-date: /home/yyh/ros2_ws/install/realsense2_camera_msgs/share/realsense2_camera_msgs/cmake/realsense2_camera_msgs__rosidl_generator_cExport-noconfig.cmake
[4.528s] -- Up-to-date: /home/yyh/ros2_ws/install/realsense2_camera_msgs/share/realsense2_camera_msgs/cmake/realsense2_camera_msgs__rosidl_typesupport_introspection_cExport.cmake
[4.528s] -- Up-to-date: /home/yyh/ros2_ws/install/realsense2_camera_msgs/share/realsense2_camera_msgs/cmake/realsense2_camera_msgs__rosidl_typesupport_introspection_cExport-noconfig.cmake
[4.528s] -- Up-to-date: /home/yyh/ros2_ws/install/realsense2_camera_msgs/share/realsense2_camera_msgs/cmake/realsense2_camera_msgs__rosidl_typesupport_cExport.cmake
[4.529s] -- Up-to-date: /home/yyh/ros2_ws/install/realsense2_camera_msgs/share/realsense2_camera_msgs/cmake/realsense2_camera_msgs__rosidl_typesupport_cExport-noconfig.cmake
[4.529s] -- Up-to-date: /home/yyh/ros2_ws/install/realsense2_camera_msgs/share/realsense2_camera_msgs/cmake/realsense2_camera_msgs__rosidl_generator_cppExport.cmake
[4.529s] -- Up-to-date: /home/yyh/ros2_ws/install/realsense2_camera_msgs/share/realsense2_camera_msgs/cmake/realsense2_camera_msgs__rosidl_typesupport_introspection_cppExport.cmake
[4.529s] -- Up-to-date: /home/yyh/ros2_ws/install/realsense2_camera_msgs/share/realsense2_camera_msgs/cmake/realsense2_camera_msgs__rosidl_typesupport_introspection_cppExport-noconfig.cmake
[4.529s] -- Up-to-date: /home/yyh/ros2_ws/install/realsense2_camera_msgs/share/realsense2_camera_msgs/cmake/realsense2_camera_msgs__rosidl_typesupport_cppExport.cmake
[4.529s] -- Up-to-date: /home/yyh/ros2_ws/install/realsense2_camera_msgs/share/realsense2_camera_msgs/cmake/realsense2_camera_msgs__rosidl_typesupport_cppExport-noconfig.cmake
[4.529s] -- Up-to-date: /home/yyh/ros2_ws/install/realsense2_camera_msgs/share/realsense2_camera_msgs/cmake/rosidl_cmake-extras.cmake
[4.529s] -- Up-to-date: /home/yyh/ros2_ws/install/realsense2_camera_msgs/share/realsense2_camera_msgs/cmake/ament_cmake_export_dependencies-extras.cmake
[4.530s] -- Up-to-date: /home/yyh/ros2_ws/install/realsense2_camera_msgs/share/realsense2_camera_msgs/cmake/ament_cmake_export_libraries-extras.cmake
[4.530s] -- Up-to-date: /home/yyh/ros2_ws/install/realsense2_camera_msgs/share/realsense2_camera_msgs/cmake/ament_cmake_export_targets-extras.cmake
[4.530s] -- Up-to-date: /home/yyh/ros2_ws/install/realsense2_camera_msgs/share/realsense2_camera_msgs/cmake/ament_cmake_export_include_directories-extras.cmake
[4.530s] -- Up-to-date: /home/yyh/ros2_ws/install/realsense2_camera_msgs/share/realsense2_camera_msgs/cmake/rosidl_cmake_export_typesupport_libraries-extras.cmake
[4.530s] -- Up-to-date: /home/yyh/ros2_ws/install/realsense2_camera_msgs/share/realsense2_camera_msgs/cmake/rosidl_cmake_export_typesupport_targets-extras.cmake
[4.530s] -- Up-to-date: /home/yyh/ros2_ws/install/realsense2_camera_msgs/share/realsense2_camera_msgs/cmake/realsense2_camera_msgsConfig.cmake
[4.530s] -- Up-to-date: /home/yyh/ros2_ws/install/realsense2_camera_msgs/share/realsense2_camera_msgs/cmake/realsense2_camera_msgsConfig-version.cmake
[4.531s] -- Up-to-date: /home/yyh/ros2_ws/install/realsense2_camera_msgs/share/realsense2_camera_msgs/package.xml
[4.541s] Invoked command in '/home/yyh/ros2_ws/build/realsense2_camera_msgs' returned '0': CMAKE_PREFIX_PATH=${CMAKE_PREFIX_PATH}:/home/yyh/ros2_ws/install/yyh_object:/home/yyh/ros2_ws/install/yyh_nav:/home/yyh/ros2_ws/install/yyh_launch:/home/yyh/ros2_ws/install/yolov5_ros2:/opt/ros/foxy /usr/bin/cmake --install /home/yyh/ros2_ws/build/realsense2_camera_msgs
