[3.833s] Invoking command in '/home/yyh/ros2_ws/src/yyh_nav': PYTHONPATH=/home/yyh/ros2_ws/build/yyh_nav/prefix_override:/usr/lib/python3/dist-packages/colcon_core/task/python/colcon_distutils_commands:/home/yyh/ros2_ws/install/yyh_nav/lib/python3.8/site-packages: /usr/bin/python3 -W ignore:setup.py install is deprecated setup.py egg_info --egg-base ../../build/yyh_nav build --build-base /home/yyh/ros2_ws/build/yyh_nav/build install --record /home/yyh/ros2_ws/build/yyh_nav/install.log --single-version-externally-managed install_data
[4.725s] running egg_info
[4.746s] writing ../../build/yyh_nav/yyh_nav.egg-info/PKG-INFO
[4.747s] writing dependency_links to ../../build/yyh_nav/yyh_nav.egg-info/dependency_links.txt
[4.749s] writing entry points to ../../build/yyh_nav/yyh_nav.egg-info/entry_points.txt
[4.750s] writing requirements to ../../build/yyh_nav/yyh_nav.egg-info/requires.txt
[4.752s] writing top-level names to ../../build/yyh_nav/yyh_nav.egg-info/top_level.txt
[10.678s] writing manifest file '../../build/yyh_nav/yyh_nav.egg-info/SOURCES.txt'
[10.678s] running build
[10.678s] running build_py
[10.682s] running install
[10.700s] running install_lib
[10.741s] running install_data
[10.741s] running install_egg_info
[10.779s] removing '/home/yyh/ros2_ws/install/yyh_nav/lib/python3.8/site-packages/yyh_nav-0.0.0-py3.8.egg-info' (and everything under it)
[10.798s] Copying ../../build/yyh_nav/yyh_nav.egg-info to /home/yyh/ros2_ws/install/yyh_nav/lib/python3.8/site-packages/yyh_nav-0.0.0-py3.8.egg-info
[10.799s] running install_scripts
[11.006s] Installing t265_pose_test script to /home/yyh/ros2_ws/install/yyh_nav/lib/yyh_nav
[11.006s] Installing tft265 script to /home/yyh/ros2_ws/install/yyh_nav/lib/yyh_nav
[11.009s] writing list of installed files to '/home/yyh/ros2_ws/build/yyh_nav/install.log'
[11.152s] Invoked command in '/home/yyh/ros2_ws/src/yyh_nav' returned '0': PYTHONPATH=/home/yyh/ros2_ws/build/yyh_nav/prefix_override:/usr/lib/python3/dist-packages/colcon_core/task/python/colcon_distutils_commands:/home/yyh/ros2_ws/install/yyh_nav/lib/python3.8/site-packages: /usr/bin/python3 -W ignore:setup.py install is deprecated setup.py egg_info --egg-base ../../build/yyh_nav build --build-base /home/yyh/ros2_ws/build/yyh_nav/build install --record /home/yyh/ros2_ws/build/yyh_nav/install.log --single-version-externally-managed install_data
