running develop
/home/yyh/.local/lib/python3.8/site-packages/setuptools/command/easy_install.py:144: EasyInstallDeprecationWarning: easy_install command is deprecated. Use build and pip and other standards-based tools.
  warnings.warn(
running egg_info
writing yolov5_ros2.egg-info/PKG-INFO
writing dependency_links to yolov5_ros2.egg-info/dependency_links.txt
writing entry points to yolov5_ros2.egg-info/entry_points.txt
writing requirements to yolov5_ros2.egg-info/requires.txt
writing top-level names to yolov5_ros2.egg-info/top_level.txt
writing manifest file 'yolov5_ros2.egg-info/SOURCES.txt'
running build_ext
Creating /home/yyh/ros2_ws/install/yolov5_ros2/lib/python3.8/site-packages/yolov5-ros2.egg-link (link to .)
Installing yolo_detect_2d script to /home/yyh/ros2_ws/install/yolov5_ros2/lib/yolov5_ros2

Installed /home/yyh/ros2_ws/build/yolov5_ros2
running symlink_data
symbolically linking /home/yyh/ros2_ws/build/yolov5_ros2/resource/yolov5_ros2 -> /home/yyh/ros2_ws/install/yolov5_ros2/share/ament_index/resource_index/packages
symbolically linking /home/yyh/ros2_ws/build/yolov5_ros2/package.xml -> /home/yyh/ros2_ws/install/yolov5_ros2/share/yolov5_ros2
symbolically linking /home/yyh/ros2_ws/build/yolov5_ros2/launch/yolov5_ros2.launch.py -> /home/yyh/ros2_ws/install/yolov5_ros2/share/yolov5_ros2/launch
symbolically linking /home/yyh/ros2_ws/build/yolov5_ros2/config/best_8_1_2.pt -> /home/yyh/ros2_ws/install/yolov5_ros2/share/yolov5_ros2/config
symbolically linking /home/yyh/ros2_ws/build/yolov5_ros2/config/best_landing1.pt -> /home/yyh/ros2_ws/install/yolov5_ros2/share/yolov5_ros2/config
symbolically linking /home/yyh/ros2_ws/build/yolov5_ros2/config/best_plus.pt -> /home/yyh/ros2_ws/install/yolov5_ros2/share/yolov5_ros2/config
symbolically linking /home/yyh/ros2_ws/build/yolov5_ros2/config/best_landing2.pt -> /home/yyh/ros2_ws/install/yolov5_ros2/share/yolov5_ros2/config
symbolically linking /home/yyh/ros2_ws/build/yolov5_ros2/config/best_8_1.pt -> /home/yyh/ros2_ws/install/yolov5_ros2/share/yolov5_ros2/config
symbolically linking /home/yyh/ros2_ws/build/yolov5_ros2/config/best_landing_gray.pt -> /home/yyh/ros2_ws/install/yolov5_ros2/share/yolov5_ros2/config
symbolically linking /home/yyh/ros2_ws/build/yolov5_ros2/config/best_7_31.pt -> /home/yyh/ros2_ws/install/yolov5_ros2/share/yolov5_ros2/config
symbolically linking /home/yyh/ros2_ws/build/yolov5_ros2/config/yolov5s.pt -> /home/yyh/ros2_ws/install/yolov5_ros2/share/yolov5_ros2/config
symbolically linking /home/yyh/ros2_ws/build/yolov5_ros2/config/camera_info.yaml -> /home/yyh/ros2_ws/install/yolov5_ros2/share/yolov5_ros2/config
symbolically linking /home/yyh/ros2_ws/build/yolov5_ros2/config/last_plus1.pt -> /home/yyh/ros2_ws/install/yolov5_ros2/share/yolov5_ros2/config
symbolically linking /home/yyh/ros2_ws/build/yolov5_ros2/config/last.pt -> /home/yyh/ros2_ws/install/yolov5_ros2/share/yolov5_ros2/config
symbolically linking /home/yyh/ros2_ws/build/yolov5_ros2/resource/yolov5_ros2 -> /home/yyh/ros2_ws/install/yolov5_ros2/share/yolov5_ros2/resource
symbolically linking /home/yyh/ros2_ws/build/yolov5_ros2/resource/fish.jpg -> /home/yyh/ros2_ws/install/yolov5_ros2/share/yolov5_ros2/resource
symbolically linking /home/yyh/ros2_ws/build/yolov5_ros2/resource/mouse.png -> /home/yyh/ros2_ws/install/yolov5_ros2/share/yolov5_ros2/resource
