[0.127s] Invoking command in '/home/yyh/ros2_ws/build/realsense2_camera': CMAKE_PREFIX_PATH=/home/yyh/ros2_ws/install/realsense2_camera_msgs:/home/yyh/ros2_ws/install/realsense2_description:/home/yyh/ros2_ws/install/realsense2_camera:/home/yyh/ros2_ws/install/learning_interface:/home/yyh/ros2_ws/install/yyh_object:/home/yyh/ros2_ws/install/yyh_nav:/home/yyh/ros2_ws/install/yyh_launch:/home/yyh/ros2_ws/install/yolov5_ros2:/opt/ros/foxy LD_LIBRARY_PATH=/home/yyh/ros2_ws/install/realsense2_camera_msgs/lib:/home/yyh/ros2_ws/install/realsense2_camera/lib:/home/yyh/ros2_ws/install/learning_interface/lib:/opt/ros/foxy/opt/yaml_cpp_vendor/lib:/opt/ros/foxy/opt/rviz_ogre_vendor/lib:/opt/ros/foxy/lib/x86_64-linux-gnu:/opt/ros/foxy/lib PYTHONPATH=/home/yyh/ros2_ws/install/realsense2_camera_msgs/lib/python3.8/site-packages:/home/yyh/ros2_ws/install/yyh_object/lib/python3.8/site-packages:/home/yyh/ros2_ws/install/yyh_nav/lib/python3.8/site-packages:/home/yyh/ros2_ws/install/yyh_launch/lib/python3.8/site-packages:/home/yyh/ros2_ws/install/yolov5_ros2/lib/python3.8/site-packages:/home/yyh/ros2_ws/install/learning_interface/lib/python3.8/site-packages:/opt/ros/foxy/lib/python3.8/site-packages /usr/bin/cmake --build /home/yyh/ros2_ws/build/realsense2_camera -- -j4 -l4
[0.663s] [ 12%] Built target realsense2_camera_node
[0.831s] [100%] Built target realsense2_camera
[0.883s] Invoked command in '/home/yyh/ros2_ws/build/realsense2_camera' returned '0': CMAKE_PREFIX_PATH=/home/yyh/ros2_ws/install/realsense2_camera_msgs:/home/yyh/ros2_ws/install/realsense2_description:/home/yyh/ros2_ws/install/realsense2_camera:/home/yyh/ros2_ws/install/learning_interface:/home/yyh/ros2_ws/install/yyh_object:/home/yyh/ros2_ws/install/yyh_nav:/home/yyh/ros2_ws/install/yyh_launch:/home/yyh/ros2_ws/install/yolov5_ros2:/opt/ros/foxy LD_LIBRARY_PATH=/home/yyh/ros2_ws/install/realsense2_camera_msgs/lib:/home/yyh/ros2_ws/install/realsense2_camera/lib:/home/yyh/ros2_ws/install/learning_interface/lib:/opt/ros/foxy/opt/yaml_cpp_vendor/lib:/opt/ros/foxy/opt/rviz_ogre_vendor/lib:/opt/ros/foxy/lib/x86_64-linux-gnu:/opt/ros/foxy/lib PYTHONPATH=/home/yyh/ros2_ws/install/realsense2_camera_msgs/lib/python3.8/site-packages:/home/yyh/ros2_ws/install/yyh_object/lib/python3.8/site-packages:/home/yyh/ros2_ws/install/yyh_nav/lib/python3.8/site-packages:/home/yyh/ros2_ws/install/yyh_launch/lib/python3.8/site-packages:/home/yyh/ros2_ws/install/yolov5_ros2/lib/python3.8/site-packages:/home/yyh/ros2_ws/install/learning_interface/lib/python3.8/site-packages:/opt/ros/foxy/lib/python3.8/site-packages /usr/bin/cmake --build /home/yyh/ros2_ws/build/realsense2_camera -- -j4 -l4
[1.943s] Invoking command in '/home/yyh/ros2_ws/build/realsense2_camera': CMAKE_PREFIX_PATH=/home/yyh/ros2_ws/install/realsense2_camera_msgs:/home/yyh/ros2_ws/install/realsense2_description:/home/yyh/ros2_ws/install/realsense2_camera:/home/yyh/ros2_ws/install/learning_interface:/home/yyh/ros2_ws/install/yyh_object:/home/yyh/ros2_ws/install/yyh_nav:/home/yyh/ros2_ws/install/yyh_launch:/home/yyh/ros2_ws/install/yolov5_ros2:/opt/ros/foxy LD_LIBRARY_PATH=/home/yyh/ros2_ws/install/realsense2_camera_msgs/lib:/home/yyh/ros2_ws/install/realsense2_camera/lib:/home/yyh/ros2_ws/install/learning_interface/lib:/opt/ros/foxy/opt/yaml_cpp_vendor/lib:/opt/ros/foxy/opt/rviz_ogre_vendor/lib:/opt/ros/foxy/lib/x86_64-linux-gnu:/opt/ros/foxy/lib PYTHONPATH=/home/yyh/ros2_ws/install/realsense2_camera_msgs/lib/python3.8/site-packages:/home/yyh/ros2_ws/install/yyh_object/lib/python3.8/site-packages:/home/yyh/ros2_ws/install/yyh_nav/lib/python3.8/site-packages:/home/yyh/ros2_ws/install/yyh_launch/lib/python3.8/site-packages:/home/yyh/ros2_ws/install/yolov5_ros2/lib/python3.8/site-packages:/home/yyh/ros2_ws/install/learning_interface/lib/python3.8/site-packages:/opt/ros/foxy/lib/python3.8/site-packages /usr/bin/cmake --install /home/yyh/ros2_ws/build/realsense2_camera
[2.005s] -- Install configuration: "Release"
[2.005s] -- Up-to-date: /home/yyh/ros2_ws/install/realsense2_camera/lib/realsense2_camera/realsense2_camera_node
[2.005s] -- Up-to-date: /home/yyh/ros2_ws/install/realsense2_camera/lib/librealsense2_camera.so
[2.005s] -- Up-to-date: /home/yyh/ros2_ws/install/realsense2_camera/include
[2.005s] -- Up-to-date: /home/yyh/ros2_ws/install/realsense2_camera/include/sensor_params.h
[2.005s] -- Up-to-date: /home/yyh/ros2_ws/install/realsense2_camera/include/named_filter.h
[2.005s] -- Up-to-date: /home/yyh/ros2_ws/install/realsense2_camera/include/realsense_node_factory.h
[2.006s] -- Up-to-date: /home/yyh/ros2_ws/install/realsense2_camera/include/profile_manager.h
[2.006s] -- Up-to-date: /home/yyh/ros2_ws/install/realsense2_camera/include/t265_realsense_node.h
[2.010s] -- Up-to-date: /home/yyh/ros2_ws/install/realsense2_camera/include/ros_utils.h
[2.010s] -- Up-to-date: /home/yyh/ros2_ws/install/realsense2_camera/include/base_realsense_node.h
[2.010s] -- Up-to-date: /home/yyh/ros2_ws/install/realsense2_camera/include/image_publisher.h
[2.010s] -- Up-to-date: /home/yyh/ros2_ws/install/realsense2_camera/include/ros_sensor.h
[2.010s] -- Up-to-date: /home/yyh/ros2_ws/install/realsense2_camera/include/dynamic_params.h
[2.011s] -- Up-to-date: /home/yyh/ros2_ws/install/realsense2_camera/include/constants.h
[2.011s] -- Up-to-date: /home/yyh/ros2_ws/install/realsense2_camera/include/ros_param_backend.h
[2.011s] -- Up-to-date: /home/yyh/ros2_ws/install/realsense2_camera/share/realsense2_camera/launch
[2.011s] -- Up-to-date: /home/yyh/ros2_ws/install/realsense2_camera/share/realsense2_camera/launch/rs_multi_camera_launch.py
[2.011s] -- Up-to-date: /home/yyh/ros2_ws/install/realsense2_camera/share/realsense2_camera/launch/rs_d400_and_t265_launch.py
[2.011s] -- Up-to-date: /home/yyh/ros2_ws/install/realsense2_camera/share/realsense2_camera/launch/rs_d435i_and_t265_launch.py
[2.011s] -- Up-to-date: /home/yyh/ros2_ws/install/realsense2_camera/share/realsense2_camera/launch/default.rviz
[2.011s] -- Up-to-date: /home/yyh/ros2_ws/install/realsense2_camera/share/realsense2_camera/launch/rs_intra_process_demo_launch.py
[2.011s] -- Up-to-date: /home/yyh/ros2_ws/install/realsense2_camera/share/realsense2_camera/launch/rs_launch.py
[2.011s] -- Up-to-date: /home/yyh/ros2_ws/install/realsense2_camera/share/realsense2_camera/environment/library_path.sh
[2.011s] -- Up-to-date: /home/yyh/ros2_ws/install/realsense2_camera/share/realsense2_camera/environment/library_path.dsv
[2.012s] -- Up-to-date: /home/yyh/ros2_ws/install/realsense2_camera/share/ament_index/resource_index/package_run_dependencies/realsense2_camera
[2.012s] -- Up-to-date: /home/yyh/ros2_ws/install/realsense2_camera/share/ament_index/resource_index/parent_prefix_path/realsense2_camera
[2.012s] -- Up-to-date: /home/yyh/ros2_ws/install/realsense2_camera/share/realsense2_camera/environment/ament_prefix_path.sh
[2.012s] -- Up-to-date: /home/yyh/ros2_ws/install/realsense2_camera/share/realsense2_camera/environment/ament_prefix_path.dsv
[2.012s] -- Up-to-date: /home/yyh/ros2_ws/install/realsense2_camera/share/realsense2_camera/environment/path.sh
[2.012s] -- Up-to-date: /home/yyh/ros2_ws/install/realsense2_camera/share/realsense2_camera/environment/path.dsv
[2.012s] -- Up-to-date: /home/yyh/ros2_ws/install/realsense2_camera/share/realsense2_camera/local_setup.bash
[2.012s] -- Up-to-date: /home/yyh/ros2_ws/install/realsense2_camera/share/realsense2_camera/local_setup.sh
[2.012s] -- Up-to-date: /home/yyh/ros2_ws/install/realsense2_camera/share/realsense2_camera/local_setup.zsh
[2.012s] -- Up-to-date: /home/yyh/ros2_ws/install/realsense2_camera/share/realsense2_camera/local_setup.dsv
[2.012s] -- Installing: /home/yyh/ros2_ws/install/realsense2_camera/share/realsense2_camera/package.dsv
[2.017s] -- Up-to-date: /home/yyh/ros2_ws/install/realsense2_camera/share/ament_index/resource_index/packages/realsense2_camera
[2.017s] -- Up-to-date: /home/yyh/ros2_ws/install/realsense2_camera/share/ament_index/resource_index/rclcpp_components/realsense2_camera
[2.017s] -- Up-to-date: /home/yyh/ros2_ws/install/realsense2_camera/share/realsense2_camera/cmake/ament_cmake_export_include_directories-extras.cmake
[2.017s] -- Up-to-date: /home/yyh/ros2_ws/install/realsense2_camera/share/realsense2_camera/cmake/ament_cmake_export_libraries-extras.cmake
[2.018s] -- Up-to-date: /home/yyh/ros2_ws/install/realsense2_camera/share/realsense2_camera/cmake/ament_cmake_export_dependencies-extras.cmake
[2.022s] -- Up-to-date: /home/yyh/ros2_ws/install/realsense2_camera/share/realsense2_camera/cmake/realsense2_cameraConfig.cmake
[2.022s] -- Up-to-date: /home/yyh/ros2_ws/install/realsense2_camera/share/realsense2_camera/cmake/realsense2_cameraConfig-version.cmake
[2.023s] -- Up-to-date: /home/yyh/ros2_ws/install/realsense2_camera/share/realsense2_camera/package.xml
[2.037s] Invoked command in '/home/yyh/ros2_ws/build/realsense2_camera' returned '0': CMAKE_PREFIX_PATH=/home/yyh/ros2_ws/install/realsense2_camera_msgs:/home/yyh/ros2_ws/install/realsense2_description:/home/yyh/ros2_ws/install/realsense2_camera:/home/yyh/ros2_ws/install/learning_interface:/home/yyh/ros2_ws/install/yyh_object:/home/yyh/ros2_ws/install/yyh_nav:/home/yyh/ros2_ws/install/yyh_launch:/home/yyh/ros2_ws/install/yolov5_ros2:/opt/ros/foxy LD_LIBRARY_PATH=/home/yyh/ros2_ws/install/realsense2_camera_msgs/lib:/home/yyh/ros2_ws/install/realsense2_camera/lib:/home/yyh/ros2_ws/install/learning_interface/lib:/opt/ros/foxy/opt/yaml_cpp_vendor/lib:/opt/ros/foxy/opt/rviz_ogre_vendor/lib:/opt/ros/foxy/lib/x86_64-linux-gnu:/opt/ros/foxy/lib PYTHONPATH=/home/yyh/ros2_ws/install/realsense2_camera_msgs/lib/python3.8/site-packages:/home/yyh/ros2_ws/install/yyh_object/lib/python3.8/site-packages:/home/yyh/ros2_ws/install/yyh_nav/lib/python3.8/site-packages:/home/yyh/ros2_ws/install/yyh_launch/lib/python3.8/site-packages:/home/yyh/ros2_ws/install/yolov5_ros2/lib/python3.8/site-packages:/home/yyh/ros2_ws/install/learning_interface/lib/python3.8/site-packages:/opt/ros/foxy/lib/python3.8/site-packages /usr/bin/cmake --install /home/yyh/ros2_ws/build/realsense2_camera
