[5.589s] Invoking command in '/home/yyh/ros2_ws/src/yyh_object': PYTHONPATH=/home/yyh/ros2_ws/build/yyh_object/prefix_override:/usr/lib/python3/dist-packages/colcon_core/task/python/colcon_distutils_commands:/home/yyh/ros2_ws/install/yyh_object/lib/python3.8/site-packages:${PYTHONPATH} /usr/bin/python3 -W ignore:setup.py install is deprecated setup.py egg_info --egg-base ../../build/yyh_object build --build-base /home/yyh/ros2_ws/build/yyh_object/build install --record /home/yyh/ros2_ws/build/yyh_object/install.log --single-version-externally-managed install_data
[7.071s] running egg_info
[7.095s] writing ../../build/yyh_object/yyh_object.egg-info/PKG-INFO
[7.099s] writing dependency_links to ../../build/yyh_object/yyh_object.egg-info/dependency_links.txt
[7.099s] writing entry points to ../../build/yyh_object/yyh_object.egg-info/entry_points.txt
[7.099s] writing requirements to ../../build/yyh_object/yyh_object.egg-info/requires.txt
[7.099s] writing top-level names to ../../build/yyh_object/yyh_object.egg-info/top_level.txt
[17.231s] writing manifest file '../../build/yyh_object/yyh_object.egg-info/SOURCES.txt'
[17.232s] running build
[17.232s] running build_py
[17.232s] copying yyh_object/yolo_function.py -> /home/yyh/ros2_ws/build/yyh_object/build/lib/yyh_object
[17.232s] running install
[17.238s] running install_lib
[17.252s] copying /home/yyh/ros2_ws/build/yyh_object/build/lib/yyh_object/yolo_function.py -> /home/yyh/ros2_ws/install/yyh_object/lib/python3.8/site-packages/yyh_object
[17.253s] byte-compiling /home/yyh/ros2_ws/install/yyh_object/lib/python3.8/site-packages/yyh_object/yolo_function.py to yolo_function.cpython-38.pyc
[17.254s] running install_data
[17.254s] running install_egg_info
[17.273s] removing '/home/yyh/ros2_ws/install/yyh_object/lib/python3.8/site-packages/yyh_object-0.0.0-py3.8.egg-info' (and everything under it)
[17.275s] Copying ../../build/yyh_object/yyh_object.egg-info to /home/yyh/ros2_ws/install/yyh_object/lib/python3.8/site-packages/yyh_object-0.0.0-py3.8.egg-info
[17.275s] running install_scripts
[17.334s] Installing image script to /home/yyh/ros2_ws/install/yyh_object/lib/yyh_object
[17.335s] writing list of installed files to '/home/yyh/ros2_ws/build/yyh_object/install.log'
[17.391s] Invoked command in '/home/yyh/ros2_ws/src/yyh_object' returned '0': PYTHONPATH=/home/yyh/ros2_ws/build/yyh_object/prefix_override:/usr/lib/python3/dist-packages/colcon_core/task/python/colcon_distutils_commands:/home/yyh/ros2_ws/install/yyh_object/lib/python3.8/site-packages:${PYTHONPATH} /usr/bin/python3 -W ignore:setup.py install is deprecated setup.py egg_info --egg-base ../../build/yyh_object build --build-base /home/yyh/ros2_ws/build/yyh_object/build install --record /home/yyh/ros2_ws/build/yyh_object/install.log --single-version-externally-managed install_data
