[0.037s] Invoking command in '/home/yyh/ros2_ws/build/realsense2_camera_msgs': CMAKE_PREFIX_PATH=${CMAKE_PREFIX_PATH}:/home/yyh/ros2_ws/install/yyh_object:/home/yyh/ros2_ws/install/yyh_nav:/home/yyh/ros2_ws/install/yyh_launch:/home/yyh/ros2_ws/install/yolov5_ros2:/opt/ros/foxy /usr/bin/cmake --build /home/yyh/ros2_ws/build/realsense2_camera_msgs -- -j4 -l4
[0.779s] -- Found ament_cmake: 0.9.12 (/opt/ros/foxy/share/ament_cmake/cmake)
[0.779s] -- Using PYTHON_EXECUTABLE: /usr/bin/python3
[0.779s] -- Configuring incomplete, errors occurred!
[0.779s] See also "/home/yyh/ros2_ws/build/realsense2_camera_msgs/CMakeFiles/CMakeOutput.log".
[0.780s] CMake Error at CMakeLists.txt:17 (find_package):
[0.780s]   By not providing "Findrosidl_default_generators.cmake" in CMAKE_MODULE_PATH
[0.780s]   this project has asked CMake to find a package configuration file provided
[0.780s]   by "rosidl_default_generators", but CMake did not find one.
[0.780s] 
[0.780s]   Could not find a package configuration file provided by
[0.780s]   "rosidl_default_generators" with any of the following names:
[0.780s] 
[0.780s]     rosidl_default_generatorsConfig.cmake
[0.780s]     rosidl_default_generators-config.cmake
[0.781s] 
[0.781s]   Add the installation prefix of "rosidl_default_generators" to
[0.781s]   CMAKE_PREFIX_PATH or set "rosidl_default_generators_DIR" to a directory
[0.781s]   containing one of the above files.  If "rosidl_default_generators" provides
[0.781s]   a separate development package or SDK, be sure it has been installed.
[0.781s] 
[0.781s] 
[0.781s] make: *** [Makefile:1468: cmake_check_build_system] Error 1
[1.197s] Invoked command in '/home/yyh/ros2_ws/build/realsense2_camera_msgs' returned '2': CMAKE_PREFIX_PATH=${CMAKE_PREFIX_PATH}:/home/yyh/ros2_ws/install/yyh_object:/home/yyh/ros2_ws/install/yyh_nav:/home/yyh/ros2_ws/install/yyh_launch:/home/yyh/ros2_ws/install/yolov5_ros2:/opt/ros/foxy /usr/bin/cmake --build /home/yyh/ros2_ws/build/realsense2_camera_msgs -- -j4 -l4
