[4.735s] Invoking command in '/home/yyh/ros2_ws/src/yyh_nav': PYTHONPATH=/home/yyh/ros2_ws/build/yyh_nav/prefix_override:/usr/lib/python3/dist-packages/colcon_core/task/python/colcon_distutils_commands:/home/yyh/ros2_ws/install/yyh_nav/lib/python3.8/site-packages:${PYTHONPATH} /usr/bin/python3 -W ignore:setup.py install is deprecated setup.py egg_info --egg-base ../../build/yyh_nav build --build-base /home/yyh/ros2_ws/build/yyh_nav/build install --record /home/yyh/ros2_ws/build/yyh_nav/install.log --single-version-externally-managed install_data
[6.193s] running egg_info
[6.218s] writing ../../build/yyh_nav/yyh_nav.egg-info/PKG-INFO
[6.219s] writing dependency_links to ../../build/yyh_nav/yyh_nav.egg-info/dependency_links.txt
[6.220s] writing entry points to ../../build/yyh_nav/yyh_nav.egg-info/entry_points.txt
[6.220s] writing requirements to ../../build/yyh_nav/yyh_nav.egg-info/requires.txt
[6.220s] writing top-level names to ../../build/yyh_nav/yyh_nav.egg-info/top_level.txt
[16.678s] writing manifest file '../../build/yyh_nav/yyh_nav.egg-info/SOURCES.txt'
[16.681s] running build
[16.681s] running build_py
[16.686s] running install
[16.726s] running install_lib
[16.812s] running install_data
[16.813s] running install_egg_info
[16.845s] removing '/home/yyh/ros2_ws/install/yyh_nav/lib/python3.8/site-packages/yyh_nav-0.0.0-py3.8.egg-info' (and everything under it)
[16.870s] Copying ../../build/yyh_nav/yyh_nav.egg-info to /home/yyh/ros2_ws/install/yyh_nav/lib/python3.8/site-packages/yyh_nav-0.0.0-py3.8.egg-info
[16.871s] running install_scripts
[17.139s] Installing t265_pose_test script to /home/yyh/ros2_ws/install/yyh_nav/lib/yyh_nav
[17.140s] Installing tft265 script to /home/yyh/ros2_ws/install/yyh_nav/lib/yyh_nav
[17.142s] writing list of installed files to '/home/yyh/ros2_ws/build/yyh_nav/install.log'
[17.380s] Invoked command in '/home/yyh/ros2_ws/src/yyh_nav' returned '0': PYTHONPATH=/home/yyh/ros2_ws/build/yyh_nav/prefix_override:/usr/lib/python3/dist-packages/colcon_core/task/python/colcon_distutils_commands:/home/yyh/ros2_ws/install/yyh_nav/lib/python3.8/site-packages:${PYTHONPATH} /usr/bin/python3 -W ignore:setup.py install is deprecated setup.py egg_info --egg-base ../../build/yyh_nav build --build-base /home/yyh/ros2_ws/build/yyh_nav/build install --record /home/yyh/ros2_ws/build/yyh_nav/install.log --single-version-externally-managed install_data
