[0.024s] Invoking command in '/home/yyh/ros2_ws/build/realsense2_camera_msgs': CMAKE_PREFIX_PATH=${CMAKE_PREFIX_PATH}:/home/yyh/ros2_ws/install/yyh_object:/home/yyh/ros2_ws/install/yyh_nav:/home/yyh/ros2_ws/install/yyh_launch:/home/yyh/ros2_ws/install/yolov5_ros2:/opt/ros/foxy /usr/bin/cmake --build /home/yyh/ros2_ws/build/realsense2_camera_msgs -- -j4 -l4
[0.578s] -- Found ament_cmake: 0.9.12 (/opt/ros/foxy/share/ament_cmake/cmake)
[0.579s] -- Using PYTHON_EXECUTABLE: /usr/bin/python3
[0.579s] -- Found rosidl_default_generators: 1.0.1 (/opt/ros/foxy/share/rosidl_default_generators/cmake)
[0.579s] -- Using all available rosidl_typesupport_c: rosidl_typesupport_fastrtps_c;rosidl_typesupport_introspection_c
[0.579s] -- Found rosidl_adapter: 1.3.1 (/opt/ros/foxy/share/rosidl_adapter/cmake)
[0.579s] -- Using all available rosidl_typesupport_cpp: rosidl_typesupport_fastrtps_cpp;rosidl_typesupport_introspection_cpp
[0.579s] -- Found builtin_interfaces: 1.0.0 (/opt/ros/foxy/share/builtin_interfaces/cmake)
[0.591s] -- Found std_msgs: 2.0.5 (/opt/ros/foxy/share/std_msgs/cmake)
[0.652s] -- Found PythonInterp: /usr/bin/python3 (found version "3.8.10") 
[0.957s] CMake Error at /opt/ros/foxy/share/rosidl_generator_c/cmake/rosidl_generator_c_generate_interfaces.cmake:171 (find_package):
[0.957s]   By not providing "Findament_cmake_cppcheck.cmake" in CMAKE_MODULE_PATH this
[0.957s]   project has asked CMake to find a package configuration file provided by
[0.957s]   "ament_cmake_cppcheck", but CMake did not find one.
[0.958s] 
[0.958s]   Could not find a package configuration file provided by
[0.958s]   "ament_cmake_cppcheck" with any of the following names:
[0.958s] 
[0.958s]     ament_cmake_cppcheckConfig.cmake
[0.958s]     ament_cmake_cppcheck-config.cmake
[0.958s] 
[0.958s]   Add the installation prefix of "ament_cmake_cppcheck" to CMAKE_PREFIX_PATH
[0.958s]   or set "ament_cmake_cppcheck_DIR" to a directory containing one of the
[0.958s]   above files.  If "ament_cmake_cppcheck" provides a separate development
[0.958s]   package or SDK, be sure it has been installed.
[0.959s] Call Stack (most recent call first):
[0.959s]   /opt/ros/foxy/share/ament_cmake_core/cmake/core/ament_execute_extensions.cmake:48 (include)
[0.959s]   /opt/ros/foxy/share/rosidl_cmake/cmake/rosidl_generate_interfaces.cmake:286 (ament_execute_extensions)
[0.959s]   CMakeLists.txt:26 (rosidl_generate_interfaces)
[0.959s] 
[0.961s] 
[0.961s] -- Configuring incomplete, errors occurred!
[0.961s] See also "/home/yyh/ros2_ws/build/realsense2_camera_msgs/CMakeFiles/CMakeOutput.log".
[0.973s] make: *** [Makefile:1468: cmake_check_build_system] Error 1
[1.113s] Invoked command in '/home/yyh/ros2_ws/build/realsense2_camera_msgs' returned '2': CMAKE_PREFIX_PATH=${CMAKE_PREFIX_PATH}:/home/yyh/ros2_ws/install/yyh_object:/home/yyh/ros2_ws/install/yyh_nav:/home/yyh/ros2_ws/install/yyh_launch:/home/yyh/ros2_ws/install/yolov5_ros2:/opt/ros/foxy /usr/bin/cmake --build /home/yyh/ros2_ws/build/realsense2_camera_msgs -- -j4 -l4
