[1.705s] Invoking command in '/home/yyh/ros2_ws/build/yyh_nav': PYTHONPATH=/home/yyh/ros2_ws/build/yyh_nav/prefix_override:/usr/lib/python3/dist-packages/colcon_core/task/python/colcon_distutils_commands:/home/yyh/ros2_ws/install/yyh_nav/lib/python3.8/site-packages:${PYTHONPATH} /usr/bin/python3 -W ignore:setup.py install is deprecated setup.py develop --editable --build-directory /home/yyh/ros2_ws/build/yyh_nav/build --no-deps symlink_data
[2.281s] running develop
[2.281s] /home/yyh/.local/lib/python3.8/site-packages/setuptools/command/develop.py:41: EasyInstallDeprecationWarning: easy_install command is deprecated.
[2.282s] !!
[2.282s] 
[2.282s]         ********************************************************************************
[2.282s]         Please avoid running ``setup.py`` and ``easy_install``.
[2.282s]         Instead, use pypa/build, pypa/installer or other
[2.282s]         standards-based tools.
[2.282s] 
[2.282s]         See https://github.com/pypa/setuptools/issues/917 for details.
[2.282s]         ********************************************************************************
[2.282s] 
[2.282s] !!
[2.282s]   easy_install.initialize_options(self)
[2.592s] running egg_info
[2.615s] writing yyh_nav.egg-info/PKG-INFO
[2.616s] writing dependency_links to yyh_nav.egg-info/dependency_links.txt
[2.616s] writing entry points to yyh_nav.egg-info/entry_points.txt
[2.616s] writing requirements to yyh_nav.egg-info/requires.txt
[2.617s] writing top-level names to yyh_nav.egg-info/top_level.txt
[6.297s] writing manifest file 'yyh_nav.egg-info/SOURCES.txt'
[6.383s] running build_ext
[6.383s] Creating /home/yyh/ros2_ws/install/yyh_nav/lib/python3.8/site-packages/yyh-nav.egg-link (link to .)
[6.385s] Installing t265_pose_test script to /home/yyh/ros2_ws/install/yyh_nav/lib/yyh_nav
[6.385s] Installing tft265 script to /home/yyh/ros2_ws/install/yyh_nav/lib/yyh_nav
[6.386s] 
[6.386s] Installed /home/yyh/ros2_ws/build/yyh_nav
[6.386s] running symlink_data
[6.462s] Invoked command in '/home/yyh/ros2_ws/build/yyh_nav' returned '0': PYTHONPATH=/home/yyh/ros2_ws/build/yyh_nav/prefix_override:/usr/lib/python3/dist-packages/colcon_core/task/python/colcon_distutils_commands:/home/yyh/ros2_ws/install/yyh_nav/lib/python3.8/site-packages:${PYTHONPATH} /usr/bin/python3 -W ignore:setup.py install is deprecated setup.py develop --editable --build-directory /home/yyh/ros2_ws/build/yyh_nav/build --no-deps symlink_data
