[0.063s] Invoking command in '/home/yyh/ros2_ws/build/learning_interface': CMAKE_PREFIX_PATH=${CMAKE_PREFIX_PATH}:/home/yyh/ros2_ws/install/yyh_object:/home/yyh/ros2_ws/install/yyh_nav:/home/yyh/ros2_ws/install/yyh_launch:/home/yyh/ros2_ws/install/yolov5_ros2:/opt/ros/foxy /usr/bin/cmake --build /home/yyh/ros2_ws/build/learning_interface -- -j4 -l4
[1.050s] [ 11%] Built target learning_interface__rosidl_generator_c
[1.050s] [ 12%] Built target learning_interface__cpp
[1.050s] [ 23%] Built target learning_interface__rosidl_typesupport_introspection_c
[1.050s] [ 35%] Built target learning_interface__rosidl_typesupport_c
[1.050s] [ 46%] Built target learning_interface__rosidl_typesupport_cpp
[1.050s] [ 57%] Built target learning_interface__rosidl_typesupport_fastrtps_cpp
[1.050s] [ 69%] Built target learning_interface__rosidl_typesupport_introspection_cpp
[1.050s] [ 80%] Built target learning_interface__rosidl_typesupport_fastrtps_c
[1.051s] [ 80%] Built target learning_interface
[1.051s] [ 81%] Built target learning_interface__py
[1.051s] [ 91%] Built target learning_interface__python
[1.051s] [ 94%] Built target learning_interface__rosidl_typesupport_c__pyext
[1.051s] [ 97%] Built target learning_interface__rosidl_typesupport_introspection_c__pyext
[1.051s] [100%] Built target learning_interface__rosidl_typesupport_fastrtps_c__pyext
[1.771s] Invoked command in '/home/yyh/ros2_ws/build/learning_interface' returned '0': CMAKE_PREFIX_PATH=${CMAKE_PREFIX_PATH}:/home/yyh/ros2_ws/install/yyh_object:/home/yyh/ros2_ws/install/yyh_nav:/home/yyh/ros2_ws/install/yyh_launch:/home/yyh/ros2_ws/install/yolov5_ros2:/opt/ros/foxy /usr/bin/cmake --build /home/yyh/ros2_ws/build/learning_interface -- -j4 -l4
[2.599s] Invoking command in '/home/yyh/ros2_ws/build/learning_interface': CMAKE_PREFIX_PATH=${CMAKE_PREFIX_PATH}:/home/yyh/ros2_ws/install/yyh_object:/home/yyh/ros2_ws/install/yyh_nav:/home/yyh/ros2_ws/install/yyh_launch:/home/yyh/ros2_ws/install/yolov5_ros2:/opt/ros/foxy /usr/bin/cmake --install /home/yyh/ros2_ws/build/learning_interface
[2.628s] -- Install configuration: ""
[2.628s] -- Up-to-date: /home/yyh/ros2_ws/install/learning_interface/share/ament_index/resource_index/rosidl_interfaces/learning_interface
[2.628s] -- Up-to-date: /home/yyh/ros2_ws/install/learning_interface/include/learning_interface
[2.629s] -- Up-to-date: /home/yyh/ros2_ws/install/learning_interface/include/learning_interface/msg
[2.629s] -- Up-to-date: /home/yyh/ros2_ws/install/learning_interface/include/learning_interface/msg/object_position.h
[2.629s] -- Up-to-date: /home/yyh/ros2_ws/install/learning_interface/include/learning_interface/msg/rosidl_generator_c__visibility_control.h
[2.629s] -- Up-to-date: /home/yyh/ros2_ws/install/learning_interface/include/learning_interface/msg/detail
[2.629s] -- Up-to-date: /home/yyh/ros2_ws/install/learning_interface/include/learning_interface/msg/detail/my_state__type_support.h
[2.629s] -- Up-to-date: /home/yyh/ros2_ws/install/learning_interface/include/learning_interface/msg/detail/object_position__struct.h
[2.629s] -- Up-to-date: /home/yyh/ros2_ws/install/learning_interface/include/learning_interface/msg/detail/object_position__functions.c
[2.629s] -- Up-to-date: /home/yyh/ros2_ws/install/learning_interface/include/learning_interface/msg/detail/stm32__functions.c
[2.629s] -- Up-to-date: /home/yyh/ros2_ws/install/learning_interface/include/learning_interface/msg/detail/object_position__functions.h
[2.629s] -- Up-to-date: /home/yyh/ros2_ws/install/learning_interface/include/learning_interface/msg/detail/stm32__type_support.h
[2.629s] -- Up-to-date: /home/yyh/ros2_ws/install/learning_interface/include/learning_interface/msg/detail/object_position__type_support.h
[2.629s] -- Up-to-date: /home/yyh/ros2_ws/install/learning_interface/include/learning_interface/msg/detail/my_state__struct.h
[2.630s] -- Up-to-date: /home/yyh/ros2_ws/install/learning_interface/include/learning_interface/msg/detail/my_state__functions.c
[2.630s] -- Up-to-date: /home/yyh/ros2_ws/install/learning_interface/include/learning_interface/msg/detail/stm32__struct.h
[2.630s] -- Up-to-date: /home/yyh/ros2_ws/install/learning_interface/include/learning_interface/msg/detail/stm32__functions.h
[2.630s] -- Up-to-date: /home/yyh/ros2_ws/install/learning_interface/include/learning_interface/msg/detail/my_state__functions.h
[2.630s] -- Up-to-date: /home/yyh/ros2_ws/install/learning_interface/include/learning_interface/msg/stm32.h
[2.630s] -- Up-to-date: /home/yyh/ros2_ws/install/learning_interface/include/learning_interface/msg/my_state.h
[2.632s] -- Up-to-date: /home/yyh/ros2_ws/install/learning_interface/include/learning_interface/action
[2.633s] -- Up-to-date: /home/yyh/ros2_ws/install/learning_interface/include/learning_interface/action/detail
[2.634s] -- Up-to-date: /home/yyh/ros2_ws/install/learning_interface/include/learning_interface/action/detail/move_circle__type_support.h
[2.634s] -- Up-to-date: /home/yyh/ros2_ws/install/learning_interface/include/learning_interface/action/detail/move_circle__functions.c
[2.634s] -- Up-to-date: /home/yyh/ros2_ws/install/learning_interface/include/learning_interface/action/detail/move_circle__struct.h
[2.635s] -- Up-to-date: /home/yyh/ros2_ws/install/learning_interface/include/learning_interface/action/detail/move_circle__functions.h
[2.636s] -- Up-to-date: /home/yyh/ros2_ws/install/learning_interface/include/learning_interface/action/move_circle.h
[2.638s] -- Up-to-date: /home/yyh/ros2_ws/install/learning_interface/include/learning_interface/srv
[2.638s] -- Up-to-date: /home/yyh/ros2_ws/install/learning_interface/include/learning_interface/srv/add_two_ints.h
[2.638s] -- Up-to-date: /home/yyh/ros2_ws/install/learning_interface/include/learning_interface/srv/detail
[2.639s] -- Up-to-date: /home/yyh/ros2_ws/install/learning_interface/include/learning_interface/srv/detail/get_object_position__struct.h
[2.639s] -- Up-to-date: /home/yyh/ros2_ws/install/learning_interface/include/learning_interface/srv/detail/add_two_ints__functions.c
[2.639s] -- Up-to-date: /home/yyh/ros2_ws/install/learning_interface/include/learning_interface/srv/detail/add_two_ints__functions.h
[2.639s] -- Up-to-date: /home/yyh/ros2_ws/install/learning_interface/include/learning_interface/srv/detail/get_object_position__type_support.h
[2.639s] -- Up-to-date: /home/yyh/ros2_ws/install/learning_interface/include/learning_interface/srv/detail/add_two_ints__type_support.h
[2.639s] -- Up-to-date: /home/yyh/ros2_ws/install/learning_interface/include/learning_interface/srv/detail/get_object_position__functions.c
[2.639s] -- Up-to-date: /home/yyh/ros2_ws/install/learning_interface/include/learning_interface/srv/detail/get_object_position__functions.h
[2.639s] -- Up-to-date: /home/yyh/ros2_ws/install/learning_interface/include/learning_interface/srv/detail/add_two_ints__struct.h
[2.639s] -- Up-to-date: /home/yyh/ros2_ws/install/learning_interface/include/learning_interface/srv/get_object_position.h
[2.639s] -- Up-to-date: /home/yyh/ros2_ws/install/learning_interface/share/learning_interface/environment/library_path.sh
[2.639s] -- Up-to-date: /home/yyh/ros2_ws/install/learning_interface/share/learning_interface/environment/library_path.dsv
[2.640s] -- Up-to-date: /home/yyh/ros2_ws/install/learning_interface/lib/liblearning_interface__rosidl_generator_c.so
[2.640s] -- Up-to-date: /home/yyh/ros2_ws/install/learning_interface/include/learning_interface
[2.640s] -- Up-to-date: /home/yyh/ros2_ws/install/learning_interface/include/learning_interface/msg
[2.640s] -- Up-to-date: /home/yyh/ros2_ws/install/learning_interface/include/learning_interface/msg/rosidl_typesupport_fastrtps_c__visibility_control.h
[2.640s] -- Up-to-date: /home/yyh/ros2_ws/install/learning_interface/include/learning_interface/msg/detail
[2.640s] -- Up-to-date: /home/yyh/ros2_ws/install/learning_interface/include/learning_interface/msg/detail/my_state__rosidl_typesupport_fastrtps_c.h
[2.640s] -- Up-to-date: /home/yyh/ros2_ws/install/learning_interface/include/learning_interface/msg/detail/stm32__rosidl_typesupport_fastrtps_c.h
[2.640s] -- Up-to-date: /home/yyh/ros2_ws/install/learning_interface/include/learning_interface/msg/detail/object_position__rosidl_typesupport_fastrtps_c.h
[2.640s] -- Up-to-date: /home/yyh/ros2_ws/install/learning_interface/include/learning_interface/action
[2.640s] -- Up-to-date: /home/yyh/ros2_ws/install/learning_interface/include/learning_interface/action/detail
[2.640s] -- Up-to-date: /home/yyh/ros2_ws/install/learning_interface/include/learning_interface/action/detail/move_circle__rosidl_typesupport_fastrtps_c.h
[2.646s] -- Up-to-date: /home/yyh/ros2_ws/install/learning_interface/include/learning_interface/srv
[2.647s] -- Up-to-date: /home/yyh/ros2_ws/install/learning_interface/include/learning_interface/srv/detail
[2.647s] -- Up-to-date: /home/yyh/ros2_ws/install/learning_interface/include/learning_interface/srv/detail/add_two_ints__rosidl_typesupport_fastrtps_c.h
[2.647s] -- Up-to-date: /home/yyh/ros2_ws/install/learning_interface/include/learning_interface/srv/detail/get_object_position__rosidl_typesupport_fastrtps_c.h
[2.647s] -- Up-to-date: /home/yyh/ros2_ws/install/learning_interface/lib/liblearning_interface__rosidl_typesupport_fastrtps_c.so
[2.647s] -- Up-to-date: /home/yyh/ros2_ws/install/learning_interface/include/learning_interface
[2.647s] -- Up-to-date: /home/yyh/ros2_ws/install/learning_interface/include/learning_interface/msg
[2.662s] -- Up-to-date: /home/yyh/ros2_ws/install/learning_interface/include/learning_interface/msg/detail
[2.662s] -- Up-to-date: /home/yyh/ros2_ws/install/learning_interface/include/learning_interface/msg/detail/object_position__rosidl_typesupport_fastrtps_cpp.hpp
[2.662s] -- Up-to-date: /home/yyh/ros2_ws/install/learning_interface/include/learning_interface/msg/detail/my_state__rosidl_typesupport_fastrtps_cpp.hpp
[2.663s] -- Up-to-date: /home/yyh/ros2_ws/install/learning_interface/include/learning_interface/msg/detail/dds_fastrtps
[2.663s] -- Up-to-date: /home/yyh/ros2_ws/install/learning_interface/include/learning_interface/msg/detail/stm32__rosidl_typesupport_fastrtps_cpp.hpp
[2.663s] -- Up-to-date: /home/yyh/ros2_ws/install/learning_interface/include/learning_interface/msg/rosidl_typesupport_fastrtps_cpp__visibility_control.h
[2.663s] -- Up-to-date: /home/yyh/ros2_ws/install/learning_interface/include/learning_interface/action
[2.664s] -- Up-to-date: /home/yyh/ros2_ws/install/learning_interface/include/learning_interface/action/detail
[2.664s] -- Up-to-date: /home/yyh/ros2_ws/install/learning_interface/include/learning_interface/action/detail/move_circle__rosidl_typesupport_fastrtps_cpp.hpp
[2.664s] -- Up-to-date: /home/yyh/ros2_ws/install/learning_interface/include/learning_interface/action/detail/dds_fastrtps
[2.664s] -- Up-to-date: /home/yyh/ros2_ws/install/learning_interface/include/learning_interface/srv
[2.665s] -- Up-to-date: /home/yyh/ros2_ws/install/learning_interface/include/learning_interface/srv/detail
[2.665s] -- Up-to-date: /home/yyh/ros2_ws/install/learning_interface/include/learning_interface/srv/detail/get_object_position__rosidl_typesupport_fastrtps_cpp.hpp
[2.665s] -- Up-to-date: /home/yyh/ros2_ws/install/learning_interface/include/learning_interface/srv/detail/dds_fastrtps
[2.665s] -- Up-to-date: /home/yyh/ros2_ws/install/learning_interface/include/learning_interface/srv/detail/add_two_ints__rosidl_typesupport_fastrtps_cpp.hpp
[2.665s] -- Up-to-date: /home/yyh/ros2_ws/install/learning_interface/lib/liblearning_interface__rosidl_typesupport_fastrtps_cpp.so
[2.666s] -- Up-to-date: /home/yyh/ros2_ws/install/learning_interface/include/learning_interface
[2.666s] -- Up-to-date: /home/yyh/ros2_ws/install/learning_interface/include/learning_interface/msg
[2.666s] -- Up-to-date: /home/yyh/ros2_ws/install/learning_interface/include/learning_interface/msg/rosidl_typesupport_introspection_c__visibility_control.h
[2.666s] -- Up-to-date: /home/yyh/ros2_ws/install/learning_interface/include/learning_interface/msg/detail
[2.666s] -- Up-to-date: /home/yyh/ros2_ws/install/learning_interface/include/learning_interface/msg/detail/object_position__rosidl_typesupport_introspection_c.h
[2.666s] -- Up-to-date: /home/yyh/ros2_ws/install/learning_interface/include/learning_interface/msg/detail/my_state__rosidl_typesupport_introspection_c.h
[2.666s] -- Up-to-date: /home/yyh/ros2_ws/install/learning_interface/include/learning_interface/msg/detail/stm32__type_support.c
[2.666s] -- Up-to-date: /home/yyh/ros2_ws/install/learning_interface/include/learning_interface/msg/detail/object_position__type_support.c
[2.666s] -- Up-to-date: /home/yyh/ros2_ws/install/learning_interface/include/learning_interface/msg/detail/stm32__rosidl_typesupport_introspection_c.h
[2.666s] -- Up-to-date: /home/yyh/ros2_ws/install/learning_interface/include/learning_interface/msg/detail/my_state__type_support.c
[2.666s] -- Up-to-date: /home/yyh/ros2_ws/install/learning_interface/include/learning_interface/action
[2.667s] -- Up-to-date: /home/yyh/ros2_ws/install/learning_interface/include/learning_interface/action/detail
[2.667s] -- Up-to-date: /home/yyh/ros2_ws/install/learning_interface/include/learning_interface/action/detail/move_circle__type_support.c
[2.667s] -- Up-to-date: /home/yyh/ros2_ws/install/learning_interface/include/learning_interface/action/detail/move_circle__rosidl_typesupport_introspection_c.h
[2.667s] -- Up-to-date: /home/yyh/ros2_ws/install/learning_interface/include/learning_interface/srv
[2.667s] -- Up-to-date: /home/yyh/ros2_ws/install/learning_interface/include/learning_interface/srv/detail
[2.667s] -- Up-to-date: /home/yyh/ros2_ws/install/learning_interface/include/learning_interface/srv/detail/add_two_ints__rosidl_typesupport_introspection_c.h
[2.667s] -- Up-to-date: /home/yyh/ros2_ws/install/learning_interface/include/learning_interface/srv/detail/add_two_ints__type_support.c
[2.667s] -- Up-to-date: /home/yyh/ros2_ws/install/learning_interface/include/learning_interface/srv/detail/get_object_position__rosidl_typesupport_introspection_c.h
[2.667s] -- Up-to-date: /home/yyh/ros2_ws/install/learning_interface/include/learning_interface/srv/detail/get_object_position__type_support.c
[2.671s] -- Up-to-date: /home/yyh/ros2_ws/install/learning_interface/lib/liblearning_interface__rosidl_typesupport_introspection_c.so
[2.672s] -- Up-to-date: /home/yyh/ros2_ws/install/learning_interface/lib/liblearning_interface__rosidl_typesupport_c.so
[2.672s] -- Up-to-date: /home/yyh/ros2_ws/install/learning_interface/include/learning_interface
[2.672s] -- Up-to-date: /home/yyh/ros2_ws/install/learning_interface/include/learning_interface/msg
[2.672s] -- Up-to-date: /home/yyh/ros2_ws/install/learning_interface/include/learning_interface/msg/detail
[2.672s] -- Up-to-date: /home/yyh/ros2_ws/install/learning_interface/include/learning_interface/msg/detail/object_position__traits.hpp
[2.672s] -- Up-to-date: /home/yyh/ros2_ws/install/learning_interface/include/learning_interface/msg/detail/stm32__type_support.hpp
[2.672s] -- Up-to-date: /home/yyh/ros2_ws/install/learning_interface/include/learning_interface/msg/detail/stm32__struct.hpp
[2.672s] -- Up-to-date: /home/yyh/ros2_ws/install/learning_interface/include/learning_interface/msg/detail/object_position__builder.hpp
[2.672s] -- Up-to-date: /home/yyh/ros2_ws/install/learning_interface/include/learning_interface/msg/detail/my_state__builder.hpp
[2.673s] -- Up-to-date: /home/yyh/ros2_ws/install/learning_interface/include/learning_interface/msg/detail/object_position__struct.hpp
[2.673s] -- Up-to-date: /home/yyh/ros2_ws/install/learning_interface/include/learning_interface/msg/detail/object_position__type_support.hpp
[2.673s] -- Up-to-date: /home/yyh/ros2_ws/install/learning_interface/include/learning_interface/msg/detail/my_state__traits.hpp
[2.673s] -- Up-to-date: /home/yyh/ros2_ws/install/learning_interface/include/learning_interface/msg/detail/stm32__builder.hpp
[2.673s] -- Up-to-date: /home/yyh/ros2_ws/install/learning_interface/include/learning_interface/msg/detail/stm32__traits.hpp
[2.673s] -- Up-to-date: /home/yyh/ros2_ws/install/learning_interface/include/learning_interface/msg/detail/my_state__type_support.hpp
[2.674s] -- Up-to-date: /home/yyh/ros2_ws/install/learning_interface/include/learning_interface/msg/detail/my_state__struct.hpp
[2.674s] -- Up-to-date: /home/yyh/ros2_ws/install/learning_interface/include/learning_interface/msg/rosidl_generator_cpp__visibility_control.hpp
[2.674s] -- Up-to-date: /home/yyh/ros2_ws/install/learning_interface/include/learning_interface/msg/object_position.hpp
[2.674s] -- Up-to-date: /home/yyh/ros2_ws/install/learning_interface/include/learning_interface/msg/stm32.hpp
[2.674s] -- Up-to-date: /home/yyh/ros2_ws/install/learning_interface/include/learning_interface/msg/my_state.hpp
[2.674s] -- Up-to-date: /home/yyh/ros2_ws/install/learning_interface/include/learning_interface/action
[2.674s] -- Up-to-date: /home/yyh/ros2_ws/install/learning_interface/include/learning_interface/action/detail
[2.684s] -- Up-to-date: /home/yyh/ros2_ws/install/learning_interface/include/learning_interface/action/detail/move_circle__struct.hpp
[2.684s] -- Up-to-date: /home/yyh/ros2_ws/install/learning_interface/include/learning_interface/action/detail/move_circle__builder.hpp
[2.685s] -- Up-to-date: /home/yyh/ros2_ws/install/learning_interface/include/learning_interface/action/detail/move_circle__type_support.hpp
[2.686s] -- Up-to-date: /home/yyh/ros2_ws/install/learning_interface/include/learning_interface/action/detail/move_circle__traits.hpp
[2.686s] -- Up-to-date: /home/yyh/ros2_ws/install/learning_interface/include/learning_interface/action/move_circle.hpp
[2.686s] -- Up-to-date: /home/yyh/ros2_ws/install/learning_interface/include/learning_interface/srv
[2.686s] -- Up-to-date: /home/yyh/ros2_ws/install/learning_interface/include/learning_interface/srv/get_object_position.hpp
[2.691s] -- Up-to-date: /home/yyh/ros2_ws/install/learning_interface/include/learning_interface/srv/detail
[2.691s] -- Up-to-date: /home/yyh/ros2_ws/install/learning_interface/include/learning_interface/srv/detail/add_two_ints__traits.hpp
[2.691s] -- Up-to-date: /home/yyh/ros2_ws/install/learning_interface/include/learning_interface/srv/detail/get_object_position__builder.hpp
[2.691s] -- Up-to-date: /home/yyh/ros2_ws/install/learning_interface/include/learning_interface/srv/detail/add_two_ints__struct.hpp
[2.702s] -- Up-to-date: /home/yyh/ros2_ws/install/learning_interface/include/learning_interface/srv/detail/add_two_ints__type_support.hpp
[2.704s] -- Up-to-date: /home/yyh/ros2_ws/install/learning_interface/include/learning_interface/srv/detail/get_object_position__traits.hpp
[2.705s] -- Up-to-date: /home/yyh/ros2_ws/install/learning_interface/include/learning_interface/srv/detail/get_object_position__struct.hpp
[2.705s] -- Up-to-date: /home/yyh/ros2_ws/install/learning_interface/include/learning_interface/srv/detail/add_two_ints__builder.hpp
[2.705s] -- Up-to-date: /home/yyh/ros2_ws/install/learning_interface/include/learning_interface/srv/detail/get_object_position__type_support.hpp
[2.706s] -- Up-to-date: /home/yyh/ros2_ws/install/learning_interface/include/learning_interface/srv/add_two_ints.hpp
[2.706s] -- Up-to-date: /home/yyh/ros2_ws/install/learning_interface/include/learning_interface
[2.706s] -- Up-to-date: /home/yyh/ros2_ws/install/learning_interface/include/learning_interface/msg
[2.706s] -- Up-to-date: /home/yyh/ros2_ws/install/learning_interface/include/learning_interface/msg/detail
[2.706s] -- Up-to-date: /home/yyh/ros2_ws/install/learning_interface/include/learning_interface/msg/detail/my_state__type_support.cpp
[2.706s] -- Up-to-date: /home/yyh/ros2_ws/install/learning_interface/include/learning_interface/msg/detail/object_position__type_support.cpp
[2.706s] -- Up-to-date: /home/yyh/ros2_ws/install/learning_interface/include/learning_interface/msg/detail/object_position__rosidl_typesupport_introspection_cpp.hpp
[2.706s] -- Up-to-date: /home/yyh/ros2_ws/install/learning_interface/include/learning_interface/msg/detail/stm32__rosidl_typesupport_introspection_cpp.hpp
[2.706s] -- Up-to-date: /home/yyh/ros2_ws/install/learning_interface/include/learning_interface/msg/detail/my_state__rosidl_typesupport_introspection_cpp.hpp
[2.706s] -- Up-to-date: /home/yyh/ros2_ws/install/learning_interface/include/learning_interface/msg/detail/stm32__type_support.cpp
[2.706s] -- Up-to-date: /home/yyh/ros2_ws/install/learning_interface/include/learning_interface/action
[2.707s] -- Up-to-date: /home/yyh/ros2_ws/install/learning_interface/include/learning_interface/action/detail
[2.707s] -- Up-to-date: /home/yyh/ros2_ws/install/learning_interface/include/learning_interface/action/detail/move_circle__type_support.cpp
[2.707s] -- Up-to-date: /home/yyh/ros2_ws/install/learning_interface/include/learning_interface/action/detail/move_circle__rosidl_typesupport_introspection_cpp.hpp
[2.707s] -- Up-to-date: /home/yyh/ros2_ws/install/learning_interface/include/learning_interface/srv
[2.716s] -- Up-to-date: /home/yyh/ros2_ws/install/learning_interface/include/learning_interface/srv/detail
[2.716s] -- Up-to-date: /home/yyh/ros2_ws/install/learning_interface/include/learning_interface/srv/detail/get_object_position__type_support.cpp
[2.716s] -- Up-to-date: /home/yyh/ros2_ws/install/learning_interface/include/learning_interface/srv/detail/get_object_position__rosidl_typesupport_introspection_cpp.hpp
[2.717s] -- Up-to-date: /home/yyh/ros2_ws/install/learning_interface/include/learning_interface/srv/detail/add_two_ints__rosidl_typesupport_introspection_cpp.hpp
[2.717s] -- Up-to-date: /home/yyh/ros2_ws/install/learning_interface/include/learning_interface/srv/detail/add_two_ints__type_support.cpp
[2.717s] -- Up-to-date: /home/yyh/ros2_ws/install/learning_interface/lib/liblearning_interface__rosidl_typesupport_introspection_cpp.so
[2.718s] -- Up-to-date: /home/yyh/ros2_ws/install/learning_interface/lib/liblearning_interface__rosidl_typesupport_cpp.so
[2.718s] -- Up-to-date: /home/yyh/ros2_ws/install/learning_interface/share/learning_interface/environment/pythonpath.sh
[2.719s] -- Up-to-date: /home/yyh/ros2_ws/install/learning_interface/share/learning_interface/environment/pythonpath.dsv
[2.719s] -- Up-to-date: /home/yyh/ros2_ws/install/learning_interface/lib/python3.8/site-packages/learning_interface/__init__.py
[2.748s] -- Up-to-date: /home/yyh/ros2_ws/install/learning_interface/lib/python3.8/site-packages/learning_interface/msg
[2.749s] -- Up-to-date: /home/yyh/ros2_ws/install/learning_interface/lib/python3.8/site-packages/learning_interface/msg/__init__.py
[2.749s] -- Up-to-date: /home/yyh/ros2_ws/install/learning_interface/lib/python3.8/site-packages/learning_interface/msg/_my_state_s.c
[2.749s] -- Up-to-date: /home/yyh/ros2_ws/install/learning_interface/lib/python3.8/site-packages/learning_interface/msg/_object_position_s.c
[2.749s] -- Up-to-date: /home/yyh/ros2_ws/install/learning_interface/lib/python3.8/site-packages/learning_interface/msg/_my_state.py
[2.749s] -- Up-to-date: /home/yyh/ros2_ws/install/learning_interface/lib/python3.8/site-packages/learning_interface/msg/_object_position.py
[2.749s] -- Up-to-date: /home/yyh/ros2_ws/install/learning_interface/lib/python3.8/site-packages/learning_interface/msg/_stm32.py
[2.749s] -- Up-to-date: /home/yyh/ros2_ws/install/learning_interface/lib/python3.8/site-packages/learning_interface/msg/_stm32_s.c
[2.749s] -- Up-to-date: /home/yyh/ros2_ws/install/learning_interface/lib/python3.8/site-packages/learning_interface/srv
[2.749s] -- Up-to-date: /home/yyh/ros2_ws/install/learning_interface/lib/python3.8/site-packages/learning_interface/srv/_get_object_position_s.c
[2.749s] -- Up-to-date: /home/yyh/ros2_ws/install/learning_interface/lib/python3.8/site-packages/learning_interface/srv/__init__.py
[2.749s] -- Up-to-date: /home/yyh/ros2_ws/install/learning_interface/lib/python3.8/site-packages/learning_interface/srv/_add_two_ints.py
[2.750s] -- Up-to-date: /home/yyh/ros2_ws/install/learning_interface/lib/python3.8/site-packages/learning_interface/srv/_get_object_position.py
[2.750s] -- Up-to-date: /home/yyh/ros2_ws/install/learning_interface/lib/python3.8/site-packages/learning_interface/srv/_add_two_ints_s.c
[2.750s] -- Up-to-date: /home/yyh/ros2_ws/install/learning_interface/lib/python3.8/site-packages/learning_interface/action
[2.750s] -- Up-to-date: /home/yyh/ros2_ws/install/learning_interface/lib/python3.8/site-packages/learning_interface/action/__init__.py
[2.750s] -- Up-to-date: /home/yyh/ros2_ws/install/learning_interface/lib/python3.8/site-packages/learning_interface/action/_move_circle.py
[2.750s] -- Up-to-date: /home/yyh/ros2_ws/install/learning_interface/lib/python3.8/site-packages/learning_interface/action/_move_circle_s.c
[2.750s] -- Up-to-date: /home/yyh/ros2_ws/install/learning_interface/lib/python3.8/site-packages/learning_interface/learning_interface_s__rosidl_typesupport_fastrtps_c.cpython-38-x86_64-linux-gnu.so
[2.750s] -- Up-to-date: /home/yyh/ros2_ws/install/learning_interface/lib/python3.8/site-packages/learning_interface/learning_interface_s__rosidl_typesupport_introspection_c.cpython-38-x86_64-linux-gnu.so
[2.751s] -- Up-to-date: /home/yyh/ros2_ws/install/learning_interface/lib/python3.8/site-packages/learning_interface/learning_interface_s__rosidl_typesupport_c.cpython-38-x86_64-linux-gnu.so
[2.752s] -- Up-to-date: /home/yyh/ros2_ws/install/learning_interface/lib/liblearning_interface__python.so
[2.752s] -- Up-to-date: /home/yyh/ros2_ws/install/learning_interface/share/learning_interface/msg/ObjectPosition.idl
[2.753s] -- Up-to-date: /home/yyh/ros2_ws/install/learning_interface/share/learning_interface/msg/MyState.idl
[2.754s] -- Up-to-date: /home/yyh/ros2_ws/install/learning_interface/share/learning_interface/msg/STM32.idl
[2.756s] -- Up-to-date: /home/yyh/ros2_ws/install/learning_interface/share/learning_interface/srv/AddTwoInts.idl
[2.757s] -- Up-to-date: /home/yyh/ros2_ws/install/learning_interface/share/learning_interface/srv/GetObjectPosition.idl
[2.757s] -- Up-to-date: /home/yyh/ros2_ws/install/learning_interface/share/learning_interface/action/MoveCircle.idl
[2.757s] -- Up-to-date: /home/yyh/ros2_ws/install/learning_interface/share/learning_interface/msg/ObjectPosition.msg
[2.757s] -- Up-to-date: /home/yyh/ros2_ws/install/learning_interface/share/learning_interface/msg/MyState.msg
[2.757s] -- Up-to-date: /home/yyh/ros2_ws/install/learning_interface/share/learning_interface/msg/STM32.msg
[2.757s] -- Up-to-date: /home/yyh/ros2_ws/install/learning_interface/share/learning_interface/srv/AddTwoInts.srv
[2.757s] -- Up-to-date: /home/yyh/ros2_ws/install/learning_interface/share/learning_interface/srv/AddTwoInts_Request.msg
[2.757s] -- Up-to-date: /home/yyh/ros2_ws/install/learning_interface/share/learning_interface/srv/AddTwoInts_Response.msg
[2.758s] -- Up-to-date: /home/yyh/ros2_ws/install/learning_interface/share/learning_interface/srv/GetObjectPosition.srv
[2.758s] -- Up-to-date: /home/yyh/ros2_ws/install/learning_interface/share/learning_interface/srv/GetObjectPosition_Request.msg
[2.758s] -- Up-to-date: /home/yyh/ros2_ws/install/learning_interface/share/learning_interface/srv/GetObjectPosition_Response.msg
[2.759s] -- Up-to-date: /home/yyh/ros2_ws/install/learning_interface/share/learning_interface/action/MoveCircle.action
[2.759s] -- Up-to-date: /home/yyh/ros2_ws/install/learning_interface/share/ament_index/resource_index/package_run_dependencies/learning_interface
[2.759s] -- Up-to-date: /home/yyh/ros2_ws/install/learning_interface/share/ament_index/resource_index/parent_prefix_path/learning_interface
[2.759s] -- Up-to-date: /home/yyh/ros2_ws/install/learning_interface/share/learning_interface/environment/ament_prefix_path.sh
[2.759s] -- Up-to-date: /home/yyh/ros2_ws/install/learning_interface/share/learning_interface/environment/ament_prefix_path.dsv
[2.759s] -- Up-to-date: /home/yyh/ros2_ws/install/learning_interface/share/learning_interface/environment/path.sh
[2.759s] -- Up-to-date: /home/yyh/ros2_ws/install/learning_interface/share/learning_interface/environment/path.dsv
[2.759s] -- Up-to-date: /home/yyh/ros2_ws/install/learning_interface/share/learning_interface/local_setup.bash
[2.759s] -- Up-to-date: /home/yyh/ros2_ws/install/learning_interface/share/learning_interface/local_setup.sh
[2.759s] -- Up-to-date: /home/yyh/ros2_ws/install/learning_interface/share/learning_interface/local_setup.zsh
[2.760s] -- Up-to-date: /home/yyh/ros2_ws/install/learning_interface/share/learning_interface/local_setup.dsv
[2.760s] -- Installing: /home/yyh/ros2_ws/install/learning_interface/share/learning_interface/package.dsv
[2.760s] -- Up-to-date: /home/yyh/ros2_ws/install/learning_interface/share/ament_index/resource_index/packages/learning_interface
[2.760s] -- Up-to-date: /home/yyh/ros2_ws/install/learning_interface/share/learning_interface/cmake/learning_interface__rosidl_generator_cExport.cmake
[2.760s] -- Up-to-date: /home/yyh/ros2_ws/install/learning_interface/share/learning_interface/cmake/learning_interface__rosidl_generator_cExport-noconfig.cmake
[2.760s] -- Up-to-date: /home/yyh/ros2_ws/install/learning_interface/share/learning_interface/cmake/learning_interface__rosidl_typesupport_introspection_cExport.cmake
[2.760s] -- Up-to-date: /home/yyh/ros2_ws/install/learning_interface/share/learning_interface/cmake/learning_interface__rosidl_typesupport_introspection_cExport-noconfig.cmake
[2.760s] -- Up-to-date: /home/yyh/ros2_ws/install/learning_interface/share/learning_interface/cmake/learning_interface__rosidl_typesupport_cExport.cmake
[2.760s] -- Up-to-date: /home/yyh/ros2_ws/install/learning_interface/share/learning_interface/cmake/learning_interface__rosidl_typesupport_cExport-noconfig.cmake
[2.760s] -- Up-to-date: /home/yyh/ros2_ws/install/learning_interface/share/learning_interface/cmake/learning_interface__rosidl_generator_cppExport.cmake
[2.761s] -- Up-to-date: /home/yyh/ros2_ws/install/learning_interface/share/learning_interface/cmake/learning_interface__rosidl_typesupport_introspection_cppExport.cmake
[2.761s] -- Up-to-date: /home/yyh/ros2_ws/install/learning_interface/share/learning_interface/cmake/learning_interface__rosidl_typesupport_introspection_cppExport-noconfig.cmake
[2.761s] -- Up-to-date: /home/yyh/ros2_ws/install/learning_interface/share/learning_interface/cmake/learning_interface__rosidl_typesupport_cppExport.cmake
[2.761s] -- Up-to-date: /home/yyh/ros2_ws/install/learning_interface/share/learning_interface/cmake/learning_interface__rosidl_typesupport_cppExport-noconfig.cmake
[2.761s] -- Up-to-date: /home/yyh/ros2_ws/install/learning_interface/share/learning_interface/cmake/rosidl_cmake-extras.cmake
[2.761s] -- Up-to-date: /home/yyh/ros2_ws/install/learning_interface/share/learning_interface/cmake/ament_cmake_export_dependencies-extras.cmake
[2.762s] -- Up-to-date: /home/yyh/ros2_ws/install/learning_interface/share/learning_interface/cmake/ament_cmake_export_libraries-extras.cmake
[2.762s] -- Up-to-date: /home/yyh/ros2_ws/install/learning_interface/share/learning_interface/cmake/ament_cmake_export_targets-extras.cmake
[2.762s] -- Up-to-date: /home/yyh/ros2_ws/install/learning_interface/share/learning_interface/cmake/ament_cmake_export_include_directories-extras.cmake
[2.762s] -- Up-to-date: /home/yyh/ros2_ws/install/learning_interface/share/learning_interface/cmake/rosidl_cmake_export_typesupport_libraries-extras.cmake
[2.762s] -- Up-to-date: /home/yyh/ros2_ws/install/learning_interface/share/learning_interface/cmake/rosidl_cmake_export_typesupport_targets-extras.cmake
[2.762s] -- Up-to-date: /home/yyh/ros2_ws/install/learning_interface/share/learning_interface/cmake/learning_interfaceConfig.cmake
[2.763s] -- Up-to-date: /home/yyh/ros2_ws/install/learning_interface/share/learning_interface/cmake/learning_interfaceConfig-version.cmake
[2.763s] -- Up-to-date: /home/yyh/ros2_ws/install/learning_interface/share/learning_interface/package.xml
[2.788s] Invoked command in '/home/yyh/ros2_ws/build/learning_interface' returned '0': CMAKE_PREFIX_PATH=${CMAKE_PREFIX_PATH}:/home/yyh/ros2_ws/install/yyh_object:/home/yyh/ros2_ws/install/yyh_nav:/home/yyh/ros2_ws/install/yyh_launch:/home/yyh/ros2_ws/install/yolov5_ros2:/opt/ros/foxy /usr/bin/cmake --install /home/yyh/ros2_ws/build/learning_interface
