[0.031s] Invoking command in '/home/yyh/ros2_ws/build/learning_interface': CMAKE_PREFIX_PATH=${CMAKE_PREFIX_PATH}:/home/yyh/ros2_ws/install/yyh_object:/home/yyh/ros2_ws/install/yyh_nav:/home/yyh/ros2_ws/install/yyh_launch:/home/yyh/ros2_ws/install/yolov5_ros2:/opt/ros/foxy /home/yyh/.local/bin/cmake --build /home/yyh/ros2_ws/build/learning_interface -- -j4 -l4
[0.415s] -- Found ament_cmake: 0.9.12 (/opt/ros/foxy/share/ament_cmake/cmake)
[0.416s] -- Found PythonInterp: /usr/bin/python3 (found suitable version "3.8.10", minimum required is "3") 
[0.416s] -- Using PYTHON_EXECUTABLE: /usr/bin/python3
[0.476s] -- Override CMake install command with custom implementation using symlinks instead of copying resources
[0.491s] -- Found rosidl_default_generators: 1.0.1 (/opt/ros/foxy/share/rosidl_default_generators/cmake)
[0.495s] -- Using all available rosidl_typesupport_c: rosidl_typesupport_fastrtps_c;rosidl_typesupport_introspection_c
[0.498s] -- Found rosidl_adapter: 1.3.1 (/opt/ros/foxy/share/rosidl_adapter/cmake)
[0.637s] -- Using all available rosidl_typesupport_cpp: rosidl_typesupport_fastrtps_cpp;rosidl_typesupport_introspection_cpp
[0.682s] -- Found PythonInterp: /usr/bin/python3 (found version "3.8.10") 
[0.990s] -- Found ament_cmake_ros: 0.9.2 (/opt/ros/foxy/share/ament_cmake_ros/cmake)
[1.158s] -- Using all available rosidl_typesupport_c: rosidl_typesupport_fastrtps_c;rosidl_typesupport_introspection_c
[1.193s] -- Using all available rosidl_typesupport_cpp: rosidl_typesupport_fastrtps_cpp;rosidl_typesupport_introspection_cpp
[1.224s] -- Found PythonInterp: /usr/bin/python3 (found suitable version "3.8.10", minimum required is "3.5") 
[1.224s] -- Found python_cmake_module: 0.8.1 (/opt/ros/foxy/share/python_cmake_module/cmake)
[1.258s] -- Using PYTHON_EXECUTABLE: /usr/bin/python3
[1.258s] -- Using PYTHON_INCLUDE_DIRS: /usr/include/python3.8
[1.258s] -- Using PYTHON_LIBRARIES: /usr/lib/x86_64-linux-gnu/libpython3.8.so
[1.298s] -- Found ament_lint_auto: 0.9.8 (/opt/ros/foxy/share/ament_lint_auto/cmake)
[1.319s] -- Added test 'copyright' to check source files copyright and LICENSE
[1.321s] -- Added test 'lint_cmake' to check CMake code style
[1.323s] -- Added test 'xmllint' to check XML markup files
[1.332s] -- Configuring done
[1.426s] -- Generating done
[1.429s] -- Build files have been written to: /home/yyh/ros2_ws/build/learning_interface
[1.482s] [  1%] [34m[1mGenerating C code for ROS interfaces[0m
[1.498s] [  2%] [34m[1mGenerating C++ code for ROS interfaces[0m
[2.976s] [  2%] Built target learning_interface__cpp
[3.011s] [  4%] [34m[1mGenerating C++ type support dispatch for ROS interfaces[0m
[3.013s] [  5%] [34m[1mGenerating C++ introspection for ROS interfaces[0m
[3.014s] [  7%] [34m[1mGenerating C++ type support for eProsima Fast-RTPS[0m
[3.047s] [35m[1mScanning dependencies of target learning_interface__rosidl_generator_c[0m
[3.124s] [  8%] [32mBuilding C object CMakeFiles/learning_interface__rosidl_generator_c.dir/rosidl_generator_c/learning_interface/msg/detail/object_position__functions.c.o[0m
[3.328s] [  9%] [32mBuilding C object CMakeFiles/learning_interface__rosidl_generator_c.dir/rosidl_generator_c/learning_interface/msg/detail/my_state__functions.c.o[0m
[3.475s] [ 11%] [32mBuilding C object CMakeFiles/learning_interface__rosidl_generator_c.dir/rosidl_generator_c/learning_interface/msg/detail/stm32__functions.c.o[0m
[3.522s] [ 12%] [32mBuilding C object CMakeFiles/learning_interface__rosidl_generator_c.dir/rosidl_generator_c/learning_interface/srv/detail/add_two_ints__functions.c.o[0m
[3.702s] [ 14%] [32mBuilding C object CMakeFiles/learning_interface__rosidl_generator_c.dir/rosidl_generator_c/learning_interface/srv/detail/get_object_position__functions.c.o[0m
[3.928s] [ 15%] [32mBuilding C object CMakeFiles/learning_interface__rosidl_generator_c.dir/rosidl_generator_c/learning_interface/action/detail/move_circle__functions.c.o[0m
[4.164s] [35m[1mScanning dependencies of target learning_interface__rosidl_typesupport_cpp[0m
[4.220s] [ 16%] [32m[1mLinking C shared library liblearning_interface__rosidl_generator_c.so[0m
[4.252s] [ 18%] [32mBuilding CXX object CMakeFiles/learning_interface__rosidl_typesupport_cpp.dir/rosidl_typesupport_cpp/learning_interface/msg/object_position__type_support.cpp.o[0m
[4.361s] [ 18%] Built target learning_interface__rosidl_generator_c
[4.412s] [ 19%] [34m[1mGenerating C introspection for ROS interfaces[0m
[4.717s] [35m[1mScanning dependencies of target learning_interface__rosidl_typesupport_introspection_cpp[0m
[4.761s] [ 21%] [32mBuilding CXX object CMakeFiles/learning_interface__rosidl_typesupport_introspection_cpp.dir/rosidl_typesupport_introspection_cpp/learning_interface/msg/detail/object_position__type_support.cpp.o[0m
[4.997s] [35m[1mScanning dependencies of target learning_interface__rosidl_typesupport_fastrtps_cpp[0m
[5.027s] [ 22%] [32mBuilding CXX object CMakeFiles/learning_interface__rosidl_typesupport_cpp.dir/rosidl_typesupport_cpp/learning_interface/msg/my_state__type_support.cpp.o[0m
[5.059s] [ 23%] [32mBuilding CXX object CMakeFiles/learning_interface__rosidl_typesupport_fastrtps_cpp.dir/rosidl_typesupport_fastrtps_cpp/learning_interface/msg/detail/dds_fastrtps/object_position__type_support.cpp.o[0m
[5.288s] [ 25%] [32mBuilding CXX object CMakeFiles/learning_interface__rosidl_typesupport_introspection_cpp.dir/rosidl_typesupport_introspection_cpp/learning_interface/msg/detail/my_state__type_support.cpp.o[0m
[5.574s] [ 26%] [32mBuilding CXX object CMakeFiles/learning_interface__rosidl_typesupport_cpp.dir/rosidl_typesupport_cpp/learning_interface/msg/stm32__type_support.cpp.o[0m
[5.741s] [35m[1mScanning dependencies of target learning_interface__rosidl_typesupport_introspection_c[0m
[5.781s] [ 28%] [32mBuilding C object CMakeFiles/learning_interface__rosidl_typesupport_introspection_c.dir/rosidl_typesupport_introspection_c/learning_interface/msg/detail/object_position__type_support.c.o[0m
[5.801s] [ 29%] [32mBuilding CXX object CMakeFiles/learning_interface__rosidl_typesupport_introspection_cpp.dir/rosidl_typesupport_introspection_cpp/learning_interface/msg/detail/stm32__type_support.cpp.o[0m
[5.853s] [ 30%] [32mBuilding C object CMakeFiles/learning_interface__rosidl_typesupport_introspection_c.dir/rosidl_typesupport_introspection_c/learning_interface/msg/detail/my_state__type_support.c.o[0m
[5.888s] [ 32%] [32mBuilding CXX object CMakeFiles/learning_interface__rosidl_typesupport_fastrtps_cpp.dir/rosidl_typesupport_fastrtps_cpp/learning_interface/msg/detail/dds_fastrtps/my_state__type_support.cpp.o[0m
[5.962s] [ 33%] [32mBuilding C object CMakeFiles/learning_interface__rosidl_typesupport_introspection_c.dir/rosidl_typesupport_introspection_c/learning_interface/msg/detail/stm32__type_support.c.o[0m
[5.986s] [ 35%] [32mBuilding CXX object CMakeFiles/learning_interface__rosidl_typesupport_cpp.dir/rosidl_typesupport_cpp/learning_interface/srv/add_two_ints__type_support.cpp.o[0m
[6.032s] [ 36%] [32mBuilding C object CMakeFiles/learning_interface__rosidl_typesupport_introspection_c.dir/rosidl_typesupport_introspection_c/learning_interface/srv/detail/add_two_ints__type_support.c.o[0m
[6.172s] [ 38%] [32mBuilding C object CMakeFiles/learning_interface__rosidl_typesupport_introspection_c.dir/rosidl_typesupport_introspection_c/learning_interface/srv/detail/get_object_position__type_support.c.o[0m
[6.272s] [ 39%] [32mBuilding C object CMakeFiles/learning_interface__rosidl_typesupport_introspection_c.dir/rosidl_typesupport_introspection_c/learning_interface/action/detail/move_circle__type_support.c.o[0m
[6.313s] [ 40%] [32mBuilding CXX object CMakeFiles/learning_interface__rosidl_typesupport_introspection_cpp.dir/rosidl_typesupport_introspection_cpp/learning_interface/srv/detail/add_two_ints__type_support.cpp.o[0m
[6.379s] [ 42%] [32m[1mLinking C shared library liblearning_interface__rosidl_typesupport_introspection_c.so[0m
[6.415s] [ 43%] [32mBuilding CXX object CMakeFiles/learning_interface__rosidl_typesupport_cpp.dir/rosidl_typesupport_cpp/learning_interface/srv/get_object_position__type_support.cpp.o[0m
[6.427s] [ 43%] Built target learning_interface__rosidl_typesupport_introspection_c
[6.476s] [ 45%] [34m[1mGenerating C type support dispatch for ROS interfaces[0m
[6.572s] [ 46%] [32mBuilding CXX object CMakeFiles/learning_interface__rosidl_typesupport_fastrtps_cpp.dir/rosidl_typesupport_fastrtps_cpp/learning_interface/msg/detail/dds_fastrtps/stm32__type_support.cpp.o[0m
[6.687s] [ 47%] [32mBuilding CXX object CMakeFiles/learning_interface__rosidl_typesupport_introspection_cpp.dir/rosidl_typesupport_introspection_cpp/learning_interface/srv/detail/get_object_position__type_support.cpp.o[0m
[6.777s] [ 49%] [32mBuilding CXX object CMakeFiles/learning_interface__rosidl_typesupport_cpp.dir/rosidl_typesupport_cpp/learning_interface/action/move_circle__type_support.cpp.o[0m
[7.007s] [ 50%] [32mBuilding CXX object CMakeFiles/learning_interface__rosidl_typesupport_introspection_cpp.dir/rosidl_typesupport_introspection_cpp/learning_interface/action/detail/move_circle__type_support.cpp.o[0m
[7.053s] [ 52%] [32mBuilding CXX object CMakeFiles/learning_interface__rosidl_typesupport_fastrtps_cpp.dir/rosidl_typesupport_fastrtps_cpp/learning_interface/srv/detail/dds_fastrtps/add_two_ints__type_support.cpp.o[0m
[7.164s] [ 53%] [32m[1mLinking CXX shared library liblearning_interface__rosidl_typesupport_cpp.so[0m
[7.214s] [ 53%] Built target learning_interface__rosidl_typesupport_cpp
[7.234s] [ 54%] [32mBuilding CXX object CMakeFiles/learning_interface__rosidl_typesupport_fastrtps_cpp.dir/rosidl_typesupport_fastrtps_cpp/learning_interface/srv/detail/dds_fastrtps/get_object_position__type_support.cpp.o[0m
[7.239s] [35m[1mScanning dependencies of target learning_interface__rosidl_typesupport_c[0m
[7.260s] [ 56%] [32mBuilding CXX object CMakeFiles/learning_interface__rosidl_typesupport_c.dir/rosidl_typesupport_c/learning_interface/msg/object_position__type_support.cpp.o[0m
[7.294s] [ 57%] [32mBuilding CXX object CMakeFiles/learning_interface__rosidl_typesupport_c.dir/rosidl_typesupport_c/learning_interface/msg/my_state__type_support.cpp.o[0m
[7.326s] [ 59%] [32mBuilding CXX object CMakeFiles/learning_interface__rosidl_typesupport_c.dir/rosidl_typesupport_c/learning_interface/msg/stm32__type_support.cpp.o[0m
[7.361s] [ 60%] [32mBuilding CXX object CMakeFiles/learning_interface__rosidl_typesupport_c.dir/rosidl_typesupport_c/learning_interface/srv/add_two_ints__type_support.cpp.o[0m
[7.387s] [ 61%] [32m[1mLinking CXX shared library liblearning_interface__rosidl_typesupport_introspection_cpp.so[0m
[7.394s] [ 63%] [32mBuilding CXX object CMakeFiles/learning_interface__rosidl_typesupport_c.dir/rosidl_typesupport_c/learning_interface/srv/get_object_position__type_support.cpp.o[0m
[7.430s] [ 64%] [32mBuilding CXX object CMakeFiles/learning_interface__rosidl_typesupport_c.dir/rosidl_typesupport_c/learning_interface/action/move_circle__type_support.cpp.o[0m
[7.486s] [ 64%] Built target learning_interface__rosidl_typesupport_introspection_cpp
[7.492s] [ 66%] [32m[1mLinking CXX shared library liblearning_interface__rosidl_typesupport_c.so[0m
[7.505s] [ 67%] [32mBuilding CXX object CMakeFiles/learning_interface__rosidl_typesupport_fastrtps_cpp.dir/rosidl_typesupport_fastrtps_cpp/learning_interface/action/detail/dds_fastrtps/move_circle__type_support.cpp.o[0m
[7.540s] [ 67%] Built target learning_interface__rosidl_typesupport_c
[7.903s] [ 69%] [32m[1mLinking CXX shared library liblearning_interface__rosidl_typesupport_fastrtps_cpp.so[0m
[7.976s] [ 69%] Built target learning_interface__rosidl_typesupport_fastrtps_cpp
[7.984s] [ 70%] [34m[1mGenerating C type support for eProsima Fast-RTPS[0m
[8.496s] [35m[1mScanning dependencies of target learning_interface__rosidl_typesupport_fastrtps_c[0m
[8.514s] [ 74%] [32mBuilding CXX object CMakeFiles/learning_interface__rosidl_typesupport_fastrtps_c.dir/rosidl_typesupport_fastrtps_c/learning_interface/msg/detail/stm32__type_support_c.cpp.o[0m
[8.514s] [ 74%] [32mBuilding CXX object CMakeFiles/learning_interface__rosidl_typesupport_fastrtps_c.dir/rosidl_typesupport_fastrtps_c/learning_interface/msg/detail/object_position__type_support_c.cpp.o[0m
[8.514s] [ 74%] [32mBuilding CXX object CMakeFiles/learning_interface__rosidl_typesupport_fastrtps_c.dir/rosidl_typesupport_fastrtps_c/learning_interface/msg/detail/my_state__type_support_c.cpp.o[0m
[8.514s] [ 76%] [32mBuilding CXX object CMakeFiles/learning_interface__rosidl_typesupport_fastrtps_c.dir/rosidl_typesupport_fastrtps_c/learning_interface/srv/detail/add_two_ints__type_support_c.cpp.o[0m
[8.895s] [ 77%] [32mBuilding CXX object CMakeFiles/learning_interface__rosidl_typesupport_fastrtps_c.dir/rosidl_typesupport_fastrtps_c/learning_interface/srv/detail/get_object_position__type_support_c.cpp.o[0m
[8.905s] [ 78%] [32mBuilding CXX object CMakeFiles/learning_interface__rosidl_typesupport_fastrtps_c.dir/rosidl_typesupport_fastrtps_c/learning_interface/action/detail/move_circle__type_support_c.cpp.o[0m
[9.184s] [ 80%] [32m[1mLinking CXX shared library liblearning_interface__rosidl_typesupport_fastrtps_c.so[0m
[9.250s] [ 80%] Built target learning_interface__rosidl_typesupport_fastrtps_c
[9.268s] [ 80%] Built target learning_interface
[9.283s] [ 81%] [34m[1mGenerating Python code for ROS interfaces[0m
[10.420s] [ 81%] Built target learning_interface__py
[10.430s] [35m[1mScanning dependencies of target learning_interface__python[0m
[10.448s] [ 87%] [32mBuilding C object CMakeFiles/learning_interface__python.dir/rosidl_generator_py/learning_interface/msg/_stm32_s.c.o[0m
[10.448s] [ 87%] [32mBuilding C object CMakeFiles/learning_interface__python.dir/rosidl_generator_py/learning_interface/msg/_object_position_s.c.o[0m
[10.448s] [ 87%] [32mBuilding C object CMakeFiles/learning_interface__python.dir/rosidl_generator_py/learning_interface/srv/_add_two_ints_s.c.o[0m
[10.448s] [ 87%] [32mBuilding C object CMakeFiles/learning_interface__python.dir/rosidl_generator_py/learning_interface/msg/_my_state_s.c.o[0m
[10.575s] [ 88%] [32mBuilding C object CMakeFiles/learning_interface__python.dir/rosidl_generator_py/learning_interface/action/_move_circle_s.c.o[0m
[10.576s] [ 90%] [32mBuilding C object CMakeFiles/learning_interface__python.dir/rosidl_generator_py/learning_interface/srv/_get_object_position_s.c.o[0m
[10.663s] [ 91%] [32m[1mLinking C shared library rosidl_generator_py/learning_interface/liblearning_interface__python.so[0m
[10.694s] [ 91%] Built target learning_interface__python
[10.703s] [35m[1mScanning dependencies of target learning_interface__rosidl_typesupport_fastrtps_c__pyext[0m
[10.704s] [35m[1mScanning dependencies of target learning_interface__rosidl_typesupport_introspection_c__pyext[0m
[10.704s] [35m[1mScanning dependencies of target learning_interface__rosidl_typesupport_c__pyext[0m
[10.718s] [ 92%] [32mBuilding C object CMakeFiles/learning_interface__rosidl_typesupport_introspection_c__pyext.dir/rosidl_generator_py/learning_interface/_learning_interface_s.ep.rosidl_typesupport_introspection_c.c.o[0m
[10.721s] [ 94%] [32mBuilding C object CMakeFiles/learning_interface__rosidl_typesupport_c__pyext.dir/rosidl_generator_py/learning_interface/_learning_interface_s.ep.rosidl_typesupport_c.c.o[0m
[10.723s] [ 95%] [32mBuilding C object CMakeFiles/learning_interface__rosidl_typesupport_fastrtps_c__pyext.dir/rosidl_generator_py/learning_interface/_learning_interface_s.ep.rosidl_typesupport_fastrtps_c.c.o[0m
[10.823s] [ 97%] [32m[1mLinking C shared library rosidl_generator_py/learning_interface/learning_interface_s__rosidl_typesupport_introspection_c.cpython-38-x86_64-linux-gnu.so[0m
[10.837s] [ 98%] [32m[1mLinking C shared library rosidl_generator_py/learning_interface/learning_interface_s__rosidl_typesupport_c.cpython-38-x86_64-linux-gnu.so[0m
[10.866s] [100%] [32m[1mLinking CXX shared library rosidl_generator_py/learning_interface/learning_interface_s__rosidl_typesupport_fastrtps_c.cpython-38-x86_64-linux-gnu.so[0m
[10.866s] [100%] Built target learning_interface__rosidl_typesupport_introspection_c__pyext
[10.871s] [100%] Built target learning_interface__rosidl_typesupport_c__pyext
[10.915s] [100%] Built target learning_interface__rosidl_typesupport_fastrtps_c__pyext
[10.922s] Invoked command in '/home/yyh/ros2_ws/build/learning_interface' returned '0': CMAKE_PREFIX_PATH=${CMAKE_PREFIX_PATH}:/home/yyh/ros2_ws/install/yyh_object:/home/yyh/ros2_ws/install/yyh_nav:/home/yyh/ros2_ws/install/yyh_launch:/home/yyh/ros2_ws/install/yolov5_ros2:/opt/ros/foxy /home/yyh/.local/bin/cmake --build /home/yyh/ros2_ws/build/learning_interface -- -j4 -l4
[11.044s] Invoking command in '/home/yyh/ros2_ws/build/learning_interface': CMAKE_PREFIX_PATH=${CMAKE_PREFIX_PATH}:/home/yyh/ros2_ws/install/yyh_object:/home/yyh/ros2_ws/install/yyh_nav:/home/yyh/ros2_ws/install/yyh_launch:/home/yyh/ros2_ws/install/yolov5_ros2:/opt/ros/foxy /home/yyh/.local/bin/cmake --install /home/yyh/ros2_ws/build/learning_interface
[11.096s] -- Install configuration: ""
[11.097s] -- Execute custom install script
[11.097s] -- Up-to-date symlink: /home/yyh/ros2_ws/install/learning_interface/share/ament_index/resource_index/rosidl_interfaces/learning_interface
[11.098s] -- Up-to-date symlink: /home/yyh/ros2_ws/install/learning_interface/include/learning_interface/action/detail/move_circle__functions.h
[11.098s] -- Up-to-date symlink: /home/yyh/ros2_ws/install/learning_interface/include/learning_interface/action/detail/move_circle__struct.h
[11.098s] -- Up-to-date symlink: /home/yyh/ros2_ws/install/learning_interface/include/learning_interface/action/detail/move_circle__type_support.h
[11.098s] -- Up-to-date symlink: /home/yyh/ros2_ws/install/learning_interface/include/learning_interface/action/move_circle.h
[11.098s] -- Up-to-date symlink: /home/yyh/ros2_ws/install/learning_interface/include/learning_interface/msg/detail/my_state__functions.h
[11.098s] -- Up-to-date symlink: /home/yyh/ros2_ws/install/learning_interface/include/learning_interface/msg/detail/my_state__struct.h
[11.098s] -- Up-to-date symlink: /home/yyh/ros2_ws/install/learning_interface/include/learning_interface/msg/detail/my_state__type_support.h
[11.099s] -- Up-to-date symlink: /home/yyh/ros2_ws/install/learning_interface/include/learning_interface/msg/detail/object_position__functions.h
[11.099s] -- Up-to-date symlink: /home/yyh/ros2_ws/install/learning_interface/include/learning_interface/msg/detail/object_position__struct.h
[11.099s] -- Up-to-date symlink: /home/yyh/ros2_ws/install/learning_interface/include/learning_interface/msg/detail/object_position__type_support.h
[11.099s] -- Up-to-date symlink: /home/yyh/ros2_ws/install/learning_interface/include/learning_interface/msg/detail/stm32__functions.h
[11.099s] -- Up-to-date symlink: /home/yyh/ros2_ws/install/learning_interface/include/learning_interface/msg/detail/stm32__struct.h
[11.099s] -- Up-to-date symlink: /home/yyh/ros2_ws/install/learning_interface/include/learning_interface/msg/detail/stm32__type_support.h
[11.099s] -- Up-to-date symlink: /home/yyh/ros2_ws/install/learning_interface/include/learning_interface/msg/my_state.h
[11.100s] -- Up-to-date symlink: /home/yyh/ros2_ws/install/learning_interface/include/learning_interface/msg/object_position.h
[11.100s] -- Up-to-date symlink: /home/yyh/ros2_ws/install/learning_interface/include/learning_interface/msg/rosidl_generator_c__visibility_control.h
[11.100s] -- Up-to-date symlink: /home/yyh/ros2_ws/install/learning_interface/include/learning_interface/msg/stm32.h
[11.100s] -- Up-to-date symlink: /home/yyh/ros2_ws/install/learning_interface/include/learning_interface/srv/add_two_ints.h
[11.100s] -- Up-to-date symlink: /home/yyh/ros2_ws/install/learning_interface/include/learning_interface/srv/detail/add_two_ints__functions.h
[11.100s] -- Up-to-date symlink: /home/yyh/ros2_ws/install/learning_interface/include/learning_interface/srv/detail/add_two_ints__struct.h
[11.100s] -- Up-to-date symlink: /home/yyh/ros2_ws/install/learning_interface/include/learning_interface/srv/detail/add_two_ints__type_support.h
[11.100s] -- Up-to-date symlink: /home/yyh/ros2_ws/install/learning_interface/include/learning_interface/srv/detail/get_object_position__functions.h
[11.101s] -- Up-to-date symlink: /home/yyh/ros2_ws/install/learning_interface/include/learning_interface/srv/detail/get_object_position__struct.h
[11.101s] -- Up-to-date symlink: /home/yyh/ros2_ws/install/learning_interface/include/learning_interface/srv/detail/get_object_position__type_support.h
[11.101s] -- Up-to-date symlink: /home/yyh/ros2_ws/install/learning_interface/include/learning_interface/srv/get_object_position.h
[11.101s] -- Up-to-date symlink: /home/yyh/ros2_ws/install/learning_interface/share/learning_interface/environment/library_path.sh
[11.101s] -- Up-to-date symlink: /home/yyh/ros2_ws/install/learning_interface/share/learning_interface/environment/library_path.dsv
[11.101s] -- Up-to-date symlink: /home/yyh/ros2_ws/install/learning_interface/include/learning_interface/action/detail/move_circle__rosidl_typesupport_fastrtps_c.h
[11.102s] -- Up-to-date symlink: /home/yyh/ros2_ws/install/learning_interface/include/learning_interface/msg/detail/my_state__rosidl_typesupport_fastrtps_c.h
[11.102s] -- Up-to-date symlink: /home/yyh/ros2_ws/install/learning_interface/include/learning_interface/msg/detail/object_position__rosidl_typesupport_fastrtps_c.h
[11.102s] -- Up-to-date symlink: /home/yyh/ros2_ws/install/learning_interface/include/learning_interface/msg/detail/stm32__rosidl_typesupport_fastrtps_c.h
[11.102s] -- Up-to-date symlink: /home/yyh/ros2_ws/install/learning_interface/include/learning_interface/msg/rosidl_typesupport_fastrtps_c__visibility_control.h
[11.102s] -- Up-to-date symlink: /home/yyh/ros2_ws/install/learning_interface/include/learning_interface/srv/detail/add_two_ints__rosidl_typesupport_fastrtps_c.h
[11.102s] -- Up-to-date symlink: /home/yyh/ros2_ws/install/learning_interface/include/learning_interface/srv/detail/get_object_position__rosidl_typesupport_fastrtps_c.h
[11.102s] -- Up-to-date symlink: /home/yyh/ros2_ws/install/learning_interface/lib/liblearning_interface__rosidl_typesupport_fastrtps_c.so
[11.103s] -- Up-to-date symlink: /home/yyh/ros2_ws/install/learning_interface/include/learning_interface/action/detail/move_circle__rosidl_typesupport_fastrtps_cpp.hpp
[11.103s] -- Up-to-date symlink: /home/yyh/ros2_ws/install/learning_interface/include/learning_interface/msg/detail/my_state__rosidl_typesupport_fastrtps_cpp.hpp
[11.103s] -- Up-to-date symlink: /home/yyh/ros2_ws/install/learning_interface/include/learning_interface/msg/detail/object_position__rosidl_typesupport_fastrtps_cpp.hpp
[11.103s] -- Up-to-date symlink: /home/yyh/ros2_ws/install/learning_interface/include/learning_interface/msg/detail/stm32__rosidl_typesupport_fastrtps_cpp.hpp
[11.103s] -- Up-to-date symlink: /home/yyh/ros2_ws/install/learning_interface/include/learning_interface/msg/rosidl_typesupport_fastrtps_cpp__visibility_control.h
[11.103s] -- Up-to-date symlink: /home/yyh/ros2_ws/install/learning_interface/include/learning_interface/srv/detail/add_two_ints__rosidl_typesupport_fastrtps_cpp.hpp
[11.103s] -- Up-to-date symlink: /home/yyh/ros2_ws/install/learning_interface/include/learning_interface/srv/detail/get_object_position__rosidl_typesupport_fastrtps_cpp.hpp
[11.104s] -- Up-to-date symlink: /home/yyh/ros2_ws/install/learning_interface/lib/liblearning_interface__rosidl_typesupport_fastrtps_cpp.so
[11.104s] -- Up-to-date symlink: /home/yyh/ros2_ws/install/learning_interface/include/learning_interface/action/detail/move_circle__rosidl_typesupport_introspection_c.h
[11.104s] -- Up-to-date symlink: /home/yyh/ros2_ws/install/learning_interface/include/learning_interface/msg/detail/my_state__rosidl_typesupport_introspection_c.h
[11.104s] -- Up-to-date symlink: /home/yyh/ros2_ws/install/learning_interface/include/learning_interface/msg/detail/object_position__rosidl_typesupport_introspection_c.h
[11.104s] -- Up-to-date symlink: /home/yyh/ros2_ws/install/learning_interface/include/learning_interface/msg/detail/stm32__rosidl_typesupport_introspection_c.h
[11.104s] -- Up-to-date symlink: /home/yyh/ros2_ws/install/learning_interface/include/learning_interface/msg/rosidl_typesupport_introspection_c__visibility_control.h
[11.104s] -- Up-to-date symlink: /home/yyh/ros2_ws/install/learning_interface/include/learning_interface/srv/detail/add_two_ints__rosidl_typesupport_introspection_c.h
[11.104s] -- Up-to-date symlink: /home/yyh/ros2_ws/install/learning_interface/include/learning_interface/srv/detail/get_object_position__rosidl_typesupport_introspection_c.h
[11.105s] -- Up-to-date symlink: /home/yyh/ros2_ws/install/learning_interface/include/learning_interface/action/detail/move_circle__builder.hpp
[11.105s] -- Up-to-date symlink: /home/yyh/ros2_ws/install/learning_interface/include/learning_interface/action/detail/move_circle__struct.hpp
[11.105s] -- Up-to-date symlink: /home/yyh/ros2_ws/install/learning_interface/include/learning_interface/action/detail/move_circle__traits.hpp
[11.105s] -- Up-to-date symlink: /home/yyh/ros2_ws/install/learning_interface/include/learning_interface/action/detail/move_circle__type_support.hpp
[11.105s] -- Up-to-date symlink: /home/yyh/ros2_ws/install/learning_interface/include/learning_interface/action/move_circle.hpp
[11.105s] -- Up-to-date symlink: /home/yyh/ros2_ws/install/learning_interface/include/learning_interface/msg/detail/my_state__builder.hpp
[11.105s] -- Up-to-date symlink: /home/yyh/ros2_ws/install/learning_interface/include/learning_interface/msg/detail/my_state__struct.hpp
[11.105s] -- Up-to-date symlink: /home/yyh/ros2_ws/install/learning_interface/include/learning_interface/msg/detail/my_state__traits.hpp
[11.105s] -- Up-to-date symlink: /home/yyh/ros2_ws/install/learning_interface/include/learning_interface/msg/detail/my_state__type_support.hpp
[11.105s] -- Up-to-date symlink: /home/yyh/ros2_ws/install/learning_interface/include/learning_interface/msg/detail/object_position__builder.hpp
[11.105s] -- Up-to-date symlink: /home/yyh/ros2_ws/install/learning_interface/include/learning_interface/msg/detail/object_position__struct.hpp
[11.106s] -- Up-to-date symlink: /home/yyh/ros2_ws/install/learning_interface/include/learning_interface/msg/detail/object_position__traits.hpp
[11.106s] -- Up-to-date symlink: /home/yyh/ros2_ws/install/learning_interface/include/learning_interface/msg/detail/object_position__type_support.hpp
[11.106s] -- Up-to-date symlink: /home/yyh/ros2_ws/install/learning_interface/include/learning_interface/msg/detail/stm32__builder.hpp
[11.106s] -- Up-to-date symlink: /home/yyh/ros2_ws/install/learning_interface/include/learning_interface/msg/detail/stm32__struct.hpp
[11.106s] -- Up-to-date symlink: /home/yyh/ros2_ws/install/learning_interface/include/learning_interface/msg/detail/stm32__traits.hpp
[11.106s] -- Up-to-date symlink: /home/yyh/ros2_ws/install/learning_interface/include/learning_interface/msg/detail/stm32__type_support.hpp
[11.106s] -- Up-to-date symlink: /home/yyh/ros2_ws/install/learning_interface/include/learning_interface/msg/my_state.hpp
[11.106s] -- Up-to-date symlink: /home/yyh/ros2_ws/install/learning_interface/include/learning_interface/msg/object_position.hpp
[11.106s] -- Up-to-date symlink: /home/yyh/ros2_ws/install/learning_interface/include/learning_interface/msg/rosidl_generator_cpp__visibility_control.hpp
[11.106s] -- Up-to-date symlink: /home/yyh/ros2_ws/install/learning_interface/include/learning_interface/msg/stm32.hpp
[11.106s] -- Up-to-date symlink: /home/yyh/ros2_ws/install/learning_interface/include/learning_interface/srv/add_two_ints.hpp
[11.106s] -- Up-to-date symlink: /home/yyh/ros2_ws/install/learning_interface/include/learning_interface/srv/detail/add_two_ints__builder.hpp
[11.106s] -- Up-to-date symlink: /home/yyh/ros2_ws/install/learning_interface/include/learning_interface/srv/detail/add_two_ints__struct.hpp
[11.106s] -- Up-to-date symlink: /home/yyh/ros2_ws/install/learning_interface/include/learning_interface/srv/detail/add_two_ints__traits.hpp
[11.106s] -- Up-to-date symlink: /home/yyh/ros2_ws/install/learning_interface/include/learning_interface/srv/detail/add_two_ints__type_support.hpp
[11.107s] -- Up-to-date symlink: /home/yyh/ros2_ws/install/learning_interface/include/learning_interface/srv/detail/get_object_position__builder.hpp
[11.107s] -- Up-to-date symlink: /home/yyh/ros2_ws/install/learning_interface/include/learning_interface/srv/detail/get_object_position__struct.hpp
[11.107s] -- Up-to-date symlink: /home/yyh/ros2_ws/install/learning_interface/include/learning_interface/srv/detail/get_object_position__traits.hpp
[11.107s] -- Up-to-date symlink: /home/yyh/ros2_ws/install/learning_interface/include/learning_interface/srv/detail/get_object_position__type_support.hpp
[11.107s] -- Up-to-date symlink: /home/yyh/ros2_ws/install/learning_interface/include/learning_interface/srv/get_object_position.hpp
[11.107s] -- Up-to-date symlink: /home/yyh/ros2_ws/install/learning_interface/include/learning_interface/action/detail/move_circle__rosidl_typesupport_introspection_cpp.hpp
[11.107s] -- Up-to-date symlink: /home/yyh/ros2_ws/install/learning_interface/include/learning_interface/msg/detail/my_state__rosidl_typesupport_introspection_cpp.hpp
[11.107s] -- Up-to-date symlink: /home/yyh/ros2_ws/install/learning_interface/include/learning_interface/msg/detail/object_position__rosidl_typesupport_introspection_cpp.hpp
[11.107s] -- Up-to-date symlink: /home/yyh/ros2_ws/install/learning_interface/include/learning_interface/msg/detail/stm32__rosidl_typesupport_introspection_cpp.hpp
[11.107s] -- Up-to-date symlink: /home/yyh/ros2_ws/install/learning_interface/include/learning_interface/srv/detail/add_two_ints__rosidl_typesupport_introspection_cpp.hpp
[11.107s] -- Up-to-date symlink: /home/yyh/ros2_ws/install/learning_interface/include/learning_interface/srv/detail/get_object_position__rosidl_typesupport_introspection_cpp.hpp
[11.108s] -- Up-to-date symlink: /home/yyh/ros2_ws/install/learning_interface/share/learning_interface/environment/pythonpath.sh
[11.108s] -- Up-to-date symlink: /home/yyh/ros2_ws/install/learning_interface/share/learning_interface/environment/pythonpath.dsv
[11.108s] -- Up-to-date symlink: /home/yyh/ros2_ws/install/learning_interface/lib/python3.8/site-packages/learning_interface/__init__.py
[11.108s] -- Up-to-date symlink: /home/yyh/ros2_ws/install/learning_interface/lib/python3.8/site-packages/learning_interface/msg/__init__.py
[11.108s] -- Up-to-date symlink: /home/yyh/ros2_ws/install/learning_interface/lib/python3.8/site-packages/learning_interface/msg/_my_state.py
[11.108s] -- Up-to-date symlink: /home/yyh/ros2_ws/install/learning_interface/lib/python3.8/site-packages/learning_interface/msg/_object_position.py
[11.108s] -- Up-to-date symlink: /home/yyh/ros2_ws/install/learning_interface/lib/python3.8/site-packages/learning_interface/msg/_stm32.py
[11.108s] -- Up-to-date symlink: /home/yyh/ros2_ws/install/learning_interface/lib/python3.8/site-packages/learning_interface/srv/__init__.py
[11.109s] -- Up-to-date symlink: /home/yyh/ros2_ws/install/learning_interface/lib/python3.8/site-packages/learning_interface/srv/_add_two_ints.py
[11.109s] -- Up-to-date symlink: /home/yyh/ros2_ws/install/learning_interface/lib/python3.8/site-packages/learning_interface/srv/_get_object_position.py
[11.109s] -- Up-to-date symlink: /home/yyh/ros2_ws/install/learning_interface/lib/python3.8/site-packages/learning_interface/action/__init__.py
[11.109s] -- Up-to-date symlink: /home/yyh/ros2_ws/install/learning_interface/lib/python3.8/site-packages/learning_interface/action/_move_circle.py
[11.109s] -- Up-to-date symlink: /home/yyh/ros2_ws/install/learning_interface/lib/python3.8/site-packages/learning_interface/learning_interface_s__rosidl_typesupport_fastrtps_c.cpython-38-x86_64-linux-gnu.so
[11.110s] -- Up-to-date symlink: /home/yyh/ros2_ws/install/learning_interface/lib/python3.8/site-packages/learning_interface/learning_interface_s__rosidl_typesupport_introspection_c.cpython-38-x86_64-linux-gnu.so
[11.110s] -- Up-to-date symlink: /home/yyh/ros2_ws/install/learning_interface/lib/python3.8/site-packages/learning_interface/learning_interface_s__rosidl_typesupport_c.cpython-38-x86_64-linux-gnu.so
[11.110s] -- Up-to-date symlink: /home/yyh/ros2_ws/install/learning_interface/lib/liblearning_interface__python.so
[11.110s] -- Up-to-date symlink: /home/yyh/ros2_ws/install/learning_interface/share/learning_interface/msg/ObjectPosition.idl
[11.111s] -- Up-to-date symlink: /home/yyh/ros2_ws/install/learning_interface/share/learning_interface/msg/MyState.idl
[11.111s] -- Up-to-date symlink: /home/yyh/ros2_ws/install/learning_interface/share/learning_interface/msg/STM32.idl
[11.111s] -- Up-to-date symlink: /home/yyh/ros2_ws/install/learning_interface/share/learning_interface/srv/AddTwoInts.idl
[11.111s] -- Up-to-date symlink: /home/yyh/ros2_ws/install/learning_interface/share/learning_interface/srv/GetObjectPosition.idl
[11.112s] -- Up-to-date symlink: /home/yyh/ros2_ws/install/learning_interface/share/learning_interface/action/MoveCircle.idl
[11.112s] -- Up-to-date symlink: /home/yyh/ros2_ws/install/learning_interface/share/learning_interface/msg/ObjectPosition.msg
[11.112s] -- Up-to-date symlink: /home/yyh/ros2_ws/install/learning_interface/share/learning_interface/msg/MyState.msg
[11.112s] -- Up-to-date symlink: /home/yyh/ros2_ws/install/learning_interface/share/learning_interface/msg/STM32.msg
[11.112s] -- Up-to-date symlink: /home/yyh/ros2_ws/install/learning_interface/share/learning_interface/srv/AddTwoInts.srv
[11.112s] -- Up-to-date symlink: /home/yyh/ros2_ws/install/learning_interface/share/learning_interface/srv/AddTwoInts_Request.msg
[11.112s] -- Up-to-date symlink: /home/yyh/ros2_ws/install/learning_interface/share/learning_interface/srv/AddTwoInts_Response.msg
[11.112s] -- Up-to-date symlink: /home/yyh/ros2_ws/install/learning_interface/share/learning_interface/srv/GetObjectPosition.srv
[11.112s] -- Up-to-date symlink: /home/yyh/ros2_ws/install/learning_interface/share/learning_interface/srv/GetObjectPosition_Request.msg
[11.113s] -- Up-to-date symlink: /home/yyh/ros2_ws/install/learning_interface/share/learning_interface/srv/GetObjectPosition_Response.msg
[11.113s] -- Up-to-date symlink: /home/yyh/ros2_ws/install/learning_interface/share/learning_interface/action/MoveCircle.action
[11.113s] -- Up-to-date symlink: /home/yyh/ros2_ws/install/learning_interface/share/ament_index/resource_index/package_run_dependencies/learning_interface
[11.113s] -- Up-to-date symlink: /home/yyh/ros2_ws/install/learning_interface/share/ament_index/resource_index/parent_prefix_path/learning_interface
[11.113s] -- Up-to-date symlink: /home/yyh/ros2_ws/install/learning_interface/share/learning_interface/environment/ament_prefix_path.sh
[11.113s] -- Up-to-date symlink: /home/yyh/ros2_ws/install/learning_interface/share/learning_interface/environment/ament_prefix_path.dsv
[11.113s] -- Up-to-date symlink: /home/yyh/ros2_ws/install/learning_interface/share/learning_interface/environment/path.sh
[11.113s] -- Up-to-date symlink: /home/yyh/ros2_ws/install/learning_interface/share/learning_interface/environment/path.dsv
[11.114s] -- Up-to-date symlink: /home/yyh/ros2_ws/install/learning_interface/share/learning_interface/local_setup.bash
[11.114s] -- Up-to-date symlink: /home/yyh/ros2_ws/install/learning_interface/share/learning_interface/local_setup.sh
[11.114s] -- Up-to-date symlink: /home/yyh/ros2_ws/install/learning_interface/share/learning_interface/local_setup.zsh
[11.114s] -- Up-to-date symlink: /home/yyh/ros2_ws/install/learning_interface/share/learning_interface/local_setup.dsv
[11.114s] -- Symlinking: /home/yyh/ros2_ws/install/learning_interface/share/learning_interface/package.dsv
[11.120s] -- Up-to-date symlink: /home/yyh/ros2_ws/install/learning_interface/share/ament_index/resource_index/packages/learning_interface
[11.120s] -- Up-to-date symlink: /home/yyh/ros2_ws/install/learning_interface/share/learning_interface/cmake/rosidl_cmake-extras.cmake
[11.120s] -- Up-to-date symlink: /home/yyh/ros2_ws/install/learning_interface/share/learning_interface/cmake/ament_cmake_export_dependencies-extras.cmake
[11.121s] -- Up-to-date symlink: /home/yyh/ros2_ws/install/learning_interface/share/learning_interface/cmake/ament_cmake_export_libraries-extras.cmake
[11.121s] -- Up-to-date symlink: /home/yyh/ros2_ws/install/learning_interface/share/learning_interface/cmake/ament_cmake_export_targets-extras.cmake
[11.121s] -- Up-to-date symlink: /home/yyh/ros2_ws/install/learning_interface/share/learning_interface/cmake/ament_cmake_export_include_directories-extras.cmake
[11.121s] -- Up-to-date symlink: /home/yyh/ros2_ws/install/learning_interface/share/learning_interface/cmake/rosidl_cmake_export_typesupport_libraries-extras.cmake
[11.121s] -- Up-to-date symlink: /home/yyh/ros2_ws/install/learning_interface/share/learning_interface/cmake/rosidl_cmake_export_typesupport_targets-extras.cmake
[11.121s] -- Up-to-date symlink: /home/yyh/ros2_ws/install/learning_interface/share/learning_interface/cmake/learning_interfaceConfig.cmake
[11.122s] -- Up-to-date symlink: /home/yyh/ros2_ws/install/learning_interface/share/learning_interface/cmake/learning_interfaceConfig-version.cmake
[11.122s] -- Up-to-date symlink: /home/yyh/ros2_ws/install/learning_interface/share/learning_interface/package.xml
[11.122s] -- Installing: /home/yyh/ros2_ws/install/learning_interface/lib/liblearning_interface__rosidl_generator_c.so
[11.122s] -- Set non-toolchain portion of runtime path of "/home/yyh/ros2_ws/install/learning_interface/lib/liblearning_interface__rosidl_generator_c.so" to ""
[11.122s] -- Installing: /home/yyh/ros2_ws/install/learning_interface/lib/liblearning_interface__rosidl_typesupport_introspection_c.so
[11.123s] -- Set non-toolchain portion of runtime path of "/home/yyh/ros2_ws/install/learning_interface/lib/liblearning_interface__rosidl_typesupport_introspection_c.so" to ""
[11.123s] -- Installing: /home/yyh/ros2_ws/install/learning_interface/lib/liblearning_interface__rosidl_typesupport_c.so
[11.123s] -- Set non-toolchain portion of runtime path of "/home/yyh/ros2_ws/install/learning_interface/lib/liblearning_interface__rosidl_typesupport_c.so" to ""
[11.123s] -- Installing: /home/yyh/ros2_ws/install/learning_interface/lib/liblearning_interface__rosidl_typesupport_introspection_cpp.so
[11.123s] -- Set non-toolchain portion of runtime path of "/home/yyh/ros2_ws/install/learning_interface/lib/liblearning_interface__rosidl_typesupport_introspection_cpp.so" to ""
[11.124s] -- Installing: /home/yyh/ros2_ws/install/learning_interface/lib/liblearning_interface__rosidl_typesupport_cpp.so
[11.124s] -- Set non-toolchain portion of runtime path of "/home/yyh/ros2_ws/install/learning_interface/lib/liblearning_interface__rosidl_typesupport_cpp.so" to ""
[11.148s] Compiling '/home/yyh/ros2_ws/install/learning_interface/lib/python3.8/site-packages/learning_interface/__init__.py'...
[11.151s] -- Up-to-date: /home/yyh/ros2_ws/install/learning_interface/share/learning_interface/cmake/learning_interface__rosidl_generator_cExport.cmake
[11.151s] -- Installing: /home/yyh/ros2_ws/install/learning_interface/share/learning_interface/cmake/learning_interface__rosidl_generator_cExport-noconfig.cmake
[11.151s] -- Up-to-date: /home/yyh/ros2_ws/install/learning_interface/share/learning_interface/cmake/learning_interface__rosidl_typesupport_introspection_cExport.cmake
[11.151s] -- Installing: /home/yyh/ros2_ws/install/learning_interface/share/learning_interface/cmake/learning_interface__rosidl_typesupport_introspection_cExport-noconfig.cmake
[11.151s] -- Up-to-date: /home/yyh/ros2_ws/install/learning_interface/share/learning_interface/cmake/learning_interface__rosidl_typesupport_cExport.cmake
[11.151s] -- Installing: /home/yyh/ros2_ws/install/learning_interface/share/learning_interface/cmake/learning_interface__rosidl_typesupport_cExport-noconfig.cmake
[11.151s] -- Up-to-date: /home/yyh/ros2_ws/install/learning_interface/share/learning_interface/cmake/learning_interface__rosidl_generator_cppExport.cmake
[11.152s] -- Up-to-date: /home/yyh/ros2_ws/install/learning_interface/share/learning_interface/cmake/learning_interface__rosidl_typesupport_introspection_cppExport.cmake
[11.152s] -- Installing: /home/yyh/ros2_ws/install/learning_interface/share/learning_interface/cmake/learning_interface__rosidl_typesupport_introspection_cppExport-noconfig.cmake
[11.152s] -- Up-to-date: /home/yyh/ros2_ws/install/learning_interface/share/learning_interface/cmake/learning_interface__rosidl_typesupport_cppExport.cmake
[11.152s] -- Installing: /home/yyh/ros2_ws/install/learning_interface/share/learning_interface/cmake/learning_interface__rosidl_typesupport_cppExport-noconfig.cmake
[11.155s] Invoked command in '/home/yyh/ros2_ws/build/learning_interface' returned '0': CMAKE_PREFIX_PATH=${CMAKE_PREFIX_PATH}:/home/yyh/ros2_ws/install/yyh_object:/home/yyh/ros2_ws/install/yyh_nav:/home/yyh/ros2_ws/install/yyh_launch:/home/yyh/ros2_ws/install/yolov5_ros2:/opt/ros/foxy /home/yyh/.local/bin/cmake --install /home/yyh/ros2_ws/build/learning_interface
