[2.434s] Invoking command in '/home/yyh/ros2_ws/src/yyh_object': PYTHONPATH=/home/yyh/ros2_ws/build/yyh_object/prefix_override:/usr/lib/python3/dist-packages/colcon_core/task/python/colcon_distutils_commands:/home/yyh/ros2_ws/install/yyh_object/lib/python3.8/site-packages:${PYTHONPATH} /usr/bin/python3 -W ignore:setup.py install is deprecated setup.py egg_info --egg-base ../../build/yyh_object build --build-base /home/yyh/ros2_ws/build/yyh_object/build install --record /home/yyh/ros2_ws/build/yyh_object/install.log --single-version-externally-managed install_data
[3.246s] running egg_info
[3.267s] writing ../../build/yyh_object/yyh_object.egg-info/PKG-INFO
[3.268s] writing dependency_links to ../../build/yyh_object/yyh_object.egg-info/dependency_links.txt
[3.269s] writing entry points to ../../build/yyh_object/yyh_object.egg-info/entry_points.txt
[3.270s] writing requirements to ../../build/yyh_object/yyh_object.egg-info/requires.txt
[3.271s] writing top-level names to ../../build/yyh_object/yyh_object.egg-info/top_level.txt
[9.027s] writing manifest file '../../build/yyh_object/yyh_object.egg-info/SOURCES.txt'
[9.027s] running build
[9.027s] running build_py
[9.027s] running install
[9.038s] running install_lib
[9.052s] running install_data
[9.052s] running install_egg_info
[9.064s] removing '/home/yyh/ros2_ws/install/yyh_object/lib/python3.8/site-packages/yyh_object-0.0.0-py3.8.egg-info' (and everything under it)
[9.066s] Copying ../../build/yyh_object/yyh_object.egg-info to /home/yyh/ros2_ws/install/yyh_object/lib/python3.8/site-packages/yyh_object-0.0.0-py3.8.egg-info
[9.069s] running install_scripts
[9.118s] Installing image script to /home/yyh/ros2_ws/install/yyh_object/lib/yyh_object
[9.118s] writing list of installed files to '/home/yyh/ros2_ws/build/yyh_object/install.log'
[9.158s] Invoked command in '/home/yyh/ros2_ws/src/yyh_object' returned '0': PYTHONPATH=/home/yyh/ros2_ws/build/yyh_object/prefix_override:/usr/lib/python3/dist-packages/colcon_core/task/python/colcon_distutils_commands:/home/yyh/ros2_ws/install/yyh_object/lib/python3.8/site-packages:${PYTHONPATH} /usr/bin/python3 -W ignore:setup.py install is deprecated setup.py egg_info --egg-base ../../build/yyh_object build --build-base /home/yyh/ros2_ws/build/yyh_object/build install --record /home/yyh/ros2_ws/build/yyh_object/install.log --single-version-externally-managed install_data
