[0.019s] Invoking command in '/home/yyh/ros2_ws/build/realsense2_camera': AMENT_PREFIX_PATH=/home/yyh/ros2_ws/install/realsense2_camera_msgs CMAKE_PREFIX_PATH=/home/yyh/ros2_ws/install/realsense2_camera_msgs LD_LIBRARY_PATH=/home/yyh/ros2_ws/install/realsense2_camera_msgs/lib PYTHONPATH=/home/yyh/ros2_ws/install/realsense2_camera_msgs/lib/python3.8/site-packages /usr/bin/cmake --build /home/yyh/ros2_ws/build/realsense2_camera -- -j4 -l4
[0.176s] [ 12%] Built target realsense2_camera_node
[0.256s] [100%] Built target realsense2_camera
[0.272s] Invoked command in '/home/yyh/ros2_ws/build/realsense2_camera' returned '0': AMENT_PREFIX_PATH=/home/yyh/ros2_ws/install/realsense2_camera_msgs CMAKE_PREFIX_PATH=/home/yyh/ros2_ws/install/realsense2_camera_msgs LD_LIBRARY_PATH=/home/yyh/ros2_ws/install/realsense2_camera_msgs/lib PYTHONPATH=/home/yyh/ros2_ws/install/realsense2_camera_msgs/lib/python3.8/site-packages /usr/bin/cmake --build /home/yyh/ros2_ws/build/realsense2_camera -- -j4 -l4
[0.374s] Invoking command in '/home/yyh/ros2_ws/build/realsense2_camera': AMENT_PREFIX_PATH=/home/yyh/ros2_ws/install/realsense2_camera_msgs CMAKE_PREFIX_PATH=/home/yyh/ros2_ws/install/realsense2_camera_msgs LD_LIBRARY_PATH=/home/yyh/ros2_ws/install/realsense2_camera_msgs/lib PYTHONPATH=/home/yyh/ros2_ws/install/realsense2_camera_msgs/lib/python3.8/site-packages /usr/bin/cmake --install /home/yyh/ros2_ws/build/realsense2_camera
[0.398s] -- Install configuration: "Release"
[0.399s] -- Up-to-date: /home/yyh/ros2_ws/install/realsense2_camera/lib/realsense2_camera/realsense2_camera_node
[0.403s] -- Up-to-date: /home/yyh/ros2_ws/install/realsense2_camera/lib/librealsense2_camera.so
[0.405s] -- Up-to-date: /home/yyh/ros2_ws/install/realsense2_camera/include
[0.405s] -- Up-to-date: /home/yyh/ros2_ws/install/realsense2_camera/include/sensor_params.h
[0.406s] -- Up-to-date: /home/yyh/ros2_ws/install/realsense2_camera/include/named_filter.h
[0.407s] -- Up-to-date: /home/yyh/ros2_ws/install/realsense2_camera/include/realsense_node_factory.h
[0.407s] -- Up-to-date: /home/yyh/ros2_ws/install/realsense2_camera/include/profile_manager.h
[0.408s] -- Up-to-date: /home/yyh/ros2_ws/install/realsense2_camera/include/t265_realsense_node.h
[0.408s] -- Up-to-date: /home/yyh/ros2_ws/install/realsense2_camera/include/ros_utils.h
[0.409s] -- Up-to-date: /home/yyh/ros2_ws/install/realsense2_camera/include/base_realsense_node.h
[0.416s] -- Up-to-date: /home/yyh/ros2_ws/install/realsense2_camera/include/image_publisher.h
[0.421s] -- Up-to-date: /home/yyh/ros2_ws/install/realsense2_camera/include/ros_sensor.h
[0.422s] -- Up-to-date: /home/yyh/ros2_ws/install/realsense2_camera/include/dynamic_params.h
[0.423s] -- Up-to-date: /home/yyh/ros2_ws/install/realsense2_camera/include/constants.h
[0.423s] -- Up-to-date: /home/yyh/ros2_ws/install/realsense2_camera/include/ros_param_backend.h
[0.425s] -- Up-to-date: /home/yyh/ros2_ws/install/realsense2_camera/share/realsense2_camera/launch
[0.425s] -- Up-to-date: /home/yyh/ros2_ws/install/realsense2_camera/share/realsense2_camera/launch/rs_multi_camera_launch.py
[0.426s] -- Up-to-date: /home/yyh/ros2_ws/install/realsense2_camera/share/realsense2_camera/launch/rs_d400_and_t265_launch.py
[0.426s] -- Up-to-date: /home/yyh/ros2_ws/install/realsense2_camera/share/realsense2_camera/launch/rs_d435i_and_t265_launch.py
[0.426s] -- Up-to-date: /home/yyh/ros2_ws/install/realsense2_camera/share/realsense2_camera/launch/default.rviz
[0.427s] -- Up-to-date: /home/yyh/ros2_ws/install/realsense2_camera/share/realsense2_camera/launch/rs_intra_process_demo_launch.py
[0.427s] -- Up-to-date: /home/yyh/ros2_ws/install/realsense2_camera/share/realsense2_camera/launch/rs_launch.py
[0.427s] -- Up-to-date: /home/yyh/ros2_ws/install/realsense2_camera/share/realsense2_camera/environment/library_path.sh
[0.427s] -- Up-to-date: /home/yyh/ros2_ws/install/realsense2_camera/share/realsense2_camera/environment/library_path.dsv
[0.427s] -- Up-to-date: /home/yyh/ros2_ws/install/realsense2_camera/share/ament_index/resource_index/package_run_dependencies/realsense2_camera
[0.427s] -- Up-to-date: /home/yyh/ros2_ws/install/realsense2_camera/share/ament_index/resource_index/parent_prefix_path/realsense2_camera
[0.427s] -- Up-to-date: /home/yyh/ros2_ws/install/realsense2_camera/share/realsense2_camera/environment/ament_prefix_path.sh
[0.427s] -- Up-to-date: /home/yyh/ros2_ws/install/realsense2_camera/share/realsense2_camera/environment/ament_prefix_path.dsv
[0.427s] -- Up-to-date: /home/yyh/ros2_ws/install/realsense2_camera/share/realsense2_camera/environment/path.sh
[0.427s] -- Up-to-date: /home/yyh/ros2_ws/install/realsense2_camera/share/realsense2_camera/environment/path.dsv
[0.427s] -- Up-to-date: /home/yyh/ros2_ws/install/realsense2_camera/share/realsense2_camera/local_setup.bash
[0.427s] -- Up-to-date: /home/yyh/ros2_ws/install/realsense2_camera/share/realsense2_camera/local_setup.sh
[0.428s] -- Up-to-date: /home/yyh/ros2_ws/install/realsense2_camera/share/realsense2_camera/local_setup.zsh
[0.428s] -- Up-to-date: /home/yyh/ros2_ws/install/realsense2_camera/share/realsense2_camera/local_setup.dsv
[0.428s] -- Installing: /home/yyh/ros2_ws/install/realsense2_camera/share/realsense2_camera/package.dsv
[0.428s] -- Up-to-date: /home/yyh/ros2_ws/install/realsense2_camera/share/ament_index/resource_index/packages/realsense2_camera
[0.428s] -- Up-to-date: /home/yyh/ros2_ws/install/realsense2_camera/share/ament_index/resource_index/rclcpp_components/realsense2_camera
[0.428s] -- Up-to-date: /home/yyh/ros2_ws/install/realsense2_camera/share/realsense2_camera/cmake/ament_cmake_export_include_directories-extras.cmake
[0.428s] -- Up-to-date: /home/yyh/ros2_ws/install/realsense2_camera/share/realsense2_camera/cmake/ament_cmake_export_libraries-extras.cmake
[0.428s] -- Up-to-date: /home/yyh/ros2_ws/install/realsense2_camera/share/realsense2_camera/cmake/ament_cmake_export_dependencies-extras.cmake
[0.428s] -- Up-to-date: /home/yyh/ros2_ws/install/realsense2_camera/share/realsense2_camera/cmake/realsense2_cameraConfig.cmake
[0.428s] -- Up-to-date: /home/yyh/ros2_ws/install/realsense2_camera/share/realsense2_camera/cmake/realsense2_cameraConfig-version.cmake
[0.428s] -- Up-to-date: /home/yyh/ros2_ws/install/realsense2_camera/share/realsense2_camera/package.xml
[0.437s] Invoked command in '/home/yyh/ros2_ws/build/realsense2_camera' returned '0': AMENT_PREFIX_PATH=/home/yyh/ros2_ws/install/realsense2_camera_msgs CMAKE_PREFIX_PATH=/home/yyh/ros2_ws/install/realsense2_camera_msgs LD_LIBRARY_PATH=/home/yyh/ros2_ws/install/realsense2_camera_msgs/lib PYTHONPATH=/home/yyh/ros2_ws/install/realsense2_camera_msgs/lib/python3.8/site-packages /usr/bin/cmake --install /home/yyh/ros2_ws/build/realsense2_camera
