[0.019s] Invoking command in '/home/yyh/ros2_ws/build/realsense2_camera_msgs': /usr/bin/cmake /home/yyh/ros2_ws/src/realsense-ros-4.51.1/realsense2_camera_msgs -DCMAKE_INSTALL_PREFIX=/home/yyh/ros2_ws/install/realsense2_camera_msgs
[0.708s] Traceback (most recent call last):
[0.708s]   File "/opt/ros/foxy/share/ament_cmake_core/cmake/package_templates/templates_2_cmake.py", line 21, in <module>
[0.708s]     from ament_package.templates import get_environment_hook_template_path
[0.708s] ModuleNotFoundError: No module named 'ament_package'
[0.708s] CMake Error at /opt/ros/foxy/share/ament_cmake_core/cmake/ament_cmake_package_templates-extras.cmake:41 (message):
[0.708s]   execute_process(/usr/bin/python3
[0.708s]   /opt/ros/foxy/share/ament_cmake_core/cmake/package_templates/templates_2_cmake.py
[0.708s]   /home/yyh/ros2_ws/build/realsense2_camera_msgs/ament_cmake_package_templates/templates.cmake)
[0.708s]   returned error code 1
[0.708s] Call Stack (most recent call first):
[0.708s]   /opt/ros/foxy/share/ament_cmake_core/cmake/ament_cmake_coreConfig.cmake:41 (include)
[0.708s]   /opt/ros/foxy/share/ament_cmake/cmake/ament_cmake_export_dependencies-extras.cmake:15 (find_package)
[0.708s]   /opt/ros/foxy/share/ament_cmake/cmake/ament_cmakeConfig.cmake:41 (include)
[0.708s]   CMakeLists.txt:16 (find_package)
[0.708s] 
[0.709s] 
[0.709s] -- Found ament_cmake: 0.9.12 (/opt/ros/foxy/share/ament_cmake/cmake)
[0.709s] -- Using PYTHON_EXECUTABLE: /usr/bin/python3
[0.709s] -- Configuring incomplete, errors occurred!
[0.709s] See also "/home/yyh/ros2_ws/build/realsense2_camera_msgs/CMakeFiles/CMakeOutput.log".
[0.724s] Invoked command in '/home/yyh/ros2_ws/build/realsense2_camera_msgs' returned '1': /usr/bin/cmake /home/yyh/ros2_ws/src/realsense-ros-4.51.1/realsense2_camera_msgs -DCMAKE_INSTALL_PREFIX=/home/yyh/ros2_ws/install/realsense2_camera_msgs
