[3.662s] Invoking command in '/home/yyh/ros2_ws/src/yyh_object': PYTHONPATH=/home/yyh/ros2_ws/build/yyh_object/prefix_override:/usr/lib/python3/dist-packages/colcon_core/task/python/colcon_distutils_commands:/home/yyh/ros2_ws/install/yyh_object/lib/python3.8/site-packages:${PYTHONPATH} /usr/bin/python3 -W ignore:setup.py install is deprecated setup.py egg_info --egg-base ../../build/yyh_object build --build-base /home/yyh/ros2_ws/build/yyh_object/build install --record /home/yyh/ros2_ws/build/yyh_object/install.log --single-version-externally-managed install_data
[4.978s] running egg_info
[5.007s] writing ../../build/yyh_object/yyh_object.egg-info/PKG-INFO
[5.009s] writing dependency_links to ../../build/yyh_object/yyh_object.egg-info/dependency_links.txt
[5.011s] writing entry points to ../../build/yyh_object/yyh_object.egg-info/entry_points.txt
[5.012s] writing requirements to ../../build/yyh_object/yyh_object.egg-info/requires.txt
[5.013s] writing top-level names to ../../build/yyh_object/yyh_object.egg-info/top_level.txt
[11.665s] writing manifest file '../../build/yyh_object/yyh_object.egg-info/SOURCES.txt'
[11.666s] running build
[11.666s] running build_py
[11.668s] running install
[11.680s] running install_lib
[11.717s] running install_data
[11.718s] running install_egg_info
[11.742s] removing '/home/yyh/ros2_ws/install/yyh_object/lib/python3.8/site-packages/yyh_object-0.0.0-py3.8.egg-info' (and everything under it)
[11.774s] Copying ../../build/yyh_object/yyh_object.egg-info to /home/yyh/ros2_ws/install/yyh_object/lib/python3.8/site-packages/yyh_object-0.0.0-py3.8.egg-info
[11.774s] running install_scripts
[11.888s] Installing image script to /home/yyh/ros2_ws/install/yyh_object/lib/yyh_object
[11.889s] writing list of installed files to '/home/yyh/ros2_ws/build/yyh_object/install.log'
[11.977s] Invoked command in '/home/yyh/ros2_ws/src/yyh_object' returned '0': PYTHONPATH=/home/yyh/ros2_ws/build/yyh_object/prefix_override:/usr/lib/python3/dist-packages/colcon_core/task/python/colcon_distutils_commands:/home/yyh/ros2_ws/install/yyh_object/lib/python3.8/site-packages:${PYTHONPATH} /usr/bin/python3 -W ignore:setup.py install is deprecated setup.py egg_info --egg-base ../../build/yyh_object build --build-base /home/yyh/ros2_ws/build/yyh_object/build install --record /home/yyh/ros2_ws/build/yyh_object/install.log --single-version-externally-managed install_data
