[4.475s] Invoking command in '/home/yyh/ros2_ws/src/yyh_object': PYTHONPATH=/home/yyh/ros2_ws/build/yyh_object/prefix_override:/usr/lib/python3/dist-packages/colcon_core/task/python/colcon_distutils_commands:/home/yyh/ros2_ws/install/yyh_object/lib/python3.8/site-packages:${PYTHONPATH} /usr/bin/python3 -W ignore:setup.py install is deprecated setup.py egg_info --egg-base ../../build/yyh_object build --build-base /home/yyh/ros2_ws/build/yyh_object/build install --record /home/yyh/ros2_ws/build/yyh_object/install.log --single-version-externally-managed install_data
[5.555s] running egg_info
[5.574s] writing ../../build/yyh_object/yyh_object.egg-info/PKG-INFO
[5.575s] writing dependency_links to ../../build/yyh_object/yyh_object.egg-info/dependency_links.txt
[5.575s] writing entry points to ../../build/yyh_object/yyh_object.egg-info/entry_points.txt
[5.576s] writing requirements to ../../build/yyh_object/yyh_object.egg-info/requires.txt
[5.576s] writing top-level names to ../../build/yyh_object/yyh_object.egg-info/top_level.txt
[12.850s] writing manifest file '../../build/yyh_object/yyh_object.egg-info/SOURCES.txt'
[12.851s] running build
[12.851s] running build_py
[12.852s] running install
[12.864s] running install_lib
[12.902s] running install_data
[12.902s] running install_egg_info
[12.927s] removing '/home/yyh/ros2_ws/install/yyh_object/lib/python3.8/site-packages/yyh_object-0.0.0-py3.8.egg-info' (and everything under it)
[12.932s] Copying ../../build/yyh_object/yyh_object.egg-info to /home/yyh/ros2_ws/install/yyh_object/lib/python3.8/site-packages/yyh_object-0.0.0-py3.8.egg-info
[12.932s] running install_scripts
[13.018s] Installing image script to /home/yyh/ros2_ws/install/yyh_object/lib/yyh_object
[13.018s] writing list of installed files to '/home/yyh/ros2_ws/build/yyh_object/install.log'
[13.126s] Invoked command in '/home/yyh/ros2_ws/src/yyh_object' returned '0': PYTHONPATH=/home/yyh/ros2_ws/build/yyh_object/prefix_override:/usr/lib/python3/dist-packages/colcon_core/task/python/colcon_distutils_commands:/home/yyh/ros2_ws/install/yyh_object/lib/python3.8/site-packages:${PYTHONPATH} /usr/bin/python3 -W ignore:setup.py install is deprecated setup.py egg_info --egg-base ../../build/yyh_object build --build-base /home/yyh/ros2_ws/build/yyh_object/build install --record /home/yyh/ros2_ws/build/yyh_object/install.log --single-version-externally-managed install_data
