[2.191s] Invoking command in '/home/yyh/ros2_ws/src/yyh_object': PYTHONPATH=/home/yyh/ros2_ws/build/yyh_object/prefix_override:/usr/lib/python3/dist-packages/colcon_core/task/python/colcon_distutils_commands:/home/yyh/ros2_ws/install/yyh_object/lib/python3.8/site-packages:${PYTHONPATH} /usr/bin/python3 -W ignore:setup.py install is deprecated setup.py egg_info --egg-base ../../build/yyh_object build --build-base /home/yyh/ros2_ws/build/yyh_object/build install --record /home/yyh/ros2_ws/build/yyh_object/install.log --single-version-externally-managed install_data
[2.652s] running egg_info
[2.664s] writing ../../build/yyh_object/yyh_object.egg-info/PKG-INFO
[2.664s] writing dependency_links to ../../build/yyh_object/yyh_object.egg-info/dependency_links.txt
[2.664s] writing entry points to ../../build/yyh_object/yyh_object.egg-info/entry_points.txt
[2.665s] writing requirements to ../../build/yyh_object/yyh_object.egg-info/requires.txt
[2.665s] writing top-level names to ../../build/yyh_object/yyh_object.egg-info/top_level.txt
[6.251s] writing manifest file '../../build/yyh_object/yyh_object.egg-info/SOURCES.txt'
[6.251s] running build
[6.251s] running build_py
[6.251s] running install
[6.256s] running install_lib
[6.267s] running install_data
[6.267s] running install_egg_info
[6.277s] removing '/home/yyh/ros2_ws/install/yyh_object/lib/python3.8/site-packages/yyh_object-0.0.0-py3.8.egg-info' (and everything under it)
[6.277s] Copying ../../build/yyh_object/yyh_object.egg-info to /home/yyh/ros2_ws/install/yyh_object/lib/python3.8/site-packages/yyh_object-0.0.0-py3.8.egg-info
[6.277s] running install_scripts
[6.319s] Installing image script to /home/yyh/ros2_ws/install/yyh_object/lib/yyh_object
[6.319s] writing list of installed files to '/home/yyh/ros2_ws/build/yyh_object/install.log'
[6.357s] Invoked command in '/home/yyh/ros2_ws/src/yyh_object' returned '0': PYTHONPATH=/home/yyh/ros2_ws/build/yyh_object/prefix_override:/usr/lib/python3/dist-packages/colcon_core/task/python/colcon_distutils_commands:/home/yyh/ros2_ws/install/yyh_object/lib/python3.8/site-packages:${PYTHONPATH} /usr/bin/python3 -W ignore:setup.py install is deprecated setup.py egg_info --egg-base ../../build/yyh_object build --build-base /home/yyh/ros2_ws/build/yyh_object/build install --record /home/yyh/ros2_ws/build/yyh_object/install.log --single-version-externally-managed install_data
