[0.022s] Invoking command in '/home/yyh/ros2_ws/build/realsense2_description': AMENT_PREFIX_PATH=/home/yyh/ros2_ws/install/realsense2_camera_msgs:${AMENT_PREFIX_PATH} CMAKE_PREFIX_PATH=/home/yyh/ros2_ws/install/realsense2_camera_msgs:/opt/ros/foxy LD_LIBRARY_PATH=/home/yyh/ros2_ws/install/realsense2_camera_msgs/lib:${LD_LIBRARY_PATH} PYTHONPATH=/home/yyh/ros2_ws/install/realsense2_camera_msgs/lib/python3.8/site-packages:${PYTHONPATH} /usr/bin/cmake /home/yyh/ros2_ws/src/realsense-ros-4.51.1/realsense2_description -DAMENT_CMAKE_SYMLINK_INSTALL=1 -DCMAKE_INSTALL_PREFIX=/home/yyh/ros2_ws/install/realsense2_description
[0.046s] -- Found ament_cmake: 0.9.12 (/opt/ros/foxy/share/ament_cmake/cmake)
[0.073s] -- Using PYTHON_EXECUTABLE: /usr/bin/python3
[0.246s] -- Override CMake install command with custom implementation using symlinks instead of copying resources
[0.294s] -- Configuring done
[0.295s] -- Generating done
[0.296s] -- Build files have been written to: /home/yyh/ros2_ws/build/realsense2_description
[0.297s] Invoked command in '/home/yyh/ros2_ws/build/realsense2_description' returned '0': AMENT_PREFIX_PATH=/home/yyh/ros2_ws/install/realsense2_camera_msgs:${AMENT_PREFIX_PATH} CMAKE_PREFIX_PATH=/home/yyh/ros2_ws/install/realsense2_camera_msgs:/opt/ros/foxy LD_LIBRARY_PATH=/home/yyh/ros2_ws/install/realsense2_camera_msgs/lib:${LD_LIBRARY_PATH} PYTHONPATH=/home/yyh/ros2_ws/install/realsense2_camera_msgs/lib/python3.8/site-packages:${PYTHONPATH} /usr/bin/cmake /home/yyh/ros2_ws/src/realsense-ros-4.51.1/realsense2_description -DAMENT_CMAKE_SYMLINK_INSTALL=1 -DCMAKE_INSTALL_PREFIX=/home/yyh/ros2_ws/install/realsense2_description
[0.298s] Invoking command in '/home/yyh/ros2_ws/build/realsense2_description': AMENT_PREFIX_PATH=/home/yyh/ros2_ws/install/realsense2_camera_msgs:${AMENT_PREFIX_PATH} CMAKE_PREFIX_PATH=/home/yyh/ros2_ws/install/realsense2_camera_msgs:/opt/ros/foxy LD_LIBRARY_PATH=/home/yyh/ros2_ws/install/realsense2_camera_msgs/lib:${LD_LIBRARY_PATH} PYTHONPATH=/home/yyh/ros2_ws/install/realsense2_camera_msgs/lib/python3.8/site-packages:${PYTHONPATH} /usr/bin/cmake --build /home/yyh/ros2_ws/build/realsense2_description -- -j4 -l4
[0.326s] Invoked command in '/home/yyh/ros2_ws/build/realsense2_description' returned '0': AMENT_PREFIX_PATH=/home/yyh/ros2_ws/install/realsense2_camera_msgs:${AMENT_PREFIX_PATH} CMAKE_PREFIX_PATH=/home/yyh/ros2_ws/install/realsense2_camera_msgs:/opt/ros/foxy LD_LIBRARY_PATH=/home/yyh/ros2_ws/install/realsense2_camera_msgs/lib:${LD_LIBRARY_PATH} PYTHONPATH=/home/yyh/ros2_ws/install/realsense2_camera_msgs/lib/python3.8/site-packages:${PYTHONPATH} /usr/bin/cmake --build /home/yyh/ros2_ws/build/realsense2_description -- -j4 -l4
[0.341s] Invoking command in '/home/yyh/ros2_ws/build/realsense2_description': AMENT_PREFIX_PATH=/home/yyh/ros2_ws/install/realsense2_camera_msgs:${AMENT_PREFIX_PATH} CMAKE_PREFIX_PATH=/home/yyh/ros2_ws/install/realsense2_camera_msgs:/opt/ros/foxy LD_LIBRARY_PATH=/home/yyh/ros2_ws/install/realsense2_camera_msgs/lib:${LD_LIBRARY_PATH} PYTHONPATH=/home/yyh/ros2_ws/install/realsense2_camera_msgs/lib/python3.8/site-packages:${PYTHONPATH} /usr/bin/cmake --install /home/yyh/ros2_ws/build/realsense2_description
[0.347s] -- Install configuration: ""
[0.347s] -- Execute custom install script
[0.347s] -- Symlinking: /home/yyh/ros2_ws/install/realsense2_description/share/realsense2_description/launch/launch_utils.py
[0.354s] -- Symlinking: /home/yyh/ros2_ws/install/realsense2_description/share/realsense2_description/launch/view_model.launch.py
[0.360s] -- Symlinking: /home/yyh/ros2_ws/install/realsense2_description/share/realsense2_description/meshes/d415.stl
[0.367s] -- Symlinking: /home/yyh/ros2_ws/install/realsense2_description/share/realsense2_description/meshes/d435.dae
[0.374s] -- Symlinking: /home/yyh/ros2_ws/install/realsense2_description/share/realsense2_description/meshes/d455.stl
[0.380s] -- Symlinking: /home/yyh/ros2_ws/install/realsense2_description/share/realsense2_description/meshes/l515.dae
[0.388s] -- Symlinking: /home/yyh/ros2_ws/install/realsense2_description/share/realsense2_description/meshes/plug.stl
[0.394s] -- Symlinking: /home/yyh/ros2_ws/install/realsense2_description/share/realsense2_description/meshes/plug_collision.stl
[0.400s] -- Symlinking: /home/yyh/ros2_ws/install/realsense2_description/share/realsense2_description/rviz/urdf.rviz
[0.407s] -- Symlinking: /home/yyh/ros2_ws/install/realsense2_description/share/realsense2_description/urdf/_d415.urdf.xacro
[0.413s] -- Symlinking: /home/yyh/ros2_ws/install/realsense2_description/share/realsense2_description/urdf/_d435.urdf.xacro
[0.419s] -- Symlinking: /home/yyh/ros2_ws/install/realsense2_description/share/realsense2_description/urdf/_d435i.urdf.xacro
[0.425s] -- Symlinking: /home/yyh/ros2_ws/install/realsense2_description/share/realsense2_description/urdf/_d435i_imu_modules.urdf.xacro
[0.431s] -- Symlinking: /home/yyh/ros2_ws/install/realsense2_description/share/realsense2_description/urdf/_d455.urdf.xacro
[0.437s] -- Symlinking: /home/yyh/ros2_ws/install/realsense2_description/share/realsense2_description/urdf/_l515.urdf.xacro
[0.443s] -- Symlinking: /home/yyh/ros2_ws/install/realsense2_description/share/realsense2_description/urdf/_materials.urdf.xacro
[0.449s] -- Symlinking: /home/yyh/ros2_ws/install/realsense2_description/share/realsense2_description/urdf/_r410.urdf.xacro
[0.455s] -- Symlinking: /home/yyh/ros2_ws/install/realsense2_description/share/realsense2_description/urdf/_r430.urdf.xacro
[0.461s] -- Symlinking: /home/yyh/ros2_ws/install/realsense2_description/share/realsense2_description/urdf/_usb_plug.urdf.xacro
[0.467s] -- Symlinking: /home/yyh/ros2_ws/install/realsense2_description/share/realsense2_description/urdf/test_d415_camera.urdf.xacro
[0.473s] -- Symlinking: /home/yyh/ros2_ws/install/realsense2_description/share/realsense2_description/urdf/test_d435_camera.urdf.xacro
[0.480s] -- Symlinking: /home/yyh/ros2_ws/install/realsense2_description/share/realsense2_description/urdf/test_d435_multiple_cameras.urdf.xacro
[0.486s] -- Symlinking: /home/yyh/ros2_ws/install/realsense2_description/share/realsense2_description/urdf/test_d435i_camera.urdf.xacro
[0.492s] -- Symlinking: /home/yyh/ros2_ws/install/realsense2_description/share/realsense2_description/urdf/test_d455_camera.urdf.xacro
[0.498s] -- Symlinking: /home/yyh/ros2_ws/install/realsense2_description/share/realsense2_description/urdf/test_l515_camera.urdf.xacro
[0.504s] -- Symlinking: /home/yyh/ros2_ws/install/realsense2_description/share/realsense2_description/urdf/test_r410_camera.urdf.xacro
[0.510s] -- Symlinking: /home/yyh/ros2_ws/install/realsense2_description/share/realsense2_description/urdf/test_r430_camera.urdf.xacro
[0.516s] -- Symlinking: /home/yyh/ros2_ws/install/realsense2_description/share/ament_index/resource_index/package_run_dependencies/realsense2_description
[0.522s] -- Symlinking: /home/yyh/ros2_ws/install/realsense2_description/share/ament_index/resource_index/parent_prefix_path/realsense2_description
[0.529s] -- Symlinking: /home/yyh/ros2_ws/install/realsense2_description/share/realsense2_description/environment/ament_prefix_path.sh
[0.536s] -- Symlinking: /home/yyh/ros2_ws/install/realsense2_description/share/realsense2_description/environment/ament_prefix_path.dsv
[0.543s] -- Symlinking: /home/yyh/ros2_ws/install/realsense2_description/share/realsense2_description/environment/path.sh
[0.551s] -- Symlinking: /home/yyh/ros2_ws/install/realsense2_description/share/realsense2_description/environment/path.dsv
[0.557s] -- Symlinking: /home/yyh/ros2_ws/install/realsense2_description/share/realsense2_description/local_setup.bash
[0.563s] -- Symlinking: /home/yyh/ros2_ws/install/realsense2_description/share/realsense2_description/local_setup.sh
[0.570s] -- Symlinking: /home/yyh/ros2_ws/install/realsense2_description/share/realsense2_description/local_setup.zsh
[0.576s] -- Symlinking: /home/yyh/ros2_ws/install/realsense2_description/share/realsense2_description/local_setup.dsv
[0.582s] -- Symlinking: /home/yyh/ros2_ws/install/realsense2_description/share/realsense2_description/package.dsv
[0.588s] -- Symlinking: /home/yyh/ros2_ws/install/realsense2_description/share/ament_index/resource_index/packages/realsense2_description
[0.594s] -- Symlinking: /home/yyh/ros2_ws/install/realsense2_description/share/realsense2_description/cmake/realsense2_descriptionConfig.cmake
[0.600s] -- Symlinking: /home/yyh/ros2_ws/install/realsense2_description/share/realsense2_description/cmake/realsense2_descriptionConfig-version.cmake
[0.607s] -- Symlinking: /home/yyh/ros2_ws/install/realsense2_description/share/realsense2_description/package.xml
[0.614s] Invoked command in '/home/yyh/ros2_ws/build/realsense2_description' returned '0': AMENT_PREFIX_PATH=/home/yyh/ros2_ws/install/realsense2_camera_msgs:${AMENT_PREFIX_PATH} CMAKE_PREFIX_PATH=/home/yyh/ros2_ws/install/realsense2_camera_msgs:/opt/ros/foxy LD_LIBRARY_PATH=/home/yyh/ros2_ws/install/realsense2_camera_msgs/lib:${LD_LIBRARY_PATH} PYTHONPATH=/home/yyh/ros2_ws/install/realsense2_camera_msgs/lib/python3.8/site-packages:${PYTHONPATH} /usr/bin/cmake --install /home/yyh/ros2_ws/build/realsense2_description
