[1.811s] Invoking command in '/home/yyh/ros2_ws/build/yyh_object': PYTHONPATH=/home/yyh/ros2_ws/build/yyh_object/prefix_override:/usr/lib/python3/dist-packages/colcon_core/task/python/colcon_distutils_commands:/home/yyh/ros2_ws/install/yyh_object/lib/python3.8/site-packages:${PYTHONPATH} /usr/bin/python3 -W ignore:setup.py install is deprecated setup.py develop --editable --build-directory /home/yyh/ros2_ws/build/yyh_object/build --no-deps symlink_data
[2.287s] running develop
[2.287s] /home/yyh/.local/lib/python3.8/site-packages/setuptools/command/develop.py:41: EasyInstallDeprecationWarning: easy_install command is deprecated.
[2.287s] !!
[2.288s] 
[2.288s]         ********************************************************************************
[2.288s]         Please avoid running ``setup.py`` and ``easy_install``.
[2.288s]         Instead, use pypa/build, pypa/installer or other
[2.288s]         standards-based tools.
[2.288s] 
[2.288s]         See https://github.com/pypa/setuptools/issues/917 for details.
[2.288s]         ********************************************************************************
[2.288s] 
[2.288s] !!
[2.288s]   easy_install.initialize_options(self)
[2.497s] running egg_info
[2.511s] writing yyh_object.egg-info/PKG-INFO
[2.512s] writing dependency_links to yyh_object.egg-info/dependency_links.txt
[2.513s] writing entry points to yyh_object.egg-info/entry_points.txt
[2.513s] writing requirements to yyh_object.egg-info/requires.txt
[2.513s] writing top-level names to yyh_object.egg-info/top_level.txt
[4.843s] writing manifest file 'yyh_object.egg-info/SOURCES.txt'
[4.975s] running build_ext
[4.975s] Creating /home/yyh/ros2_ws/install/yyh_object/lib/python3.8/site-packages/yyh-object.egg-link (link to .)
[4.977s] Installing image script to /home/yyh/ros2_ws/install/yyh_object/lib/yyh_object
[4.977s] 
[4.977s] Installed /home/yyh/ros2_ws/build/yyh_object
[4.977s] running symlink_data
[5.105s] Invoked command in '/home/yyh/ros2_ws/build/yyh_object' returned '0': PYTHONPATH=/home/yyh/ros2_ws/build/yyh_object/prefix_override:/usr/lib/python3/dist-packages/colcon_core/task/python/colcon_distutils_commands:/home/yyh/ros2_ws/install/yyh_object/lib/python3.8/site-packages:${PYTHONPATH} /usr/bin/python3 -W ignore:setup.py install is deprecated setup.py develop --editable --build-directory /home/yyh/ros2_ws/build/yyh_object/build --no-deps symlink_data
