[0.126s] Invoking command in '/home/yyh/ros2_ws/build/learning_interface': CMAKE_PREFIX_PATH=${CMAKE_PREFIX_PATH}:/home/yyh/ros2_ws/install/yyh_object:/home/yyh/ros2_ws/install/yyh_nav:/home/yyh/ros2_ws/install/yyh_launch:/home/yyh/ros2_ws/install/yolov5_ros2:/opt/ros/foxy /usr/bin/cmake --build /home/yyh/ros2_ws/build/learning_interface -- -j4 -l4
[2.577s] [  1%] Built target learning_interface__cpp
[2.577s] [ 12%] Built target learning_interface__rosidl_generator_c
[2.577s] [ 23%] Built target learning_interface__rosidl_typesupport_introspection_cpp
[2.577s] [ 35%] Built target learning_interface__rosidl_typesupport_introspection_c
[2.577s] [ 46%] Built target learning_interface__rosidl_typesupport_c
[2.577s] [ 57%] Built target learning_interface__rosidl_typesupport_fastrtps_cpp
[2.578s] [ 69%] Built target learning_interface__rosidl_typesupport_cpp
[2.578s] [ 80%] Built target learning_interface__rosidl_typesupport_fastrtps_c
[2.578s] [ 80%] Built target learning_interface
[2.578s] [ 81%] Built target learning_interface__py
[2.578s] [ 91%] Built target learning_interface__python
[2.578s] [ 94%] Built target learning_interface__rosidl_typesupport_c__pyext
[2.578s] [ 97%] Built target learning_interface__rosidl_typesupport_fastrtps_c__pyext
[2.578s] [100%] Built target learning_interface__rosidl_typesupport_introspection_c__pyext
[2.637s] Invoked command in '/home/yyh/ros2_ws/build/learning_interface' returned '0': CMAKE_PREFIX_PATH=${CMAKE_PREFIX_PATH}:/home/yyh/ros2_ws/install/yyh_object:/home/yyh/ros2_ws/install/yyh_nav:/home/yyh/ros2_ws/install/yyh_launch:/home/yyh/ros2_ws/install/yolov5_ros2:/opt/ros/foxy /usr/bin/cmake --build /home/yyh/ros2_ws/build/learning_interface -- -j4 -l4
[3.116s] Invoking command in '/home/yyh/ros2_ws/build/learning_interface': CMAKE_PREFIX_PATH=${CMAKE_PREFIX_PATH}:/home/yyh/ros2_ws/install/yyh_object:/home/yyh/ros2_ws/install/yyh_nav:/home/yyh/ros2_ws/install/yyh_launch:/home/yyh/ros2_ws/install/yolov5_ros2:/opt/ros/foxy /usr/bin/cmake --install /home/yyh/ros2_ws/build/learning_interface
[3.157s] -- Install configuration: ""
[3.158s] -- Up-to-date: /home/yyh/ros2_ws/install/learning_interface/share/ament_index/resource_index/rosidl_interfaces/learning_interface
[3.158s] -- Up-to-date: /home/yyh/ros2_ws/install/learning_interface/include/learning_interface
[3.158s] -- Up-to-date: /home/yyh/ros2_ws/install/learning_interface/include/learning_interface/msg
[3.158s] -- Up-to-date: /home/yyh/ros2_ws/install/learning_interface/include/learning_interface/msg/object_position.h
[3.159s] -- Up-to-date: /home/yyh/ros2_ws/install/learning_interface/include/learning_interface/msg/rosidl_generator_c__visibility_control.h
[3.159s] -- Up-to-date: /home/yyh/ros2_ws/install/learning_interface/include/learning_interface/msg/detail
[3.159s] -- Up-to-date: /home/yyh/ros2_ws/install/learning_interface/include/learning_interface/msg/detail/my_state__type_support.h
[3.159s] -- Up-to-date: /home/yyh/ros2_ws/install/learning_interface/include/learning_interface/msg/detail/object_position__struct.h
[3.160s] -- Up-to-date: /home/yyh/ros2_ws/install/learning_interface/include/learning_interface/msg/detail/object_position__functions.c
[3.160s] -- Up-to-date: /home/yyh/ros2_ws/install/learning_interface/include/learning_interface/msg/detail/stm32__functions.c
[3.160s] -- Up-to-date: /home/yyh/ros2_ws/install/learning_interface/include/learning_interface/msg/detail/object_position__functions.h
[3.161s] -- Up-to-date: /home/yyh/ros2_ws/install/learning_interface/include/learning_interface/msg/detail/stm32__type_support.h
[3.161s] -- Up-to-date: /home/yyh/ros2_ws/install/learning_interface/include/learning_interface/msg/detail/object_position__type_support.h
[3.161s] -- Up-to-date: /home/yyh/ros2_ws/install/learning_interface/include/learning_interface/msg/detail/my_state__struct.h
[3.161s] -- Up-to-date: /home/yyh/ros2_ws/install/learning_interface/include/learning_interface/msg/detail/my_state__functions.c
[3.161s] -- Up-to-date: /home/yyh/ros2_ws/install/learning_interface/include/learning_interface/msg/detail/stm32__struct.h
[3.161s] -- Up-to-date: /home/yyh/ros2_ws/install/learning_interface/include/learning_interface/msg/detail/stm32__functions.h
[3.162s] -- Up-to-date: /home/yyh/ros2_ws/install/learning_interface/include/learning_interface/msg/detail/my_state__functions.h
[3.162s] -- Up-to-date: /home/yyh/ros2_ws/install/learning_interface/include/learning_interface/msg/stm32.h
[3.162s] -- Up-to-date: /home/yyh/ros2_ws/install/learning_interface/include/learning_interface/msg/my_state.h
[3.162s] -- Up-to-date: /home/yyh/ros2_ws/install/learning_interface/include/learning_interface/action
[3.162s] -- Up-to-date: /home/yyh/ros2_ws/install/learning_interface/include/learning_interface/action/detail
[3.162s] -- Up-to-date: /home/yyh/ros2_ws/install/learning_interface/include/learning_interface/action/detail/move_circle__type_support.h
[3.163s] -- Up-to-date: /home/yyh/ros2_ws/install/learning_interface/include/learning_interface/action/detail/move_circle__functions.c
[3.163s] -- Up-to-date: /home/yyh/ros2_ws/install/learning_interface/include/learning_interface/action/detail/move_circle__struct.h
[3.163s] -- Up-to-date: /home/yyh/ros2_ws/install/learning_interface/include/learning_interface/action/detail/move_circle__functions.h
[3.163s] -- Up-to-date: /home/yyh/ros2_ws/install/learning_interface/include/learning_interface/action/move_circle.h
[3.163s] -- Up-to-date: /home/yyh/ros2_ws/install/learning_interface/include/learning_interface/srv
[3.163s] -- Up-to-date: /home/yyh/ros2_ws/install/learning_interface/include/learning_interface/srv/add_two_ints.h
[3.164s] -- Up-to-date: /home/yyh/ros2_ws/install/learning_interface/include/learning_interface/srv/detail
[3.164s] -- Up-to-date: /home/yyh/ros2_ws/install/learning_interface/include/learning_interface/srv/detail/get_object_position__struct.h
[3.164s] -- Up-to-date: /home/yyh/ros2_ws/install/learning_interface/include/learning_interface/srv/detail/add_two_ints__functions.c
[3.164s] -- Up-to-date: /home/yyh/ros2_ws/install/learning_interface/include/learning_interface/srv/detail/add_two_ints__functions.h
[3.164s] -- Up-to-date: /home/yyh/ros2_ws/install/learning_interface/include/learning_interface/srv/detail/get_object_position__type_support.h
[3.164s] -- Up-to-date: /home/yyh/ros2_ws/install/learning_interface/include/learning_interface/srv/detail/add_two_ints__type_support.h
[3.165s] -- Up-to-date: /home/yyh/ros2_ws/install/learning_interface/include/learning_interface/srv/detail/get_object_position__functions.c
[3.165s] -- Up-to-date: /home/yyh/ros2_ws/install/learning_interface/include/learning_interface/srv/detail/get_object_position__functions.h
[3.165s] -- Up-to-date: /home/yyh/ros2_ws/install/learning_interface/include/learning_interface/srv/detail/add_two_ints__struct.h
[3.165s] -- Up-to-date: /home/yyh/ros2_ws/install/learning_interface/include/learning_interface/srv/get_object_position.h
[3.165s] -- Up-to-date: /home/yyh/ros2_ws/install/learning_interface/share/learning_interface/environment/library_path.sh
[3.166s] -- Up-to-date: /home/yyh/ros2_ws/install/learning_interface/share/learning_interface/environment/library_path.dsv
[3.166s] -- Up-to-date: /home/yyh/ros2_ws/install/learning_interface/lib/liblearning_interface__rosidl_generator_c.so
[3.167s] -- Up-to-date: /home/yyh/ros2_ws/install/learning_interface/include/learning_interface
[3.167s] -- Up-to-date: /home/yyh/ros2_ws/install/learning_interface/include/learning_interface/msg
[3.167s] -- Up-to-date: /home/yyh/ros2_ws/install/learning_interface/include/learning_interface/msg/rosidl_typesupport_fastrtps_c__visibility_control.h
[3.167s] -- Up-to-date: /home/yyh/ros2_ws/install/learning_interface/include/learning_interface/msg/detail
[3.167s] -- Up-to-date: /home/yyh/ros2_ws/install/learning_interface/include/learning_interface/msg/detail/my_state__rosidl_typesupport_fastrtps_c.h
[3.168s] -- Up-to-date: /home/yyh/ros2_ws/install/learning_interface/include/learning_interface/msg/detail/stm32__rosidl_typesupport_fastrtps_c.h
[3.168s] -- Up-to-date: /home/yyh/ros2_ws/install/learning_interface/include/learning_interface/msg/detail/object_position__rosidl_typesupport_fastrtps_c.h
[3.168s] -- Up-to-date: /home/yyh/ros2_ws/install/learning_interface/include/learning_interface/action
[3.168s] -- Up-to-date: /home/yyh/ros2_ws/install/learning_interface/include/learning_interface/action/detail
[3.168s] -- Up-to-date: /home/yyh/ros2_ws/install/learning_interface/include/learning_interface/action/detail/move_circle__rosidl_typesupport_fastrtps_c.h
[3.168s] -- Up-to-date: /home/yyh/ros2_ws/install/learning_interface/include/learning_interface/srv
[3.169s] -- Up-to-date: /home/yyh/ros2_ws/install/learning_interface/include/learning_interface/srv/detail
[3.169s] -- Up-to-date: /home/yyh/ros2_ws/install/learning_interface/include/learning_interface/srv/detail/add_two_ints__rosidl_typesupport_fastrtps_c.h
[3.169s] -- Up-to-date: /home/yyh/ros2_ws/install/learning_interface/include/learning_interface/srv/detail/get_object_position__rosidl_typesupport_fastrtps_c.h
[3.170s] -- Up-to-date: /home/yyh/ros2_ws/install/learning_interface/lib/liblearning_interface__rosidl_typesupport_fastrtps_c.so
[3.171s] -- Up-to-date: /home/yyh/ros2_ws/install/learning_interface/include/learning_interface
[3.171s] -- Up-to-date: /home/yyh/ros2_ws/install/learning_interface/include/learning_interface/msg
[3.171s] -- Up-to-date: /home/yyh/ros2_ws/install/learning_interface/include/learning_interface/msg/detail
[3.171s] -- Up-to-date: /home/yyh/ros2_ws/install/learning_interface/include/learning_interface/msg/detail/object_position__rosidl_typesupport_fastrtps_cpp.hpp
[3.171s] -- Up-to-date: /home/yyh/ros2_ws/install/learning_interface/include/learning_interface/msg/detail/my_state__rosidl_typesupport_fastrtps_cpp.hpp
[3.172s] -- Up-to-date: /home/yyh/ros2_ws/install/learning_interface/include/learning_interface/msg/detail/dds_fastrtps
[3.173s] -- Up-to-date: /home/yyh/ros2_ws/install/learning_interface/include/learning_interface/msg/detail/stm32__rosidl_typesupport_fastrtps_cpp.hpp
[3.173s] -- Up-to-date: /home/yyh/ros2_ws/install/learning_interface/include/learning_interface/msg/rosidl_typesupport_fastrtps_cpp__visibility_control.h
[3.173s] -- Up-to-date: /home/yyh/ros2_ws/install/learning_interface/include/learning_interface/action
[3.173s] -- Up-to-date: /home/yyh/ros2_ws/install/learning_interface/include/learning_interface/action/detail
[3.174s] -- Up-to-date: /home/yyh/ros2_ws/install/learning_interface/include/learning_interface/action/detail/move_circle__rosidl_typesupport_fastrtps_cpp.hpp
[3.174s] -- Up-to-date: /home/yyh/ros2_ws/install/learning_interface/include/learning_interface/action/detail/dds_fastrtps
[3.174s] -- Up-to-date: /home/yyh/ros2_ws/install/learning_interface/include/learning_interface/srv
[3.174s] -- Up-to-date: /home/yyh/ros2_ws/install/learning_interface/include/learning_interface/srv/detail
[3.174s] -- Up-to-date: /home/yyh/ros2_ws/install/learning_interface/include/learning_interface/srv/detail/get_object_position__rosidl_typesupport_fastrtps_cpp.hpp
[3.174s] -- Up-to-date: /home/yyh/ros2_ws/install/learning_interface/include/learning_interface/srv/detail/dds_fastrtps
[3.174s] -- Up-to-date: /home/yyh/ros2_ws/install/learning_interface/include/learning_interface/srv/detail/add_two_ints__rosidl_typesupport_fastrtps_cpp.hpp
[3.174s] -- Up-to-date: /home/yyh/ros2_ws/install/learning_interface/lib/liblearning_interface__rosidl_typesupport_fastrtps_cpp.so
[3.175s] -- Up-to-date: /home/yyh/ros2_ws/install/learning_interface/include/learning_interface
[3.175s] -- Up-to-date: /home/yyh/ros2_ws/install/learning_interface/include/learning_interface/msg
[3.175s] -- Up-to-date: /home/yyh/ros2_ws/install/learning_interface/include/learning_interface/msg/rosidl_typesupport_introspection_c__visibility_control.h
[3.175s] -- Up-to-date: /home/yyh/ros2_ws/install/learning_interface/include/learning_interface/msg/detail
[3.175s] -- Up-to-date: /home/yyh/ros2_ws/install/learning_interface/include/learning_interface/msg/detail/object_position__rosidl_typesupport_introspection_c.h
[3.175s] -- Up-to-date: /home/yyh/ros2_ws/install/learning_interface/include/learning_interface/msg/detail/my_state__rosidl_typesupport_introspection_c.h
[3.175s] -- Up-to-date: /home/yyh/ros2_ws/install/learning_interface/include/learning_interface/msg/detail/stm32__type_support.c
[3.176s] -- Up-to-date: /home/yyh/ros2_ws/install/learning_interface/include/learning_interface/msg/detail/object_position__type_support.c
[3.176s] -- Up-to-date: /home/yyh/ros2_ws/install/learning_interface/include/learning_interface/msg/detail/stm32__rosidl_typesupport_introspection_c.h
[3.176s] -- Up-to-date: /home/yyh/ros2_ws/install/learning_interface/include/learning_interface/msg/detail/my_state__type_support.c
[3.176s] -- Up-to-date: /home/yyh/ros2_ws/install/learning_interface/include/learning_interface/action
[3.177s] -- Up-to-date: /home/yyh/ros2_ws/install/learning_interface/include/learning_interface/action/detail
[3.177s] -- Up-to-date: /home/yyh/ros2_ws/install/learning_interface/include/learning_interface/action/detail/move_circle__type_support.c
[3.177s] -- Up-to-date: /home/yyh/ros2_ws/install/learning_interface/include/learning_interface/action/detail/move_circle__rosidl_typesupport_introspection_c.h
[3.177s] -- Up-to-date: /home/yyh/ros2_ws/install/learning_interface/include/learning_interface/srv
[3.177s] -- Up-to-date: /home/yyh/ros2_ws/install/learning_interface/include/learning_interface/srv/detail
[3.177s] -- Up-to-date: /home/yyh/ros2_ws/install/learning_interface/include/learning_interface/srv/detail/add_two_ints__rosidl_typesupport_introspection_c.h
[3.177s] -- Up-to-date: /home/yyh/ros2_ws/install/learning_interface/include/learning_interface/srv/detail/add_two_ints__type_support.c
[3.177s] -- Up-to-date: /home/yyh/ros2_ws/install/learning_interface/include/learning_interface/srv/detail/get_object_position__rosidl_typesupport_introspection_c.h
[3.177s] -- Up-to-date: /home/yyh/ros2_ws/install/learning_interface/include/learning_interface/srv/detail/get_object_position__type_support.c
[3.177s] -- Up-to-date: /home/yyh/ros2_ws/install/learning_interface/lib/liblearning_interface__rosidl_typesupport_introspection_c.so
[3.178s] -- Up-to-date: /home/yyh/ros2_ws/install/learning_interface/lib/liblearning_interface__rosidl_typesupport_c.so
[3.178s] -- Up-to-date: /home/yyh/ros2_ws/install/learning_interface/include/learning_interface
[3.178s] -- Up-to-date: /home/yyh/ros2_ws/install/learning_interface/include/learning_interface/msg
[3.178s] -- Up-to-date: /home/yyh/ros2_ws/install/learning_interface/include/learning_interface/msg/detail
[3.179s] -- Up-to-date: /home/yyh/ros2_ws/install/learning_interface/include/learning_interface/msg/detail/object_position__traits.hpp
[3.179s] -- Up-to-date: /home/yyh/ros2_ws/install/learning_interface/include/learning_interface/msg/detail/stm32__type_support.hpp
[3.179s] -- Up-to-date: /home/yyh/ros2_ws/install/learning_interface/include/learning_interface/msg/detail/stm32__struct.hpp
[3.180s] -- Up-to-date: /home/yyh/ros2_ws/install/learning_interface/include/learning_interface/msg/detail/object_position__builder.hpp
[3.180s] -- Up-to-date: /home/yyh/ros2_ws/install/learning_interface/include/learning_interface/msg/detail/my_state__builder.hpp
[3.180s] -- Up-to-date: /home/yyh/ros2_ws/install/learning_interface/include/learning_interface/msg/detail/object_position__struct.hpp
[3.180s] -- Up-to-date: /home/yyh/ros2_ws/install/learning_interface/include/learning_interface/msg/detail/object_position__type_support.hpp
[3.180s] -- Up-to-date: /home/yyh/ros2_ws/install/learning_interface/include/learning_interface/msg/detail/my_state__traits.hpp
[3.180s] -- Up-to-date: /home/yyh/ros2_ws/install/learning_interface/include/learning_interface/msg/detail/stm32__builder.hpp
[3.181s] -- Up-to-date: /home/yyh/ros2_ws/install/learning_interface/include/learning_interface/msg/detail/stm32__traits.hpp
[3.181s] -- Up-to-date: /home/yyh/ros2_ws/install/learning_interface/include/learning_interface/msg/detail/my_state__type_support.hpp
[3.181s] -- Up-to-date: /home/yyh/ros2_ws/install/learning_interface/include/learning_interface/msg/detail/my_state__struct.hpp
[3.181s] -- Up-to-date: /home/yyh/ros2_ws/install/learning_interface/include/learning_interface/msg/rosidl_generator_cpp__visibility_control.hpp
[3.181s] -- Up-to-date: /home/yyh/ros2_ws/install/learning_interface/include/learning_interface/msg/object_position.hpp
[3.181s] -- Up-to-date: /home/yyh/ros2_ws/install/learning_interface/include/learning_interface/msg/stm32.hpp
[3.181s] -- Up-to-date: /home/yyh/ros2_ws/install/learning_interface/include/learning_interface/msg/my_state.hpp
[3.181s] -- Up-to-date: /home/yyh/ros2_ws/install/learning_interface/include/learning_interface/action
[3.181s] -- Up-to-date: /home/yyh/ros2_ws/install/learning_interface/include/learning_interface/action/detail
[3.181s] -- Up-to-date: /home/yyh/ros2_ws/install/learning_interface/include/learning_interface/action/detail/move_circle__struct.hpp
[3.181s] -- Up-to-date: /home/yyh/ros2_ws/install/learning_interface/include/learning_interface/action/detail/move_circle__builder.hpp
[3.181s] -- Up-to-date: /home/yyh/ros2_ws/install/learning_interface/include/learning_interface/action/detail/move_circle__type_support.hpp
[3.181s] -- Up-to-date: /home/yyh/ros2_ws/install/learning_interface/include/learning_interface/action/detail/move_circle__traits.hpp
[3.181s] -- Up-to-date: /home/yyh/ros2_ws/install/learning_interface/include/learning_interface/action/move_circle.hpp
[3.181s] -- Up-to-date: /home/yyh/ros2_ws/install/learning_interface/include/learning_interface/srv
[3.182s] -- Up-to-date: /home/yyh/ros2_ws/install/learning_interface/include/learning_interface/srv/get_object_position.hpp
[3.182s] -- Up-to-date: /home/yyh/ros2_ws/install/learning_interface/include/learning_interface/srv/detail
[3.182s] -- Up-to-date: /home/yyh/ros2_ws/install/learning_interface/include/learning_interface/srv/detail/add_two_ints__traits.hpp
[3.182s] -- Up-to-date: /home/yyh/ros2_ws/install/learning_interface/include/learning_interface/srv/detail/get_object_position__builder.hpp
[3.182s] -- Up-to-date: /home/yyh/ros2_ws/install/learning_interface/include/learning_interface/srv/detail/add_two_ints__struct.hpp
[3.182s] -- Up-to-date: /home/yyh/ros2_ws/install/learning_interface/include/learning_interface/srv/detail/add_two_ints__type_support.hpp
[3.182s] -- Up-to-date: /home/yyh/ros2_ws/install/learning_interface/include/learning_interface/srv/detail/get_object_position__traits.hpp
[3.182s] -- Up-to-date: /home/yyh/ros2_ws/install/learning_interface/include/learning_interface/srv/detail/get_object_position__struct.hpp
[3.183s] -- Up-to-date: /home/yyh/ros2_ws/install/learning_interface/include/learning_interface/srv/detail/add_two_ints__builder.hpp
[3.185s] -- Up-to-date: /home/yyh/ros2_ws/install/learning_interface/include/learning_interface/srv/detail/get_object_position__type_support.hpp
[3.185s] -- Up-to-date: /home/yyh/ros2_ws/install/learning_interface/include/learning_interface/srv/add_two_ints.hpp
[3.185s] -- Up-to-date: /home/yyh/ros2_ws/install/learning_interface/include/learning_interface
[3.185s] -- Up-to-date: /home/yyh/ros2_ws/install/learning_interface/include/learning_interface/msg
[3.185s] -- Up-to-date: /home/yyh/ros2_ws/install/learning_interface/include/learning_interface/msg/detail
[3.185s] -- Up-to-date: /home/yyh/ros2_ws/install/learning_interface/include/learning_interface/msg/detail/my_state__type_support.cpp
[3.188s] -- Up-to-date: /home/yyh/ros2_ws/install/learning_interface/include/learning_interface/msg/detail/object_position__type_support.cpp
[3.188s] -- Up-to-date: /home/yyh/ros2_ws/install/learning_interface/include/learning_interface/msg/detail/object_position__rosidl_typesupport_introspection_cpp.hpp
[3.188s] -- Up-to-date: /home/yyh/ros2_ws/install/learning_interface/include/learning_interface/msg/detail/stm32__rosidl_typesupport_introspection_cpp.hpp
[3.189s] -- Up-to-date: /home/yyh/ros2_ws/install/learning_interface/include/learning_interface/msg/detail/my_state__rosidl_typesupport_introspection_cpp.hpp
[3.189s] -- Up-to-date: /home/yyh/ros2_ws/install/learning_interface/include/learning_interface/msg/detail/stm32__type_support.cpp
[3.189s] -- Up-to-date: /home/yyh/ros2_ws/install/learning_interface/include/learning_interface/action
[3.189s] -- Up-to-date: /home/yyh/ros2_ws/install/learning_interface/include/learning_interface/action/detail
[3.189s] -- Up-to-date: /home/yyh/ros2_ws/install/learning_interface/include/learning_interface/action/detail/move_circle__type_support.cpp
[3.189s] -- Up-to-date: /home/yyh/ros2_ws/install/learning_interface/include/learning_interface/action/detail/move_circle__rosidl_typesupport_introspection_cpp.hpp
[3.189s] -- Up-to-date: /home/yyh/ros2_ws/install/learning_interface/include/learning_interface/srv
[3.190s] -- Up-to-date: /home/yyh/ros2_ws/install/learning_interface/include/learning_interface/srv/detail
[3.192s] -- Up-to-date: /home/yyh/ros2_ws/install/learning_interface/include/learning_interface/srv/detail/get_object_position__type_support.cpp
[3.192s] -- Up-to-date: /home/yyh/ros2_ws/install/learning_interface/include/learning_interface/srv/detail/get_object_position__rosidl_typesupport_introspection_cpp.hpp
[3.192s] -- Up-to-date: /home/yyh/ros2_ws/install/learning_interface/include/learning_interface/srv/detail/add_two_ints__rosidl_typesupport_introspection_cpp.hpp
[3.193s] -- Up-to-date: /home/yyh/ros2_ws/install/learning_interface/include/learning_interface/srv/detail/add_two_ints__type_support.cpp
[3.193s] -- Up-to-date: /home/yyh/ros2_ws/install/learning_interface/lib/liblearning_interface__rosidl_typesupport_introspection_cpp.so
[3.193s] -- Up-to-date: /home/yyh/ros2_ws/install/learning_interface/lib/liblearning_interface__rosidl_typesupport_cpp.so
[3.193s] -- Up-to-date: /home/yyh/ros2_ws/install/learning_interface/share/learning_interface/environment/pythonpath.sh
[3.193s] -- Up-to-date: /home/yyh/ros2_ws/install/learning_interface/share/learning_interface/environment/pythonpath.dsv
[3.193s] -- Up-to-date: /home/yyh/ros2_ws/install/learning_interface/lib/python3.8/site-packages/learning_interface/__init__.py
[3.268s] -- Up-to-date: /home/yyh/ros2_ws/install/learning_interface/lib/python3.8/site-packages/learning_interface/msg
[3.268s] -- Up-to-date: /home/yyh/ros2_ws/install/learning_interface/lib/python3.8/site-packages/learning_interface/msg/__init__.py
[3.268s] -- Up-to-date: /home/yyh/ros2_ws/install/learning_interface/lib/python3.8/site-packages/learning_interface/msg/_my_state_s.c
[3.268s] -- Up-to-date: /home/yyh/ros2_ws/install/learning_interface/lib/python3.8/site-packages/learning_interface/msg/_object_position_s.c
[3.269s] -- Up-to-date: /home/yyh/ros2_ws/install/learning_interface/lib/python3.8/site-packages/learning_interface/msg/_my_state.py
[3.269s] -- Up-to-date: /home/yyh/ros2_ws/install/learning_interface/lib/python3.8/site-packages/learning_interface/msg/_object_position.py
[3.269s] -- Up-to-date: /home/yyh/ros2_ws/install/learning_interface/lib/python3.8/site-packages/learning_interface/msg/_stm32.py
[3.269s] -- Up-to-date: /home/yyh/ros2_ws/install/learning_interface/lib/python3.8/site-packages/learning_interface/msg/_stm32_s.c
[3.269s] -- Up-to-date: /home/yyh/ros2_ws/install/learning_interface/lib/python3.8/site-packages/learning_interface/srv
[3.269s] -- Up-to-date: /home/yyh/ros2_ws/install/learning_interface/lib/python3.8/site-packages/learning_interface/srv/_get_object_position_s.c
[3.274s] -- Up-to-date: /home/yyh/ros2_ws/install/learning_interface/lib/python3.8/site-packages/learning_interface/srv/__init__.py
[3.275s] -- Up-to-date: /home/yyh/ros2_ws/install/learning_interface/lib/python3.8/site-packages/learning_interface/srv/_add_two_ints.py
[3.275s] -- Up-to-date: /home/yyh/ros2_ws/install/learning_interface/lib/python3.8/site-packages/learning_interface/srv/_get_object_position.py
[3.275s] -- Up-to-date: /home/yyh/ros2_ws/install/learning_interface/lib/python3.8/site-packages/learning_interface/srv/_add_two_ints_s.c
[3.275s] -- Up-to-date: /home/yyh/ros2_ws/install/learning_interface/lib/python3.8/site-packages/learning_interface/action
[3.275s] -- Up-to-date: /home/yyh/ros2_ws/install/learning_interface/lib/python3.8/site-packages/learning_interface/action/__init__.py
[3.281s] -- Up-to-date: /home/yyh/ros2_ws/install/learning_interface/lib/python3.8/site-packages/learning_interface/action/_move_circle.py
[3.282s] -- Up-to-date: /home/yyh/ros2_ws/install/learning_interface/lib/python3.8/site-packages/learning_interface/action/_move_circle_s.c
[3.282s] -- Up-to-date: /home/yyh/ros2_ws/install/learning_interface/lib/python3.8/site-packages/learning_interface/learning_interface_s__rosidl_typesupport_fastrtps_c.cpython-38-x86_64-linux-gnu.so
[3.282s] -- Up-to-date: /home/yyh/ros2_ws/install/learning_interface/lib/python3.8/site-packages/learning_interface/learning_interface_s__rosidl_typesupport_introspection_c.cpython-38-x86_64-linux-gnu.so
[3.282s] -- Up-to-date: /home/yyh/ros2_ws/install/learning_interface/lib/python3.8/site-packages/learning_interface/learning_interface_s__rosidl_typesupport_c.cpython-38-x86_64-linux-gnu.so
[3.282s] -- Up-to-date: /home/yyh/ros2_ws/install/learning_interface/lib/liblearning_interface__python.so
[3.282s] -- Up-to-date: /home/yyh/ros2_ws/install/learning_interface/share/learning_interface/msg/ObjectPosition.idl
[3.283s] -- Up-to-date: /home/yyh/ros2_ws/install/learning_interface/share/learning_interface/msg/MyState.idl
[3.283s] -- Up-to-date: /home/yyh/ros2_ws/install/learning_interface/share/learning_interface/msg/STM32.idl
[3.283s] -- Up-to-date: /home/yyh/ros2_ws/install/learning_interface/share/learning_interface/srv/AddTwoInts.idl
[3.283s] -- Up-to-date: /home/yyh/ros2_ws/install/learning_interface/share/learning_interface/srv/GetObjectPosition.idl
[3.283s] -- Up-to-date: /home/yyh/ros2_ws/install/learning_interface/share/learning_interface/action/MoveCircle.idl
[3.283s] -- Up-to-date: /home/yyh/ros2_ws/install/learning_interface/share/learning_interface/msg/ObjectPosition.msg
[3.283s] -- Up-to-date: /home/yyh/ros2_ws/install/learning_interface/share/learning_interface/msg/MyState.msg
[3.283s] -- Up-to-date: /home/yyh/ros2_ws/install/learning_interface/share/learning_interface/msg/STM32.msg
[3.283s] -- Up-to-date: /home/yyh/ros2_ws/install/learning_interface/share/learning_interface/srv/AddTwoInts.srv
[3.284s] -- Up-to-date: /home/yyh/ros2_ws/install/learning_interface/share/learning_interface/srv/AddTwoInts_Request.msg
[3.284s] -- Up-to-date: /home/yyh/ros2_ws/install/learning_interface/share/learning_interface/srv/AddTwoInts_Response.msg
[3.284s] -- Up-to-date: /home/yyh/ros2_ws/install/learning_interface/share/learning_interface/srv/GetObjectPosition.srv
[3.284s] -- Up-to-date: /home/yyh/ros2_ws/install/learning_interface/share/learning_interface/srv/GetObjectPosition_Request.msg
[3.284s] -- Up-to-date: /home/yyh/ros2_ws/install/learning_interface/share/learning_interface/srv/GetObjectPosition_Response.msg
[3.284s] -- Up-to-date: /home/yyh/ros2_ws/install/learning_interface/share/learning_interface/action/MoveCircle.action
[3.284s] -- Up-to-date: /home/yyh/ros2_ws/install/learning_interface/share/ament_index/resource_index/package_run_dependencies/learning_interface
[3.284s] -- Up-to-date: /home/yyh/ros2_ws/install/learning_interface/share/ament_index/resource_index/parent_prefix_path/learning_interface
[3.284s] -- Up-to-date: /home/yyh/ros2_ws/install/learning_interface/share/learning_interface/environment/ament_prefix_path.sh
[3.284s] -- Up-to-date: /home/yyh/ros2_ws/install/learning_interface/share/learning_interface/environment/ament_prefix_path.dsv
[3.284s] -- Up-to-date: /home/yyh/ros2_ws/install/learning_interface/share/learning_interface/environment/path.sh
[3.285s] -- Up-to-date: /home/yyh/ros2_ws/install/learning_interface/share/learning_interface/environment/path.dsv
[3.285s] -- Up-to-date: /home/yyh/ros2_ws/install/learning_interface/share/learning_interface/local_setup.bash
[3.285s] -- Up-to-date: /home/yyh/ros2_ws/install/learning_interface/share/learning_interface/local_setup.sh
[3.285s] -- Up-to-date: /home/yyh/ros2_ws/install/learning_interface/share/learning_interface/local_setup.zsh
[3.285s] -- Up-to-date: /home/yyh/ros2_ws/install/learning_interface/share/learning_interface/local_setup.dsv
[3.285s] -- Installing: /home/yyh/ros2_ws/install/learning_interface/share/learning_interface/package.dsv
[3.285s] -- Up-to-date: /home/yyh/ros2_ws/install/learning_interface/share/ament_index/resource_index/packages/learning_interface
[3.285s] -- Up-to-date: /home/yyh/ros2_ws/install/learning_interface/share/learning_interface/cmake/learning_interface__rosidl_generator_cExport.cmake
[3.285s] -- Up-to-date: /home/yyh/ros2_ws/install/learning_interface/share/learning_interface/cmake/learning_interface__rosidl_generator_cExport-noconfig.cmake
[3.285s] -- Up-to-date: /home/yyh/ros2_ws/install/learning_interface/share/learning_interface/cmake/learning_interface__rosidl_typesupport_introspection_cExport.cmake
[3.285s] -- Up-to-date: /home/yyh/ros2_ws/install/learning_interface/share/learning_interface/cmake/learning_interface__rosidl_typesupport_introspection_cExport-noconfig.cmake
[3.286s] -- Up-to-date: /home/yyh/ros2_ws/install/learning_interface/share/learning_interface/cmake/learning_interface__rosidl_typesupport_cExport.cmake
[3.286s] -- Up-to-date: /home/yyh/ros2_ws/install/learning_interface/share/learning_interface/cmake/learning_interface__rosidl_typesupport_cExport-noconfig.cmake
[3.286s] -- Up-to-date: /home/yyh/ros2_ws/install/learning_interface/share/learning_interface/cmake/learning_interface__rosidl_generator_cppExport.cmake
[3.286s] -- Up-to-date: /home/yyh/ros2_ws/install/learning_interface/share/learning_interface/cmake/learning_interface__rosidl_typesupport_introspection_cppExport.cmake
[3.286s] -- Up-to-date: /home/yyh/ros2_ws/install/learning_interface/share/learning_interface/cmake/learning_interface__rosidl_typesupport_introspection_cppExport-noconfig.cmake
[3.286s] -- Up-to-date: /home/yyh/ros2_ws/install/learning_interface/share/learning_interface/cmake/learning_interface__rosidl_typesupport_cppExport.cmake
[3.286s] -- Up-to-date: /home/yyh/ros2_ws/install/learning_interface/share/learning_interface/cmake/learning_interface__rosidl_typesupport_cppExport-noconfig.cmake
[3.286s] -- Up-to-date: /home/yyh/ros2_ws/install/learning_interface/share/learning_interface/cmake/rosidl_cmake-extras.cmake
[3.286s] -- Up-to-date: /home/yyh/ros2_ws/install/learning_interface/share/learning_interface/cmake/ament_cmake_export_dependencies-extras.cmake
[3.287s] -- Up-to-date: /home/yyh/ros2_ws/install/learning_interface/share/learning_interface/cmake/ament_cmake_export_libraries-extras.cmake
[3.287s] -- Up-to-date: /home/yyh/ros2_ws/install/learning_interface/share/learning_interface/cmake/ament_cmake_export_targets-extras.cmake
[3.287s] -- Up-to-date: /home/yyh/ros2_ws/install/learning_interface/share/learning_interface/cmake/ament_cmake_export_include_directories-extras.cmake
[3.287s] -- Up-to-date: /home/yyh/ros2_ws/install/learning_interface/share/learning_interface/cmake/rosidl_cmake_export_typesupport_libraries-extras.cmake
[3.287s] -- Up-to-date: /home/yyh/ros2_ws/install/learning_interface/share/learning_interface/cmake/rosidl_cmake_export_typesupport_targets-extras.cmake
[3.287s] -- Up-to-date: /home/yyh/ros2_ws/install/learning_interface/share/learning_interface/cmake/learning_interfaceConfig.cmake
[3.289s] -- Up-to-date: /home/yyh/ros2_ws/install/learning_interface/share/learning_interface/cmake/learning_interfaceConfig-version.cmake
[3.289s] -- Up-to-date: /home/yyh/ros2_ws/install/learning_interface/share/learning_interface/package.xml
[3.289s] Invoked command in '/home/yyh/ros2_ws/build/learning_interface' returned '0': CMAKE_PREFIX_PATH=${CMAKE_PREFIX_PATH}:/home/yyh/ros2_ws/install/yyh_object:/home/yyh/ros2_ws/install/yyh_nav:/home/yyh/ros2_ws/install/yyh_launch:/home/yyh/ros2_ws/install/yolov5_ros2:/opt/ros/foxy /usr/bin/cmake --install /home/yyh/ros2_ws/build/learning_interface
