running develop
/home/yyh/.local/lib/python3.8/site-packages/setuptools/command/develop.py:41: EasyInstallDeprecationWarning: easy_install command is deprecated.
!!

        ********************************************************************************
        Please avoid running ``setup.py`` and ``easy_install``.
        Instead, use pypa/build, pypa/installer or other
        standards-based tools.

        See https://github.com/pypa/setuptools/issues/917 for details.
        ********************************************************************************

!!
  easy_install.initialize_options(self)
running egg_info
writing yyh_nav.egg-info/PKG-INFO
writing dependency_links to yyh_nav.egg-info/dependency_links.txt
writing entry points to yyh_nav.egg-info/entry_points.txt
writing requirements to yyh_nav.egg-info/requires.txt
writing top-level names to yyh_nav.egg-info/top_level.txt
writing manifest file 'yyh_nav.egg-info/SOURCES.txt'
running build_ext
Creating /home/yyh/ros2_ws/install/yyh_nav/lib/python3.8/site-packages/yyh-nav.egg-link (link to .)
Installing t265_pose_test script to /home/yyh/ros2_ws/install/yyh_nav/lib/yyh_nav
Installing tft265 script to /home/yyh/ros2_ws/install/yyh_nav/lib/yyh_nav

Installed /home/yyh/ros2_ws/build/yyh_nav
running symlink_data
