[0.094s] Invoking command in '/home/yyh/ros2_ws/build/realsense2_description': AMENT_PREFIX_PATH=/home/yyh/ros2_ws/install/realsense2_camera_msgs CMAKE_PREFIX_PATH=/home/yyh/ros2_ws/install/realsense2_camera_msgs LD_LIBRARY_PATH=/home/yyh/ros2_ws/install/realsense2_camera_msgs/lib PYTHONPATH=/home/yyh/ros2_ws/install/realsense2_camera_msgs/lib/python3.8/site-packages /usr/bin/cmake --build /home/yyh/ros2_ws/build/realsense2_description -- -j4 -l4
[0.256s] Invoked command in '/home/yyh/ros2_ws/build/realsense2_description' returned '0': AMENT_PREFIX_PATH=/home/yyh/ros2_ws/install/realsense2_camera_msgs CMAKE_PREFIX_PATH=/home/yyh/ros2_ws/install/realsense2_camera_msgs LD_LIBRARY_PATH=/home/yyh/ros2_ws/install/realsense2_camera_msgs/lib PYTHONPATH=/home/yyh/ros2_ws/install/realsense2_camera_msgs/lib/python3.8/site-packages /usr/bin/cmake --build /home/yyh/ros2_ws/build/realsense2_description -- -j4 -l4
[0.306s] Invoking command in '/home/yyh/ros2_ws/build/realsense2_description': AMENT_PREFIX_PATH=/home/yyh/ros2_ws/install/realsense2_camera_msgs CMAKE_PREFIX_PATH=/home/yyh/ros2_ws/install/realsense2_camera_msgs LD_LIBRARY_PATH=/home/yyh/ros2_ws/install/realsense2_camera_msgs/lib PYTHONPATH=/home/yyh/ros2_ws/install/realsense2_camera_msgs/lib/python3.8/site-packages /usr/bin/cmake --install /home/yyh/ros2_ws/build/realsense2_description
[0.333s] -- Install configuration: ""
[0.334s] -- Up-to-date: /home/yyh/ros2_ws/install/realsense2_description/share/realsense2_description/launch
[0.336s] -- Up-to-date: /home/yyh/ros2_ws/install/realsense2_description/share/realsense2_description/launch/launch_utils.py
[0.337s] -- Up-to-date: /home/yyh/ros2_ws/install/realsense2_description/share/realsense2_description/launch/view_model.launch.py
[0.339s] -- Up-to-date: /home/yyh/ros2_ws/install/realsense2_description/share/realsense2_description/meshes
[0.339s] -- Up-to-date: /home/yyh/ros2_ws/install/realsense2_description/share/realsense2_description/meshes/d455.stl
[0.341s] -- Up-to-date: /home/yyh/ros2_ws/install/realsense2_description/share/realsense2_description/meshes/plug_collision.stl
[0.342s] -- Up-to-date: /home/yyh/ros2_ws/install/realsense2_description/share/realsense2_description/meshes/l515.dae
[0.344s] -- Up-to-date: /home/yyh/ros2_ws/install/realsense2_description/share/realsense2_description/meshes/d415.stl
[0.345s] -- Up-to-date: /home/yyh/ros2_ws/install/realsense2_description/share/realsense2_description/meshes/plug.stl
[0.346s] -- Up-to-date: /home/yyh/ros2_ws/install/realsense2_description/share/realsense2_description/meshes/d435.dae
[0.348s] -- Up-to-date: /home/yyh/ros2_ws/install/realsense2_description/share/realsense2_description/rviz
[0.351s] -- Up-to-date: /home/yyh/ros2_ws/install/realsense2_description/share/realsense2_description/rviz/urdf.rviz
[0.353s] -- Up-to-date: /home/yyh/ros2_ws/install/realsense2_description/share/realsense2_description/urdf
[0.354s] -- Up-to-date: /home/yyh/ros2_ws/install/realsense2_description/share/realsense2_description/urdf/test_r430_camera.urdf.xacro
[0.355s] -- Up-to-date: /home/yyh/ros2_ws/install/realsense2_description/share/realsense2_description/urdf/_usb_plug.urdf.xacro
[0.356s] -- Up-to-date: /home/yyh/ros2_ws/install/realsense2_description/share/realsense2_description/urdf/_d435i.urdf.xacro
[0.356s] -- Up-to-date: /home/yyh/ros2_ws/install/realsense2_description/share/realsense2_description/urdf/_d435.urdf.xacro
[0.358s] -- Up-to-date: /home/yyh/ros2_ws/install/realsense2_description/share/realsense2_description/urdf/_materials.urdf.xacro
[0.362s] -- Up-to-date: /home/yyh/ros2_ws/install/realsense2_description/share/realsense2_description/urdf/_d415.urdf.xacro
[0.363s] -- Up-to-date: /home/yyh/ros2_ws/install/realsense2_description/share/realsense2_description/urdf/test_l515_camera.urdf.xacro
[0.364s] -- Up-to-date: /home/yyh/ros2_ws/install/realsense2_description/share/realsense2_description/urdf/test_d415_camera.urdf.xacro
[0.364s] -- Up-to-date: /home/yyh/ros2_ws/install/realsense2_description/share/realsense2_description/urdf/test_r410_camera.urdf.xacro
[0.364s] -- Up-to-date: /home/yyh/ros2_ws/install/realsense2_description/share/realsense2_description/urdf/_r410.urdf.xacro
[0.364s] -- Up-to-date: /home/yyh/ros2_ws/install/realsense2_description/share/realsense2_description/urdf/_r430.urdf.xacro
[0.365s] -- Up-to-date: /home/yyh/ros2_ws/install/realsense2_description/share/realsense2_description/urdf/test_d435_camera.urdf.xacro
[0.365s] -- Up-to-date: /home/yyh/ros2_ws/install/realsense2_description/share/realsense2_description/urdf/test_d455_camera.urdf.xacro
[0.365s] -- Up-to-date: /home/yyh/ros2_ws/install/realsense2_description/share/realsense2_description/urdf/test_d435_multiple_cameras.urdf.xacro
[0.365s] -- Up-to-date: /home/yyh/ros2_ws/install/realsense2_description/share/realsense2_description/urdf/_d455.urdf.xacro
[0.365s] -- Up-to-date: /home/yyh/ros2_ws/install/realsense2_description/share/realsense2_description/urdf/_d435i_imu_modules.urdf.xacro
[0.365s] -- Up-to-date: /home/yyh/ros2_ws/install/realsense2_description/share/realsense2_description/urdf/_l515.urdf.xacro
[0.366s] -- Up-to-date: /home/yyh/ros2_ws/install/realsense2_description/share/realsense2_description/urdf/test_d435i_camera.urdf.xacro
[0.368s] -- Up-to-date: /home/yyh/ros2_ws/install/realsense2_description/share/ament_index/resource_index/package_run_dependencies/realsense2_description
[0.369s] -- Up-to-date: /home/yyh/ros2_ws/install/realsense2_description/share/ament_index/resource_index/parent_prefix_path/realsense2_description
[0.369s] -- Up-to-date: /home/yyh/ros2_ws/install/realsense2_description/share/realsense2_description/environment/ament_prefix_path.sh
[0.370s] -- Up-to-date: /home/yyh/ros2_ws/install/realsense2_description/share/realsense2_description/environment/ament_prefix_path.dsv
[0.371s] -- Up-to-date: /home/yyh/ros2_ws/install/realsense2_description/share/realsense2_description/environment/path.sh
[0.371s] -- Up-to-date: /home/yyh/ros2_ws/install/realsense2_description/share/realsense2_description/environment/path.dsv
[0.371s] -- Up-to-date: /home/yyh/ros2_ws/install/realsense2_description/share/realsense2_description/local_setup.bash
[0.371s] -- Up-to-date: /home/yyh/ros2_ws/install/realsense2_description/share/realsense2_description/local_setup.sh
[0.372s] -- Up-to-date: /home/yyh/ros2_ws/install/realsense2_description/share/realsense2_description/local_setup.zsh
[0.373s] -- Up-to-date: /home/yyh/ros2_ws/install/realsense2_description/share/realsense2_description/local_setup.dsv
[0.373s] -- Installing: /home/yyh/ros2_ws/install/realsense2_description/share/realsense2_description/package.dsv
[0.374s] -- Up-to-date: /home/yyh/ros2_ws/install/realsense2_description/share/ament_index/resource_index/packages/realsense2_description
[0.374s] -- Up-to-date: /home/yyh/ros2_ws/install/realsense2_description/share/realsense2_description/cmake/realsense2_descriptionConfig.cmake
[0.375s] -- Up-to-date: /home/yyh/ros2_ws/install/realsense2_description/share/realsense2_description/cmake/realsense2_descriptionConfig-version.cmake
[0.375s] -- Up-to-date: /home/yyh/ros2_ws/install/realsense2_description/share/realsense2_description/package.xml
[0.384s] Invoked command in '/home/yyh/ros2_ws/build/realsense2_description' returned '0': AMENT_PREFIX_PATH=/home/yyh/ros2_ws/install/realsense2_camera_msgs CMAKE_PREFIX_PATH=/home/yyh/ros2_ws/install/realsense2_camera_msgs LD_LIBRARY_PATH=/home/yyh/ros2_ws/install/realsense2_camera_msgs/lib PYTHONPATH=/home/yyh/ros2_ws/install/realsense2_camera_msgs/lib/python3.8/site-packages /usr/bin/cmake --install /home/yyh/ros2_ws/build/realsense2_description
