[0.072s] Invoking command in '/home/yyh/ros2_ws/build/learning_interface': /usr/bin/cmake --build /home/yyh/ros2_ws/build/learning_interface -- -j4 -l4
[1.328s] [ 11%] Built target learning_interface__rosidl_generator_c
[1.330s] [ 12%] Built target learning_interface__cpp
[1.330s] [ 23%] Built target learning_interface__rosidl_typesupport_cpp
[1.332s] [ 35%] Built target learning_interface__rosidl_typesupport_introspection_c
[1.334s] [ 46%] Built target learning_interface__rosidl_typesupport_c
[1.334s] [ 57%] Built target learning_interface__rosidl_typesupport_fastrtps_cpp
[1.334s] [ 69%] Built target learning_interface__rosidl_typesupport_introspection_cpp
[1.334s] [ 80%] Built target learning_interface__rosidl_typesupport_fastrtps_c
[1.334s] [ 80%] Built target learning_interface
[1.334s] [ 81%] Built target learning_interface__py
[1.334s] [ 91%] Built target learning_interface__python
[1.335s] [ 94%] Built target learning_interface__rosidl_typesupport_introspection_c__pyext
[1.335s] [ 97%] Built target learning_interface__rosidl_typesupport_c__pyext
[1.335s] [100%] Built target learning_interface__rosidl_typesupport_fastrtps_c__pyext
[1.341s] Invoked command in '/home/yyh/ros2_ws/build/learning_interface' returned '0': /usr/bin/cmake --build /home/yyh/ros2_ws/build/learning_interface -- -j4 -l4
[2.157s] Invoking command in '/home/yyh/ros2_ws/build/learning_interface': /usr/bin/cmake --install /home/yyh/ros2_ws/build/learning_interface
[2.189s] -- Install configuration: ""
[2.192s] -- Up-to-date: /home/yyh/ros2_ws/install/learning_interface/share/ament_index/resource_index/rosidl_interfaces/learning_interface
[2.192s] -- Up-to-date: /home/yyh/ros2_ws/install/learning_interface/include/learning_interface
[2.192s] -- Up-to-date: /home/yyh/ros2_ws/install/learning_interface/include/learning_interface/msg
[2.192s] -- Up-to-date: /home/yyh/ros2_ws/install/learning_interface/include/learning_interface/msg/object_position.h
[2.193s] -- Up-to-date: /home/yyh/ros2_ws/install/learning_interface/include/learning_interface/msg/rosidl_generator_c__visibility_control.h
[2.193s] -- Up-to-date: /home/yyh/ros2_ws/install/learning_interface/include/learning_interface/msg/detail
[2.193s] -- Up-to-date: /home/yyh/ros2_ws/install/learning_interface/include/learning_interface/msg/detail/my_state__type_support.h
[2.193s] -- Up-to-date: /home/yyh/ros2_ws/install/learning_interface/include/learning_interface/msg/detail/object_position__struct.h
[2.193s] -- Up-to-date: /home/yyh/ros2_ws/install/learning_interface/include/learning_interface/msg/detail/object_position__functions.c
[2.193s] -- Up-to-date: /home/yyh/ros2_ws/install/learning_interface/include/learning_interface/msg/detail/stm32__functions.c
[2.193s] -- Up-to-date: /home/yyh/ros2_ws/install/learning_interface/include/learning_interface/msg/detail/object_position__functions.h
[2.193s] -- Up-to-date: /home/yyh/ros2_ws/install/learning_interface/include/learning_interface/msg/detail/stm32__type_support.h
[2.193s] -- Up-to-date: /home/yyh/ros2_ws/install/learning_interface/include/learning_interface/msg/detail/object_position__type_support.h
[2.193s] -- Up-to-date: /home/yyh/ros2_ws/install/learning_interface/include/learning_interface/msg/detail/my_state__struct.h
[2.193s] -- Up-to-date: /home/yyh/ros2_ws/install/learning_interface/include/learning_interface/msg/detail/my_state__functions.c
[2.194s] -- Up-to-date: /home/yyh/ros2_ws/install/learning_interface/include/learning_interface/msg/detail/stm32__struct.h
[2.194s] -- Up-to-date: /home/yyh/ros2_ws/install/learning_interface/include/learning_interface/msg/detail/stm32__functions.h
[2.194s] -- Up-to-date: /home/yyh/ros2_ws/install/learning_interface/include/learning_interface/msg/detail/my_state__functions.h
[2.194s] -- Up-to-date: /home/yyh/ros2_ws/install/learning_interface/include/learning_interface/msg/stm32.h
[2.194s] -- Up-to-date: /home/yyh/ros2_ws/install/learning_interface/include/learning_interface/msg/my_state.h
[2.194s] -- Up-to-date: /home/yyh/ros2_ws/install/learning_interface/include/learning_interface/action
[2.194s] -- Up-to-date: /home/yyh/ros2_ws/install/learning_interface/include/learning_interface/action/detail
[2.194s] -- Up-to-date: /home/yyh/ros2_ws/install/learning_interface/include/learning_interface/action/detail/move_circle__type_support.h
[2.194s] -- Up-to-date: /home/yyh/ros2_ws/install/learning_interface/include/learning_interface/action/detail/move_circle__functions.c
[2.194s] -- Up-to-date: /home/yyh/ros2_ws/install/learning_interface/include/learning_interface/action/detail/move_circle__struct.h
[2.194s] -- Up-to-date: /home/yyh/ros2_ws/install/learning_interface/include/learning_interface/action/detail/move_circle__functions.h
[2.194s] -- Up-to-date: /home/yyh/ros2_ws/install/learning_interface/include/learning_interface/action/move_circle.h
[2.195s] -- Up-to-date: /home/yyh/ros2_ws/install/learning_interface/include/learning_interface/srv
[2.195s] -- Up-to-date: /home/yyh/ros2_ws/install/learning_interface/include/learning_interface/srv/add_two_ints.h
[2.195s] -- Up-to-date: /home/yyh/ros2_ws/install/learning_interface/include/learning_interface/srv/detail
[2.195s] -- Up-to-date: /home/yyh/ros2_ws/install/learning_interface/include/learning_interface/srv/detail/get_object_position__struct.h
[2.195s] -- Up-to-date: /home/yyh/ros2_ws/install/learning_interface/include/learning_interface/srv/detail/add_two_ints__functions.c
[2.195s] -- Up-to-date: /home/yyh/ros2_ws/install/learning_interface/include/learning_interface/srv/detail/add_two_ints__functions.h
[2.195s] -- Up-to-date: /home/yyh/ros2_ws/install/learning_interface/include/learning_interface/srv/detail/get_object_position__type_support.h
[2.195s] -- Up-to-date: /home/yyh/ros2_ws/install/learning_interface/include/learning_interface/srv/detail/add_two_ints__type_support.h
[2.195s] -- Up-to-date: /home/yyh/ros2_ws/install/learning_interface/include/learning_interface/srv/detail/get_object_position__functions.c
[2.195s] -- Up-to-date: /home/yyh/ros2_ws/install/learning_interface/include/learning_interface/srv/detail/get_object_position__functions.h
[2.195s] -- Up-to-date: /home/yyh/ros2_ws/install/learning_interface/include/learning_interface/srv/detail/add_two_ints__struct.h
[2.195s] -- Up-to-date: /home/yyh/ros2_ws/install/learning_interface/include/learning_interface/srv/get_object_position.h
[2.195s] -- Up-to-date: /home/yyh/ros2_ws/install/learning_interface/share/learning_interface/environment/library_path.sh
[2.199s] -- Up-to-date: /home/yyh/ros2_ws/install/learning_interface/share/learning_interface/environment/library_path.dsv
[2.200s] -- Up-to-date: /home/yyh/ros2_ws/install/learning_interface/lib/liblearning_interface__rosidl_generator_c.so
[2.200s] -- Up-to-date: /home/yyh/ros2_ws/install/learning_interface/include/learning_interface
[2.200s] -- Up-to-date: /home/yyh/ros2_ws/install/learning_interface/include/learning_interface/msg
[2.200s] -- Up-to-date: /home/yyh/ros2_ws/install/learning_interface/include/learning_interface/msg/rosidl_typesupport_fastrtps_c__visibility_control.h
[2.200s] -- Up-to-date: /home/yyh/ros2_ws/install/learning_interface/include/learning_interface/msg/detail
[2.200s] -- Up-to-date: /home/yyh/ros2_ws/install/learning_interface/include/learning_interface/msg/detail/my_state__rosidl_typesupport_fastrtps_c.h
[2.200s] -- Up-to-date: /home/yyh/ros2_ws/install/learning_interface/include/learning_interface/msg/detail/stm32__rosidl_typesupport_fastrtps_c.h
[2.200s] -- Up-to-date: /home/yyh/ros2_ws/install/learning_interface/include/learning_interface/msg/detail/object_position__rosidl_typesupport_fastrtps_c.h
[2.200s] -- Up-to-date: /home/yyh/ros2_ws/install/learning_interface/include/learning_interface/action
[2.200s] -- Up-to-date: /home/yyh/ros2_ws/install/learning_interface/include/learning_interface/action/detail
[2.201s] -- Up-to-date: /home/yyh/ros2_ws/install/learning_interface/include/learning_interface/action/detail/move_circle__rosidl_typesupport_fastrtps_c.h
[2.201s] -- Up-to-date: /home/yyh/ros2_ws/install/learning_interface/include/learning_interface/srv
[2.201s] -- Up-to-date: /home/yyh/ros2_ws/install/learning_interface/include/learning_interface/srv/detail
[2.201s] -- Up-to-date: /home/yyh/ros2_ws/install/learning_interface/include/learning_interface/srv/detail/add_two_ints__rosidl_typesupport_fastrtps_c.h
[2.201s] -- Up-to-date: /home/yyh/ros2_ws/install/learning_interface/include/learning_interface/srv/detail/get_object_position__rosidl_typesupport_fastrtps_c.h
[2.204s] -- Up-to-date: /home/yyh/ros2_ws/install/learning_interface/lib/liblearning_interface__rosidl_typesupport_fastrtps_c.so
[2.204s] -- Up-to-date: /home/yyh/ros2_ws/install/learning_interface/include/learning_interface
[2.204s] -- Up-to-date: /home/yyh/ros2_ws/install/learning_interface/include/learning_interface/msg
[2.204s] -- Up-to-date: /home/yyh/ros2_ws/install/learning_interface/include/learning_interface/msg/detail
[2.204s] -- Up-to-date: /home/yyh/ros2_ws/install/learning_interface/include/learning_interface/msg/detail/object_position__rosidl_typesupport_fastrtps_cpp.hpp
[2.204s] -- Up-to-date: /home/yyh/ros2_ws/install/learning_interface/include/learning_interface/msg/detail/my_state__rosidl_typesupport_fastrtps_cpp.hpp
[2.205s] -- Up-to-date: /home/yyh/ros2_ws/install/learning_interface/include/learning_interface/msg/detail/dds_fastrtps
[2.205s] -- Up-to-date: /home/yyh/ros2_ws/install/learning_interface/include/learning_interface/msg/detail/stm32__rosidl_typesupport_fastrtps_cpp.hpp
[2.205s] -- Up-to-date: /home/yyh/ros2_ws/install/learning_interface/include/learning_interface/msg/rosidl_typesupport_fastrtps_cpp__visibility_control.h
[2.205s] -- Up-to-date: /home/yyh/ros2_ws/install/learning_interface/include/learning_interface/action
[2.205s] -- Up-to-date: /home/yyh/ros2_ws/install/learning_interface/include/learning_interface/action/detail
[2.205s] -- Up-to-date: /home/yyh/ros2_ws/install/learning_interface/include/learning_interface/action/detail/move_circle__rosidl_typesupport_fastrtps_cpp.hpp
[2.205s] -- Up-to-date: /home/yyh/ros2_ws/install/learning_interface/include/learning_interface/action/detail/dds_fastrtps
[2.205s] -- Up-to-date: /home/yyh/ros2_ws/install/learning_interface/include/learning_interface/srv
[2.205s] -- Up-to-date: /home/yyh/ros2_ws/install/learning_interface/include/learning_interface/srv/detail
[2.205s] -- Up-to-date: /home/yyh/ros2_ws/install/learning_interface/include/learning_interface/srv/detail/get_object_position__rosidl_typesupport_fastrtps_cpp.hpp
[2.205s] -- Up-to-date: /home/yyh/ros2_ws/install/learning_interface/include/learning_interface/srv/detail/dds_fastrtps
[2.205s] -- Up-to-date: /home/yyh/ros2_ws/install/learning_interface/include/learning_interface/srv/detail/add_two_ints__rosidl_typesupport_fastrtps_cpp.hpp
[2.206s] -- Up-to-date: /home/yyh/ros2_ws/install/learning_interface/lib/liblearning_interface__rosidl_typesupport_fastrtps_cpp.so
[2.206s] -- Up-to-date: /home/yyh/ros2_ws/install/learning_interface/include/learning_interface
[2.206s] -- Up-to-date: /home/yyh/ros2_ws/install/learning_interface/include/learning_interface/msg
[2.206s] -- Up-to-date: /home/yyh/ros2_ws/install/learning_interface/include/learning_interface/msg/rosidl_typesupport_introspection_c__visibility_control.h
[2.208s] -- Up-to-date: /home/yyh/ros2_ws/install/learning_interface/include/learning_interface/msg/detail
[2.208s] -- Up-to-date: /home/yyh/ros2_ws/install/learning_interface/include/learning_interface/msg/detail/object_position__rosidl_typesupport_introspection_c.h
[2.208s] -- Up-to-date: /home/yyh/ros2_ws/install/learning_interface/include/learning_interface/msg/detail/my_state__rosidl_typesupport_introspection_c.h
[2.208s] -- Up-to-date: /home/yyh/ros2_ws/install/learning_interface/include/learning_interface/msg/detail/stm32__type_support.c
[2.208s] -- Up-to-date: /home/yyh/ros2_ws/install/learning_interface/include/learning_interface/msg/detail/object_position__type_support.c
[2.208s] -- Up-to-date: /home/yyh/ros2_ws/install/learning_interface/include/learning_interface/msg/detail/stm32__rosidl_typesupport_introspection_c.h
[2.208s] -- Up-to-date: /home/yyh/ros2_ws/install/learning_interface/include/learning_interface/msg/detail/my_state__type_support.c
[2.208s] -- Up-to-date: /home/yyh/ros2_ws/install/learning_interface/include/learning_interface/action
[2.209s] -- Up-to-date: /home/yyh/ros2_ws/install/learning_interface/include/learning_interface/action/detail
[2.209s] -- Up-to-date: /home/yyh/ros2_ws/install/learning_interface/include/learning_interface/action/detail/move_circle__type_support.c
[2.209s] -- Up-to-date: /home/yyh/ros2_ws/install/learning_interface/include/learning_interface/action/detail/move_circle__rosidl_typesupport_introspection_c.h
[2.209s] -- Up-to-date: /home/yyh/ros2_ws/install/learning_interface/include/learning_interface/srv
[2.209s] -- Up-to-date: /home/yyh/ros2_ws/install/learning_interface/include/learning_interface/srv/detail
[2.212s] -- Up-to-date: /home/yyh/ros2_ws/install/learning_interface/include/learning_interface/srv/detail/add_two_ints__rosidl_typesupport_introspection_c.h
[2.212s] -- Up-to-date: /home/yyh/ros2_ws/install/learning_interface/include/learning_interface/srv/detail/add_two_ints__type_support.c
[2.212s] -- Up-to-date: /home/yyh/ros2_ws/install/learning_interface/include/learning_interface/srv/detail/get_object_position__rosidl_typesupport_introspection_c.h
[2.212s] -- Up-to-date: /home/yyh/ros2_ws/install/learning_interface/include/learning_interface/srv/detail/get_object_position__type_support.c
[2.212s] -- Up-to-date: /home/yyh/ros2_ws/install/learning_interface/lib/liblearning_interface__rosidl_typesupport_introspection_c.so
[2.212s] -- Up-to-date: /home/yyh/ros2_ws/install/learning_interface/lib/liblearning_interface__rosidl_typesupport_c.so
[2.212s] -- Up-to-date: /home/yyh/ros2_ws/install/learning_interface/include/learning_interface
[2.212s] -- Up-to-date: /home/yyh/ros2_ws/install/learning_interface/include/learning_interface/msg
[2.212s] -- Up-to-date: /home/yyh/ros2_ws/install/learning_interface/include/learning_interface/msg/detail
[2.212s] -- Up-to-date: /home/yyh/ros2_ws/install/learning_interface/include/learning_interface/msg/detail/object_position__traits.hpp
[2.213s] -- Up-to-date: /home/yyh/ros2_ws/install/learning_interface/include/learning_interface/msg/detail/stm32__type_support.hpp
[2.213s] -- Up-to-date: /home/yyh/ros2_ws/install/learning_interface/include/learning_interface/msg/detail/stm32__struct.hpp
[2.213s] -- Up-to-date: /home/yyh/ros2_ws/install/learning_interface/include/learning_interface/msg/detail/object_position__builder.hpp
[2.213s] -- Up-to-date: /home/yyh/ros2_ws/install/learning_interface/include/learning_interface/msg/detail/my_state__builder.hpp
[2.213s] -- Up-to-date: /home/yyh/ros2_ws/install/learning_interface/include/learning_interface/msg/detail/object_position__struct.hpp
[2.213s] -- Up-to-date: /home/yyh/ros2_ws/install/learning_interface/include/learning_interface/msg/detail/object_position__type_support.hpp
[2.213s] -- Up-to-date: /home/yyh/ros2_ws/install/learning_interface/include/learning_interface/msg/detail/my_state__traits.hpp
[2.213s] -- Up-to-date: /home/yyh/ros2_ws/install/learning_interface/include/learning_interface/msg/detail/stm32__builder.hpp
[2.213s] -- Up-to-date: /home/yyh/ros2_ws/install/learning_interface/include/learning_interface/msg/detail/stm32__traits.hpp
[2.213s] -- Up-to-date: /home/yyh/ros2_ws/install/learning_interface/include/learning_interface/msg/detail/my_state__type_support.hpp
[2.213s] -- Up-to-date: /home/yyh/ros2_ws/install/learning_interface/include/learning_interface/msg/detail/my_state__struct.hpp
[2.213s] -- Up-to-date: /home/yyh/ros2_ws/install/learning_interface/include/learning_interface/msg/rosidl_generator_cpp__visibility_control.hpp
[2.214s] -- Up-to-date: /home/yyh/ros2_ws/install/learning_interface/include/learning_interface/msg/object_position.hpp
[2.214s] -- Up-to-date: /home/yyh/ros2_ws/install/learning_interface/include/learning_interface/msg/stm32.hpp
[2.214s] -- Up-to-date: /home/yyh/ros2_ws/install/learning_interface/include/learning_interface/msg/my_state.hpp
[2.214s] -- Up-to-date: /home/yyh/ros2_ws/install/learning_interface/include/learning_interface/action
[2.214s] -- Up-to-date: /home/yyh/ros2_ws/install/learning_interface/include/learning_interface/action/detail
[2.214s] -- Up-to-date: /home/yyh/ros2_ws/install/learning_interface/include/learning_interface/action/detail/move_circle__struct.hpp
[2.214s] -- Up-to-date: /home/yyh/ros2_ws/install/learning_interface/include/learning_interface/action/detail/move_circle__builder.hpp
[2.226s] -- Up-to-date: /home/yyh/ros2_ws/install/learning_interface/include/learning_interface/action/detail/move_circle__type_support.hpp
[2.226s] -- Up-to-date: /home/yyh/ros2_ws/install/learning_interface/include/learning_interface/action/detail/move_circle__traits.hpp
[2.226s] -- Up-to-date: /home/yyh/ros2_ws/install/learning_interface/include/learning_interface/action/move_circle.hpp
[2.228s] -- Up-to-date: /home/yyh/ros2_ws/install/learning_interface/include/learning_interface/srv
[2.228s] -- Up-to-date: /home/yyh/ros2_ws/install/learning_interface/include/learning_interface/srv/get_object_position.hpp
[2.228s] -- Up-to-date: /home/yyh/ros2_ws/install/learning_interface/include/learning_interface/srv/detail
[2.228s] -- Up-to-date: /home/yyh/ros2_ws/install/learning_interface/include/learning_interface/srv/detail/add_two_ints__traits.hpp
[2.228s] -- Up-to-date: /home/yyh/ros2_ws/install/learning_interface/include/learning_interface/srv/detail/get_object_position__builder.hpp
[2.228s] -- Up-to-date: /home/yyh/ros2_ws/install/learning_interface/include/learning_interface/srv/detail/add_two_ints__struct.hpp
[2.228s] -- Up-to-date: /home/yyh/ros2_ws/install/learning_interface/include/learning_interface/srv/detail/add_two_ints__type_support.hpp
[2.228s] -- Up-to-date: /home/yyh/ros2_ws/install/learning_interface/include/learning_interface/srv/detail/get_object_position__traits.hpp
[2.228s] -- Up-to-date: /home/yyh/ros2_ws/install/learning_interface/include/learning_interface/srv/detail/get_object_position__struct.hpp
[2.229s] -- Up-to-date: /home/yyh/ros2_ws/install/learning_interface/include/learning_interface/srv/detail/add_two_ints__builder.hpp
[2.229s] -- Up-to-date: /home/yyh/ros2_ws/install/learning_interface/include/learning_interface/srv/detail/get_object_position__type_support.hpp
[2.229s] -- Up-to-date: /home/yyh/ros2_ws/install/learning_interface/include/learning_interface/srv/add_two_ints.hpp
[2.229s] -- Up-to-date: /home/yyh/ros2_ws/install/learning_interface/include/learning_interface
[2.229s] -- Up-to-date: /home/yyh/ros2_ws/install/learning_interface/include/learning_interface/msg
[2.229s] -- Up-to-date: /home/yyh/ros2_ws/install/learning_interface/include/learning_interface/msg/detail
[2.229s] -- Up-to-date: /home/yyh/ros2_ws/install/learning_interface/include/learning_interface/msg/detail/my_state__type_support.cpp
[2.229s] -- Up-to-date: /home/yyh/ros2_ws/install/learning_interface/include/learning_interface/msg/detail/object_position__type_support.cpp
[2.229s] -- Up-to-date: /home/yyh/ros2_ws/install/learning_interface/include/learning_interface/msg/detail/object_position__rosidl_typesupport_introspection_cpp.hpp
[2.229s] -- Up-to-date: /home/yyh/ros2_ws/install/learning_interface/include/learning_interface/msg/detail/stm32__rosidl_typesupport_introspection_cpp.hpp
[2.229s] -- Up-to-date: /home/yyh/ros2_ws/install/learning_interface/include/learning_interface/msg/detail/my_state__rosidl_typesupport_introspection_cpp.hpp
[2.229s] -- Up-to-date: /home/yyh/ros2_ws/install/learning_interface/include/learning_interface/msg/detail/stm32__type_support.cpp
[2.229s] -- Up-to-date: /home/yyh/ros2_ws/install/learning_interface/include/learning_interface/action
[2.230s] -- Up-to-date: /home/yyh/ros2_ws/install/learning_interface/include/learning_interface/action/detail
[2.230s] -- Up-to-date: /home/yyh/ros2_ws/install/learning_interface/include/learning_interface/action/detail/move_circle__type_support.cpp
[2.230s] -- Up-to-date: /home/yyh/ros2_ws/install/learning_interface/include/learning_interface/action/detail/move_circle__rosidl_typesupport_introspection_cpp.hpp
[2.230s] -- Up-to-date: /home/yyh/ros2_ws/install/learning_interface/include/learning_interface/srv
[2.230s] -- Up-to-date: /home/yyh/ros2_ws/install/learning_interface/include/learning_interface/srv/detail
[2.230s] -- Up-to-date: /home/yyh/ros2_ws/install/learning_interface/include/learning_interface/srv/detail/get_object_position__type_support.cpp
[2.230s] -- Up-to-date: /home/yyh/ros2_ws/install/learning_interface/include/learning_interface/srv/detail/get_object_position__rosidl_typesupport_introspection_cpp.hpp
[2.230s] -- Up-to-date: /home/yyh/ros2_ws/install/learning_interface/include/learning_interface/srv/detail/add_two_ints__rosidl_typesupport_introspection_cpp.hpp
[2.230s] -- Up-to-date: /home/yyh/ros2_ws/install/learning_interface/include/learning_interface/srv/detail/add_two_ints__type_support.cpp
[2.230s] -- Up-to-date: /home/yyh/ros2_ws/install/learning_interface/lib/liblearning_interface__rosidl_typesupport_introspection_cpp.so
[2.230s] -- Up-to-date: /home/yyh/ros2_ws/install/learning_interface/lib/liblearning_interface__rosidl_typesupport_cpp.so
[2.230s] -- Up-to-date: /home/yyh/ros2_ws/install/learning_interface/share/learning_interface/environment/pythonpath.sh
[2.230s] -- Up-to-date: /home/yyh/ros2_ws/install/learning_interface/share/learning_interface/environment/pythonpath.dsv
[2.230s] -- Up-to-date: /home/yyh/ros2_ws/install/learning_interface/lib/python3.8/site-packages/learning_interface/__init__.py
[2.432s] -- Up-to-date: /home/yyh/ros2_ws/install/learning_interface/lib/python3.8/site-packages/learning_interface/msg
[2.433s] -- Up-to-date: /home/yyh/ros2_ws/install/learning_interface/lib/python3.8/site-packages/learning_interface/msg/__init__.py
[2.433s] -- Up-to-date: /home/yyh/ros2_ws/install/learning_interface/lib/python3.8/site-packages/learning_interface/msg/_my_state_s.c
[2.433s] -- Up-to-date: /home/yyh/ros2_ws/install/learning_interface/lib/python3.8/site-packages/learning_interface/msg/_object_position_s.c
[2.433s] -- Up-to-date: /home/yyh/ros2_ws/install/learning_interface/lib/python3.8/site-packages/learning_interface/msg/_my_state.py
[2.433s] -- Up-to-date: /home/yyh/ros2_ws/install/learning_interface/lib/python3.8/site-packages/learning_interface/msg/_object_position.py
[2.433s] -- Up-to-date: /home/yyh/ros2_ws/install/learning_interface/lib/python3.8/site-packages/learning_interface/msg/_stm32.py
[2.433s] -- Up-to-date: /home/yyh/ros2_ws/install/learning_interface/lib/python3.8/site-packages/learning_interface/msg/_stm32_s.c
[2.433s] -- Up-to-date: /home/yyh/ros2_ws/install/learning_interface/lib/python3.8/site-packages/learning_interface/srv
[2.433s] -- Up-to-date: /home/yyh/ros2_ws/install/learning_interface/lib/python3.8/site-packages/learning_interface/srv/_get_object_position_s.c
[2.433s] -- Up-to-date: /home/yyh/ros2_ws/install/learning_interface/lib/python3.8/site-packages/learning_interface/srv/__init__.py
[2.433s] -- Up-to-date: /home/yyh/ros2_ws/install/learning_interface/lib/python3.8/site-packages/learning_interface/srv/_add_two_ints.py
[2.433s] -- Up-to-date: /home/yyh/ros2_ws/install/learning_interface/lib/python3.8/site-packages/learning_interface/srv/_get_object_position.py
[2.434s] -- Up-to-date: /home/yyh/ros2_ws/install/learning_interface/lib/python3.8/site-packages/learning_interface/srv/_add_two_ints_s.c
[2.434s] -- Up-to-date: /home/yyh/ros2_ws/install/learning_interface/lib/python3.8/site-packages/learning_interface/action
[2.434s] -- Up-to-date: /home/yyh/ros2_ws/install/learning_interface/lib/python3.8/site-packages/learning_interface/action/__init__.py
[2.434s] -- Up-to-date: /home/yyh/ros2_ws/install/learning_interface/lib/python3.8/site-packages/learning_interface/action/_move_circle.py
[2.434s] -- Up-to-date: /home/yyh/ros2_ws/install/learning_interface/lib/python3.8/site-packages/learning_interface/action/_move_circle_s.c
[2.434s] -- Up-to-date: /home/yyh/ros2_ws/install/learning_interface/lib/python3.8/site-packages/learning_interface/learning_interface_s__rosidl_typesupport_fastrtps_c.cpython-38-x86_64-linux-gnu.so
[2.434s] -- Up-to-date: /home/yyh/ros2_ws/install/learning_interface/lib/python3.8/site-packages/learning_interface/learning_interface_s__rosidl_typesupport_introspection_c.cpython-38-x86_64-linux-gnu.so
[2.435s] -- Up-to-date: /home/yyh/ros2_ws/install/learning_interface/lib/python3.8/site-packages/learning_interface/learning_interface_s__rosidl_typesupport_c.cpython-38-x86_64-linux-gnu.so
[2.436s] -- Up-to-date: /home/yyh/ros2_ws/install/learning_interface/lib/liblearning_interface__python.so
[2.437s] -- Up-to-date: /home/yyh/ros2_ws/install/learning_interface/share/learning_interface/msg/ObjectPosition.idl
[2.437s] -- Up-to-date: /home/yyh/ros2_ws/install/learning_interface/share/learning_interface/msg/MyState.idl
[2.437s] -- Up-to-date: /home/yyh/ros2_ws/install/learning_interface/share/learning_interface/msg/STM32.idl
[2.437s] -- Up-to-date: /home/yyh/ros2_ws/install/learning_interface/share/learning_interface/srv/AddTwoInts.idl
[2.437s] -- Up-to-date: /home/yyh/ros2_ws/install/learning_interface/share/learning_interface/srv/GetObjectPosition.idl
[2.437s] -- Up-to-date: /home/yyh/ros2_ws/install/learning_interface/share/learning_interface/action/MoveCircle.idl
[2.437s] -- Up-to-date: /home/yyh/ros2_ws/install/learning_interface/share/learning_interface/msg/ObjectPosition.msg
[2.437s] -- Up-to-date: /home/yyh/ros2_ws/install/learning_interface/share/learning_interface/msg/MyState.msg
[2.437s] -- Up-to-date: /home/yyh/ros2_ws/install/learning_interface/share/learning_interface/msg/STM32.msg
[2.438s] -- Up-to-date: /home/yyh/ros2_ws/install/learning_interface/share/learning_interface/srv/AddTwoInts.srv
[2.438s] -- Up-to-date: /home/yyh/ros2_ws/install/learning_interface/share/learning_interface/srv/AddTwoInts_Request.msg
[2.438s] -- Up-to-date: /home/yyh/ros2_ws/install/learning_interface/share/learning_interface/srv/AddTwoInts_Response.msg
[2.438s] -- Up-to-date: /home/yyh/ros2_ws/install/learning_interface/share/learning_interface/srv/GetObjectPosition.srv
[2.438s] -- Up-to-date: /home/yyh/ros2_ws/install/learning_interface/share/learning_interface/srv/GetObjectPosition_Request.msg
[2.438s] -- Up-to-date: /home/yyh/ros2_ws/install/learning_interface/share/learning_interface/srv/GetObjectPosition_Response.msg
[2.438s] -- Up-to-date: /home/yyh/ros2_ws/install/learning_interface/share/learning_interface/action/MoveCircle.action
[2.439s] -- Up-to-date: /home/yyh/ros2_ws/install/learning_interface/share/ament_index/resource_index/package_run_dependencies/learning_interface
[2.439s] -- Up-to-date: /home/yyh/ros2_ws/install/learning_interface/share/ament_index/resource_index/parent_prefix_path/learning_interface
[2.439s] -- Up-to-date: /home/yyh/ros2_ws/install/learning_interface/share/learning_interface/environment/ament_prefix_path.sh
[2.439s] -- Up-to-date: /home/yyh/ros2_ws/install/learning_interface/share/learning_interface/environment/ament_prefix_path.dsv
[2.439s] -- Up-to-date: /home/yyh/ros2_ws/install/learning_interface/share/learning_interface/environment/path.sh
[2.439s] -- Up-to-date: /home/yyh/ros2_ws/install/learning_interface/share/learning_interface/environment/path.dsv
[2.439s] -- Up-to-date: /home/yyh/ros2_ws/install/learning_interface/share/learning_interface/local_setup.bash
[2.440s] -- Up-to-date: /home/yyh/ros2_ws/install/learning_interface/share/learning_interface/local_setup.sh
[2.440s] -- Up-to-date: /home/yyh/ros2_ws/install/learning_interface/share/learning_interface/local_setup.zsh
[2.442s] -- Up-to-date: /home/yyh/ros2_ws/install/learning_interface/share/learning_interface/local_setup.dsv
[2.443s] -- Installing: /home/yyh/ros2_ws/install/learning_interface/share/learning_interface/package.dsv
[2.443s] -- Up-to-date: /home/yyh/ros2_ws/install/learning_interface/share/ament_index/resource_index/packages/learning_interface
[2.443s] -- Up-to-date: /home/yyh/ros2_ws/install/learning_interface/share/learning_interface/cmake/learning_interface__rosidl_generator_cExport.cmake
[2.443s] -- Up-to-date: /home/yyh/ros2_ws/install/learning_interface/share/learning_interface/cmake/learning_interface__rosidl_generator_cExport-noconfig.cmake
[2.443s] -- Up-to-date: /home/yyh/ros2_ws/install/learning_interface/share/learning_interface/cmake/learning_interface__rosidl_typesupport_introspection_cExport.cmake
[2.443s] -- Up-to-date: /home/yyh/ros2_ws/install/learning_interface/share/learning_interface/cmake/learning_interface__rosidl_typesupport_introspection_cExport-noconfig.cmake
[2.443s] -- Up-to-date: /home/yyh/ros2_ws/install/learning_interface/share/learning_interface/cmake/learning_interface__rosidl_typesupport_cExport.cmake
[2.443s] -- Up-to-date: /home/yyh/ros2_ws/install/learning_interface/share/learning_interface/cmake/learning_interface__rosidl_typesupport_cExport-noconfig.cmake
[2.443s] -- Up-to-date: /home/yyh/ros2_ws/install/learning_interface/share/learning_interface/cmake/learning_interface__rosidl_generator_cppExport.cmake
[2.443s] -- Up-to-date: /home/yyh/ros2_ws/install/learning_interface/share/learning_interface/cmake/learning_interface__rosidl_typesupport_introspection_cppExport.cmake
[2.443s] -- Up-to-date: /home/yyh/ros2_ws/install/learning_interface/share/learning_interface/cmake/learning_interface__rosidl_typesupport_introspection_cppExport-noconfig.cmake
[2.444s] -- Up-to-date: /home/yyh/ros2_ws/install/learning_interface/share/learning_interface/cmake/learning_interface__rosidl_typesupport_cppExport.cmake
[2.444s] -- Up-to-date: /home/yyh/ros2_ws/install/learning_interface/share/learning_interface/cmake/learning_interface__rosidl_typesupport_cppExport-noconfig.cmake
[2.444s] -- Up-to-date: /home/yyh/ros2_ws/install/learning_interface/share/learning_interface/cmake/rosidl_cmake-extras.cmake
[2.444s] -- Up-to-date: /home/yyh/ros2_ws/install/learning_interface/share/learning_interface/cmake/ament_cmake_export_dependencies-extras.cmake
[2.444s] -- Up-to-date: /home/yyh/ros2_ws/install/learning_interface/share/learning_interface/cmake/ament_cmake_export_libraries-extras.cmake
[2.444s] -- Up-to-date: /home/yyh/ros2_ws/install/learning_interface/share/learning_interface/cmake/ament_cmake_export_targets-extras.cmake
[2.444s] -- Up-to-date: /home/yyh/ros2_ws/install/learning_interface/share/learning_interface/cmake/ament_cmake_export_include_directories-extras.cmake
[2.444s] -- Up-to-date: /home/yyh/ros2_ws/install/learning_interface/share/learning_interface/cmake/rosidl_cmake_export_typesupport_libraries-extras.cmake
[2.444s] -- Up-to-date: /home/yyh/ros2_ws/install/learning_interface/share/learning_interface/cmake/rosidl_cmake_export_typesupport_targets-extras.cmake
[2.444s] -- Up-to-date: /home/yyh/ros2_ws/install/learning_interface/share/learning_interface/cmake/learning_interfaceConfig.cmake
[2.444s] -- Up-to-date: /home/yyh/ros2_ws/install/learning_interface/share/learning_interface/cmake/learning_interfaceConfig-version.cmake
[2.444s] -- Up-to-date: /home/yyh/ros2_ws/install/learning_interface/share/learning_interface/package.xml
[2.466s] Invoked command in '/home/yyh/ros2_ws/build/learning_interface' returned '0': /usr/bin/cmake --install /home/yyh/ros2_ws/build/learning_interface
