[2.930s] Invoking command in '/home/yyh/ros2_ws/src/yyh_nav': PYTHONPATH=/home/yyh/ros2_ws/build/yyh_nav/prefix_override:/usr/lib/python3/dist-packages/colcon_core/task/python/colcon_distutils_commands:/home/yyh/ros2_ws/install/yyh_nav/lib/python3.8/site-packages: /usr/bin/python3 -W ignore:setup.py install is deprecated setup.py egg_info --egg-base ../../build/yyh_nav build --build-base /home/yyh/ros2_ws/build/yyh_nav/build install --record /home/yyh/ros2_ws/build/yyh_nav/install.log --single-version-externally-managed install_data
[3.823s] running egg_info
[3.880s] writing ../../build/yyh_nav/yyh_nav.egg-info/PKG-INFO
[3.880s] writing dependency_links to ../../build/yyh_nav/yyh_nav.egg-info/dependency_links.txt
[3.880s] writing entry points to ../../build/yyh_nav/yyh_nav.egg-info/entry_points.txt
[3.880s] writing requirements to ../../build/yyh_nav/yyh_nav.egg-info/requires.txt
[3.880s] writing top-level names to ../../build/yyh_nav/yyh_nav.egg-info/top_level.txt
[10.120s] writing manifest file '../../build/yyh_nav/yyh_nav.egg-info/SOURCES.txt'
[10.133s] running build
[10.133s] running build_py
[10.133s] running install
[10.143s] running install_lib
[10.173s] running install_data
[10.173s] running install_egg_info
[10.188s] removing '/home/yyh/ros2_ws/install/yyh_nav/lib/python3.8/site-packages/yyh_nav-0.0.0-py3.8.egg-info' (and everything under it)
[10.189s] Copying ../../build/yyh_nav/yyh_nav.egg-info to /home/yyh/ros2_ws/install/yyh_nav/lib/python3.8/site-packages/yyh_nav-0.0.0-py3.8.egg-info
[10.189s] running install_scripts
[10.295s] Installing t265_pose_test script to /home/yyh/ros2_ws/install/yyh_nav/lib/yyh_nav
[10.297s] Installing tft265 script to /home/yyh/ros2_ws/install/yyh_nav/lib/yyh_nav
[10.298s] writing list of installed files to '/home/yyh/ros2_ws/build/yyh_nav/install.log'
[10.360s] Invoked command in '/home/yyh/ros2_ws/src/yyh_nav' returned '0': PYTHONPATH=/home/yyh/ros2_ws/build/yyh_nav/prefix_override:/usr/lib/python3/dist-packages/colcon_core/task/python/colcon_distutils_commands:/home/yyh/ros2_ws/install/yyh_nav/lib/python3.8/site-packages: /usr/bin/python3 -W ignore:setup.py install is deprecated setup.py egg_info --egg-base ../../build/yyh_nav build --build-base /home/yyh/ros2_ws/build/yyh_nav/build install --record /home/yyh/ros2_ws/build/yyh_nav/install.log --single-version-externally-managed install_data
